[2020-08-10 18:19:59,709][trainer_seg.py][INFO] Using: efficient-b5-seg-c
[2020-08-10 18:19:59,709][trainer_seg.py][INFO] Using the GPU: (6, 7)
[2020-08-10 18:19:59,710][trainer_seg.py][INFO] start training...
[2020-08-10 18:19:59,731][trainer_seg.py][INFO] ----------
[2020-08-10 18:19:59,731][trainer_seg.py][INFO] Epoch 0/29
[2020-08-10 18:19:59,731][trainer_seg.py][INFO] learning rate:0.002
[2020-08-10 18:19:59,731][trainer_seg.py][INFO] ----------
[2020-08-10 18:20:07,390][trainer_seg.py][INFO]  Epoch:0(1/688) loss:1.070 
[2020-08-10 18:21:22,492][trainer_seg.py][INFO]  Epoch:0(101/688) loss:1.126 
[2020-08-10 18:22:35,942][trainer_seg.py][INFO]  Epoch:0(201/688) loss:0.930 
[2020-08-10 18:23:49,801][trainer_seg.py][INFO]  Epoch:0(301/688) loss:0.630 
[2020-08-10 18:25:03,523][trainer_seg.py][INFO]  Epoch:0(401/688) loss:0.476 
[2020-08-10 18:26:17,498][trainer_seg.py][INFO]  Epoch:0(501/688) loss:0.335 
[2020-08-10 18:27:30,603][trainer_seg.py][INFO]  Epoch:0(601/688) loss:0.717 
[2020-08-10 18:28:35,230][trainer_seg.py][INFO]  Epoch:0(689/688) loss:0.651 
[2020-08-10 18:30:37,779][trainer_seg.py][INFO] 各类单独F1:{'畅通': 0.8673684210526317, '缓行': 0.01923076923076923, '拥堵': 0.611111111111111}  各类F加权:0.5439865047233468
[2020-08-10 18:30:37,780][trainer_seg.py][INFO] val_size: 1380  valLoss: 0.6198 valAcc: 0.7652
[2020-08-10 18:34:11,151][trainer_seg.py][INFO] efficient-b5-seg-c 第0 epoch 预测结果:{'畅通': 405, '缓行': 0, '拥堵': 195}
[2020-08-10 18:34:11,151][trainer_seg.py][INFO] 69.json 预测结果:{'畅通': 454, '缓行': 15, '拥堵': 131}
[2020-08-10 18:34:11,151][trainer_seg.py][INFO] efficient-b5-seg-c 和 69.json 的 f1:[0.90570431 0.         0.74846626] 加权f1:0.6302206160680489 
[2020-08-10 18:34:11,152][trainer_seg.py][INFO] efficient-b5-seg-c 和 69.json 的 Acc:0.8516666666666667 Precision:[0.96049383 0.         0.62564103] Recall:[0.85682819 0.         0.93129771]
[2020-08-10 18:34:11,157][trainer_seg.py][INFO] Epoch:[0/29]	 Loss=0.75102	 Acc=0.713 epoch_Time:8.591929324467976 min:
[2020-08-10 18:34:12,089][trainer_seg.py][INFO] ----------
[2020-08-10 18:34:12,089][trainer_seg.py][INFO] Epoch 1/29
[2020-08-10 18:34:12,089][trainer_seg.py][INFO] learning rate:0.0018095526758540276
[2020-08-10 18:34:12,090][trainer_seg.py][INFO] ----------
[2020-08-10 18:34:14,429][trainer_seg.py][INFO]  Epoch:1(1/688) loss:0.524 
[2020-08-10 18:35:26,048][trainer_seg.py][INFO]  Epoch:1(101/688) loss:0.808 
[2020-08-10 18:36:36,182][trainer_seg.py][INFO]  Epoch:1(201/688) loss:0.663 
[2020-08-10 18:37:46,265][trainer_seg.py][INFO]  Epoch:1(301/688) loss:0.337 
[2020-08-10 18:38:56,266][trainer_seg.py][INFO]  Epoch:1(401/688) loss:1.002 
[2020-08-10 18:40:07,017][trainer_seg.py][INFO]  Epoch:1(501/688) loss:0.513 
[2020-08-10 18:41:17,215][trainer_seg.py][INFO]  Epoch:1(601/688) loss:1.434 
[2020-08-10 18:42:19,181][trainer_seg.py][INFO]  Epoch:1(689/688) loss:0.472 
[2020-08-10 18:44:51,503][trainer_seg.py][INFO] 各类单独F1:{'畅通': 0.9158249158249158, '缓行': 0.0, '拥堵': 0.6782006920415226}  各类F加权:0.5900853983898967
[2020-08-10 18:44:51,504][trainer_seg.py][INFO] val_size: 1380  valLoss: 0.4688 valAcc: 0.8319
[2020-08-10 18:47:58,027][trainer_seg.py][INFO] efficient-b5-seg-c 第1 epoch 预测结果:{'畅通': 481, '缓行': 0, '拥堵': 119}
[2020-08-10 18:47:58,027][trainer_seg.py][INFO] 69.json 预测结果:{'畅通': 454, '缓行': 15, '拥堵': 131}
[2020-08-10 18:47:58,027][trainer_seg.py][INFO] efficient-b5-seg-c 和 69.json 的 f1:[0.94331551 0.         0.816     ] 加权f1:0.6782631016042782 
[2020-08-10 18:47:58,028][trainer_seg.py][INFO] efficient-b5-seg-c 和 69.json 的 Acc:0.905 Precision:[0.91683992 0.         0.85714286] Recall:[0.97136564 0.         0.77862595]
[2020-08-10 18:47:58,032][trainer_seg.py][INFO] Epoch:[1/29]	 Loss=0.63441	 Acc=0.759 epoch_Time:8.11867722272873 min:
[2020-08-10 18:47:58,963][trainer_seg.py][INFO] ----------
[2020-08-10 18:47:58,964][trainer_seg.py][INFO] Epoch 2/29
[2020-08-10 18:47:58,964][trainer_seg.py][INFO] learning rate:0.0013098841610217362
[2020-08-10 18:47:58,964][trainer_seg.py][INFO] ----------
[2020-08-10 18:48:00,599][trainer_seg.py][INFO]  Epoch:2(1/688) loss:0.602 
[2020-08-10 18:49:09,393][trainer_seg.py][INFO]  Epoch:2(101/688) loss:0.567 
[2020-08-10 18:50:20,199][trainer_seg.py][INFO]  Epoch:2(201/688) loss:0.590 
[2020-08-10 18:51:31,884][trainer_seg.py][INFO]  Epoch:2(301/688) loss:0.349 
[2020-08-10 18:52:42,717][trainer_seg.py][INFO]  Epoch:2(401/688) loss:0.737 
[2020-08-10 18:53:53,924][trainer_seg.py][INFO]  Epoch:2(501/688) loss:0.276 
[2020-08-10 18:55:04,817][trainer_seg.py][INFO]  Epoch:2(601/688) loss:0.622 
[2020-08-10 18:56:06,556][trainer_seg.py][INFO]  Epoch:2(689/688) loss:0.634 
[2020-08-10 18:58:34,854][trainer_seg.py][INFO] 各类单独F1:{'畅通': 0.902827763496144, '缓行': 0.0, '拥堵': 0.6685393258426966}  各类F加权:0.5816891482048467
[2020-08-10 18:58:34,854][trainer_seg.py][INFO] val_size: 1380  valLoss: 0.5032 valAcc: 0.8087
[2020-08-10 19:01:07,718][trainer_seg.py][INFO] efficient-b5-seg-c 第2 epoch 预测结果:{'畅通': 419, '缓行': 0, '拥堵': 181}
[2020-08-10 19:01:07,719][trainer_seg.py][INFO] 69.json 预测结果:{'畅通': 454, '缓行': 15, '拥堵': 131}
[2020-08-10 19:01:07,719][trainer_seg.py][INFO] efficient-b5-seg-c 和 69.json 的 f1:[0.92783505 0.         0.79487179] 加权f1:0.6624900872323554 
[2020-08-10 19:01:07,719][trainer_seg.py][INFO] efficient-b5-seg-c 和 69.json 的 Acc:0.8816666666666667 Precision:[0.96658711 0.         0.68508287] Recall:[0.89207048 0.         0.94656489]
[2020-08-10 19:01:07,723][trainer_seg.py][INFO] Epoch:[2/29]	 Loss=0.56911	 Acc=0.779 epoch_Time:8.12713754971822 min:
[2020-08-10 19:01:08,738][trainer_seg.py][INFO] ----------
[2020-08-10 19:01:08,738][trainer_seg.py][INFO] Epoch 3/29
[2020-08-10 19:01:08,738][trainer_seg.py][INFO] learning rate:0.000691850429254387
[2020-08-10 19:01:08,738][trainer_seg.py][INFO] ----------
[2020-08-10 19:01:11,290][trainer_seg.py][INFO]  Epoch:3(1/688) loss:0.693 
[2020-08-10 19:02:19,514][trainer_seg.py][INFO]  Epoch:3(101/688) loss:0.477 
[2020-08-10 19:03:28,874][trainer_seg.py][INFO]  Epoch:3(201/688) loss:0.205 
[2020-08-10 19:04:39,084][trainer_seg.py][INFO]  Epoch:3(301/688) loss:0.923 
[2020-08-10 19:05:48,414][trainer_seg.py][INFO]  Epoch:3(401/688) loss:0.437 
[2020-08-10 19:06:57,380][trainer_seg.py][INFO]  Epoch:3(501/688) loss:0.365 
[2020-08-10 19:08:06,426][trainer_seg.py][INFO]  Epoch:3(601/688) loss:0.259 
[2020-08-10 19:09:08,104][trainer_seg.py][INFO]  Epoch:3(689/688) loss:1.273 
[2020-08-10 19:11:09,126][trainer_seg.py][INFO] 各类单独F1:{'畅通': 0.921680993314231, '缓行': 0.0, '拥堵': 0.6927175843694493}  各类F加权:0.5999667492845158
[2020-08-10 19:11:09,127][trainer_seg.py][INFO] val_size: 1380  valLoss: 0.4595 valAcc: 0.8406
[2020-08-10 19:14:39,646][trainer_seg.py][INFO] efficient-b5-seg-c 第3 epoch 预测结果:{'畅通': 473, '缓行': 0, '拥堵': 127}
[2020-08-10 19:14:39,646][trainer_seg.py][INFO] 69.json 预测结果:{'畅通': 454, '缓行': 15, '拥堵': 131}
[2020-08-10 19:14:39,647][trainer_seg.py][INFO] efficient-b5-seg-c 和 69.json 的 f1:[0.94929881 0.         0.8372093 ] 加权f1:0.6921853440706456 
[2020-08-10 19:14:39,647][trainer_seg.py][INFO] efficient-b5-seg-c 和 69.json 的 Acc:0.9133333333333333 Precision:[0.93023256 0.         0.8503937 ] Recall:[0.969163   0.         0.82442748]
[2020-08-10 19:14:39,652][trainer_seg.py][INFO] Epoch:[3/29]	 Loss=0.52294	 Acc=0.797 epoch_Time:7.9897103627522785 min:
[2020-08-10 19:14:40,676][trainer_seg.py][INFO] ----------
[2020-08-10 19:14:40,677][trainer_seg.py][INFO] Epoch 4/29
[2020-08-10 19:14:40,677][trainer_seg.py][INFO] learning rate:0.0001915193598931715
[2020-08-10 19:14:40,677][trainer_seg.py][INFO] ----------
[2020-08-10 19:14:42,406][trainer_seg.py][INFO]  Epoch:4(1/688) loss:0.600 
[2020-08-10 19:15:51,664][trainer_seg.py][INFO]  Epoch:4(101/688) loss:0.027 
[2020-08-10 19:17:02,528][trainer_seg.py][INFO]  Epoch:4(201/688) loss:0.307 
[2020-08-10 19:18:13,354][trainer_seg.py][INFO]  Epoch:4(301/688) loss:0.168 
[2020-08-10 19:19:23,534][trainer_seg.py][INFO]  Epoch:4(401/688) loss:0.222 
[2020-08-10 19:20:34,735][trainer_seg.py][INFO]  Epoch:4(501/688) loss:0.459 
[2020-08-10 19:21:45,674][trainer_seg.py][INFO]  Epoch:4(601/688) loss:0.260 
[2020-08-10 19:22:47,693][trainer_seg.py][INFO]  Epoch:4(689/688) loss:0.254 
[2020-08-10 19:25:20,058][trainer_seg.py][INFO] 各类单独F1:{'畅通': 0.9185185185185185, '缓行': 0.0, '拥堵': 0.6962025316455697}  各类F加权:0.6014252226910455
[2020-08-10 19:25:20,059][trainer_seg.py][INFO] val_size: 1380  valLoss: 0.4601 valAcc: 0.8333
[2020-08-10 19:28:04,296][trainer_seg.py][INFO] efficient-b5-seg-c 第4 epoch 预测结果:{'畅通': 451, '缓行': 0, '拥堵': 149}
[2020-08-10 19:28:04,297][trainer_seg.py][INFO] 69.json 预测结果:{'畅通': 454, '缓行': 15, '拥堵': 131}
[2020-08-10 19:28:04,297][trainer_seg.py][INFO] efficient-b5-seg-c 和 69.json 的 f1:[0.94585635 0.         0.84285714] 加权f1:0.6948855564325177 
[2020-08-10 19:28:04,297][trainer_seg.py][INFO] efficient-b5-seg-c 和 69.json 的 Acc:0.91 Precision:[0.94900222 0.         0.79194631] Recall:[0.94273128 0.         0.90076336]
[2020-08-10 19:28:04,301][trainer_seg.py][INFO] Epoch:[4/29]	 Loss=0.49977	 Acc=0.807 epoch_Time:8.117585666974385 min:
[2020-08-10 19:28:05,121][trainer_seg.py][INFO] ----------
[2020-08-10 19:28:05,122][trainer_seg.py][INFO] Epoch 5/29
[2020-08-10 19:28:05,122][trainer_seg.py][INFO] learning rate:4.158064933479366e-10
[2020-08-10 19:28:05,122][trainer_seg.py][INFO] ----------
[2020-08-10 19:28:07,103][trainer_seg.py][INFO]  Epoch:5(1/688) loss:0.293 
[2020-08-10 19:29:16,411][trainer_seg.py][INFO]  Epoch:5(101/688) loss:0.396 
[2020-08-10 19:30:25,899][trainer_seg.py][INFO]  Epoch:5(201/688) loss:0.394 
[2020-08-10 19:31:35,691][trainer_seg.py][INFO]  Epoch:5(301/688) loss:0.450 
[2020-08-10 19:32:45,993][trainer_seg.py][INFO]  Epoch:5(401/688) loss:0.556 
[2020-08-10 19:33:55,808][trainer_seg.py][INFO]  Epoch:5(501/688) loss:0.345 
[2020-08-10 19:35:05,553][trainer_seg.py][INFO]  Epoch:5(601/688) loss:0.326 
[2020-08-10 19:36:07,395][trainer_seg.py][INFO]  Epoch:5(689/688) loss:0.355 
[2020-08-10 19:38:35,455][trainer_seg.py][INFO] 各类单独F1:{'畅通': 0.9185185185185185, '缓行': 0.0, '拥堵': 0.6962025316455697}  各类F加权:0.6014252226910455
[2020-08-10 19:38:35,456][trainer_seg.py][INFO] val_size: 1380  valLoss: 0.4601 valAcc: 0.8333
[2020-08-10 19:41:19,175][trainer_seg.py][INFO] efficient-b5-seg-c 第5 epoch 预测结果:{'畅通': 450, '缓行': 0, '拥堵': 150}
[2020-08-10 19:41:19,176][trainer_seg.py][INFO] 69.json 预测结果:{'畅通': 454, '缓行': 15, '拥堵': 131}
[2020-08-10 19:41:19,176][trainer_seg.py][INFO] efficient-b5-seg-c 和 69.json 的 f1:[0.94690265 0.         0.83985765] 加权f1:0.6932951217207822 
[2020-08-10 19:41:19,176][trainer_seg.py][INFO] efficient-b5-seg-c 和 69.json 的 Acc:0.91 Precision:[0.95111111 0.         0.78666667] Recall:[0.94273128 0.         0.90076336]
[2020-08-10 19:41:19,180][trainer_seg.py][INFO] Epoch:[5/29]	 Loss=0.48505	 Acc=0.813 epoch_Time:8.038392273585002 min:
[2020-08-10 19:41:20,306][trainer_seg.py][INFO] ----------
[2020-08-10 19:41:20,306][trainer_seg.py][INFO] Epoch 6/29
[2020-08-10 19:41:20,307][trainer_seg.py][INFO] learning rate:0.0018095526758540276
[2020-08-10 19:41:20,307][trainer_seg.py][INFO] ----------
[2020-08-10 19:41:22,596][trainer_seg.py][INFO]  Epoch:6(1/688) loss:0.567 
[2020-08-10 19:42:31,535][trainer_seg.py][INFO]  Epoch:6(101/688) loss:0.135 
[2020-08-10 19:43:40,453][trainer_seg.py][INFO]  Epoch:6(201/688) loss:0.295 
[2020-08-10 19:44:48,737][trainer_seg.py][INFO]  Epoch:6(301/688) loss:0.683 
[2020-08-10 19:45:58,136][trainer_seg.py][INFO]  Epoch:6(401/688) loss:0.411 
[2020-08-10 19:47:07,677][trainer_seg.py][INFO]  Epoch:6(501/688) loss:0.611 
[2020-08-10 19:48:17,612][trainer_seg.py][INFO]  Epoch:6(601/688) loss:0.197 
[2020-08-10 19:49:17,783][trainer_seg.py][INFO]  Epoch:6(689/688) loss:0.499 
[2020-08-10 19:51:45,069][trainer_seg.py][INFO] 各类单独F1:{'畅通': 0.8718226068144943, '缓行': 0.0, '拥堵': 0.6188118811881188}  各类F加权:0.5456516500757702
[2020-08-10 19:51:45,070][trainer_seg.py][INFO] val_size: 1380  valLoss: 0.6135 valAcc: 0.7652
[2020-08-10 19:54:30,318][trainer_seg.py][INFO] efficient-b5-seg-c 第6 epoch 预测结果:{'畅通': 371, '缓行': 0, '拥堵': 229}
[2020-08-10 19:54:30,318][trainer_seg.py][INFO] 69.json 预测结果:{'畅通': 454, '缓行': 15, '拥堵': 131}
[2020-08-10 19:54:30,318][trainer_seg.py][INFO] efficient-b5-seg-c 和 69.json 的 f1:[0.88727273 0.         0.72222222] 加权f1:0.6107878787878789 
[2020-08-10 19:54:30,319][trainer_seg.py][INFO] efficient-b5-seg-c 和 69.json 的 Acc:0.8266666666666667 Precision:[0.98652291 0.         0.56768559] Recall:[0.8061674  0.         0.99236641]
[2020-08-10 19:54:30,322][trainer_seg.py][INFO] Epoch:[6/29]	 Loss=0.54536	 Acc=0.784 epoch_Time:7.9582231918970745 min:
[2020-08-10 19:54:30,831][trainer_seg.py][INFO] ----------
[2020-08-10 19:54:30,831][trainer_seg.py][INFO] Epoch 7/29
[2020-08-10 19:54:30,831][trainer_seg.py][INFO] learning rate:0.0013098841610217358
[2020-08-10 19:54:30,831][trainer_seg.py][INFO] ----------
[2020-08-10 19:54:32,951][trainer_seg.py][INFO]  Epoch:7(1/688) loss:0.256 
[2020-08-10 19:55:41,224][trainer_seg.py][INFO]  Epoch:7(101/688) loss:0.851 
[2020-08-10 19:56:50,403][trainer_seg.py][INFO]  Epoch:7(201/688) loss:0.094 
[2020-08-10 19:58:00,950][trainer_seg.py][INFO]  Epoch:7(301/688) loss:0.583 
[2020-08-10 19:59:10,403][trainer_seg.py][INFO]  Epoch:7(401/688) loss:0.520 
[2020-08-10 20:00:21,192][trainer_seg.py][INFO]  Epoch:7(501/688) loss:0.740 
[2020-08-10 20:01:33,143][trainer_seg.py][INFO]  Epoch:7(601/688) loss:0.320 
[2020-08-10 20:02:35,488][trainer_seg.py][INFO]  Epoch:7(689/688) loss:0.743 
[2020-08-10 20:05:03,814][trainer_seg.py][INFO] 各类单独F1:{'畅通': 0.9131293188548865, '缓行': 0.034482758620689655, '拥堵': 0.6763754045307444}  各类F加权:0.5953476582135618
[2020-08-10 20:05:03,814][trainer_seg.py][INFO] val_size: 1380  valLoss: 0.4622 valAcc: 0.8232
[2020-08-10 20:07:47,974][trainer_seg.py][INFO] efficient-b5-seg-c 第7 epoch 预测结果:{'畅通': 450, '缓行': 1, '拥堵': 149}
[2020-08-10 20:07:47,975][trainer_seg.py][INFO] 69.json 预测结果:{'畅通': 454, '缓行': 15, '拥堵': 131}
[2020-08-10 20:07:47,975][trainer_seg.py][INFO] efficient-b5-seg-c 和 69.json 的 f1:[0.94911504 0.         0.84285714] 加权f1:0.6955372945638432 
[2020-08-10 20:07:47,975][trainer_seg.py][INFO] efficient-b5-seg-c 和 69.json 的 Acc:0.9116666666666666 Precision:[0.95333333 0.         0.79194631] Recall:[0.94493392 0.         0.90076336]
[2020-08-10 20:07:47,979][trainer_seg.py][INFO] Epoch:[7/29]	 Loss=0.49835	 Acc=0.803 epoch_Time:8.078111326694488 min:
[2020-08-10 20:07:48,903][trainer_seg.py][INFO] ----------
[2020-08-10 20:07:48,903][trainer_seg.py][INFO] Epoch 8/29
[2020-08-10 20:07:48,903][trainer_seg.py][INFO] learning rate:0.000691850429254387
[2020-08-10 20:07:48,904][trainer_seg.py][INFO] ----------
[2020-08-10 20:07:50,696][trainer_seg.py][INFO]  Epoch:8(1/688) loss:0.256 
[2020-08-10 20:09:01,624][trainer_seg.py][INFO]  Epoch:8(101/688) loss:0.553 
[2020-08-10 20:10:11,931][trainer_seg.py][INFO]  Epoch:8(201/688) loss:0.526 
[2020-08-10 20:11:22,686][trainer_seg.py][INFO]  Epoch:8(301/688) loss:0.798 
[2020-08-10 20:12:32,306][trainer_seg.py][INFO]  Epoch:8(401/688) loss:0.517 
[2020-08-10 20:13:42,428][trainer_seg.py][INFO]  Epoch:8(501/688) loss:0.287 
[2020-08-10 20:14:53,369][trainer_seg.py][INFO]  Epoch:8(601/688) loss:0.754 
[2020-08-10 20:15:56,548][trainer_seg.py][INFO]  Epoch:8(689/688) loss:0.997 
[2020-08-10 20:18:27,415][trainer_seg.py][INFO] 各类单独F1:{'畅通': 0.9208353569694027, '缓行': 0.0, '拥堵': 0.6822742474916388}  各类F加权:0.5935316198888638
[2020-08-10 20:18:27,416][trainer_seg.py][INFO] val_size: 1380  valLoss: 0.5061 valAcc: 0.8348
[2020-08-10 20:21:09,731][trainer_seg.py][INFO] efficient-b5-seg-c 第8 epoch 预测结果:{'畅通': 459, '缓行': 0, '拥堵': 141}
[2020-08-10 20:21:09,731][trainer_seg.py][INFO] 69.json 预测结果:{'畅通': 454, '缓行': 15, '拥堵': 131}
[2020-08-10 20:21:09,732][trainer_seg.py][INFO] efficient-b5-seg-c 和 69.json 的 f1:[0.95071194 0.         0.84558824] 加权f1:0.6974953289092197 
[2020-08-10 20:21:09,732][trainer_seg.py][INFO] efficient-b5-seg-c 和 69.json 的 Acc:0.915 Precision:[0.94553377 0.         0.81560284] Recall:[0.95594714 0.         0.8778626 ]
[2020-08-10 20:21:09,736][trainer_seg.py][INFO] Epoch:[8/29]	 Loss=0.44425	 Acc=0.821 epoch_Time:8.127806274096171 min:
[2020-08-10 20:21:10,646][trainer_seg.py][INFO] ----------
[2020-08-10 20:21:10,647][trainer_seg.py][INFO] Epoch 9/29
[2020-08-10 20:21:10,647][trainer_seg.py][INFO] learning rate:0.00019151935989317182
[2020-08-10 20:21:10,647][trainer_seg.py][INFO] ----------
[2020-08-10 20:21:12,604][trainer_seg.py][INFO]  Epoch:9(1/688) loss:0.349 
[2020-08-10 20:22:20,985][trainer_seg.py][INFO]  Epoch:9(101/688) loss:0.161 
[2020-08-10 20:23:30,413][trainer_seg.py][INFO]  Epoch:9(201/688) loss:0.825 
[2020-08-10 20:24:40,206][trainer_seg.py][INFO]  Epoch:9(301/688) loss:0.580 
[2020-08-10 20:25:49,821][trainer_seg.py][INFO]  Epoch:9(401/688) loss:1.373 
[2020-08-10 20:26:59,695][trainer_seg.py][INFO]  Epoch:9(501/688) loss:0.449 
[2020-08-10 20:28:10,133][trainer_seg.py][INFO]  Epoch:9(601/688) loss:0.387 
[2020-08-10 20:29:11,606][trainer_seg.py][INFO]  Epoch:9(689/688) loss:0.095 
[2020-08-10 20:31:44,383][trainer_seg.py][INFO] 各类单独F1:{'畅通': 0.9165402124430957, '缓行': 0.05084745762711865, '拥堵': 0.6857142857142857}  各类F加权:0.6049061054426144
[2020-08-10 20:31:44,384][trainer_seg.py][INFO] val_size: 1380  valLoss: 0.5311 valAcc: 0.8239
[2020-08-10 20:34:29,566][trainer_seg.py][INFO] efficient-b5-seg-c 第9 epoch 预测结果:{'畅通': 430, '缓行': 2, '拥堵': 168}
[2020-08-10 20:34:29,566][trainer_seg.py][INFO] 69.json 预测结果:{'畅通': 454, '缓行': 15, '拥堵': 131}
[2020-08-10 20:34:29,566][trainer_seg.py][INFO] efficient-b5-seg-c 和 69.json 的 f1:[0.94343891 0.         0.82274247] 加权f1:0.6823332677552626 
[2020-08-10 20:34:29,567][trainer_seg.py][INFO] efficient-b5-seg-c 和 69.json 的 Acc:0.9 Precision:[0.96976744 0.         0.73214286] Recall:[0.9185022 0.        0.9389313]
[2020-08-10 20:34:29,570][trainer_seg.py][INFO] Epoch:[9/29]	 Loss=0.41826	 Acc=0.830 epoch_Time:8.016537050406138 min:
[2020-08-10 20:34:30,620][trainer_seg.py][INFO] ----------
[2020-08-10 20:34:30,620][trainer_seg.py][INFO] Epoch 10/29
[2020-08-10 20:34:30,620][trainer_seg.py][INFO] learning rate:4.158064933479366e-10
[2020-08-10 20:34:30,620][trainer_seg.py][INFO] ----------
[2020-08-10 20:34:32,835][trainer_seg.py][INFO]  Epoch:10(1/688) loss:0.368 
[2020-08-10 20:35:43,595][trainer_seg.py][INFO]  Epoch:10(101/688) loss:0.068 
[2020-08-10 20:36:54,116][trainer_seg.py][INFO]  Epoch:10(201/688) loss:0.858 
[2020-08-10 20:38:03,258][trainer_seg.py][INFO]  Epoch:10(301/688) loss:0.675 
[2020-08-10 20:39:12,754][trainer_seg.py][INFO]  Epoch:10(401/688) loss:0.399 
[2020-08-10 20:40:22,594][trainer_seg.py][INFO]  Epoch:10(501/688) loss:0.604 
[2020-08-10 20:41:32,865][trainer_seg.py][INFO]  Epoch:10(601/688) loss:0.660 
[2020-08-10 20:42:34,005][trainer_seg.py][INFO]  Epoch:10(689/688) loss:0.598 
[2020-08-10 20:45:02,993][trainer_seg.py][INFO] 各类单独F1:{'畅通': 0.9165402124430957, '缓行': 0.05084745762711865, '拥堵': 0.6857142857142857}  各类F加权:0.6049061054426144
[2020-08-10 20:45:02,993][trainer_seg.py][INFO] val_size: 1380  valLoss: 0.5311 valAcc: 0.8239
[2020-08-10 20:47:46,566][trainer_seg.py][INFO] efficient-b5-seg-c 第10 epoch 预测结果:{'畅通': 436, '缓行': 1, '拥堵': 163}
[2020-08-10 20:47:46,566][trainer_seg.py][INFO] 69.json 预测结果:{'畅通': 454, '缓行': 15, '拥堵': 131}
[2020-08-10 20:47:46,567][trainer_seg.py][INFO] efficient-b5-seg-c 和 69.json 的 f1:[0.9505618  0.         0.84353741] 加权f1:0.6962348085301536 
[2020-08-10 20:47:46,567][trainer_seg.py][INFO] efficient-b5-seg-c 和 69.json 的 Acc:0.9116666666666666 Precision:[0.97018349 0.         0.7607362 ] Recall:[0.93171806 0.         0.94656489]
[2020-08-10 20:47:46,572][trainer_seg.py][INFO] Epoch:[10/29]	 Loss=0.40684	 Acc=0.820 epoch_Time:8.057021486759187 min:
[2020-08-10 20:47:47,723][trainer_seg.py][INFO] ----------
[2020-08-10 20:47:47,723][trainer_seg.py][INFO] Epoch 11/29
[2020-08-10 20:47:47,723][trainer_seg.py][INFO] learning rate:0.0018095526758540278
[2020-08-10 20:47:47,723][trainer_seg.py][INFO] ----------
[2020-08-10 20:47:49,814][trainer_seg.py][INFO]  Epoch:11(1/688) loss:0.087 
[2020-08-10 20:48:58,592][trainer_seg.py][INFO]  Epoch:11(101/688) loss:0.444 
[2020-08-10 20:50:08,265][trainer_seg.py][INFO]  Epoch:11(201/688) loss:0.494 
[2020-08-10 20:51:18,287][trainer_seg.py][INFO]  Epoch:11(301/688) loss:0.970 
[2020-08-10 20:52:28,777][trainer_seg.py][INFO]  Epoch:11(401/688) loss:0.273 
[2020-08-10 20:53:38,193][trainer_seg.py][INFO]  Epoch:11(501/688) loss:1.007 
[2020-08-10 20:54:47,779][trainer_seg.py][INFO]  Epoch:11(601/688) loss:0.125 
[2020-08-10 20:55:48,863][trainer_seg.py][INFO]  Epoch:11(689/688) loss:0.568 
[2020-08-10 20:58:15,106][trainer_seg.py][INFO] 各类单独F1:{'畅通': 0.9173151750972763, '缓行': 0.05594405594405594, '拥堵': 0.6488413547237077}  各类F加权:0.583956659042491
[2020-08-10 20:58:15,107][trainer_seg.py][INFO] val_size: 1380  valLoss: 0.4510 valAcc: 0.8181
[2020-08-10 21:00:57,475][trainer_seg.py][INFO] efficient-b5-seg-c 第11 epoch 预测结果:{'畅通': 466, '缓行': 4, '拥堵': 130}
[2020-08-10 21:00:57,475][trainer_seg.py][INFO] 69.json 预测结果:{'畅通': 454, '缓行': 15, '拥堵': 131}
[2020-08-10 21:00:57,476][trainer_seg.py][INFO] efficient-b5-seg-c 和 69.json 的 f1:[0.95652174 0.10526316 0.85823755] 加权f1:0.7272995081406664 
[2020-08-10 21:00:57,476][trainer_seg.py][INFO] efficient-b5-seg-c 和 69.json 的 Acc:0.9216666666666666 Precision:[0.94420601 0.25       0.86153846] Recall:[0.969163   0.06666667 0.85496183]
[2020-08-10 21:00:57,480][trainer_seg.py][INFO] Epoch:[11/29]	 Loss=0.49032	 Acc=0.805 epoch_Time:8.019462335109711 min:
[2020-08-10 21:00:58,427][trainer_seg.py][INFO] ----------
[2020-08-10 21:00:58,428][trainer_seg.py][INFO] Epoch 12/29
[2020-08-10 21:00:58,428][trainer_seg.py][INFO] learning rate:0.0013098841610217362
[2020-08-10 21:00:58,428][trainer_seg.py][INFO] ----------
[2020-08-10 21:00:59,971][trainer_seg.py][INFO]  Epoch:12(1/688) loss:0.107 
[2020-08-10 21:02:09,381][trainer_seg.py][INFO]  Epoch:12(101/688) loss:0.173 
[2020-08-10 21:03:18,747][trainer_seg.py][INFO]  Epoch:12(201/688) loss:0.460 
[2020-08-10 21:04:28,117][trainer_seg.py][INFO]  Epoch:12(301/688) loss:0.844 
[2020-08-10 21:05:37,748][trainer_seg.py][INFO]  Epoch:12(401/688) loss:0.422 
[2020-08-10 21:06:46,934][trainer_seg.py][INFO]  Epoch:12(501/688) loss:0.490 
[2020-08-10 21:07:56,754][trainer_seg.py][INFO]  Epoch:12(601/688) loss:0.554 
[2020-08-10 21:08:57,331][trainer_seg.py][INFO]  Epoch:12(689/688) loss:0.097 
[2020-08-10 21:11:20,944][trainer_seg.py][INFO] 各类单独F1:{'畅通': 0.9189189189189189, '缓行': 0.14054054054054055, '拥堵': 0.6444444444444444}  各类F加权:0.5985585585585584
[2020-08-10 21:11:20,944][trainer_seg.py][INFO] val_size: 1380  valLoss: 0.4897 valAcc: 0.8130
[2020-08-10 21:14:06,275][trainer_seg.py][INFO] efficient-b5-seg-c 第12 epoch 预测结果:{'畅通': 468, '缓行': 18, '拥堵': 114}
[2020-08-10 21:14:06,275][trainer_seg.py][INFO] 69.json 预测结果:{'畅通': 454, '缓行': 15, '拥堵': 131}
[2020-08-10 21:14:06,276][trainer_seg.py][INFO] efficient-b5-seg-c 和 69.json 的 f1:[0.95878525 0.36363636 0.83265306] 加权f1:0.7640761593535068 
[2020-08-10 21:14:06,276][trainer_seg.py][INFO] efficient-b5-seg-c 和 69.json 的 Acc:0.9166666666666666 Precision:[0.94444444 0.33333333 0.89473684] Recall:[0.97356828 0.4        0.77862595]
[2020-08-10 21:14:06,280][trainer_seg.py][INFO] Epoch:[12/29]	 Loss=0.43574	 Acc=0.826 epoch_Time:7.9820071657498675 min:
[2020-08-10 21:14:06,900][trainer_seg.py][INFO] ----------
[2020-08-10 21:14:06,900][trainer_seg.py][INFO] Epoch 13/29
[2020-08-10 21:14:06,901][trainer_seg.py][INFO] learning rate:0.0006918504292543872
[2020-08-10 21:14:06,901][trainer_seg.py][INFO] ----------
[2020-08-10 21:14:08,816][trainer_seg.py][INFO]  Epoch:13(1/688) loss:0.363 
[2020-08-10 21:15:17,907][trainer_seg.py][INFO]  Epoch:13(101/688) loss:0.466 
[2020-08-10 21:16:27,022][trainer_seg.py][INFO]  Epoch:13(201/688) loss:0.216 
[2020-08-10 21:17:36,397][trainer_seg.py][INFO]  Epoch:13(301/688) loss:0.138 
[2020-08-10 21:18:46,305][trainer_seg.py][INFO]  Epoch:13(401/688) loss:0.727 
[2020-08-10 21:19:58,088][trainer_seg.py][INFO]  Epoch:13(501/688) loss:0.130 
[2020-08-10 21:21:08,209][trainer_seg.py][INFO]  Epoch:13(601/688) loss:0.368 
[2020-08-10 21:22:09,072][trainer_seg.py][INFO]  Epoch:13(689/688) loss:0.140 
[2020-08-10 21:24:33,085][trainer_seg.py][INFO] 各类单独F1:{'畅通': 0.9113670505758638, '缓行': 0.1313131313131313, '拥堵': 0.647787610619469}  各类F加权:0.5972086027494804
[2020-08-10 21:24:33,086][trainer_seg.py][INFO] val_size: 1380  valLoss: 0.5370 valAcc: 0.8014
[2020-08-10 21:27:12,395][trainer_seg.py][INFO] efficient-b5-seg-c 第13 epoch 预测结果:{'畅通': 460, '缓行': 20, '拥堵': 120}
[2020-08-10 21:27:12,395][trainer_seg.py][INFO] 69.json 预测结果:{'畅通': 454, '缓行': 15, '拥堵': 131}
[2020-08-10 21:27:12,395][trainer_seg.py][INFO] efficient-b5-seg-c 和 69.json 的 f1:[0.94748359 0.22857143 0.78884462] 加权f1:0.7085177763469411 
[2020-08-10 21:27:12,396][trainer_seg.py][INFO] efficient-b5-seg-c 和 69.json 的 Acc:0.8933333333333333 Precision:[0.94130435 0.2        0.825     ] Recall:[0.95374449 0.26666667 0.75572519]
[2020-08-10 21:27:12,403][trainer_seg.py][INFO] Epoch:[13/29]	 Loss=0.37481	 Acc=0.849 epoch_Time:8.036469793319702 min:
[2020-08-10 21:27:13,577][trainer_seg.py][INFO] ----------
[2020-08-10 21:27:13,577][trainer_seg.py][INFO] Epoch 14/29
[2020-08-10 21:27:13,577][trainer_seg.py][INFO] learning rate:0.00019151935989317182
[2020-08-10 21:27:13,577][trainer_seg.py][INFO] ----------
[2020-08-10 21:27:15,680][trainer_seg.py][INFO]  Epoch:14(1/688) loss:0.091 
[2020-08-10 21:28:23,807][trainer_seg.py][INFO]  Epoch:14(101/688) loss:0.222 
[2020-08-10 21:29:33,421][trainer_seg.py][INFO]  Epoch:14(201/688) loss:0.320 
[2020-08-10 21:30:43,909][trainer_seg.py][INFO]  Epoch:14(301/688) loss:0.142 
[2020-08-10 21:31:53,707][trainer_seg.py][INFO]  Epoch:14(401/688) loss:0.105 
[2020-08-10 21:33:03,464][trainer_seg.py][INFO]  Epoch:14(501/688) loss:0.161 
[2020-08-10 21:34:12,774][trainer_seg.py][INFO]  Epoch:14(601/688) loss:0.363 
[2020-08-10 21:35:13,786][trainer_seg.py][INFO]  Epoch:14(689/688) loss:0.625 
[2020-08-10 21:37:38,007][trainer_seg.py][INFO] 各类单独F1:{'畅通': 0.9141439205955335, '缓行': 0.08284023668639054, '拥堵': 0.6388888888888888}  各类F加权:0.5827301647897181
[2020-08-10 21:37:38,008][trainer_seg.py][INFO] val_size: 1380  valLoss: 0.5698 valAcc: 0.8058
[2020-08-10 21:40:16,730][trainer_seg.py][INFO] efficient-b5-seg-c 第14 epoch 预测结果:{'畅通': 463, '缓行': 10, '拥堵': 127}
[2020-08-10 21:40:16,730][trainer_seg.py][INFO] 69.json 预测结果:{'畅通': 454, '缓行': 15, '拥堵': 131}
[2020-08-10 21:40:16,730][trainer_seg.py][INFO] efficient-b5-seg-c 和 69.json 的 f1:[0.95310796 0.24       0.8372093 ] 加权f1:0.7409471735436586 
[2020-08-10 21:40:16,730][trainer_seg.py][INFO] efficient-b5-seg-c 和 69.json 的 Acc:0.9133333333333333 Precision:[0.94384449 0.3        0.8503937 ] Recall:[0.96255507 0.2        0.82442748]
[2020-08-10 21:40:16,734][trainer_seg.py][INFO] Epoch:[14/29]	 Loss=0.32351	 Acc=0.871 epoch_Time:8.003984022140504 min:
[2020-08-10 21:40:17,670][trainer_seg.py][INFO] ----------
[2020-08-10 21:40:17,670][trainer_seg.py][INFO] Epoch 15/29
[2020-08-10 21:40:17,671][trainer_seg.py][INFO] learning rate:4.158064933479366e-10
[2020-08-10 21:40:17,671][trainer_seg.py][INFO] ----------
[2020-08-10 21:40:19,200][trainer_seg.py][INFO]  Epoch:15(1/688) loss:0.012 
[2020-08-10 21:41:27,710][trainer_seg.py][INFO]  Epoch:15(101/688) loss:0.095 
[2020-08-10 21:42:36,236][trainer_seg.py][INFO]  Epoch:15(201/688) loss:0.254 
[2020-08-10 21:43:45,293][trainer_seg.py][INFO]  Epoch:15(301/688) loss:0.558 
[2020-08-10 21:44:54,024][trainer_seg.py][INFO]  Epoch:15(401/688) loss:0.690 
[2020-08-10 21:46:03,203][trainer_seg.py][INFO]  Epoch:15(501/688) loss:0.277 
[2020-08-10 21:47:13,009][trainer_seg.py][INFO]  Epoch:15(601/688) loss:0.091 
[2020-08-10 21:48:13,611][trainer_seg.py][INFO]  Epoch:15(689/688) loss:0.227 
[2020-08-10 21:50:37,731][trainer_seg.py][INFO] 各类单独F1:{'畅通': 0.9141439205955335, '缓行': 0.08284023668639054, '拥堵': 0.6388888888888888}  各类F加权:0.5827301647897181
[2020-08-10 21:50:37,732][trainer_seg.py][INFO] val_size: 1380  valLoss: 0.5698 valAcc: 0.8058
[2020-08-10 21:53:17,829][trainer_seg.py][INFO] efficient-b5-seg-c 第15 epoch 预测结果:{'畅通': 465, '缓行': 8, '拥堵': 127}
[2020-08-10 21:53:17,829][trainer_seg.py][INFO] 69.json 预测结果:{'畅通': 454, '缓行': 15, '拥堵': 131}
[2020-08-10 21:53:17,829][trainer_seg.py][INFO] efficient-b5-seg-c 和 69.json 的 f1:[0.95103373 0.17391304 0.82945736] 加权f1:0.7226637737638507 
[2020-08-10 21:53:17,830][trainer_seg.py][INFO] efficient-b5-seg-c 和 69.json 的 Acc:0.91 Precision:[0.93978495 0.25       0.84251969] Recall:[0.96255507 0.13333333 0.81679389]
[2020-08-10 21:53:17,833][trainer_seg.py][INFO] Epoch:[15/29]	 Loss=0.30525	 Acc=0.880 epoch_Time:7.932842004299164 min:
[2020-08-10 21:53:18,875][trainer_seg.py][INFO] ----------
[2020-08-10 21:53:18,875][trainer_seg.py][INFO] Epoch 16/29
[2020-08-10 21:53:18,875][trainer_seg.py][INFO] learning rate:0.0018095526758540278
[2020-08-10 21:53:18,876][trainer_seg.py][INFO] ----------
[2020-08-10 21:53:20,700][trainer_seg.py][INFO]  Epoch:16(1/688) loss:0.049 
[2020-08-10 21:54:28,439][trainer_seg.py][INFO]  Epoch:16(101/688) loss:0.536 
[2020-08-10 21:55:36,966][trainer_seg.py][INFO]  Epoch:16(201/688) loss:0.429 
[2020-08-10 21:56:45,609][trainer_seg.py][INFO]  Epoch:16(301/688) loss:0.715 
