[2020-09-16 16:26:34,734][trainer.py][INFO] Using: efficient-b5-final-seg
[2020-09-16 16:26:34,734][trainer.py][INFO] Using the GPU: (6, 7, 8, 9)
[2020-09-16 16:26:34,734][trainer.py][INFO] start training...
[2020-09-16 16:26:36,425][trainer.py][INFO] ----------
[2020-09-16 16:26:36,425][trainer.py][INFO] Epoch 0/29
[2020-09-16 16:26:36,425][trainer.py][INFO] learning rate:0.002
[2020-09-16 16:26:36,425][trainer.py][INFO] ----------
[2020-09-16 16:26:56,597][trainer.py][INFO]  Epoch:0(1/842) loss:1.426 
[2020-09-16 16:28:19,900][trainer.py][INFO]  Epoch:0(101/842) loss:0.704 
[2020-09-16 16:29:36,015][trainer.py][INFO]  Epoch:0(201/842) loss:0.681 
[2020-09-16 16:30:50,662][trainer.py][INFO]  Epoch:0(301/842) loss:0.639 
[2020-09-16 16:32:04,877][trainer.py][INFO]  Epoch:0(401/842) loss:0.933 
[2020-09-16 16:33:21,288][trainer.py][INFO]  Epoch:0(501/842) loss:0.739 
[2020-09-16 16:34:36,227][trainer.py][INFO]  Epoch:0(601/842) loss:0.528 
[2020-09-16 16:35:50,842][trainer.py][INFO]  Epoch:0(701/842) loss:0.779 
[2020-09-16 16:37:07,305][trainer.py][INFO]  Epoch:0(801/842) loss:0.400 
[2020-09-16 16:37:39,283][trainer.py][INFO]  Epoch:0(843/842) loss:0.623 
[2020-09-16 16:40:02,589][trainer.py][INFO] 各类单独F1:{'畅通': 0.7313490529570932, '缓行': 0.0, '拥堵': 0.40636846095526913, '封闭': 0.8277968690339824}  各类F加权:0.526164191195883
[2020-09-16 16:40:02,589][trainer.py][INFO] val_size: 3349  valLoss: 0.8009 valAcc: 0.6862
[2020-09-16 16:40:02,592][trainer.py][INFO] Epoch:[0/29] Loss=0.78822  Acc=0.549 Epoch_Time:11.075699778397878 min: ETA: 5.537849889198939 hours
[2020-09-16 16:40:03,201][trainer.py][INFO] ----------
[2020-09-16 16:40:03,201][trainer.py][INFO] Epoch 1/29
[2020-09-16 16:40:03,201][trainer.py][INFO] learning rate:0.0018094548673252347
[2020-09-16 16:40:03,202][trainer.py][INFO] ----------
[2020-09-16 16:40:06,494][trainer.py][INFO]  Epoch:1(1/842) loss:0.573 
[2020-09-16 16:41:23,300][trainer.py][INFO]  Epoch:1(101/842) loss:0.526 
[2020-09-16 16:42:41,522][trainer.py][INFO]  Epoch:1(201/842) loss:0.545 
[2020-09-16 16:44:01,826][trainer.py][INFO]  Epoch:1(301/842) loss:0.768 
[2020-09-16 16:45:20,055][trainer.py][INFO]  Epoch:1(401/842) loss:0.459 
[2020-09-16 16:46:35,604][trainer.py][INFO]  Epoch:1(501/842) loss:0.132 
[2020-09-16 16:47:48,741][trainer.py][INFO]  Epoch:1(601/842) loss:0.165 
[2020-09-16 16:49:01,847][trainer.py][INFO]  Epoch:1(701/842) loss:0.460 
[2020-09-16 16:50:14,885][trainer.py][INFO]  Epoch:1(801/842) loss:0.476 
[2020-09-16 16:50:45,268][trainer.py][INFO]  Epoch:1(843/842) loss:0.336 
[2020-09-16 16:54:04,345][trainer.py][INFO] 各类单独F1:{'畅通': 0.8329621380846326, '缓行': 0.0, '拥堵': 0.5784919653893695, '封闭': 0.9169698974528614}  各类F加权:0.6236317624064187
[2020-09-16 16:54:04,346][trainer.py][INFO] val_size: 3349  valLoss: 0.4537 valAcc: 0.8188
[2020-09-16 16:54:04,349][trainer.py][INFO] Epoch:[1/29] Loss=0.50896  Acc=0.736 Epoch_Time:10.702193895975748 min: ETA: 5.172727049721612 hours
[2020-09-16 16:54:05,032][trainer.py][INFO] ----------
[2020-09-16 16:54:05,032][trainer.py][INFO] Epoch 2/29
[2020-09-16 16:54:05,032][trainer.py][INFO] learning rate:0.0013097257654543797
[2020-09-16 16:54:05,033][trainer.py][INFO] ----------
[2020-09-16 16:54:08,846][trainer.py][INFO]  Epoch:2(1/842) loss:0.482 
[2020-09-16 16:55:20,566][trainer.py][INFO]  Epoch:2(101/842) loss:0.134 
[2020-09-16 16:56:33,835][trainer.py][INFO]  Epoch:2(201/842) loss:0.616 
[2020-09-16 16:57:47,543][trainer.py][INFO]  Epoch:2(301/842) loss:0.562 
[2020-09-16 16:59:00,761][trainer.py][INFO]  Epoch:2(401/842) loss:0.257 
[2020-09-16 17:00:14,380][trainer.py][INFO]  Epoch:2(501/842) loss:0.239 
[2020-09-16 17:01:27,891][trainer.py][INFO]  Epoch:2(601/842) loss:0.462 
[2020-09-16 17:02:41,515][trainer.py][INFO]  Epoch:2(701/842) loss:0.283 
[2020-09-16 17:03:54,641][trainer.py][INFO]  Epoch:2(801/842) loss:0.326 
[2020-09-16 17:04:25,246][trainer.py][INFO]  Epoch:2(843/842) loss:0.302 
[2020-09-16 17:07:44,324][trainer.py][INFO] 各类单独F1:{'畅通': 0.8655057428677289, '缓行': 0.0, '拥堵': 0.5894988066825775, '封闭': 0.9484605087014726}  各类F加权:0.6427844197721352
[2020-09-16 17:07:44,324][trainer.py][INFO] val_size: 3349  valLoss: 0.3971 valAcc: 0.8456
[2020-09-16 17:07:44,328][trainer.py][INFO] Epoch:[2/29] Loss=0.40214  Acc=0.788 Epoch_Time:10.338372099399567 min: ETA: 4.824573646386464 hours
[2020-09-16 17:07:44,960][trainer.py][INFO] ----------
[2020-09-16 17:07:44,960][trainer.py][INFO] Epoch 3/29
[2020-09-16 17:07:44,960][trainer.py][INFO] learning rate:0.0006916919483715299
[2020-09-16 17:07:44,960][trainer.py][INFO] ----------
[2020-09-16 17:07:48,221][trainer.py][INFO]  Epoch:3(1/842) loss:0.455 
[2020-09-16 17:09:01,157][trainer.py][INFO]  Epoch:3(101/842) loss:0.239 
[2020-09-16 17:10:14,387][trainer.py][INFO]  Epoch:3(201/842) loss:0.435 
[2020-09-16 17:11:27,944][trainer.py][INFO]  Epoch:3(301/842) loss:0.161 
[2020-09-16 17:12:41,626][trainer.py][INFO]  Epoch:3(401/842) loss:0.295 
[2020-09-16 17:13:58,862][trainer.py][INFO]  Epoch:3(501/842) loss:0.331 
[2020-09-16 17:15:13,150][trainer.py][INFO]  Epoch:3(601/842) loss:0.181 
[2020-09-16 17:16:26,428][trainer.py][INFO]  Epoch:3(701/842) loss:0.514 
[2020-09-16 17:17:39,946][trainer.py][INFO]  Epoch:3(801/842) loss:0.491 
[2020-09-16 17:18:10,281][trainer.py][INFO]  Epoch:3(843/842) loss:0.141 
[2020-09-16 17:21:27,895][trainer.py][INFO] 各类单独F1:{'畅通': 0.8742182070882557, '缓行': 0.0, '拥堵': 0.5864123957091777, '封闭': 0.9455322178711285}  各类F加权:0.6415584265700303
[2020-09-16 17:21:27,896][trainer.py][INFO] val_size: 3349  valLoss: 0.4115 valAcc: 0.8456
[2020-09-16 17:21:27,899][trainer.py][INFO] Epoch:[3/29] Loss=0.34192  Acc=0.819 Epoch_Time:10.423504130045574 min: ETA: 4.690576858520508 hours
[2020-09-16 17:21:28,569][trainer.py][INFO] ----------
[2020-09-16 17:21:28,569][trainer.py][INFO] Epoch 4/29
[2020-09-16 17:21:28,569][trainer.py][INFO] learning rate:0.00019142132800549838
[2020-09-16 17:21:28,569][trainer.py][INFO] ----------
[2020-09-16 17:21:31,672][trainer.py][INFO]  Epoch:4(1/842) loss:0.413 
[2020-09-16 17:22:42,403][trainer.py][INFO]  Epoch:4(101/842) loss:0.322 
[2020-09-16 17:23:54,839][trainer.py][INFO]  Epoch:4(201/842) loss:0.280 
[2020-09-16 17:25:08,017][trainer.py][INFO]  Epoch:4(301/842) loss:0.146 
[2020-09-16 17:26:21,316][trainer.py][INFO]  Epoch:4(401/842) loss:0.228 
[2020-09-16 17:27:34,337][trainer.py][INFO]  Epoch:4(501/842) loss:0.131 
[2020-09-16 17:28:47,384][trainer.py][INFO]  Epoch:4(601/842) loss:0.741 
[2020-09-16 17:30:00,214][trainer.py][INFO]  Epoch:4(701/842) loss:0.168 
[2020-09-16 17:31:12,948][trainer.py][INFO]  Epoch:4(801/842) loss:0.414 
[2020-09-16 17:31:43,139][trainer.py][INFO]  Epoch:4(843/842) loss:0.320 
[2020-09-16 17:35:01,580][trainer.py][INFO] 各类单独F1:{'畅通': 0.8365316275764038, '缓行': 0.0, '拥堵': 0.5315682281059063, '封闭': 0.9190179552949799}  各类F加权:0.6107308133074043
[2020-09-16 17:35:01,581][trainer.py][INFO] val_size: 3349  valLoss: 0.4966 valAcc: 0.8038
[2020-09-16 17:35:01,584][trainer.py][INFO] Epoch:[4/29] Loss=0.32597  Acc=0.828 Epoch_Time:10.244227174917857 min: ETA: 4.439165109131071 hours
[2020-09-16 17:35:02,195][trainer.py][INFO] ----------
[2020-09-16 17:35:02,195][trainer.py][INFO] Epoch 5/29
[2020-09-16 17:35:02,195][trainer.py][INFO] learning rate:2.7776311350979913e-10
[2020-09-16 17:35:02,195][trainer.py][INFO] ----------
[2020-09-16 17:35:05,341][trainer.py][INFO]  Epoch:5(1/842) loss:0.216 
[2020-09-16 17:36:15,747][trainer.py][INFO]  Epoch:5(101/842) loss:0.389 
[2020-09-16 17:37:28,656][trainer.py][INFO]  Epoch:5(201/842) loss:0.688 
[2020-09-16 17:38:42,413][trainer.py][INFO]  Epoch:5(301/842) loss:0.308 
[2020-09-16 17:39:55,866][trainer.py][INFO]  Epoch:5(401/842) loss:0.296 
[2020-09-16 17:41:09,234][trainer.py][INFO]  Epoch:5(501/842) loss:0.335 
[2020-09-16 17:42:22,650][trainer.py][INFO]  Epoch:5(601/842) loss:0.175 
[2020-09-16 17:43:36,197][trainer.py][INFO]  Epoch:5(701/842) loss:0.497 
[2020-09-16 17:44:49,606][trainer.py][INFO]  Epoch:5(801/842) loss:0.102 
[2020-09-16 17:45:20,004][trainer.py][INFO]  Epoch:5(843/842) loss:0.342 
[2020-09-16 17:48:32,854][trainer.py][INFO] 各类单独F1:{'畅通': 0.8365316275764038, '缓行': 0.0, '拥堵': 0.5315682281059063, '封闭': 0.9190179552949799}  各类F加权:0.6107308133074043
[2020-09-16 17:48:32,854][trainer.py][INFO] val_size: 3349  valLoss: 0.4966 valAcc: 0.8038
[2020-09-16 17:48:32,858][trainer.py][INFO] Epoch:[5/29] Loss=0.32539  Acc=0.833 Epoch_Time:10.297661451498668 min: ETA: 4.290692271457778 hours
[2020-09-16 17:48:33,609][trainer.py][INFO] ----------
[2020-09-16 17:48:33,609][trainer.py][INFO] Epoch 6/29
[2020-09-16 17:48:33,609][trainer.py][INFO] learning rate:0.0018094548673252345
[2020-09-16 17:48:33,609][trainer.py][INFO] ----------
[2020-09-16 17:48:37,292][trainer.py][INFO]  Epoch:6(1/842) loss:0.127 
[2020-09-16 17:49:48,182][trainer.py][INFO]  Epoch:6(101/842) loss:0.387 
[2020-09-16 17:51:01,163][trainer.py][INFO]  Epoch:6(201/842) loss:0.528 
[2020-09-16 17:52:15,058][trainer.py][INFO]  Epoch:6(301/842) loss:0.330 
[2020-09-16 17:53:28,930][trainer.py][INFO]  Epoch:6(401/842) loss:0.728 
[2020-09-16 17:54:42,408][trainer.py][INFO]  Epoch:6(501/842) loss:0.447 
[2020-09-16 17:55:55,653][trainer.py][INFO]  Epoch:6(601/842) loss:0.885 
[2020-09-16 17:57:08,954][trainer.py][INFO]  Epoch:6(701/842) loss:0.250 
[2020-09-16 17:58:22,380][trainer.py][INFO]  Epoch:6(801/842) loss:0.598 
[2020-09-16 17:58:52,798][trainer.py][INFO]  Epoch:6(843/842) loss:0.490 
[2020-09-16 18:02:12,877][trainer.py][INFO] 各类单独F1:{'畅通': 0.7610778443113771, '缓行': 0.0, '拥堵': 0.5348837209302326, '封闭': 0.692857142857143}  各类F加权:0.5137157578530647
[2020-09-16 18:02:12,877][trainer.py][INFO] val_size: 3349  valLoss: 0.9231 valAcc: 0.6868
[2020-09-16 18:02:12,880][trainer.py][INFO] Epoch:[6/29] Loss=0.36061  Acc=0.808 Epoch_Time:10.321313758691153 min: ETA: 4.128525503476461 hours
[2020-09-16 18:02:13,863][trainer.py][INFO] ----------
[2020-09-16 18:02:13,863][trainer.py][INFO] Epoch 7/29
[2020-09-16 18:02:13,863][trainer.py][INFO] learning rate:0.0013097257654543797
[2020-09-16 18:02:13,863][trainer.py][INFO] ----------
[2020-09-16 18:02:16,888][trainer.py][INFO]  Epoch:7(1/842) loss:0.485 
[2020-09-16 18:03:29,027][trainer.py][INFO]  Epoch:7(101/842) loss:0.201 
[2020-09-16 18:04:42,676][trainer.py][INFO]  Epoch:7(201/842) loss:0.272 
[2020-09-16 18:05:57,046][trainer.py][INFO]  Epoch:7(301/842) loss:0.082 
[2020-09-16 18:07:11,346][trainer.py][INFO]  Epoch:7(401/842) loss:0.327 
[2020-09-16 18:08:25,624][trainer.py][INFO]  Epoch:7(501/842) loss:0.315 
[2020-09-16 18:09:39,828][trainer.py][INFO]  Epoch:7(601/842) loss:0.147 
[2020-09-16 18:10:54,681][trainer.py][INFO]  Epoch:7(701/842) loss:0.265 
[2020-09-16 18:12:09,209][trainer.py][INFO]  Epoch:7(801/842) loss:0.384 
[2020-09-16 18:12:40,033][trainer.py][INFO]  Epoch:7(843/842) loss:0.469 
[2020-09-16 18:16:06,154][trainer.py][INFO] 各类单独F1:{'畅通': 0.8984263233190272, '缓行': 0.0, '拥堵': 0.6164021164021163, '封闭': 0.9717552118359112}  各类F加权:0.663465351986902
[2020-09-16 18:16:06,155][trainer.py][INFO] val_size: 3349  valLoss: 0.3377 valAcc: 0.8761
[2020-09-16 18:16:06,159][trainer.py][INFO] Epoch:[7/29] Loss=0.32504  Acc=0.826 Epoch_Time:10.437614961465199 min: ETA: 4.001085735228327 hours
[2020-09-16 18:16:07,238][trainer.py][INFO] ----------
[2020-09-16 18:16:07,239][trainer.py][INFO] Epoch 8/29
[2020-09-16 18:16:07,239][trainer.py][INFO] learning rate:0.0006916919483715299
[2020-09-16 18:16:07,239][trainer.py][INFO] ----------
[2020-09-16 18:16:11,419][trainer.py][INFO]  Epoch:8(1/842) loss:0.390 
[2020-09-16 18:17:21,582][trainer.py][INFO]  Epoch:8(101/842) loss:0.170 
[2020-09-16 18:18:33,746][trainer.py][INFO]  Epoch:8(201/842) loss:0.164 
[2020-09-16 18:19:46,637][trainer.py][INFO]  Epoch:8(301/842) loss:0.134 
[2020-09-16 18:20:59,975][trainer.py][INFO]  Epoch:8(401/842) loss:0.656 
[2020-09-16 18:22:13,063][trainer.py][INFO]  Epoch:8(501/842) loss:0.401 
[2020-09-16 18:23:26,877][trainer.py][INFO]  Epoch:8(601/842) loss:0.186 
[2020-09-16 18:24:39,970][trainer.py][INFO]  Epoch:8(701/842) loss:0.259 
[2020-09-16 18:25:53,315][trainer.py][INFO]  Epoch:8(801/842) loss:0.280 
[2020-09-16 18:26:23,941][trainer.py][INFO]  Epoch:8(843/842) loss:0.089 
[2020-09-16 18:29:44,578][trainer.py][INFO] 各类单独F1:{'畅通': 0.8681626928471249, '缓行': 0.0, '拥堵': 0.578021978021978, '封闭': 0.9373868982989504}  各类F加权:0.635177622010886
[2020-09-16 18:29:44,579][trainer.py][INFO] val_size: 3349  valLoss: 0.4296 valAcc: 0.8349
[2020-09-16 18:29:44,582][trainer.py][INFO] Epoch:[8/29] Loss=0.29327  Acc=0.842 Epoch_Time:10.279804428418478 min: ETA: 3.7692616237534415 hours
[2020-09-16 18:29:45,337][trainer.py][INFO] ----------
[2020-09-16 18:29:45,337][trainer.py][INFO] Epoch 9/29
[2020-09-16 18:29:45,337][trainer.py][INFO] learning rate:0.0001914213280054987
[2020-09-16 18:29:45,337][trainer.py][INFO] ----------
[2020-09-16 18:29:48,809][trainer.py][INFO]  Epoch:9(1/842) loss:0.155 
[2020-09-16 18:31:01,594][trainer.py][INFO]  Epoch:9(101/842) loss:0.236 
[2020-09-16 18:32:15,555][trainer.py][INFO]  Epoch:9(201/842) loss:0.310 
[2020-09-16 18:33:30,258][trainer.py][INFO]  Epoch:9(301/842) loss:0.237 
[2020-09-16 18:34:45,089][trainer.py][INFO]  Epoch:9(401/842) loss:0.161 
[2020-09-16 18:36:00,944][trainer.py][INFO]  Epoch:9(501/842) loss:0.227 
[2020-09-16 18:37:16,456][trainer.py][INFO]  Epoch:9(601/842) loss:0.244 
[2020-09-16 18:38:32,703][trainer.py][INFO]  Epoch:9(701/842) loss:0.191 
[2020-09-16 18:39:48,249][trainer.py][INFO]  Epoch:9(801/842) loss:0.137 
[2020-09-16 18:40:19,567][trainer.py][INFO]  Epoch:9(843/842) loss:0.203 
[2020-09-16 18:43:44,910][trainer.py][INFO] 各类单独F1:{'畅通': 0.8851878100637846, '缓行': 0.0, '拥堵': 0.5981308411214954, '封闭': 0.9638215665612926}  各类F加权:0.6534866599673441
[2020-09-16 18:43:44,911][trainer.py][INFO] val_size: 3349  valLoss: 0.3643 valAcc: 0.8591
[2020-09-16 18:43:44,914][trainer.py][INFO] Epoch:[9/29] Loss=0.27467  Acc=0.850 Epoch_Time:10.571897133191426 min: ETA: 3.7001639966169995 hours
[2020-09-16 18:43:45,453][trainer.py][INFO] ----------
[2020-09-16 18:43:45,453][trainer.py][INFO] Epoch 10/29
[2020-09-16 18:43:45,453][trainer.py][INFO] learning rate:2.7776311350979913e-10
[2020-09-16 18:43:45,453][trainer.py][INFO] ----------
[2020-09-16 18:43:49,839][trainer.py][INFO]  Epoch:10(1/842) loss:0.553 
[2020-09-16 18:45:02,362][trainer.py][INFO]  Epoch:10(101/842) loss:0.278 
[2020-09-16 18:46:16,565][trainer.py][INFO]  Epoch:10(201/842) loss:0.103 
[2020-09-16 18:47:30,826][trainer.py][INFO]  Epoch:10(301/842) loss:0.108 
[2020-09-16 18:48:45,243][trainer.py][INFO]  Epoch:10(401/842) loss:0.077 
[2020-09-16 18:50:00,053][trainer.py][INFO]  Epoch:10(501/842) loss:0.368 
[2020-09-16 18:51:14,695][trainer.py][INFO]  Epoch:10(601/842) loss:0.568 
[2020-09-16 18:52:29,811][trainer.py][INFO]  Epoch:10(701/842) loss:0.097 
[2020-09-16 18:53:44,713][trainer.py][INFO]  Epoch:10(801/842) loss:0.233 
[2020-09-16 18:54:15,492][trainer.py][INFO]  Epoch:10(843/842) loss:0.574 
[2020-09-16 18:57:38,425][trainer.py][INFO] 各类单独F1:{'畅通': 0.8851878100637846, '缓行': 0.0, '拥堵': 0.5981308411214954, '封闭': 0.9638215665612926}  各类F加权:0.6534866599673441
[2020-09-16 18:57:38,425][trainer.py][INFO] val_size: 3349  valLoss: 0.3643 valAcc: 0.8591
[2020-09-16 18:57:38,429][trainer.py][INFO] Epoch:[10/29] Loss=0.27031  Acc=0.853 Epoch_Time:10.502066894372303 min: ETA: 3.500688964790768 hours
[2020-09-16 18:57:39,050][trainer.py][INFO] ----------
[2020-09-16 18:57:39,050][trainer.py][INFO] Epoch 11/29
[2020-09-16 18:57:39,050][trainer.py][INFO] learning rate:0.001809454867325235
[2020-09-16 18:57:39,050][trainer.py][INFO] ----------
[2020-09-16 18:57:42,753][trainer.py][INFO]  Epoch:11(1/842) loss:0.194 
[2020-09-16 18:58:53,939][trainer.py][INFO]  Epoch:11(101/842) loss:0.240 
[2020-09-16 19:00:06,797][trainer.py][INFO]  Epoch:11(201/842) loss:0.807 
[2020-09-16 19:01:20,075][trainer.py][INFO]  Epoch:11(301/842) loss:0.402 
[2020-09-16 19:02:33,712][trainer.py][INFO]  Epoch:11(401/842) loss:0.367 
[2020-09-16 19:03:47,214][trainer.py][INFO]  Epoch:11(501/842) loss:0.479 
[2020-09-16 19:05:00,696][trainer.py][INFO]  Epoch:11(601/842) loss:0.442 
[2020-09-16 19:06:14,288][trainer.py][INFO]  Epoch:11(701/842) loss:0.281 
[2020-09-16 19:07:27,350][trainer.py][INFO]  Epoch:11(801/842) loss:0.184 
[2020-09-16 19:07:57,905][trainer.py][INFO]  Epoch:11(843/842) loss:0.219 
[2020-09-16 19:11:18,122][trainer.py][INFO] 各类单独F1:{'畅通': 0.898660254208176, '缓行': 0.0, '拥堵': 0.6312997347480106, '封闭': 0.9681929395316323}  各类F加权:0.6665331216578738
[2020-09-16 19:11:18,122][trainer.py][INFO] val_size: 3349  valLoss: 0.3319 valAcc: 0.8752
[2020-09-16 19:11:18,126][trainer.py][INFO] Epoch:[11/29] Loss=0.31240  Acc=0.830 Epoch_Time:10.315653904279072 min: ETA: 3.2666237363550397 hours
[2020-09-16 19:11:18,705][trainer.py][INFO] ----------
[2020-09-16 19:11:18,705][trainer.py][INFO] Epoch 12/29
[2020-09-16 19:11:18,705][trainer.py][INFO] learning rate:0.0013097257654543803
[2020-09-16 19:11:18,705][trainer.py][INFO] ----------
[2020-09-16 19:11:22,598][trainer.py][INFO]  Epoch:12(1/842) loss:0.196 
[2020-09-16 19:12:35,887][trainer.py][INFO]  Epoch:12(101/842) loss:0.123 
[2020-09-16 19:13:50,554][trainer.py][INFO]  Epoch:12(201/842) loss:0.279 
[2020-09-16 19:15:05,750][trainer.py][INFO]  Epoch:12(301/842) loss:0.197 
[2020-09-16 19:16:21,642][trainer.py][INFO]  Epoch:12(401/842) loss:0.177 
[2020-09-16 19:17:37,352][trainer.py][INFO]  Epoch:12(501/842) loss:0.184 
[2020-09-16 19:18:52,703][trainer.py][INFO]  Epoch:12(601/842) loss:0.534 
[2020-09-16 19:20:08,712][trainer.py][INFO]  Epoch:12(701/842) loss:0.761 
[2020-09-16 19:21:24,829][trainer.py][INFO]  Epoch:12(801/842) loss:0.737 
[2020-09-16 19:21:55,970][trainer.py][INFO]  Epoch:12(843/842) loss:0.236 
[2020-09-16 19:25:07,891][trainer.py][INFO] 各类单独F1:{'畅通': 0.8795771989429974, '缓行': 0.0, '拥堵': 0.5548387096774194, '封闭': 0.9884432358939497}  各类F加权:0.6497866271551054
[2020-09-16 19:25:07,892][trainer.py][INFO] val_size: 3349  valLoss: 0.3557 valAcc: 0.8591
[2020-09-16 19:25:07,895][trainer.py][INFO] Epoch:[12/29] Loss=0.29024  Acc=0.841 Epoch_Time:10.622401813666025 min: ETA: 3.1867205440998077 hours
[2020-09-16 19:25:08,454][trainer.py][INFO] ----------
[2020-09-16 19:25:08,454][trainer.py][INFO] Epoch 13/29
[2020-09-16 19:25:08,454][trainer.py][INFO] learning rate:0.0006916919483715306
[2020-09-16 19:25:08,454][trainer.py][INFO] ----------
[2020-09-16 19:25:12,521][trainer.py][INFO]  Epoch:13(1/842) loss:0.109 
[2020-09-16 19:26:24,228][trainer.py][INFO]  Epoch:13(101/842) loss:0.156 
[2020-09-16 19:27:37,492][trainer.py][INFO]  Epoch:13(201/842) loss:0.292 
[2020-09-16 19:28:51,849][trainer.py][INFO]  Epoch:13(301/842) loss:0.559 
[2020-09-16 19:30:05,716][trainer.py][INFO]  Epoch:13(401/842) loss:0.043 
[2020-09-16 19:31:19,828][trainer.py][INFO]  Epoch:13(501/842) loss:0.092 
[2020-09-16 19:32:33,513][trainer.py][INFO]  Epoch:13(601/842) loss:0.231 
[2020-09-16 19:33:47,634][trainer.py][INFO]  Epoch:13(701/842) loss:0.598 
[2020-09-16 19:35:01,914][trainer.py][INFO]  Epoch:13(801/842) loss:0.159 
[2020-09-16 19:35:32,584][trainer.py][INFO]  Epoch:13(843/842) loss:0.170 
[2020-09-16 19:38:47,948][trainer.py][INFO] 各类单独F1:{'畅通': 0.9089026915113871, '缓行': 0.05181347150259068, '拥堵': 0.6581196581196581, '封闭': 0.9817555938037866}  各类F加权:0.691391098409069
[2020-09-16 19:38:47,949][trainer.py][INFO] val_size: 3349  valLoss: 0.2879 valAcc: 0.8895
[2020-09-16 19:38:47,953][trainer.py][INFO] Epoch:[13/29] Loss=0.26642  Acc=0.855 Epoch_Time:10.403489299615224 min: ETA: 2.947655301557647 hours
[2020-09-16 19:38:48,541][trainer.py][INFO] ----------
[2020-09-16 19:38:48,542][trainer.py][INFO] Epoch 14/29
[2020-09-16 19:38:48,542][trainer.py][INFO] learning rate:0.0001914213280054987
[2020-09-16 19:38:48,542][trainer.py][INFO] ----------
[2020-09-16 19:38:52,739][trainer.py][INFO]  Epoch:14(1/842) loss:0.265 
[2020-09-16 19:40:05,155][trainer.py][INFO]  Epoch:14(101/842) loss:0.179 
[2020-09-16 19:41:17,541][trainer.py][INFO]  Epoch:14(201/842) loss:0.111 
[2020-09-16 19:42:30,640][trainer.py][INFO]  Epoch:14(301/842) loss:0.057 
[2020-09-16 19:43:43,793][trainer.py][INFO]  Epoch:14(401/842) loss:0.155 
[2020-09-16 19:44:57,191][trainer.py][INFO]  Epoch:14(501/842) loss:0.323 
[2020-09-16 19:46:10,277][trainer.py][INFO]  Epoch:14(601/842) loss:0.125 
[2020-09-16 19:47:23,115][trainer.py][INFO]  Epoch:14(701/842) loss:0.160 
[2020-09-16 19:48:36,013][trainer.py][INFO]  Epoch:14(801/842) loss:0.342 
[2020-09-16 19:49:06,506][trainer.py][INFO]  Epoch:14(843/842) loss:0.035 
[2020-09-16 19:52:22,562][trainer.py][INFO] 各类单独F1:{'畅通': 0.898932384341637, '缓行': 0.010638297872340425, '拥堵': 0.6223862238622386, '封闭': 0.9795635607897472}  各类F加权:0.6705621894832023
[2020-09-16 19:52:22,562][trainer.py][INFO] val_size: 3349  valLoss: 0.3284 valAcc: 0.8752
[2020-09-16 19:52:22,566][trainer.py][INFO] Epoch:[14/29] Loss=0.24377  Acc=0.864 Epoch_Time:10.300529638926188 min: ETA: 2.74680790371365 hours
[2020-09-16 19:52:23,650][trainer.py][INFO] ----------
[2020-09-16 19:52:23,650][trainer.py][INFO] Epoch 15/29
[2020-09-16 19:52:23,650][trainer.py][INFO] learning rate:2.7776311350979913e-10
[2020-09-16 19:52:23,651][trainer.py][INFO] ----------
[2020-09-16 19:52:28,037][trainer.py][INFO]  Epoch:15(1/842) loss:0.398 
[2020-09-16 19:53:38,637][trainer.py][INFO]  Epoch:15(101/842) loss:0.256 
[2020-09-16 19:54:51,727][trainer.py][INFO]  Epoch:15(201/842) loss:0.333 
[2020-09-16 19:56:05,433][trainer.py][INFO]  Epoch:15(301/842) loss:0.216 
[2020-09-16 19:57:19,328][trainer.py][INFO]  Epoch:15(401/842) loss:0.230 
[2020-09-16 19:58:32,984][trainer.py][INFO]  Epoch:15(501/842) loss:0.337 
[2020-09-16 19:59:46,530][trainer.py][INFO]  Epoch:15(601/842) loss:0.039 
[2020-09-16 20:01:00,184][trainer.py][INFO]  Epoch:15(701/842) loss:0.160 
[2020-09-16 20:02:14,342][trainer.py][INFO]  Epoch:15(801/842) loss:0.065 
[2020-09-16 20:02:45,282][trainer.py][INFO]  Epoch:15(843/842) loss:0.123 
[2020-09-16 20:06:05,902][trainer.py][INFO] 各类单独F1:{'畅通': 0.898932384341637, '缓行': 0.010638297872340425, '拥堵': 0.6223862238622386, '封闭': 0.9795635607897472}  各类F加权:0.6705621894832023
[2020-09-16 20:06:05,903][trainer.py][INFO] val_size: 3349  valLoss: 0.3284 valAcc: 0.8752
[2020-09-16 20:06:05,907][trainer.py][INFO] Epoch:[15/29] Loss=0.23779  Acc=0.864 Epoch_Time:10.361855137348176 min: ETA: 2.590463784337044 hours
[2020-09-16 20:06:06,830][trainer.py][INFO] ----------
[2020-09-16 20:06:06,831][trainer.py][INFO] Epoch 16/29
[2020-09-16 20:06:06,831][trainer.py][INFO] learning rate:0.001809454867325235
[2020-09-16 20:06:06,831][trainer.py][INFO] ----------
[2020-09-16 20:06:11,451][trainer.py][INFO]  Epoch:16(1/842) loss:0.311 
[2020-09-16 20:07:24,707][trainer.py][INFO]  Epoch:16(101/842) loss:0.416 
[2020-09-16 20:08:38,996][trainer.py][INFO]  Epoch:16(201/842) loss:0.399 
[2020-09-16 20:09:52,974][trainer.py][INFO]  Epoch:16(301/842) loss:0.181 
[2020-09-16 20:11:07,379][trainer.py][INFO]  Epoch:16(401/842) loss:0.451 
[2020-09-16 20:12:21,814][trainer.py][INFO]  Epoch:16(501/842) loss:0.353 
[2020-09-16 20:13:36,013][trainer.py][INFO]  Epoch:16(601/842) loss:0.196 
[2020-09-16 20:14:49,748][trainer.py][INFO]  Epoch:16(701/842) loss:0.336 
[2020-09-16 20:16:03,409][trainer.py][INFO]  Epoch:16(801/842) loss:0.165 
[2020-09-16 20:16:34,054][trainer.py][INFO]  Epoch:16(843/842) loss:0.223 
[2020-09-16 20:19:46,893][trainer.py][INFO] 各类单独F1:{'畅通': 0.889210716871832, '缓行': 0.04060913705583756, '拥堵': 0.599294947121034, '封闭': 0.9764542936288088}  各类F加权:0.6674131006861845
[2020-09-16 20:19:46,894][trainer.py][INFO] val_size: 3349  valLoss: 0.3496 valAcc: 0.8650
[2020-09-16 20:19:46,899][trainer.py][INFO] Epoch:[16/29] Loss=0.28728  Acc=0.845 Epoch_Time:10.455085158348083 min: ETA: 2.4395198702812193 hours
[2020-09-16 20:19:47,496][trainer.py][INFO] ----------
[2020-09-16 20:19:47,497][trainer.py][INFO] Epoch 17/29
[2020-09-16 20:19:47,497][trainer.py][INFO] learning rate:0.0013097257654543792
[2020-09-16 20:19:47,497][trainer.py][INFO] ----------
[2020-09-16 20:19:52,093][trainer.py][INFO]  Epoch:17(1/842) loss:0.300 
[2020-09-16 20:21:03,970][trainer.py][INFO]  Epoch:17(101/842) loss:0.333 
[2020-09-16 20:22:17,771][trainer.py][INFO]  Epoch:17(201/842) loss:0.182 
[2020-09-16 20:23:32,341][trainer.py][INFO]  Epoch:17(301/842) loss:0.368 
[2020-09-16 20:24:46,903][trainer.py][INFO]  Epoch:17(401/842) loss:0.025 
[2020-09-16 20:26:01,797][trainer.py][INFO]  Epoch:17(501/842) loss:0.196 
[2020-09-16 20:27:16,771][trainer.py][INFO]  Epoch:17(601/842) loss:0.188 
[2020-09-16 20:28:31,838][trainer.py][INFO]  Epoch:17(701/842) loss:0.620 
[2020-09-16 20:29:46,169][trainer.py][INFO]  Epoch:17(801/842) loss:0.287 
[2020-09-16 20:30:17,324][trainer.py][INFO]  Epoch:17(843/842) loss:0.431 
[2020-09-16 20:33:44,328][trainer.py][INFO] 各类单独F1:{'畅通': 0.890527091780317, '缓行': 0.08823529411764706, '拥堵': 0.6004901960784315, '封闭': 0.9794266441821248}  各类F加权:0.6786174844979405
[2020-09-16 20:33:44,328][trainer.py][INFO] val_size: 3349  valLoss: 0.3401 valAcc: 0.8701
[2020-09-16 20:33:44,331][trainer.py][INFO] Epoch:[17/29] Loss=0.25660  Acc=0.858 Epoch_Time:10.498521053791046 min: ETA: 2.2746795616547266 hours
[2020-09-16 20:33:44,565][trainer.py][INFO] ----------
[2020-09-16 20:33:44,565][trainer.py][INFO] Epoch 18/29
[2020-09-16 20:33:44,565][trainer.py][INFO] learning rate:0.0006916919483715293
[2020-09-16 20:33:44,565][trainer.py][INFO] ----------
[2020-09-16 20:33:47,914][trainer.py][INFO]  Epoch:18(1/842) loss:0.404 
[2020-09-16 20:35:02,619][trainer.py][INFO]  Epoch:18(101/842) loss:0.176 
[2020-09-16 20:36:17,991][trainer.py][INFO]  Epoch:18(201/842) loss:0.141 
[2020-09-16 20:37:33,010][trainer.py][INFO]  Epoch:18(301/842) loss:0.198 
[2020-09-16 20:38:47,986][trainer.py][INFO]  Epoch:18(401/842) loss:0.116 
[2020-09-16 20:40:02,864][trainer.py][INFO]  Epoch:18(501/842) loss:0.223 
[2020-09-16 20:41:18,306][trainer.py][INFO]  Epoch:18(601/842) loss:0.190 
[2020-09-16 20:42:33,161][trainer.py][INFO]  Epoch:18(701/842) loss:0.071 
[2020-09-16 20:43:49,693][trainer.py][INFO]  Epoch:18(801/842) loss:0.171 
[2020-09-16 20:44:21,368][trainer.py][INFO]  Epoch:18(843/842) loss:0.019 
[2020-09-16 20:47:38,276][trainer.py][INFO] 各类单独F1:{'畅通': 0.9076444136976823, '缓行': 0.08695652173913045, '拥堵': 0.6551226551226551, '封闭': 0.9831441348469212}  各类F加权:0.6979501961931593
[2020-09-16 20:47:38,277][trainer.py][INFO] val_size: 3349  valLoss: 0.2913 valAcc: 0.8889
[2020-09-16 20:47:38,286][trainer.py][INFO] Epoch:[18/29] Loss=0.24403  Acc=0.868 Epoch_Time:10.614102764924366 min: ETA: 2.1228205529848734 hours
[2020-09-16 20:47:38,601][trainer.py][INFO] ----------
[2020-09-16 20:47:38,601][trainer.py][INFO] Epoch 19/29
[2020-09-16 20:47:38,601][trainer.py][INFO] learning rate:0.00019142132800549795
[2020-09-16 20:47:38,601][trainer.py][INFO] ----------
[2020-09-16 20:47:42,733][trainer.py][INFO]  Epoch:19(1/842) loss:0.289 
[2020-09-16 20:48:55,536][trainer.py][INFO]  Epoch:19(101/842) loss:0.295 
[2020-09-16 20:50:08,810][trainer.py][INFO]  Epoch:19(201/842) loss:0.155 
[2020-09-16 20:51:22,190][trainer.py][INFO]  Epoch:19(301/842) loss:0.139 
[2020-09-16 20:52:35,620][trainer.py][INFO]  Epoch:19(401/842) loss:0.343 
[2020-09-16 20:53:49,152][trainer.py][INFO]  Epoch:19(501/842) loss:0.062 
[2020-09-16 20:55:02,753][trainer.py][INFO]  Epoch:19(601/842) loss:0.151 
[2020-09-16 20:56:16,357][trainer.py][INFO]  Epoch:19(701/842) loss:0.228 
[2020-09-16 20:57:29,716][trainer.py][INFO]  Epoch:19(801/842) loss:0.286 
[2020-09-16 20:58:00,278][trainer.py][INFO]  Epoch:19(843/842) loss:0.494 
[2020-09-16 21:01:12,349][trainer.py][INFO] 各类单独F1:{'畅通': 0.9033158813263525, '缓行': 0.09803921568627452, '拥堵': 0.6542553191489362, '封闭': 0.9767118526242614}  各类F加权:0.6969007680642756
[2020-09-16 21:01:12,350][trainer.py][INFO] val_size: 3349  valLoss: 0.3221 valAcc: 0.8824
[2020-09-16 21:01:12,355][trainer.py][INFO] Epoch:[19/29] Loss=0.21441  Acc=0.880 Epoch_Time:10.361981769402822 min: ETA: 1.8996966577238508 hours
[2020-09-16 21:01:12,663][trainer.py][INFO] ----------
[2020-09-16 21:01:12,663][trainer.py][INFO] Epoch 20/29
[2020-09-16 21:01:12,664][trainer.py][INFO] learning rate:2.7776311350979913e-10
[2020-09-16 21:01:12,664][trainer.py][INFO] ----------
[2020-09-16 21:01:16,657][trainer.py][INFO]  Epoch:20(1/842) loss:0.228 
[2020-09-16 21:02:27,239][trainer.py][INFO]  Epoch:20(101/842) loss:0.285 
[2020-09-16 21:03:39,857][trainer.py][INFO]  Epoch:20(201/842) loss:0.054 
[2020-09-16 21:04:52,975][trainer.py][INFO]  Epoch:20(301/842) loss:0.099 
[2020-09-16 21:06:06,435][trainer.py][INFO]  Epoch:20(401/842) loss:0.323 
[2020-09-16 21:07:19,739][trainer.py][INFO]  Epoch:20(501/842) loss:0.225 
[2020-09-16 21:08:33,056][trainer.py][INFO]  Epoch:20(601/842) loss:0.056 
[2020-09-16 21:09:46,755][trainer.py][INFO]  Epoch:20(701/842) loss:0.091 
[2020-09-16 21:11:00,231][trainer.py][INFO]  Epoch:20(801/842) loss:0.230 
[2020-09-16 21:11:30,699][trainer.py][INFO]  Epoch:20(843/842) loss:0.064 
[2020-09-16 21:14:45,016][trainer.py][INFO] 各类单独F1:{'畅通': 0.9033158813263525, '缓行': 0.09803921568627452, '拥堵': 0.6542553191489362, '封闭': 0.9767118526242614}  各类F加权:0.6969007680642756
[2020-09-16 21:14:45,017][trainer.py][INFO] val_size: 3349  valLoss: 0.3221 valAcc: 0.8824
[2020-09-16 21:14:45,022][trainer.py][INFO] Epoch:[20/29] Loss=0.20980  Acc=0.889 Epoch_Time:10.30135729710261 min: ETA: 1.716892882850435 hours
[2020-09-16 21:14:45,319][trainer.py][INFO] ----------
[2020-09-16 21:14:45,319][trainer.py][INFO] Epoch 21/29
[2020-09-16 21:14:45,319][trainer.py][INFO] learning rate:0.0018094548673252345
[2020-09-16 21:14:45,319][trainer.py][INFO] ----------
[2020-09-16 21:14:49,317][trainer.py][INFO]  Epoch:21(1/842) loss:0.247 
[2020-09-16 21:16:00,319][trainer.py][INFO]  Epoch:21(101/842) loss:1.178 
[2020-09-16 21:17:12,950][trainer.py][INFO]  Epoch:21(201/842) loss:0.294 
[2020-09-16 21:18:26,571][trainer.py][INFO]  Epoch:21(301/842) loss:0.037 
[2020-09-16 21:19:39,986][trainer.py][INFO]  Epoch:21(401/842) loss:0.229 
[2020-09-16 21:20:53,965][trainer.py][INFO]  Epoch:21(501/842) loss:0.317 
[2020-09-16 21:22:07,238][trainer.py][INFO]  Epoch:21(601/842) loss:0.385 
[2020-09-16 21:23:21,041][trainer.py][INFO]  Epoch:21(701/842) loss:0.238 
[2020-09-16 21:24:34,586][trainer.py][INFO]  Epoch:21(801/842) loss:0.235 
[2020-09-16 21:25:04,934][trainer.py][INFO]  Epoch:21(843/842) loss:1.036 
[2020-09-16 21:28:32,215][trainer.py][INFO] 各类单独F1:{'畅通': 0.8367507886435331, '缓行': 0.13765182186234817, '拥堵': 0.5437500000000001, '封闭': 0.9780033840947546}  各类F加权:0.6655317968747249
[2020-09-16 21:28:32,216][trainer.py][INFO] val_size: 3349  valLoss: 0.4317 valAcc: 0.8313
[2020-09-16 21:28:32,219][trainer.py][INFO] Epoch:[21/29] Loss=0.26449  Acc=0.860 Epoch_Time:10.327614998817443 min: ETA: 1.5491422498226166 hours
[2020-09-16 21:28:32,460][trainer.py][INFO] ----------
[2020-09-16 21:28:32,461][trainer.py][INFO] Epoch 22/29
[2020-09-16 21:28:32,461][trainer.py][INFO] learning rate:0.0013097257654543792
[2020-09-16 21:28:32,461][trainer.py][INFO] ----------
[2020-09-16 21:28:35,119][trainer.py][INFO]  Epoch:22(1/842) loss:0.171 
[2020-09-16 21:29:50,531][trainer.py][INFO]  Epoch:22(101/842) loss:0.328 
[2020-09-16 21:31:03,400][trainer.py][INFO]  Epoch:22(201/842) loss:0.403 
[2020-09-16 21:32:17,321][trainer.py][INFO]  Epoch:22(301/842) loss:0.992 
[2020-09-16 21:33:30,274][trainer.py][INFO]  Epoch:22(401/842) loss:0.159 
[2020-09-16 21:34:42,802][trainer.py][INFO]  Epoch:22(501/842) loss:0.187 
[2020-09-16 21:35:56,175][trainer.py][INFO]  Epoch:22(601/842) loss:0.202 
[2020-09-16 21:37:09,298][trainer.py][INFO]  Epoch:22(701/842) loss:0.117 
[2020-09-16 21:38:22,680][trainer.py][INFO]  Epoch:22(801/842) loss:0.415 
[2020-09-16 21:38:53,090][trainer.py][INFO]  Epoch:22(843/842) loss:0.460 
[2020-09-16 21:42:08,455][trainer.py][INFO] 各类单独F1:{'畅通': 0.9037037037037037, '缓行': 0.10256410256410256, '拥堵': 0.6459627329192547, '封闭': 0.9768085842852199}  各类F加权:0.6953954444730552
[2020-09-16 21:42:08,455][trainer.py][INFO] val_size: 3349  valLoss: 0.3030 valAcc: 0.8871
[2020-09-16 21:42:08,459][trainer.py][INFO] Epoch:[22/29] Loss=0.24300  Acc=0.869 Epoch_Time:10.344520362218221 min: ETA: 1.3792693816290962 hours
[2020-09-16 21:42:08,701][trainer.py][INFO] ----------
[2020-09-16 21:42:08,701][trainer.py][INFO] Epoch 23/29
[2020-09-16 21:42:08,701][trainer.py][INFO] learning rate:0.0006916919483715293
[2020-09-16 21:42:08,701][trainer.py][INFO] ----------
[2020-09-16 21:42:12,515][trainer.py][INFO]  Epoch:23(1/842) loss:0.248 
[2020-09-16 21:43:23,449][trainer.py][INFO]  Epoch:23(101/842) loss:0.505 
[2020-09-16 21:44:36,741][trainer.py][INFO]  Epoch:23(201/842) loss:0.088 
[2020-09-16 21:45:50,040][trainer.py][INFO]  Epoch:23(301/842) loss:0.238 
[2020-09-16 21:47:03,502][trainer.py][INFO]  Epoch:23(401/842) loss:0.110 
[2020-09-16 21:48:16,798][trainer.py][INFO]  Epoch:23(501/842) loss:0.517 
[2020-09-16 21:49:30,507][trainer.py][INFO]  Epoch:23(601/842) loss:0.412 
[2020-09-16 21:50:43,988][trainer.py][INFO]  Epoch:23(701/842) loss:0.426 
[2020-09-16 21:51:57,463][trainer.py][INFO]  Epoch:23(801/842) loss:0.155 
[2020-09-16 21:52:28,061][trainer.py][INFO]  Epoch:23(843/842) loss:0.043 
[2020-09-16 21:55:49,928][trainer.py][INFO] 各类单独F1:{'畅通': 0.905069751616196, '缓行': 0.1764705882352941, '拥堵': 0.6253968253968255, '封闭': 0.9795918367346939}  各类F加权:0.7052568751216036
[2020-09-16 21:55:49,929][trainer.py][INFO] val_size: 3349  valLoss: 0.3134 valAcc: 0.8850
[2020-09-16 21:55:49,934][trainer.py][INFO] Epoch:[23/29] Loss=0.21267  Acc=0.885 Epoch_Time:10.323430112997691 min: ETA: 1.2044001798497306 hours
[2020-09-16 21:55:50,228][trainer.py][INFO] ----------
[2020-09-16 21:55:50,228][trainer.py][INFO] Epoch 24/29
[2020-09-16 21:55:50,228][trainer.py][INFO] learning rate:0.00019142132800549795
[2020-09-16 21:55:50,228][trainer.py][INFO] ----------
[2020-09-16 21:55:54,538][trainer.py][INFO]  Epoch:24(1/842) loss:0.050 
[2020-09-16 21:57:07,043][trainer.py][INFO]  Epoch:24(101/842) loss:0.196 
[2020-09-16 21:58:22,052][trainer.py][INFO]  Epoch:24(201/842) loss:0.155 
[2020-09-16 21:59:35,991][trainer.py][INFO]  Epoch:24(301/842) loss:0.339 
[2020-09-16 22:00:50,727][trainer.py][INFO]  Epoch:24(401/842) loss:0.089 
[2020-09-16 22:02:05,074][trainer.py][INFO]  Epoch:24(501/842) loss:0.520 
[2020-09-16 22:03:19,497][trainer.py][INFO]  Epoch:24(601/842) loss:0.079 
[2020-09-16 22:04:33,855][trainer.py][INFO]  Epoch:24(701/842) loss:0.060 
[2020-09-16 22:05:47,858][trainer.py][INFO]  Epoch:24(801/842) loss:0.015 
[2020-09-16 22:06:19,088][trainer.py][INFO]  Epoch:24(843/842) loss:0.010 
[2020-09-16 22:09:45,371][trainer.py][INFO] 各类单独F1:{'畅通': 0.9019886363636364, '缓行': 0.14693877551020407, '拥堵': 0.613728129205922, '封闭': 0.9820317899101589}  各类F加权:0.6965177734642447
[2020-09-16 22:09:45,371][trainer.py][INFO] val_size: 3349  valLoss: 0.3340 valAcc: 0.8770
[2020-09-16 22:09:45,375][trainer.py][INFO] Epoch:[24/29] Loss=0.19043  Acc=0.898 Epoch_Time:10.481731895605723 min: ETA: 1.0481731895605724 hours
[2020-09-16 22:09:45,667][trainer.py][INFO] ----------
[2020-09-16 22:09:45,667][trainer.py][INFO] Epoch 25/29
[2020-09-16 22:09:45,667][trainer.py][INFO] learning rate:2.7776311350979913e-10
[2020-09-16 22:09:45,667][trainer.py][INFO] ----------
[2020-09-16 22:09:50,506][trainer.py][INFO]  Epoch:25(1/842) loss:0.211 
[2020-09-16 22:11:03,585][trainer.py][INFO]  Epoch:25(101/842) loss:0.070 
[2020-09-16 22:12:16,346][trainer.py][INFO]  Epoch:25(201/842) loss:0.130 
[2020-09-16 22:13:29,635][trainer.py][INFO]  Epoch:25(301/842) loss:0.184 
[2020-09-16 22:14:43,122][trainer.py][INFO]  Epoch:25(401/842) loss:0.144 
[2020-09-16 22:15:56,739][trainer.py][INFO]  Epoch:25(501/842) loss:0.241 
[2020-09-16 22:17:10,061][trainer.py][INFO]  Epoch:25(601/842) loss:0.083 
[2020-09-16 22:18:23,650][trainer.py][INFO]  Epoch:25(701/842) loss:0.326 
[2020-09-16 22:19:37,160][trainer.py][INFO]  Epoch:25(801/842) loss:0.541 
[2020-09-16 22:20:07,663][trainer.py][INFO]  Epoch:25(843/842) loss:0.612 
[2020-09-16 22:23:24,619][trainer.py][INFO] 各类单独F1:{'畅通': 0.9019886363636364, '缓行': 0.14693877551020407, '拥堵': 0.613728129205922, '封闭': 0.9820317899101589}  各类F加权:0.6965177734642447
[2020-09-16 22:23:24,619][trainer.py][INFO] val_size: 3349  valLoss: 0.3340 valAcc: 0.8770
[2020-09-16 22:23:24,624][trainer.py][INFO] Epoch:[25/29] Loss=0.18872  Acc=0.895 Epoch_Time:10.367287329832713 min: ETA: 0.8639406108193928 hours
[2020-09-16 22:23:24,909][trainer.py][INFO] ----------
[2020-09-16 22:23:24,909][trainer.py][INFO] Epoch 26/29
[2020-09-16 22:23:24,910][trainer.py][INFO] learning rate:0.0018094548673252345
[2020-09-16 22:23:24,910][trainer.py][INFO] ----------
[2020-09-16 22:23:28,258][trainer.py][INFO]  Epoch:26(1/842) loss:0.214 
[2020-09-16 22:24:40,911][trainer.py][INFO]  Epoch:26(101/842) loss:0.067 
[2020-09-16 22:25:53,628][trainer.py][INFO]  Epoch:26(201/842) loss:0.228 
[2020-09-16 22:27:07,022][trainer.py][INFO]  Epoch:26(301/842) loss:0.254 
[2020-09-16 22:28:20,343][trainer.py][INFO]  Epoch:26(401/842) loss:0.277 
[2020-09-16 22:29:33,532][trainer.py][INFO]  Epoch:26(501/842) loss:0.071 
[2020-09-16 22:30:46,572][trainer.py][INFO]  Epoch:26(601/842) loss:0.319 
[2020-09-16 22:31:59,379][trainer.py][INFO]  Epoch:26(701/842) loss:0.287 
[2020-09-16 22:33:12,269][trainer.py][INFO]  Epoch:26(801/842) loss:0.195 
[2020-09-16 22:33:42,910][trainer.py][INFO]  Epoch:26(843/842) loss:0.664 
[2020-09-16 22:36:56,657][trainer.py][INFO] 各类单独F1:{'畅通': 0.8717612331912102, '缓行': 0.06185567010309278, '拥堵': 0.5994764397905759, '封闭': 0.9096989966555185}  各类F加权:0.6432697879391198
[2020-09-16 22:36:56,658][trainer.py][INFO] val_size: 3349  valLoss: 0.5134 valAcc: 0.8325
[2020-09-16 22:36:56,661][trainer.py][INFO] Epoch:[26/29] Loss=0.24737  Acc=0.864 Epoch_Time:10.300714115301767 min: ETA: 0.6867142743534512 hours
[2020-09-16 22:36:56,929][trainer.py][INFO] ----------
[2020-09-16 22:36:56,929][trainer.py][INFO] Epoch 27/29
[2020-09-16 22:36:56,929][trainer.py][INFO] learning rate:0.0013097257654543792
[2020-09-16 22:36:56,929][trainer.py][INFO] ----------
[2020-09-16 22:37:00,722][trainer.py][INFO]  Epoch:27(1/842) loss:0.316 
[2020-09-16 22:38:11,630][trainer.py][INFO]  Epoch:27(101/842) loss:0.100 
[2020-09-16 22:39:24,426][trainer.py][INFO]  Epoch:27(201/842) loss:0.310 
[2020-09-16 22:40:37,630][trainer.py][INFO]  Epoch:27(301/842) loss:0.179 
[2020-09-16 22:41:50,553][trainer.py][INFO]  Epoch:27(401/842) loss:0.133 
[2020-09-16 22:43:03,769][trainer.py][INFO]  Epoch:27(501/842) loss:0.160 
[2020-09-16 22:44:17,652][trainer.py][INFO]  Epoch:27(601/842) loss:0.143 
[2020-09-16 22:45:31,266][trainer.py][INFO]  Epoch:27(701/842) loss:0.496 
[2020-09-16 22:46:44,849][trainer.py][INFO]  Epoch:27(801/842) loss:0.084 
[2020-09-16 22:47:15,185][trainer.py][INFO]  Epoch:27(843/842) loss:0.005 
[2020-09-16 22:50:32,070][trainer.py][INFO] 各类单独F1:{'畅通': 0.9058541595344061, '缓行': 0.03260869565217391, '拥堵': 0.6473988439306358, '封闭': 0.9810410203378145}  各类F加权:0.6837432163981919
[2020-09-16 22:50:32,071][trainer.py][INFO] val_size: 3349  valLoss: 0.3737 valAcc: 0.8877
[2020-09-16 22:50:32,075][trainer.py][INFO] Epoch:[27/29] Loss=0.22125  Acc=0.877 Epoch_Time:10.30502818028132 min: ETA: 0.5152514090140661 hours
[2020-09-16 22:50:32,357][trainer.py][INFO] ----------
[2020-09-16 22:50:32,357][trainer.py][INFO] Epoch 28/29
[2020-09-16 22:50:32,357][trainer.py][INFO] learning rate:0.0006916919483715293
[2020-09-16 22:50:32,357][trainer.py][INFO] ----------
[2020-09-16 22:50:36,518][trainer.py][INFO]  Epoch:28(1/842) loss:0.146 
[2020-09-16 22:51:51,616][trainer.py][INFO]  Epoch:28(101/842) loss:0.006 
[2020-09-16 22:53:05,288][trainer.py][INFO]  Epoch:28(201/842) loss:0.479 
[2020-09-16 22:54:19,452][trainer.py][INFO]  Epoch:28(301/842) loss:0.109 
[2020-09-16 22:55:33,895][trainer.py][INFO]  Epoch:28(401/842) loss:0.137 
[2020-09-16 22:56:48,278][trainer.py][INFO]  Epoch:28(501/842) loss:0.066 
[2020-09-16 22:58:02,524][trainer.py][INFO]  Epoch:28(601/842) loss:0.076 
[2020-09-16 22:59:16,988][trainer.py][INFO]  Epoch:28(701/842) loss:0.370 
[2020-09-16 23:00:31,070][trainer.py][INFO]  Epoch:28(801/842) loss:0.158 
[2020-09-16 23:01:01,936][trainer.py][INFO]  Epoch:28(843/842) loss:0.015 
[2020-09-16 23:04:15,447][trainer.py][INFO] 各类单独F1:{'畅通': 0.902070902070902, '缓行': 0.2506811989100817, '拥堵': 0.5849387040280211, '封闭': 0.9852284438337341}  各类F加权:0.7099163187310065
[2020-09-16 23:04:15,447][trainer.py][INFO] val_size: 3349  valLoss: 0.3242 valAcc: 0.8755
[2020-09-16 23:04:15,451][trainer.py][INFO] Epoch:[28/29] Loss=0.18899  Acc=0.898 Epoch_Time:10.493674802780152 min: ETA: 0.3497891600926717 hours
[2020-09-16 23:04:15,702][trainer.py][INFO] ----------
[2020-09-16 23:04:15,702][trainer.py][INFO] Epoch 29/29
[2020-09-16 23:04:15,702][trainer.py][INFO] learning rate:0.00019142132800549795
[2020-09-16 23:04:15,702][trainer.py][INFO] ----------
[2020-09-16 23:04:20,314][trainer.py][INFO]  Epoch:29(1/842) loss:0.081 
[2020-09-16 23:05:33,976][trainer.py][INFO]  Epoch:29(101/842) loss:0.291 
[2020-09-16 23:06:47,543][trainer.py][INFO]  Epoch:29(201/842) loss:0.125 
[2020-09-16 23:08:01,738][trainer.py][INFO]  Epoch:29(301/842) loss:0.101 
[2020-09-16 23:09:16,621][trainer.py][INFO]  Epoch:29(401/842) loss:0.070 
[2020-09-16 23:10:31,326][trainer.py][INFO]  Epoch:29(501/842) loss:0.260 
[2020-09-16 23:11:45,398][trainer.py][INFO]  Epoch:29(601/842) loss:0.264 
[2020-09-16 23:12:59,322][trainer.py][INFO]  Epoch:29(701/842) loss:0.006 
[2020-09-16 23:14:13,371][trainer.py][INFO]  Epoch:29(801/842) loss:0.239 
[2020-09-16 23:14:44,308][trainer.py][INFO]  Epoch:29(843/842) loss:0.103 
[2020-09-16 23:18:02,377][trainer.py][INFO] 各类单独F1:{'畅通': 0.8849259757738895, '缓行': 0.18250950570342206, '拥堵': 0.6130030959752322, '封闭': 0.9577564785232516}  各类F加权:0.6919980189199437
[2020-09-16 23:18:02,377][trainer.py][INFO] val_size: 3349  valLoss: 0.4003 valAcc: 0.8617
[2020-09-16 23:18:02,381][trainer.py][INFO] Epoch:[29/29] Loss=0.16479  Acc=0.910 Epoch_Time:10.477515256404876 min: ETA: 0.1746252542734146 hours
[2020-09-16 23:18:02,579][trainer.py][INFO] Best Accuracy: 0.710
[2020-09-16 23:18:02,849][trainer.py][INFO] Training complete in 411m 28s
