[2020-08-23 22:13:11,150][trainer_crop.py][INFO] Using: efficient-b5-w-crop
[2020-08-23 22:13:11,150][trainer_crop.py][INFO] Using the GPU: (0, 1)
[2020-08-23 22:13:11,150][trainer_crop.py][INFO] start training...
[2020-08-23 22:13:11,194][trainer_crop.py][INFO] ----------
[2020-08-23 22:13:11,194][trainer_crop.py][INFO] Epoch 0/29
[2020-08-23 22:13:11,194][trainer_crop.py][INFO] learning rate:0.004
[2020-08-23 22:13:11,194][trainer_crop.py][INFO] ----------
[2020-08-23 22:13:18,557][trainer_crop.py][INFO]  Epoch:0(1/1034) loss:1.084 
[2020-08-23 22:14:09,847][trainer_crop.py][INFO]  Epoch:0(101/1034) loss:0.445 
[2020-08-23 22:15:00,680][trainer_crop.py][INFO]  Epoch:0(201/1034) loss:0.666 
[2020-08-23 22:15:52,105][trainer_crop.py][INFO]  Epoch:0(301/1034) loss:0.846 
[2020-08-23 22:16:43,182][trainer_crop.py][INFO]  Epoch:0(401/1034) loss:0.364 
[2020-08-23 22:17:34,707][trainer_crop.py][INFO]  Epoch:0(501/1034) loss:0.732 
[2020-08-23 22:18:26,917][trainer_crop.py][INFO]  Epoch:0(601/1034) loss:1.625 
[2020-08-23 22:19:18,605][trainer_crop.py][INFO]  Epoch:0(701/1034) loss:0.537 
[2020-08-23 22:20:10,405][trainer_crop.py][INFO]  Epoch:0(801/1034) loss:0.309 
[2020-08-23 22:21:01,837][trainer_crop.py][INFO]  Epoch:0(901/1034) loss:0.409 
[2020-08-23 22:21:54,018][trainer_crop.py][INFO]  Epoch:0(1001/1034) loss:1.092 
[2020-08-23 22:22:11,301][trainer_crop.py][INFO]  Epoch:0(1035/1034) loss:0.789 
[2020-08-23 22:24:20,278][trainer_crop.py][INFO] 各类单独F1:{'畅通': 0.8681672025723473, '缓行': 0.0, '拥堵': 0.6194690265486725}  各类F加权:0.545314856443673
[2020-08-23 22:24:20,279][trainer_crop.py][INFO] val_size: 1380  valLoss: 0.5950 valAcc: 0.7645
[2020-08-23 22:27:27,171][trainer_crop.py][INFO] efficient-b5-w-crop 第0 epoch 预测结果:{'畅通': 397, '缓行': 0, '拥堵': 203}
[2020-08-23 22:27:27,172][trainer_crop.py][INFO] 69.json 预测结果:{'畅通': 454, '缓行': 15, '拥堵': 131}
[2020-08-23 22:27:27,172][trainer_crop.py][INFO] efficient-b5-w-crop 和 69.json 的 f1:[0.90951821 0.         0.76047904] 加权f1:0.6381910679229086 
[2020-08-23 22:27:27,173][trainer_crop.py][INFO] efficient-b5-w-crop 和 69.json 的 Acc:0.8566666666666667 Precision:[0.97481108 0.         0.62561576] Recall:[0.85242291 0.         0.96946565]
[2020-08-23 22:27:27,176][trainer_crop.py][INFO] Epoch:[0/29]	 Loss=0.68283	 Acc=0.740 epoch_Time:9.00243706703186 min:
[2020-08-23 22:27:27,800][trainer_crop.py][INFO] ----------
[2020-08-23 22:27:27,800][trainer_crop.py][INFO] Epoch 1/29
[2020-08-23 22:27:27,800][trainer_crop.py][INFO] learning rate:0.0036187473453685036
[2020-08-23 22:27:27,800][trainer_crop.py][INFO] ----------
[2020-08-23 22:27:29,391][trainer_crop.py][INFO]  Epoch:1(1/1034) loss:0.746 
[2020-08-23 22:28:19,537][trainer_crop.py][INFO]  Epoch:1(101/1034) loss:0.071 
[2020-08-23 22:29:10,411][trainer_crop.py][INFO]  Epoch:1(201/1034) loss:0.706 
[2020-08-23 22:30:00,247][trainer_crop.py][INFO]  Epoch:1(301/1034) loss:1.126 
[2020-08-23 22:30:50,301][trainer_crop.py][INFO]  Epoch:1(401/1034) loss:0.325 
[2020-08-23 22:31:40,397][trainer_crop.py][INFO]  Epoch:1(501/1034) loss:0.262 
[2020-08-23 22:32:30,615][trainer_crop.py][INFO]  Epoch:1(601/1034) loss:1.079 
[2020-08-23 22:33:22,123][trainer_crop.py][INFO]  Epoch:1(701/1034) loss:0.459 
[2020-08-23 22:34:12,543][trainer_crop.py][INFO]  Epoch:1(801/1034) loss:0.733 
[2020-08-23 22:35:02,602][trainer_crop.py][INFO]  Epoch:1(901/1034) loss:0.366 
[2020-08-23 22:35:53,161][trainer_crop.py][INFO]  Epoch:1(1001/1034) loss:0.627 
[2020-08-23 22:36:10,490][trainer_crop.py][INFO]  Epoch:1(1035/1034) loss:0.416 
[2020-08-23 22:38:29,208][trainer_crop.py][INFO] 各类单独F1:{'畅通': 0.8960165545783755, '缓行': 0.0, '拥堵': 0.6602209944751382}  各类F加权:0.575335907600758
[2020-08-23 22:38:29,209][trainer_crop.py][INFO] val_size: 1380  valLoss: 0.5342 valAcc: 0.8007
[2020-08-23 22:41:34,646][trainer_crop.py][INFO] efficient-b5-w-crop 第1 epoch 预测结果:{'畅通': 424, '缓行': 0, '拥堵': 176}
[2020-08-23 22:41:34,647][trainer_crop.py][INFO] 69.json 预测结果:{'畅通': 454, '缓行': 15, '拥堵': 131}
[2020-08-23 22:41:34,647][trainer_crop.py][INFO] efficient-b5-w-crop 和 69.json 的 f1:[0.93849658 0.         0.82084691] 加权f1:0.6802074599511772 
[2020-08-23 22:41:34,647][trainer_crop.py][INFO] efficient-b5-w-crop 和 69.json 的 Acc:0.8966666666666666 Precision:[0.97169811 0.         0.71590909] Recall:[0.90748899 0.         0.96183206]
[2020-08-23 22:41:34,651][trainer_crop.py][INFO] Epoch:[1/29]	 Loss=0.58135	 Acc=0.779 epoch_Time:8.711924119790394 min:
[2020-08-23 22:41:34,882][trainer_crop.py][INFO] ----------
[2020-08-23 22:41:34,882][trainer_crop.py][INFO] Epoch 2/29
[2020-08-23 22:41:34,882][trainer_crop.py][INFO] learning rate:0.0026191885925401447
[2020-08-23 22:41:34,882][trainer_crop.py][INFO] ----------
[2020-08-23 22:41:36,672][trainer_crop.py][INFO]  Epoch:2(1/1034) loss:0.504 
[2020-08-23 22:42:33,714][trainer_crop.py][INFO]  Epoch:2(101/1034) loss:0.396 
[2020-08-23 22:43:31,139][trainer_crop.py][INFO]  Epoch:2(201/1034) loss:0.436 
[2020-08-23 22:44:26,201][trainer_crop.py][INFO]  Epoch:2(301/1034) loss:0.858 
[2020-08-23 22:45:18,268][trainer_crop.py][INFO]  Epoch:2(401/1034) loss:0.229 
[2020-08-23 22:46:10,605][trainer_crop.py][INFO]  Epoch:2(501/1034) loss:0.726 
[2020-08-23 22:47:03,124][trainer_crop.py][INFO]  Epoch:2(601/1034) loss:0.783 
[2020-08-23 22:47:56,808][trainer_crop.py][INFO]  Epoch:2(701/1034) loss:0.395 
[2020-08-23 22:48:50,885][trainer_crop.py][INFO]  Epoch:2(801/1034) loss:0.430 
[2020-08-23 22:49:45,687][trainer_crop.py][INFO]  Epoch:2(901/1034) loss:0.335 
[2020-08-23 22:50:41,182][trainer_crop.py][INFO]  Epoch:2(1001/1034) loss:0.265 
[2020-08-23 22:50:58,355][trainer_crop.py][INFO]  Epoch:2(1035/1034) loss:0.747 
[2020-08-23 22:53:31,306][trainer_crop.py][INFO] 各类单独F1:{'畅通': 0.9160305343511449, '缓行': 0.09174311926605504, '拥堵': 0.6997084548104955}  各类F加权:0.6213798036097373
[2020-08-23 22:53:31,306][trainer_crop.py][INFO] val_size: 1380  valLoss: 0.4803 valAcc: 0.8297
[2020-08-23 22:56:14,680][trainer_crop.py][INFO] efficient-b5-w-crop 第2 epoch 预测结果:{'畅通': 441, '缓行': 3, '拥堵': 156}
[2020-08-23 22:56:14,680][trainer_crop.py][INFO] 69.json 预测结果:{'畅通': 454, '缓行': 15, '拥堵': 131}
[2020-08-23 22:56:14,681][trainer_crop.py][INFO] efficient-b5-w-crop 和 69.json 的 f1:[0.95642458 0.11111111 0.8641115 ] 加权f1:0.7319740373780433 
[2020-08-23 22:56:14,681][trainer_crop.py][INFO] efficient-b5-w-crop 和 69.json 的 Acc:0.9216666666666666 Precision:[0.97052154 0.33333333 0.79487179] Recall:[0.94273128 0.06666667 0.94656489]
[2020-08-23 22:56:14,685][trainer_crop.py][INFO] Epoch:[2/29]	 Loss=0.47326	 Acc=0.821 epoch_Time:9.39194578329722 min:
[2020-08-23 22:56:14,895][trainer_crop.py][INFO] ----------
[2020-08-23 22:56:14,895][trainer_crop.py][INFO] Epoch 3/29
[2020-08-23 22:56:14,895][trainer_crop.py][INFO] learning rate:0.0013831208428076599
[2020-08-23 22:56:14,896][trainer_crop.py][INFO] ----------
[2020-08-23 22:56:16,369][trainer_crop.py][INFO]  Epoch:3(1/1034) loss:0.339 
[2020-08-23 22:57:09,732][trainer_crop.py][INFO]  Epoch:3(101/1034) loss:0.432 
[2020-08-23 22:58:01,508][trainer_crop.py][INFO]  Epoch:3(201/1034) loss:0.190 
[2020-08-23 22:58:55,288][trainer_crop.py][INFO]  Epoch:3(301/1034) loss:0.799 
[2020-08-23 22:59:48,392][trainer_crop.py][INFO]  Epoch:3(401/1034) loss:0.688 
[2020-08-23 23:00:40,067][trainer_crop.py][INFO]  Epoch:3(501/1034) loss:0.682 
[2020-08-23 23:01:32,134][trainer_crop.py][INFO]  Epoch:3(601/1034) loss:0.442 
[2020-08-23 23:02:24,578][trainer_crop.py][INFO]  Epoch:3(701/1034) loss:0.074 
[2020-08-23 23:03:16,587][trainer_crop.py][INFO]  Epoch:3(801/1034) loss:0.931 
[2020-08-23 23:04:07,891][trainer_crop.py][INFO]  Epoch:3(901/1034) loss:0.492 
[2020-08-23 23:04:58,037][trainer_crop.py][INFO]  Epoch:3(1001/1034) loss:0.391 
[2020-08-23 23:05:15,131][trainer_crop.py][INFO]  Epoch:3(1035/1034) loss:0.552 
[2020-08-23 23:07:16,699][trainer_crop.py][INFO] 各类单独F1:{'畅通': 0.9214250854075159, '缓行': 0.07476635514018691, '拥堵': 0.695364238410596}  各类F加权:0.6164568311558982
[2020-08-23 23:07:16,699][trainer_crop.py][INFO] val_size: 1380  valLoss: 0.4914 valAcc: 0.8391
[2020-08-23 23:11:01,970][trainer_crop.py][INFO] efficient-b5-w-crop 第3 epoch 预测结果:{'畅通': 451, '缓行': 5, '拥堵': 144}
[2020-08-23 23:11:01,970][trainer_crop.py][INFO] 69.json 预测结果:{'畅通': 454, '缓行': 15, '拥堵': 131}
[2020-08-23 23:11:01,971][trainer_crop.py][INFO] efficient-b5-w-crop 和 69.json 的 f1:[0.95248619 0.1        0.86545455] 加权f1:0.729769964841788 
[2020-08-23 23:11:01,971][trainer_crop.py][INFO] efficient-b5-w-crop 和 69.json 的 Acc:0.9183333333333333 Precision:[0.9556541  0.2        0.82638889] Recall:[0.94933921 0.06666667 0.90839695]
[2020-08-23 23:11:01,976][trainer_crop.py][INFO] Epoch:[3/29]	 Loss=0.39587	 Acc=0.847 epoch_Time:9.004344133536021 min:
[2020-08-23 23:11:02,171][trainer_crop.py][INFO] ----------
[2020-08-23 23:11:02,171][trainer_crop.py][INFO] Epoch 4/29
[2020-08-23 23:11:02,171][trainer_crop.py][INFO] learning rate:0.00038267996417126017
[2020-08-23 23:11:02,171][trainer_crop.py][INFO] ----------
[2020-08-23 23:11:03,497][trainer_crop.py][INFO]  Epoch:4(1/1034) loss:0.805 
[2020-08-23 23:11:53,994][trainer_crop.py][INFO]  Epoch:4(101/1034) loss:0.745 
[2020-08-23 23:12:44,722][trainer_crop.py][INFO]  Epoch:4(201/1034) loss:0.217 
[2020-08-23 23:13:35,748][trainer_crop.py][INFO]  Epoch:4(301/1034) loss:0.140 
[2020-08-23 23:14:26,300][trainer_crop.py][INFO]  Epoch:4(401/1034) loss:0.539 
[2020-08-23 23:15:17,405][trainer_crop.py][INFO]  Epoch:4(501/1034) loss:0.442 
[2020-08-23 23:16:08,639][trainer_crop.py][INFO]  Epoch:4(601/1034) loss:0.119 
[2020-08-23 23:16:59,791][trainer_crop.py][INFO]  Epoch:4(701/1034) loss:1.083 
[2020-08-23 23:17:50,830][trainer_crop.py][INFO]  Epoch:4(801/1034) loss:0.391 
[2020-08-23 23:18:42,291][trainer_crop.py][INFO]  Epoch:4(901/1034) loss:0.133 
[2020-08-23 23:19:33,564][trainer_crop.py][INFO]  Epoch:4(1001/1034) loss:0.191 
[2020-08-23 23:19:50,675][trainer_crop.py][INFO]  Epoch:4(1035/1034) loss:0.469 
[2020-08-23 23:22:01,979][trainer_crop.py][INFO] 各类单独F1:{'畅通': 0.9248046875, '缓行': 0.15000000000000002, '拥堵': 0.6858108108108107}  各类F加权:0.6264474239864865
[2020-08-23 23:22:01,980][trainer_crop.py][INFO] val_size: 1380  valLoss: 0.4803 valAcc: 0.8399
[2020-08-23 23:25:24,596][trainer_crop.py][INFO] efficient-b5-w-crop 第4 epoch 预测结果:{'畅通': 452, '缓行': 7, '拥堵': 141}
[2020-08-23 23:25:24,597][trainer_crop.py][INFO] 69.json 预测结果:{'畅通': 454, '缓行': 15, '拥堵': 131}
[2020-08-23 23:25:24,597][trainer_crop.py][INFO] efficient-b5-w-crop 和 69.json 的 f1:[0.95584989 0.18181818 0.875     ] 加权f1:0.7525336142885812 
[2020-08-23 23:25:24,597][trainer_crop.py][INFO] efficient-b5-w-crop 和 69.json 的 Acc:0.9233333333333333 Precision:[0.9579646  0.28571429 0.84397163] Recall:[0.95374449 0.13333333 0.90839695]
[2020-08-23 23:25:24,601][trainer_crop.py][INFO] Epoch:[4/29]	 Loss=0.34315	 Acc=0.868 epoch_Time:8.808813099066416 min:
[2020-08-23 23:25:24,806][trainer_crop.py][INFO] ----------
[2020-08-23 23:25:24,806][trainer_crop.py][INFO] Epoch 5/29
[2020-08-23 23:25:24,806][trainer_crop.py][INFO] learning rate:3.685352414350973e-10
[2020-08-23 23:25:24,806][trainer_crop.py][INFO] ----------
[2020-08-23 23:25:26,369][trainer_crop.py][INFO]  Epoch:5(1/1034) loss:0.102 
[2020-08-23 23:26:16,737][trainer_crop.py][INFO]  Epoch:5(101/1034) loss:0.759 
[2020-08-23 23:27:07,339][trainer_crop.py][INFO]  Epoch:5(201/1034) loss:0.346 
[2020-08-23 23:27:58,443][trainer_crop.py][INFO]  Epoch:5(301/1034) loss:0.079 
[2020-08-23 23:28:49,148][trainer_crop.py][INFO]  Epoch:5(401/1034) loss:0.129 
[2020-08-23 23:29:39,642][trainer_crop.py][INFO]  Epoch:5(501/1034) loss:0.639 
[2020-08-23 23:30:30,513][trainer_crop.py][INFO]  Epoch:5(601/1034) loss:0.287 
[2020-08-23 23:31:21,114][trainer_crop.py][INFO]  Epoch:5(701/1034) loss:0.149 
[2020-08-23 23:32:12,048][trainer_crop.py][INFO]  Epoch:5(801/1034) loss:0.072 
[2020-08-23 23:33:02,776][trainer_crop.py][INFO]  Epoch:5(901/1034) loss:0.358 
[2020-08-23 23:33:53,395][trainer_crop.py][INFO]  Epoch:5(1001/1034) loss:0.149 
[2020-08-23 23:34:10,242][trainer_crop.py][INFO]  Epoch:5(1035/1034) loss:0.109 
[2020-08-23 23:36:16,555][trainer_crop.py][INFO] 各类单独F1:{'畅通': 0.9248046875, '缓行': 0.15000000000000002, '拥堵': 0.6858108108108107}  各类F加权:0.6264474239864865
[2020-08-23 23:36:16,556][trainer_crop.py][INFO] val_size: 1380  valLoss: 0.4803 valAcc: 0.8399
[2020-08-23 23:39:29,498][trainer_crop.py][INFO] efficient-b5-w-crop 第5 epoch 预测结果:{'畅通': 451, '缓行': 7, '拥堵': 142}
[2020-08-23 23:39:29,498][trainer_crop.py][INFO] 69.json 预测结果:{'畅通': 454, '缓行': 15, '拥堵': 131}
[2020-08-23 23:39:29,499][trainer_crop.py][INFO] efficient-b5-w-crop 和 69.json 的 f1:[0.95469613 0.27272727 0.87912088] 加权f1:0.7729572085373191 
[2020-08-23 23:39:29,499][trainer_crop.py][INFO] efficient-b5-w-crop 和 69.json 的 Acc:0.925 Precision:[0.9578714  0.42857143 0.84507042] Recall:[0.95154185 0.2        0.91603053]
[2020-08-23 23:39:29,504][trainer_crop.py][INFO] Epoch:[5/29]	 Loss=0.32560	 Acc=0.882 epoch_Time:8.75771211385727 min:
[2020-08-23 23:39:29,721][trainer_crop.py][INFO] ----------
[2020-08-23 23:39:29,721][trainer_crop.py][INFO] Epoch 6/29
[2020-08-23 23:39:29,721][trainer_crop.py][INFO] learning rate:0.0036187473453685027
[2020-08-23 23:39:29,721][trainer_crop.py][INFO] ----------
[2020-08-23 23:39:31,331][trainer_crop.py][INFO]  Epoch:6(1/1034) loss:0.031 
[2020-08-23 23:40:21,253][trainer_crop.py][INFO]  Epoch:6(101/1034) loss:0.565 
[2020-08-23 23:41:11,481][trainer_crop.py][INFO]  Epoch:6(201/1034) loss:0.530 
[2020-08-23 23:42:01,610][trainer_crop.py][INFO]  Epoch:6(301/1034) loss:0.226 
[2020-08-23 23:42:52,129][trainer_crop.py][INFO]  Epoch:6(401/1034) loss:0.209 
[2020-08-23 23:43:42,322][trainer_crop.py][INFO]  Epoch:6(501/1034) loss:0.551 
[2020-08-23 23:44:32,694][trainer_crop.py][INFO]  Epoch:6(601/1034) loss:0.546 
[2020-08-23 23:45:23,347][trainer_crop.py][INFO]  Epoch:6(701/1034) loss:0.260 
[2020-08-23 23:46:13,347][trainer_crop.py][INFO]  Epoch:6(801/1034) loss:0.519 
[2020-08-23 23:47:03,268][trainer_crop.py][INFO]  Epoch:6(901/1034) loss:0.531 
[2020-08-23 23:47:53,026][trainer_crop.py][INFO]  Epoch:6(1001/1034) loss:0.905 
[2020-08-23 23:48:09,633][trainer_crop.py][INFO]  Epoch:6(1035/1034) loss:1.717 
[2020-08-23 23:50:10,545][trainer_crop.py][INFO] 各类单独F1:{'畅通': 0.8866418307610431, '缓行': 0.036036036036036036, '拥堵': 0.625974025974026}  各类F加权:0.5601199889438314
[2020-08-23 23:50:10,545][trainer_crop.py][INFO] val_size: 1380  valLoss: 0.6849 valAcc: 0.7797
[2020-08-23 23:53:32,373][trainer_crop.py][INFO] efficient-b5-w-crop 第6 epoch 预测结果:{'畅通': 411, '缓行': 4, '拥堵': 185}
[2020-08-23 23:53:32,373][trainer_crop.py][INFO] 69.json 预测结果:{'畅通': 454, '缓行': 15, '拥堵': 131}
[2020-08-23 23:53:32,374][trainer_crop.py][INFO] efficient-b5-w-crop 和 69.json 的 f1:[0.93410405 0.31578947 0.80379747] 加权f1:0.7322571849980553 
[2020-08-23 23:53:32,374][trainer_crop.py][INFO] efficient-b5-w-crop 和 69.json 的 Acc:0.89 Precision:[0.98296837 0.75       0.68648649] Recall:[0.88986784 0.2        0.96946565]
[2020-08-23 23:53:32,378][trainer_crop.py][INFO] Epoch:[6/29]	 Loss=0.42161	 Acc=0.836 epoch_Time:8.665634314219156 min:
[2020-08-23 23:53:32,584][trainer_crop.py][INFO] ----------
[2020-08-23 23:53:32,584][trainer_crop.py][INFO] Epoch 7/29
[2020-08-23 23:53:32,584][trainer_crop.py][INFO] learning rate:0.002619188592540144
[2020-08-23 23:53:32,584][trainer_crop.py][INFO] ----------
[2020-08-23 23:53:34,117][trainer_crop.py][INFO]  Epoch:7(1/1034) loss:0.635 
[2020-08-23 23:54:24,240][trainer_crop.py][INFO]  Epoch:7(101/1034) loss:0.202 
[2020-08-23 23:55:15,169][trainer_crop.py][INFO]  Epoch:7(201/1034) loss:0.182 
[2020-08-23 23:56:06,073][trainer_crop.py][INFO]  Epoch:7(301/1034) loss:0.427 
[2020-08-23 23:56:56,521][trainer_crop.py][INFO]  Epoch:7(401/1034) loss:0.200 
[2020-08-23 23:57:46,941][trainer_crop.py][INFO]  Epoch:7(501/1034) loss:0.329 
[2020-08-23 23:58:37,375][trainer_crop.py][INFO]  Epoch:7(601/1034) loss:0.297 
[2020-08-23 23:59:28,365][trainer_crop.py][INFO]  Epoch:7(701/1034) loss:0.899 
[2020-08-24 00:00:19,216][trainer_crop.py][INFO]  Epoch:7(801/1034) loss:0.396 
[2020-08-24 00:01:10,376][trainer_crop.py][INFO]  Epoch:7(901/1034) loss:0.558 
[2020-08-24 00:02:00,899][trainer_crop.py][INFO]  Epoch:7(1001/1034) loss:0.309 
[2020-08-24 00:02:17,913][trainer_crop.py][INFO]  Epoch:7(1035/1034) loss:0.342 
[2020-08-24 00:04:24,645][trainer_crop.py][INFO] 各类单独F1:{'畅通': 0.9276637341153471, '缓行': 0.2248520710059172, '拥堵': 0.653211009174312}  各类F加权:0.6224297665288401
[2020-08-24 00:04:24,646][trainer_crop.py][INFO] val_size: 1380  valLoss: 0.5468 valAcc: 0.8304
[2020-08-24 00:07:47,792][trainer_crop.py][INFO] efficient-b5-w-crop 第7 epoch 预测结果:{'畅通': 450, '缓行': 16, '拥堵': 134}
[2020-08-24 00:07:47,792][trainer_crop.py][INFO] 69.json 预测结果:{'畅通': 454, '缓行': 15, '拥堵': 131}
[2020-08-24 00:07:47,792][trainer_crop.py][INFO] efficient-b5-w-crop 和 69.json 的 f1:[0.96238938 0.4516129  0.8754717 ] 加权f1:0.8080834756192805 
[2020-08-24 00:07:47,793][trainer_crop.py][INFO] efficient-b5-w-crop 和 69.json 的 Acc:0.93 Precision:[0.96666667 0.4375     0.86567164] Recall:[0.95814978 0.46666667 0.88549618]
[2020-08-24 00:07:47,797][trainer_crop.py][INFO] Epoch:[7/29]	 Loss=0.35291	 Acc=0.865 epoch_Time:8.755928909778595 min:
[2020-08-24 00:07:48,020][trainer_crop.py][INFO] ----------
[2020-08-24 00:07:48,020][trainer_crop.py][INFO] Epoch 8/29
[2020-08-24 00:07:48,020][trainer_crop.py][INFO] learning rate:0.001383120842807659
[2020-08-24 00:07:48,020][trainer_crop.py][INFO] ----------
[2020-08-24 00:07:49,710][trainer_crop.py][INFO]  Epoch:8(1/1034) loss:0.423 
[2020-08-24 00:08:40,593][trainer_crop.py][INFO]  Epoch:8(101/1034) loss:0.639 
[2020-08-24 00:09:31,672][trainer_crop.py][INFO]  Epoch:8(201/1034) loss:0.230 
[2020-08-24 00:10:23,568][trainer_crop.py][INFO]  Epoch:8(301/1034) loss:0.552 
[2020-08-24 00:11:15,025][trainer_crop.py][INFO]  Epoch:8(401/1034) loss:0.216 
[2020-08-24 00:12:05,711][trainer_crop.py][INFO]  Epoch:8(501/1034) loss:0.458 
[2020-08-24 00:12:56,352][trainer_crop.py][INFO]  Epoch:8(601/1034) loss:0.104 
[2020-08-24 00:13:47,045][trainer_crop.py][INFO]  Epoch:8(701/1034) loss:0.008 
[2020-08-24 00:14:37,849][trainer_crop.py][INFO]  Epoch:8(801/1034) loss:0.086 
[2020-08-24 00:15:28,771][trainer_crop.py][INFO]  Epoch:8(901/1034) loss:0.066 
[2020-08-24 00:16:20,037][trainer_crop.py][INFO]  Epoch:8(1001/1034) loss:0.331 
[2020-08-24 00:16:37,348][trainer_crop.py][INFO]  Epoch:8(1035/1034) loss:0.226 
[2020-08-24 00:18:31,073][trainer_crop.py][INFO] 各类单独F1:{'畅通': 0.9226305609284332, '缓行': 0.20155038759689925, '拥堵': 0.6785079928952042}  各类F加权:0.631940985442189
[2020-08-24 00:18:31,077][trainer_crop.py][INFO] val_size: 1380  valLoss: 0.6350 valAcc: 0.8391
[2020-08-24 00:22:16,939][trainer_crop.py][INFO] efficient-b5-w-crop 第8 epoch 预测结果:{'畅通': 451, '缓行': 13, '拥堵': 136}
[2020-08-24 00:22:16,940][trainer_crop.py][INFO] 69.json 预测结果:{'畅通': 454, '缓行': 15, '拥堵': 131}
[2020-08-24 00:22:16,940][trainer_crop.py][INFO] efficient-b5-w-crop 和 69.json 的 f1:[0.95690608 0.35714286 0.87640449] 加权f1:0.7886524835273983 
[2020-08-24 00:22:16,941][trainer_crop.py][INFO] efficient-b5-w-crop 和 69.json 的 Acc:0.925 Precision:[0.96008869 0.38461538 0.86029412] Recall:[0.95374449 0.33333333 0.89312977]
[2020-08-24 00:22:16,948][trainer_crop.py][INFO] Epoch:[8/29]	 Loss=0.27055	 Acc=0.899 epoch_Time:8.822573971748351 min:
[2020-08-24 00:22:17,231][trainer_crop.py][INFO] ----------
[2020-08-24 00:22:17,231][trainer_crop.py][INFO] Epoch 9/29
[2020-08-24 00:22:17,231][trainer_crop.py][INFO] learning rate:0.0003826799641712606
[2020-08-24 00:22:17,232][trainer_crop.py][INFO] ----------
[2020-08-24 00:22:18,956][trainer_crop.py][INFO]  Epoch:9(1/1034) loss:0.002 
[2020-08-24 00:23:09,104][trainer_crop.py][INFO]  Epoch:9(101/1034) loss:0.039 
[2020-08-24 00:23:59,600][trainer_crop.py][INFO]  Epoch:9(201/1034) loss:0.216 
[2020-08-24 00:24:50,663][trainer_crop.py][INFO]  Epoch:9(301/1034) loss:0.037 
[2020-08-24 00:25:42,094][trainer_crop.py][INFO]  Epoch:9(401/1034) loss:0.407 
[2020-08-24 00:26:32,846][trainer_crop.py][INFO]  Epoch:9(501/1034) loss:0.070 
[2020-08-24 00:27:24,554][trainer_crop.py][INFO]  Epoch:9(601/1034) loss:0.088 
[2020-08-24 00:28:15,930][trainer_crop.py][INFO]  Epoch:9(701/1034) loss:0.487 
[2020-08-24 00:29:07,347][trainer_crop.py][INFO]  Epoch:9(801/1034) loss:0.288 
[2020-08-24 00:29:58,570][trainer_crop.py][INFO]  Epoch:9(901/1034) loss:0.526 
[2020-08-24 00:30:49,768][trainer_crop.py][INFO]  Epoch:9(1001/1034) loss:0.052 
[2020-08-24 00:31:06,830][trainer_crop.py][INFO]  Epoch:9(1035/1034) loss:0.012 
[2020-08-24 00:33:00,648][trainer_crop.py][INFO] 各类单独F1:{'畅通': 0.9226160758861708, '缓行': 0.23287671232876714, '拥堵': 0.6612111292962356}  各类F加权:0.627825235220729
[2020-08-24 00:33:00,649][trainer_crop.py][INFO] val_size: 1380  valLoss: 0.6687 valAcc: 0.8283
[2020-08-24 00:36:47,990][trainer_crop.py][INFO] efficient-b5-w-crop 第9 epoch 预测结果:{'畅通': 447, '缓行': 15, '拥堵': 138}
[2020-08-24 00:36:47,991][trainer_crop.py][INFO] 69.json 预测结果:{'畅通': 454, '缓行': 15, '拥堵': 131}
[2020-08-24 00:36:47,991][trainer_crop.py][INFO] efficient-b5-w-crop 和 69.json 的 f1:[0.96115427 0.46666667 0.88475836] 加权f1:0.8164192065266872 
[2020-08-24 00:36:47,992][trainer_crop.py][INFO] efficient-b5-w-crop 和 69.json 的 Acc:0.9316666666666666 Precision:[0.96868009 0.46666667 0.86231884] Recall:[0.95374449 0.46666667 0.90839695]
[2020-08-24 00:36:47,998][trainer_crop.py][INFO] Epoch:[9/29]	 Loss=0.20803	 Acc=0.923 epoch_Time:8.827099363009134 min:
[2020-08-24 00:36:48,267][trainer_crop.py][INFO] ----------
[2020-08-24 00:36:48,267][trainer_crop.py][INFO] Epoch 10/29
[2020-08-24 00:36:48,267][trainer_crop.py][INFO] learning rate:3.685352414350973e-10
[2020-08-24 00:36:48,267][trainer_crop.py][INFO] ----------
[2020-08-24 00:36:49,859][trainer_crop.py][INFO]  Epoch:10(1/1034) loss:0.339 
[2020-08-24 00:37:39,957][trainer_crop.py][INFO]  Epoch:10(101/1034) loss:0.550 
[2020-08-24 00:38:30,740][trainer_crop.py][INFO]  Epoch:10(201/1034) loss:0.331 
[2020-08-24 00:39:21,485][trainer_crop.py][INFO]  Epoch:10(301/1034) loss:0.496 
[2020-08-24 00:40:12,251][trainer_crop.py][INFO]  Epoch:10(401/1034) loss:0.382 
[2020-08-24 00:41:02,944][trainer_crop.py][INFO]  Epoch:10(501/1034) loss:0.265 
[2020-08-24 00:41:53,723][trainer_crop.py][INFO]  Epoch:10(601/1034) loss:0.078 
[2020-08-24 00:42:44,395][trainer_crop.py][INFO]  Epoch:10(701/1034) loss:0.238 
[2020-08-24 00:43:35,070][trainer_crop.py][INFO]  Epoch:10(801/1034) loss:0.142 
[2020-08-24 00:44:26,231][trainer_crop.py][INFO]  Epoch:10(901/1034) loss:0.082 
[2020-08-24 00:45:16,979][trainer_crop.py][INFO]  Epoch:10(1001/1034) loss:0.079 
[2020-08-24 00:45:34,045][trainer_crop.py][INFO]  Epoch:10(1035/1034) loss:0.072 
[2020-08-24 00:47:26,075][trainer_crop.py][INFO] 各类单独F1:{'畅通': 0.9226160758861708, '缓行': 0.23287671232876714, '拥堵': 0.6612111292962356}  各类F加权:0.627825235220729
[2020-08-24 00:47:26,075][trainer_crop.py][INFO] val_size: 1380  valLoss: 0.6687 valAcc: 0.8283
[2020-08-24 00:51:07,775][trainer_crop.py][INFO] efficient-b5-w-crop 第10 epoch 预测结果:{'畅通': 447, '缓行': 15, '拥堵': 138}
[2020-08-24 00:51:07,775][trainer_crop.py][INFO] 69.json 预测结果:{'畅通': 454, '缓行': 15, '拥堵': 131}
[2020-08-24 00:51:07,776][trainer_crop.py][INFO] efficient-b5-w-crop 和 69.json 的 f1:[0.96115427 0.46666667 0.88475836] 加权f1:0.8164192065266872 
[2020-08-24 00:51:07,776][trainer_crop.py][INFO] efficient-b5-w-crop 和 69.json 的 Acc:0.9316666666666666 Precision:[0.96868009 0.46666667 0.86231884] Recall:[0.95374449 0.46666667 0.90839695]
[2020-08-24 00:51:07,780][trainer_crop.py][INFO] Epoch:[10/29]	 Loss=0.19370	 Acc=0.923 epoch_Time:8.763399573167165 min:
[2020-08-24 00:51:07,996][trainer_crop.py][INFO] ----------
[2020-08-24 00:51:07,996][trainer_crop.py][INFO] Epoch 11/29
[2020-08-24 00:51:07,996][trainer_crop.py][INFO] learning rate:0.0036187473453685036
[2020-08-24 00:51:07,997][trainer_crop.py][INFO] ----------
[2020-08-24 00:51:09,706][trainer_crop.py][INFO]  Epoch:11(1/1034) loss:0.383 
[2020-08-24 00:51:59,840][trainer_crop.py][INFO]  Epoch:11(101/1034) loss:0.126 
[2020-08-24 00:52:49,901][trainer_crop.py][INFO]  Epoch:11(201/1034) loss:0.299 
[2020-08-24 00:53:40,294][trainer_crop.py][INFO]  Epoch:11(301/1034) loss:0.285 
[2020-08-24 00:54:31,020][trainer_crop.py][INFO]  Epoch:11(401/1034) loss:0.265 
[2020-08-24 00:55:21,614][trainer_crop.py][INFO]  Epoch:11(501/1034) loss:0.098 
[2020-08-24 00:56:12,694][trainer_crop.py][INFO]  Epoch:11(601/1034) loss:0.782 
[2020-08-24 00:57:03,790][trainer_crop.py][INFO]  Epoch:11(701/1034) loss:0.084 
[2020-08-24 00:57:54,465][trainer_crop.py][INFO]  Epoch:11(801/1034) loss:0.854 
[2020-08-24 00:58:45,039][trainer_crop.py][INFO]  Epoch:11(901/1034) loss:0.237 
[2020-08-24 00:59:35,799][trainer_crop.py][INFO]  Epoch:11(1001/1034) loss:0.108 
[2020-08-24 00:59:52,971][trainer_crop.py][INFO]  Epoch:11(1035/1034) loss:0.046 
[2020-08-24 01:01:50,280][trainer_crop.py][INFO] 各类单独F1:{'畅通': 0.9177949709864602, '缓行': 0.19847328244274806, '拥堵': 0.6916221033868093}  各类F加权:0.6382269127179272
[2020-08-24 01:01:50,281][trainer_crop.py][INFO] val_size: 1380  valLoss: 0.5638 valAcc: 0.8377
[2020-08-24 01:05:30,177][trainer_crop.py][INFO] efficient-b5-w-crop 第11 epoch 预测结果:{'畅通': 452, '缓行': 15, '拥堵': 133}
[2020-08-24 01:05:30,178][trainer_crop.py][INFO] 69.json 预测结果:{'畅通': 454, '缓行': 15, '拥堵': 131}
[2020-08-24 01:05:30,178][trainer_crop.py][INFO] efficient-b5-w-crop 和 69.json 的 f1:[0.95364238 0.4        0.85606061] 加权f1:0.7843648404575557 
[2020-08-24 01:05:30,178][trainer_crop.py][INFO] efficient-b5-w-crop 和 69.json 的 Acc:0.9183333333333333 Precision:[0.95575221 0.4        0.84962406] Recall:[0.95154185 0.4        0.86259542]
[2020-08-24 01:05:30,182][trainer_crop.py][INFO] Epoch:[11/29]	 Loss=0.34242	 Acc=0.868 epoch_Time:8.75001220703125 min:
[2020-08-24 01:05:30,393][trainer_crop.py][INFO] ----------
[2020-08-24 01:05:30,393][trainer_crop.py][INFO] Epoch 12/29
[2020-08-24 01:05:30,394][trainer_crop.py][INFO] learning rate:0.002619188592540145
[2020-08-24 01:05:30,394][trainer_crop.py][INFO] ----------
[2020-08-24 01:05:32,025][trainer_crop.py][INFO]  Epoch:12(1/1034) loss:0.381 
[2020-08-24 01:06:22,176][trainer_crop.py][INFO]  Epoch:12(101/1034) loss:1.261 
[2020-08-24 01:07:12,968][trainer_crop.py][INFO]  Epoch:12(201/1034) loss:0.021 
[2020-08-24 01:08:04,352][trainer_crop.py][INFO]  Epoch:12(301/1034) loss:0.323 
[2020-08-24 01:08:55,380][trainer_crop.py][INFO]  Epoch:12(401/1034) loss:0.222 
[2020-08-24 01:09:46,386][trainer_crop.py][INFO]  Epoch:12(501/1034) loss:0.492 
[2020-08-24 01:10:37,182][trainer_crop.py][INFO]  Epoch:12(601/1034) loss:0.373 
[2020-08-24 01:11:28,152][trainer_crop.py][INFO]  Epoch:12(701/1034) loss:0.310 
[2020-08-24 01:12:19,248][trainer_crop.py][INFO]  Epoch:12(801/1034) loss:0.147 
[2020-08-24 01:13:10,155][trainer_crop.py][INFO]  Epoch:12(901/1034) loss:0.071 
[2020-08-24 01:14:01,163][trainer_crop.py][INFO]  Epoch:12(1001/1034) loss:0.346 
[2020-08-24 01:14:18,464][trainer_crop.py][INFO]  Epoch:12(1035/1034) loss:0.106 
[2020-08-24 01:16:12,312][trainer_crop.py][INFO] 各类单独F1:{'畅通': 0.9233082706766919, '缓行': 0.18333333333333335, '拥堵': 0.6790697674418604}  各类F加权:0.6287701812671214
[2020-08-24 01:16:12,313][trainer_crop.py][INFO] val_size: 1380  valLoss: 0.7552 valAcc: 0.8341
[2020-08-24 01:19:54,490][trainer_crop.py][INFO] efficient-b5-w-crop 第12 epoch 预测结果:{'畅通': 444, '缓行': 10, '拥堵': 146}
[2020-08-24 01:19:54,490][trainer_crop.py][INFO] 69.json 预测结果:{'畅通': 454, '缓行': 15, '拥堵': 131}
[2020-08-24 01:19:54,491][trainer_crop.py][INFO] efficient-b5-w-crop 和 69.json 的 f1:[0.95545657 0.24       0.85920578] 加权f1:0.7546147797351515 
[2020-08-24 01:19:54,491][trainer_crop.py][INFO] efficient-b5-w-crop 和 69.json 的 Acc:0.9183333333333333 Precision:[0.96621622 0.3        0.81506849] Recall:[0.94493392 0.2        0.90839695]
[2020-08-24 01:19:54,495][trainer_crop.py][INFO] Epoch:[12/29]	 Loss=0.25860	 Acc=0.902 epoch_Time:8.801612091064452 min:
[2020-08-24 01:19:54,728][trainer_crop.py][INFO] ----------
[2020-08-24 01:19:54,728][trainer_crop.py][INFO] Epoch 13/29
[2020-08-24 01:19:54,728][trainer_crop.py][INFO] learning rate:0.0013831208428076607
[2020-08-24 01:19:54,728][trainer_crop.py][INFO] ----------
[2020-08-24 01:19:56,326][trainer_crop.py][INFO]  Epoch:13(1/1034) loss:0.027 
[2020-08-24 01:20:46,239][trainer_crop.py][INFO]  Epoch:13(101/1034) loss:0.152 
[2020-08-24 01:21:36,143][trainer_crop.py][INFO]  Epoch:13(201/1034) loss:0.004 
[2020-08-24 01:22:26,843][trainer_crop.py][INFO]  Epoch:13(301/1034) loss:0.019 
[2020-08-24 01:23:17,787][trainer_crop.py][INFO]  Epoch:13(401/1034) loss:0.172 
[2020-08-24 01:24:08,583][trainer_crop.py][INFO]  Epoch:13(501/1034) loss:0.861 
[2020-08-24 01:24:59,623][trainer_crop.py][INFO]  Epoch:13(601/1034) loss:0.096 
[2020-08-24 01:25:50,319][trainer_crop.py][INFO]  Epoch:13(701/1034) loss:0.013 
[2020-08-24 01:26:41,414][trainer_crop.py][INFO]  Epoch:13(801/1034) loss:0.329 
[2020-08-24 01:27:32,887][trainer_crop.py][INFO]  Epoch:13(901/1034) loss:0.018 
[2020-08-24 01:28:23,882][trainer_crop.py][INFO]  Epoch:13(1001/1034) loss:0.033 
[2020-08-24 01:28:40,981][trainer_crop.py][INFO]  Epoch:13(1035/1034) loss:0.589 
[2020-08-24 01:30:35,335][trainer_crop.py][INFO] 各类单独F1:{'畅通': 0.9213709677419356, '缓行': 0.22891566265060243, '拥堵': 0.6688524590163935}  各类F加权:0.6313688014883437
[2020-08-24 01:30:35,336][trainer_crop.py][INFO] val_size: 1380  valLoss: 0.6902 valAcc: 0.8239
[2020-08-24 01:34:16,700][trainer_crop.py][INFO] efficient-b5-w-crop 第13 epoch 预测结果:{'畅通': 446, '缓行': 15, '拥堵': 139}
[2020-08-24 01:34:16,700][trainer_crop.py][INFO] 69.json 预测结果:{'畅通': 454, '缓行': 15, '拥堵': 131}
[2020-08-24 01:34:16,701][trainer_crop.py][INFO] efficient-b5-w-crop 和 69.json 的 f1:[0.96       0.46666667 0.88148148] 加权f1:0.8142222222222222 
[2020-08-24 01:34:16,701][trainer_crop.py][INFO] efficient-b5-w-crop 和 69.json 的 Acc:0.93 Precision:[0.96860987 0.46666667 0.85611511] Recall:[0.95154185 0.46666667 0.90839695]
[2020-08-24 01:34:16,705][trainer_crop.py][INFO] Epoch:[13/29]	 Loss=0.19931	 Acc=0.923 epoch_Time:8.771337183316549 min:
[2020-08-24 01:34:16,915][trainer_crop.py][INFO] ----------
[2020-08-24 01:34:16,916][trainer_crop.py][INFO] Epoch 14/29
[2020-08-24 01:34:16,916][trainer_crop.py][INFO] learning rate:0.0003826799641712606
[2020-08-24 01:34:16,916][trainer_crop.py][INFO] ----------
[2020-08-24 01:34:18,701][trainer_crop.py][INFO]  Epoch:14(1/1034) loss:0.129 
[2020-08-24 01:35:09,474][trainer_crop.py][INFO]  Epoch:14(101/1034) loss:0.295 
[2020-08-24 01:36:00,298][trainer_crop.py][INFO]  Epoch:14(201/1034) loss:0.121 
[2020-08-24 01:36:51,723][trainer_crop.py][INFO]  Epoch:14(301/1034) loss:0.014 
[2020-08-24 01:37:42,949][trainer_crop.py][INFO]  Epoch:14(401/1034) loss:0.093 
[2020-08-24 01:38:33,769][trainer_crop.py][INFO]  Epoch:14(501/1034) loss:0.063 
[2020-08-24 01:39:25,027][trainer_crop.py][INFO]  Epoch:14(601/1034) loss:0.153 
[2020-08-24 01:40:16,710][trainer_crop.py][INFO]  Epoch:14(701/1034) loss:0.155 
[2020-08-24 01:41:07,622][trainer_crop.py][INFO]  Epoch:14(801/1034) loss:0.050 
[2020-08-24 01:41:58,651][trainer_crop.py][INFO]  Epoch:14(901/1034) loss:0.081 
[2020-08-24 01:42:49,653][trainer_crop.py][INFO]  Epoch:14(1001/1034) loss:0.062 
[2020-08-24 01:43:06,866][trainer_crop.py][INFO]  Epoch:14(1035/1034) loss:0.119 
[2020-08-24 01:45:01,893][trainer_crop.py][INFO] 各类单独F1:{'畅通': 0.9289940828402367, '缓行': 0.2085889570552147, '拥堵': 0.6854130052724078}  各类F加权:0.638764411142535
[2020-08-24 01:45:01,894][trainer_crop.py][INFO] val_size: 1380  valLoss: 0.7266 valAcc: 0.8362
[2020-08-24 01:48:43,437][trainer_crop.py][INFO] efficient-b5-w-crop 第14 epoch 预测结果:{'畅通': 448, '缓行': 14, '拥堵': 138}
[2020-08-24 01:48:43,438][trainer_crop.py][INFO] 69.json 预测结果:{'畅通': 454, '缓行': 15, '拥堵': 131}
[2020-08-24 01:48:43,438][trainer_crop.py][INFO] efficient-b5-w-crop 和 69.json 的 f1:[0.96008869 0.4137931  0.88475836] 加权f1:0.8056313776362175 
[2020-08-24 01:48:43,438][trainer_crop.py][INFO] efficient-b5-w-crop 和 69.json 的 Acc:0.93 Precision:[0.96651786 0.42857143 0.86231884] Recall:[0.95374449 0.4        0.90839695]
[2020-08-24 01:48:43,443][trainer_crop.py][INFO] Epoch:[14/29]	 Loss=0.15737	 Acc=0.941 epoch_Time:8.832946121692657 min:
[2020-08-24 01:48:43,659][trainer_crop.py][INFO] ----------
[2020-08-24 01:48:43,659][trainer_crop.py][INFO] Epoch 15/29
[2020-08-24 01:48:43,659][trainer_crop.py][INFO] learning rate:3.685352414350973e-10
[2020-08-24 01:48:43,659][trainer_crop.py][INFO] ----------
[2020-08-24 01:48:45,092][trainer_crop.py][INFO]  Epoch:15(1/1034) loss:0.011 
[2020-08-24 01:49:35,073][trainer_crop.py][INFO]  Epoch:15(101/1034) loss:0.754 
[2020-08-24 01:50:25,262][trainer_crop.py][INFO]  Epoch:15(201/1034) loss:0.327 
[2020-08-24 01:51:16,244][trainer_crop.py][INFO]  Epoch:15(301/1034) loss:0.004 
[2020-08-24 01:52:06,959][trainer_crop.py][INFO]  Epoch:15(401/1034) loss:0.098 
[2020-08-24 01:52:57,612][trainer_crop.py][INFO]  Epoch:15(501/1034) loss:0.335 
[2020-08-24 01:53:48,073][trainer_crop.py][INFO]  Epoch:15(601/1034) loss:0.019 
[2020-08-24 01:54:38,614][trainer_crop.py][INFO]  Epoch:15(701/1034) loss:0.166 
[2020-08-24 01:55:28,969][trainer_crop.py][INFO]  Epoch:15(801/1034) loss:0.120 
[2020-08-24 01:56:20,303][trainer_crop.py][INFO]  Epoch:15(901/1034) loss:0.032 
[2020-08-24 01:57:11,195][trainer_crop.py][INFO]  Epoch:15(1001/1034) loss:0.058 
[2020-08-24 01:57:28,262][trainer_crop.py][INFO]  Epoch:15(1035/1034) loss:0.349 
[2020-08-24 01:59:25,043][trainer_crop.py][INFO] 各类单独F1:{'畅通': 0.9289940828402367, '缓行': 0.2085889570552147, '拥堵': 0.6854130052724078}  各类F加权:0.638764411142535
[2020-08-24 01:59:25,044][trainer_crop.py][INFO] val_size: 1380  valLoss: 0.7266 valAcc: 0.8362
[2020-08-24 02:03:10,691][trainer_crop.py][INFO] efficient-b5-w-crop 第15 epoch 预测结果:{'畅通': 448, '缓行': 14, '拥堵': 138}
[2020-08-24 02:03:10,691][trainer_crop.py][INFO] 69.json 预测结果:{'畅通': 454, '缓行': 15, '拥堵': 131}
[2020-08-24 02:03:10,692][trainer_crop.py][INFO] efficient-b5-w-crop 和 69.json 的 f1:[0.96008869 0.4137931  0.88475836] 加权f1:0.8056313776362175 
[2020-08-24 02:03:10,692][trainer_crop.py][INFO] efficient-b5-w-crop 和 69.json 的 Acc:0.93 Precision:[0.96651786 0.42857143 0.86231884] Recall:[0.95374449 0.4        0.90839695]
[2020-08-24 02:03:10,697][trainer_crop.py][INFO] Epoch:[15/29]	 Loss=0.13966	 Acc=0.950 epoch_Time:8.743778196970622 min:
[2020-08-24 02:03:10,916][trainer_crop.py][INFO] ----------
[2020-08-24 02:03:10,916][trainer_crop.py][INFO] Epoch 16/29
[2020-08-24 02:03:10,916][trainer_crop.py][INFO] learning rate:0.0036187473453685036
[2020-08-24 02:03:10,916][trainer_crop.py][INFO] ----------
[2020-08-24 02:03:12,319][trainer_crop.py][INFO]  Epoch:16(1/1034) loss:0.024 
[2020-08-24 02:04:02,739][trainer_crop.py][INFO]  Epoch:16(101/1034) loss:0.087 
[2020-08-24 02:04:53,554][trainer_crop.py][INFO]  Epoch:16(201/1034) loss:0.056 
[2020-08-24 02:05:44,401][trainer_crop.py][INFO]  Epoch:16(301/1034) loss:0.185 
[2020-08-24 02:06:35,818][trainer_crop.py][INFO]  Epoch:16(401/1034) loss:0.130 
[2020-08-24 02:07:26,523][trainer_crop.py][INFO]  Epoch:16(501/1034) loss:0.689 
[2020-08-24 02:08:17,418][trainer_crop.py][INFO]  Epoch:16(601/1034) loss:0.199 
[2020-08-24 02:09:08,347][trainer_crop.py][INFO]  Epoch:16(701/1034) loss:0.175 
[2020-08-24 02:09:59,216][trainer_crop.py][INFO]  Epoch:16(801/1034) loss:0.310 
[2020-08-24 02:10:49,787][trainer_crop.py][INFO]  Epoch:16(901/1034) loss:0.067 
[2020-08-24 02:11:40,588][trainer_crop.py][INFO]  Epoch:16(1001/1034) loss:0.332 
[2020-08-24 02:11:57,490][trainer_crop.py][INFO]  Epoch:16(1035/1034) loss:1.490 
[2020-08-24 02:13:54,133][trainer_crop.py][INFO] 各类单独F1:{'畅通': 0.8982528263103803, '缓行': 0.23448275862068965, '拥堵': 0.624813153961136}  各类F加权:0.6014350093628955
[2020-08-24 02:13:54,134][trainer_crop.py][INFO] val_size: 1380  valLoss: 0.6836 valAcc: 0.7971
[2020-08-24 02:17:41,970][trainer_crop.py][INFO] efficient-b5-w-crop 第16 epoch 预测结果:{'畅通': 443, '缓行': 13, '拥堵': 144}
[2020-08-24 02:17:41,971][trainer_crop.py][INFO] 69.json 预测结果:{'畅通': 454, '缓行': 15, '拥堵': 131}
[2020-08-24 02:17:41,972][trainer_crop.py][INFO] efficient-b5-w-crop 和 69.json 的 f1:[0.95206243 0.42857143 0.85818182] 加权f1:0.7910358626880365 
[2020-08-24 02:17:41,972][trainer_crop.py][INFO] efficient-b5-w-crop 和 69.json 的 Acc:0.9183333333333333 Precision:[0.96388262 0.46153846 0.81944444] Recall:[0.94052863 0.4        0.90076336]
[2020-08-24 02:17:41,978][trainer_crop.py][INFO] Epoch:[16/29]	 Loss=0.27991	 Acc=0.890 epoch_Time:8.776657903194428 min:
[2020-08-24 02:17:42,256][trainer_crop.py][INFO] ----------
[2020-08-24 02:17:42,256][trainer_crop.py][INFO] Epoch 17/29
[2020-08-24 02:17:42,256][trainer_crop.py][INFO] learning rate:0.002619188592540143
[2020-08-24 02:17:42,256][trainer_crop.py][INFO] ----------
[2020-08-24 02:17:43,605][trainer_crop.py][INFO]  Epoch:17(1/1034) loss:0.641 
[2020-08-24 02:18:33,526][trainer_crop.py][INFO]  Epoch:17(101/1034) loss:0.019 
[2020-08-24 02:19:23,733][trainer_crop.py][INFO]  Epoch:17(201/1034) loss:0.004 
[2020-08-24 02:20:15,004][trainer_crop.py][INFO]  Epoch:17(301/1034) loss:0.037 
[2020-08-24 02:21:05,678][trainer_crop.py][INFO]  Epoch:17(401/1034) loss:0.303 
[2020-08-24 02:21:56,513][trainer_crop.py][INFO]  Epoch:17(501/1034) loss:0.431 
[2020-08-24 02:22:47,023][trainer_crop.py][INFO]  Epoch:17(601/1034) loss:0.064 
[2020-08-24 02:23:38,281][trainer_crop.py][INFO]  Epoch:17(701/1034) loss:0.269 
[2020-08-24 02:24:28,901][trainer_crop.py][INFO]  Epoch:17(801/1034) loss:0.590 
[2020-08-24 02:25:19,698][trainer_crop.py][INFO]  Epoch:17(901/1034) loss:0.178 
[2020-08-24 02:26:11,019][trainer_crop.py][INFO]  Epoch:17(1001/1034) loss:0.015 
[2020-08-24 02:26:28,200][trainer_crop.py][INFO]  Epoch:17(1035/1034) loss:0.042 
[2020-08-24 02:28:26,132][trainer_crop.py][INFO] 各类单独F1:{'畅通': 0.9233830845771144, '缓行': 0.20779220779220778, '拥堵': 0.6442953020134228}  各类F加权:0.6128122396819181
[2020-08-24 02:28:26,133][trainer_crop.py][INFO] val_size: 1380  valLoss: 0.7596 valAcc: 0.8232
[2020-08-24 02:32:11,830][trainer_crop.py][INFO] efficient-b5-w-crop 第17 epoch 预测结果:{'畅通': 448, '缓行': 13, '拥堵': 139}
[2020-08-24 02:32:11,830][trainer_crop.py][INFO] 69.json 预测结果:{'畅通': 454, '缓行': 15, '拥堵': 131}
[2020-08-24 02:32:11,831][trainer_crop.py][INFO] efficient-b5-w-crop 和 69.json 的 f1:[0.96008869 0.35714286 0.88888889] 加权f1:0.7967796431211065 
[2020-08-24 02:32:11,831][trainer_crop.py][INFO] efficient-b5-w-crop 和 69.json 的 Acc:0.93 Precision:[0.96651786 0.38461538 0.86330935] Recall:[0.95374449 0.33333333 0.91603053]
[2020-08-24 02:32:11,835][trainer_crop.py][INFO] Epoch:[17/29]	 Loss=0.22810	 Acc=0.914 epoch_Time:8.766167259216308 min:
[2020-08-24 02:32:12,061][trainer_crop.py][INFO] ----------
[2020-08-24 02:32:12,062][trainer_crop.py][INFO] Epoch 18/29
[2020-08-24 02:32:12,062][trainer_crop.py][INFO] learning rate:0.0013831208428076588
[2020-08-24 02:32:12,062][trainer_crop.py][INFO] ----------
[2020-08-24 02:32:14,037][trainer_crop.py][INFO]  Epoch:18(1/1034) loss:0.039 
[2020-08-24 02:33:04,228][trainer_crop.py][INFO]  Epoch:18(101/1034) loss:0.070 
[2020-08-24 02:33:54,286][trainer_crop.py][INFO]  Epoch:18(201/1034) loss:0.949 
[2020-08-24 02:34:45,217][trainer_crop.py][INFO]  Epoch:18(301/1034) loss:0.324 
[2020-08-24 02:35:35,353][trainer_crop.py][INFO]  Epoch:18(401/1034) loss:0.006 
[2020-08-24 02:36:25,766][trainer_crop.py][INFO]  Epoch:18(501/1034) loss:0.120 
[2020-08-24 02:37:16,562][trainer_crop.py][INFO]  Epoch:18(601/1034) loss:0.482 
[2020-08-24 02:38:07,152][trainer_crop.py][INFO]  Epoch:18(701/1034) loss:0.025 
[2020-08-24 02:38:57,738][trainer_crop.py][INFO]  Epoch:18(801/1034) loss:0.020 
[2020-08-24 02:39:47,980][trainer_crop.py][INFO]  Epoch:18(901/1034) loss:0.113 
[2020-08-24 02:40:38,135][trainer_crop.py][INFO]  Epoch:18(1001/1034) loss:0.124 
[2020-08-24 02:40:55,091][trainer_crop.py][INFO]  Epoch:18(1035/1034) loss:0.228 
[2020-08-24 02:42:50,460][trainer_crop.py][INFO] 各类单独F1:{'畅通': 0.9147058823529413, '缓行': 0.24657534246575347, '拥堵': 0.6445993031358884}  各类F加权:0.619015826845272
[2020-08-24 02:42:50,461][trainer_crop.py][INFO] val_size: 1380  valLoss: 0.8607 valAcc: 0.8232
[2020-08-24 02:46:32,428][trainer_crop.py][INFO] efficient-b5-w-crop 第18 epoch 预测结果:{'畅通': 447, '缓行': 14, '拥堵': 139}
[2020-08-24 02:46:32,429][trainer_crop.py][INFO] 69.json 预测结果:{'畅通': 454, '缓行': 15, '拥堵': 131}
[2020-08-24 02:46:32,429][trainer_crop.py][INFO] efficient-b5-w-crop 和 69.json 的 f1:[0.95893452 0.4137931  0.88148148] 加权f1:0.8034344130191655 
[2020-08-24 02:46:32,429][trainer_crop.py][INFO] efficient-b5-w-crop 和 69.json 的 Acc:0.9283333333333333 Precision:[0.96644295 0.42857143 0.85611511] Recall:[0.95154185 0.4        0.90839695]
[2020-08-24 02:46:32,433][trainer_crop.py][INFO] Epoch:[18/29]	 Loss=0.15593	 Acc=0.941 epoch_Time:8.717595732212066 min:
[2020-08-24 02:46:32,643][trainer_crop.py][INFO] ----------
[2020-08-24 02:46:32,643][trainer_crop.py][INFO] Epoch 19/29
[2020-08-24 02:46:32,643][trainer_crop.py][INFO] learning rate:0.000382679964171259
[2020-08-24 02:46:32,643][trainer_crop.py][INFO] ----------
[2020-08-24 02:46:34,245][trainer_crop.py][INFO]  Epoch:19(1/1034) loss:0.025 
[2020-08-24 02:47:24,609][trainer_crop.py][INFO]  Epoch:19(101/1034) loss:0.018 
[2020-08-24 02:48:15,812][trainer_crop.py][INFO]  Epoch:19(201/1034) loss:0.512 
[2020-08-24 02:49:06,716][trainer_crop.py][INFO]  Epoch:19(301/1034) loss:0.092 
[2020-08-24 02:49:57,753][trainer_crop.py][INFO]  Epoch:19(401/1034) loss:0.448 
[2020-08-24 02:50:48,680][trainer_crop.py][INFO]  Epoch:19(501/1034) loss:0.078 
[2020-08-24 02:51:39,327][trainer_crop.py][INFO]  Epoch:19(601/1034) loss:0.165 
[2020-08-24 02:52:29,787][trainer_crop.py][INFO]  Epoch:19(701/1034) loss:0.005 
[2020-08-24 02:53:21,118][trainer_crop.py][INFO]  Epoch:19(801/1034) loss:0.086 
[2020-08-24 02:54:12,267][trainer_crop.py][INFO]  Epoch:19(901/1034) loss:0.130 
[2020-08-24 02:55:03,400][trainer_crop.py][INFO]  Epoch:19(1001/1034) loss:0.055 
[2020-08-24 02:55:20,554][trainer_crop.py][INFO]  Epoch:19(1035/1034) loss:0.049 
[2020-08-24 02:57:12,945][trainer_crop.py][INFO] 各类单独F1:{'畅通': 0.9228515625, '缓行': 0.21768707482993194, '拥堵': 0.672566371681416}  各类F加权:0.631647550474836
[2020-08-24 02:57:12,945][trainer_crop.py][INFO] val_size: 1380  valLoss: 0.9099 valAcc: 0.8341
[2020-08-24 03:00:53,322][trainer_crop.py][INFO] efficient-b5-w-crop 第19 epoch 预测结果:{'畅通': 448, '缓行': 14, '拥堵': 138}
[2020-08-24 03:00:53,322][trainer_crop.py][INFO] 69.json 预测结果:{'畅通': 454, '缓行': 15, '拥堵': 131}
[2020-08-24 03:00:53,323][trainer_crop.py][INFO] efficient-b5-w-crop 和 69.json 的 f1:[0.96008869 0.4137931  0.88475836] 加权f1:0.8056313776362175 
[2020-08-24 03:00:53,323][trainer_crop.py][INFO] efficient-b5-w-crop 和 69.json 的 Acc:0.93 Precision:[0.96651786 0.42857143 0.86231884] Recall:[0.95374449 0.4        0.90839695]
[2020-08-24 03:00:53,328][trainer_crop.py][INFO] Epoch:[19/29]	 Loss=0.12714	 Acc=0.954 epoch_Time:8.79894742568334 min:
[2020-08-24 03:00:53,556][trainer_crop.py][INFO] ----------
[2020-08-24 03:00:53,556][trainer_crop.py][INFO] Epoch 20/29
[2020-08-24 03:00:53,556][trainer_crop.py][INFO] learning rate:3.685352414350973e-10
[2020-08-24 03:00:53,556][trainer_crop.py][INFO] ----------
[2020-08-24 03:00:55,083][trainer_crop.py][INFO]  Epoch:20(1/1034) loss:0.013 
[2020-08-24 03:01:45,033][trainer_crop.py][INFO]  Epoch:20(101/1034) loss:0.015 
[2020-08-24 03:02:35,300][trainer_crop.py][INFO]  Epoch:20(201/1034) loss:0.233 
[2020-08-24 03:03:26,335][trainer_crop.py][INFO]  Epoch:20(301/1034) loss:0.047 
[2020-08-24 03:04:17,468][trainer_crop.py][INFO]  Epoch:20(401/1034) loss:0.279 
[2020-08-24 03:05:08,177][trainer_crop.py][INFO]  Epoch:20(501/1034) loss:0.071 
[2020-08-24 03:05:59,041][trainer_crop.py][INFO]  Epoch:20(601/1034) loss:0.136 
[2020-08-24 03:06:50,150][trainer_crop.py][INFO]  Epoch:20(701/1034) loss:0.156 
[2020-08-24 03:07:40,868][trainer_crop.py][INFO]  Epoch:20(801/1034) loss:0.035 
[2020-08-24 03:08:31,354][trainer_crop.py][INFO]  Epoch:20(901/1034) loss:0.316 
[2020-08-24 03:09:22,170][trainer_crop.py][INFO]  Epoch:20(1001/1034) loss:0.112 
[2020-08-24 03:09:39,215][trainer_crop.py][INFO]  Epoch:20(1035/1034) loss:0.043 
[2020-08-24 03:11:31,986][trainer_crop.py][INFO] 各类单独F1:{'畅通': 0.9228515625, '缓行': 0.21768707482993194, '拥堵': 0.672566371681416}  各类F加权:0.631647550474836
[2020-08-24 03:11:31,987][trainer_crop.py][INFO] val_size: 1380  valLoss: 0.9099 valAcc: 0.8341
[2020-08-24 03:15:14,006][trainer_crop.py][INFO] efficient-b5-w-crop 第20 epoch 预测结果:{'畅通': 448, '缓行': 14, '拥堵': 138}
[2020-08-24 03:15:14,006][trainer_crop.py][INFO] 69.json 预测结果:{'畅通': 454, '缓行': 15, '拥堵': 131}
[2020-08-24 03:15:14,007][trainer_crop.py][INFO] efficient-b5-w-crop 和 69.json 的 f1:[0.96008869 0.4137931  0.88475836] 加权f1:0.8056313776362175 
[2020-08-24 03:15:14,007][trainer_crop.py][INFO] efficient-b5-w-crop 和 69.json 的 Acc:0.93 Precision:[0.96651786 0.42857143 0.86231884] Recall:[0.95374449 0.4        0.90839695]
[2020-08-24 03:15:14,011][trainer_crop.py][INFO] Epoch:[20/29]	 Loss=0.10564	 Acc=0.956 epoch_Time:8.761424112319947 min:
[2020-08-24 03:15:14,243][trainer_crop.py][INFO] ----------
[2020-08-24 03:15:14,244][trainer_crop.py][INFO] Epoch 21/29
[2020-08-24 03:15:14,244][trainer_crop.py][INFO] learning rate:0.0036187473453685027
[2020-08-24 03:15:14,244][trainer_crop.py][INFO] ----------
[2020-08-24 03:15:15,812][trainer_crop.py][INFO]  Epoch:21(1/1034) loss:0.440 
[2020-08-24 03:16:05,586][trainer_crop.py][INFO]  Epoch:21(101/1034) loss:0.003 
[2020-08-24 03:16:56,107][trainer_crop.py][INFO]  Epoch:21(201/1034) loss:0.278 
[2020-08-24 03:17:46,391][trainer_crop.py][INFO]  Epoch:21(301/1034) loss:0.024 
[2020-08-24 03:18:37,009][trainer_crop.py][INFO]  Epoch:21(401/1034) loss:0.044 
[2020-08-24 03:19:27,850][trainer_crop.py][INFO]  Epoch:21(501/1034) loss:1.479 
[2020-08-24 03:20:18,471][trainer_crop.py][INFO]  Epoch:21(601/1034) loss:0.239 
[2020-08-24 03:21:09,376][trainer_crop.py][INFO]  Epoch:21(701/1034) loss:0.405 
[2020-08-24 03:22:00,316][trainer_crop.py][INFO]  Epoch:21(801/1034) loss:0.338 
[2020-08-24 03:22:51,235][trainer_crop.py][INFO]  Epoch:21(901/1034) loss:0.161 
[2020-08-24 03:23:42,046][trainer_crop.py][INFO]  Epoch:21(1001/1034) loss:0.060 
[2020-08-24 03:23:58,883][trainer_crop.py][INFO]  Epoch:21(1035/1034) loss:0.044 
[2020-08-24 03:25:50,247][trainer_crop.py][INFO] 各类单独F1:{'畅通': 0.9067164179104477, '缓行': 0.18897637795275593, '拥堵': 0.6134969325153374}  各类F加权:0.5872367186818431
[2020-08-24 03:25:50,248][trainer_crop.py][INFO] val_size: 1380  valLoss: 0.7297 valAcc: 0.8217
[2020-08-24 03:29:30,932][trainer_crop.py][INFO] efficient-b5-w-crop 第21 epoch 预测结果:{'畅通': 466, '缓行': 12, '拥堵': 122}
[2020-08-24 03:29:30,932][trainer_crop.py][INFO] 69.json 预测结果:{'畅通': 454, '缓行': 15, '拥堵': 131}
[2020-08-24 03:29:30,933][trainer_crop.py][INFO] efficient-b5-w-crop 和 69.json 的 f1:[0.94565217 0.37037037 0.83003953] 加权f1:0.7612282242717026 
[2020-08-24 03:29:30,933][trainer_crop.py][INFO] efficient-b5-w-crop 和 69.json 的 Acc:0.9083333333333333 Precision:[0.93347639 0.41666667 0.86065574] Recall:[0.95814978 0.33333333 0.80152672]
[2020-08-24 03:29:30,938][trainer_crop.py][INFO] Epoch:[21/29]	 Loss=0.25555	 Acc=0.903 epoch_Time:8.744484567642212 min:
[2020-08-24 03:29:31,157][trainer_crop.py][INFO] ----------
[2020-08-24 03:29:31,158][trainer_crop.py][INFO] Epoch 22/29
[2020-08-24 03:29:31,158][trainer_crop.py][INFO] learning rate:0.002619188592540143
[2020-08-24 03:29:31,158][trainer_crop.py][INFO] ----------
[2020-08-24 03:29:32,939][trainer_crop.py][INFO]  Epoch:22(1/1034) loss:0.144 
[2020-08-24 03:30:22,608][trainer_crop.py][INFO]  Epoch:22(101/1034) loss:0.165 
[2020-08-24 03:31:13,228][trainer_crop.py][INFO]  Epoch:22(201/1034) loss:0.145 
[2020-08-24 03:32:04,235][trainer_crop.py][INFO]  Epoch:22(301/1034) loss:0.336 
[2020-08-24 03:32:55,110][trainer_crop.py][INFO]  Epoch:22(401/1034) loss:0.195 
[2020-08-24 03:33:45,673][trainer_crop.py][INFO]  Epoch:22(501/1034) loss:0.074 
[2020-08-24 03:34:36,775][trainer_crop.py][INFO]  Epoch:22(601/1034) loss:0.060 
[2020-08-24 03:35:27,672][trainer_crop.py][INFO]  Epoch:22(701/1034) loss:0.173 
[2020-08-24 03:36:18,790][trainer_crop.py][INFO]  Epoch:22(801/1034) loss:0.169 
[2020-08-24 03:37:10,172][trainer_crop.py][INFO]  Epoch:22(901/1034) loss:0.002 
[2020-08-24 03:38:01,501][trainer_crop.py][INFO]  Epoch:22(1001/1034) loss:0.039 
[2020-08-24 03:38:18,603][trainer_crop.py][INFO]  Epoch:22(1035/1034) loss:0.052 
[2020-08-24 03:40:12,727][trainer_crop.py][INFO] 各类单独F1:{'畅通': 0.9105527638190956, '缓行': 0.1925925925925926, '拥堵': 0.6519685039370079}  各类F加权:0.6118101736445424
[2020-08-24 03:40:12,728][trainer_crop.py][INFO] val_size: 1380  valLoss: 0.8132 valAcc: 0.8159
[2020-08-24 03:43:53,027][trainer_crop.py][INFO] efficient-b5-w-crop 第22 epoch 预测结果:{'畅通': 444, '缓行': 12, '拥堵': 144}
[2020-08-24 03:43:53,027][trainer_crop.py][INFO] 69.json 预测结果:{'畅通': 454, '缓行': 15, '拥堵': 131}
[2020-08-24 03:43:53,028][trainer_crop.py][INFO] efficient-b5-w-crop 和 69.json 的 f1:[0.95545657 0.44444444 0.86545455] 加权f1:0.7992529301927965 
[2020-08-24 03:43:53,028][trainer_crop.py][INFO] efficient-b5-w-crop 和 69.json 的 Acc:0.9233333333333333 Precision:[0.96621622 0.5        0.82638889] Recall:[0.94493392 0.4        0.90839695]
[2020-08-24 03:43:53,032][trainer_crop.py][INFO] Epoch:[22/29]	 Loss=0.20523	 Acc=0.924 epoch_Time:8.79120276371638 min:
[2020-08-24 03:43:53,252][trainer_crop.py][INFO] ----------
[2020-08-24 03:43:53,252][trainer_crop.py][INFO] Epoch 23/29
[2020-08-24 03:43:53,252][trainer_crop.py][INFO] learning rate:0.0013831208428076588
[2020-08-24 03:43:53,252][trainer_crop.py][INFO] ----------
[2020-08-24 03:43:55,001][trainer_crop.py][INFO]  Epoch:23(1/1034) loss:0.137 
[2020-08-24 03:44:46,021][trainer_crop.py][INFO]  Epoch:23(101/1034) loss:0.331 
[2020-08-24 03:45:37,291][trainer_crop.py][INFO]  Epoch:23(201/1034) loss:0.164 
[2020-08-24 03:46:28,504][trainer_crop.py][INFO]  Epoch:23(301/1034) loss:0.654 
[2020-08-24 03:47:19,569][trainer_crop.py][INFO]  Epoch:23(401/1034) loss:0.458 
[2020-08-24 03:48:11,214][trainer_crop.py][INFO]  Epoch:23(501/1034) loss:0.043 
[2020-08-24 03:49:02,451][trainer_crop.py][INFO]  Epoch:23(601/1034) loss:0.193 
[2020-08-24 03:49:54,023][trainer_crop.py][INFO]  Epoch:23(701/1034) loss:0.385 
[2020-08-24 03:50:45,270][trainer_crop.py][INFO]  Epoch:23(801/1034) loss:0.388 
[2020-08-24 03:51:36,740][trainer_crop.py][INFO]  Epoch:23(901/1034) loss:0.055 
[2020-08-24 03:52:28,501][trainer_crop.py][INFO]  Epoch:23(1001/1034) loss:0.012 
[2020-08-24 03:52:45,428][trainer_crop.py][INFO]  Epoch:23(1035/1034) loss:0.017 
[2020-08-24 03:54:41,704][trainer_crop.py][INFO] 各类单独F1:{'畅通': 0.9172413793103448, '缓行': 0.20645161290322578, '拥堵': 0.6399999999999999}  各类F加权:0.608738598442714
[2020-08-24 03:54:41,705][trainer_crop.py][INFO] val_size: 1380  valLoss: 0.8327 valAcc: 0.8196
[2020-08-24 03:58:23,502][trainer_crop.py][INFO] efficient-b5-w-crop 第23 epoch 预测结果:{'畅通': 448, '缓行': 15, '拥堵': 137}
[2020-08-24 03:58:23,502][trainer_crop.py][INFO] 69.json 预测结果:{'畅通': 454, '缓行': 15, '拥堵': 131}
[2020-08-24 03:58:23,503][trainer_crop.py][INFO] efficient-b5-w-crop 和 69.json 的 f1:[0.96008869 0.4        0.88059701] 加权f1:0.8003759473144256 
[2020-08-24 03:58:23,503][trainer_crop.py][INFO] efficient-b5-w-crop 和 69.json 的 Acc:0.9283333333333333 Precision:[0.96651786 0.4        0.86131387] Recall:[0.95374449 0.4        0.90076336]
[2020-08-24 03:58:23,507][trainer_crop.py][INFO] Epoch:[23/29]	 Loss=0.15220	 Acc=0.940 epoch_Time:8.870028905073802 min:
[2020-08-24 03:58:23,722][trainer_crop.py][INFO] ----------
[2020-08-24 03:58:23,722][trainer_crop.py][INFO] Epoch 24/29
[2020-08-24 03:58:23,722][trainer_crop.py][INFO] learning rate:0.000382679964171259
[2020-08-24 03:58:23,722][trainer_crop.py][INFO] ----------
[2020-08-24 03:58:25,312][trainer_crop.py][INFO]  Epoch:24(1/1034) loss:0.014 
[2020-08-24 03:59:15,320][trainer_crop.py][INFO]  Epoch:24(101/1034) loss:0.028 
[2020-08-24 04:00:05,342][trainer_crop.py][INFO]  Epoch:24(201/1034) loss:0.015 
[2020-08-24 04:00:56,382][trainer_crop.py][INFO]  Epoch:24(301/1034) loss:0.074 
[2020-08-24 04:01:47,525][trainer_crop.py][INFO]  Epoch:24(401/1034) loss:0.049 
[2020-08-24 04:02:38,565][trainer_crop.py][INFO]  Epoch:24(501/1034) loss:0.003 
[2020-08-24 04:03:29,190][trainer_crop.py][INFO]  Epoch:24(601/1034) loss:0.084 
[2020-08-24 04:04:20,695][trainer_crop.py][INFO]  Epoch:24(701/1034) loss:0.059 
[2020-08-24 04:05:11,528][trainer_crop.py][INFO]  Epoch:24(801/1034) loss:0.000 
[2020-08-24 04:06:02,384][trainer_crop.py][INFO]  Epoch:24(901/1034) loss:0.004 
[2020-08-24 04:06:53,244][trainer_crop.py][INFO]  Epoch:24(1001/1034) loss:0.102 
[2020-08-24 04:07:10,420][trainer_crop.py][INFO]  Epoch:24(1035/1034) loss:0.008 
[2020-08-24 04:09:04,033][trainer_crop.py][INFO] 各类单独F1:{'畅通': 0.9183572488866897, '缓行': 0.22641509433962265, '拥堵': 0.6448275862068966}  各类F加权:0.6158510203694004
[2020-08-24 04:09:04,034][trainer_crop.py][INFO] val_size: 1380  valLoss: 0.9696 valAcc: 0.8210
[2020-08-24 04:12:50,072][trainer_crop.py][INFO] efficient-b5-w-crop 第24 epoch 预测结果:{'畅通': 448, '缓行': 14, '拥堵': 138}
[2020-08-24 04:12:50,072][trainer_crop.py][INFO] 69.json 预测结果:{'畅通': 454, '缓行': 15, '拥堵': 131}
[2020-08-24 04:12:50,073][trainer_crop.py][INFO] efficient-b5-w-crop 和 69.json 的 f1:[0.96008869 0.4137931  0.88475836] 加权f1:0.8056313776362175 
[2020-08-24 04:12:50,073][trainer_crop.py][INFO] efficient-b5-w-crop 和 69.json 的 Acc:0.93 Precision:[0.96651786 0.42857143 0.86231884] Recall:[0.95374449 0.4        0.90839695]
[2020-08-24 04:12:50,078][trainer_crop.py][INFO] Epoch:[24/29]	 Loss=0.11066	 Acc=0.960 epoch_Time:8.778743310769398 min:
[2020-08-24 04:12:50,307][trainer_crop.py][INFO] ----------
[2020-08-24 04:12:50,307][trainer_crop.py][INFO] Epoch 25/29
[2020-08-24 04:12:50,307][trainer_crop.py][INFO] learning rate:3.685352414350973e-10
[2020-08-24 04:12:50,308][trainer_crop.py][INFO] ----------
[2020-08-24 04:12:51,872][trainer_crop.py][INFO]  Epoch:25(1/1034) loss:0.025 
[2020-08-24 04:13:41,807][trainer_crop.py][INFO]  Epoch:25(101/1034) loss:0.296 
[2020-08-24 04:14:31,982][trainer_crop.py][INFO]  Epoch:25(201/1034) loss:0.011 
[2020-08-24 04:15:23,117][trainer_crop.py][INFO]  Epoch:25(301/1034) loss:0.002 
[2020-08-24 04:16:13,712][trainer_crop.py][INFO]  Epoch:25(401/1034) loss:0.356 
[2020-08-24 04:17:04,557][trainer_crop.py][INFO]  Epoch:25(501/1034) loss:0.047 
[2020-08-24 04:17:55,135][trainer_crop.py][INFO]  Epoch:25(601/1034) loss:0.025 
[2020-08-24 04:18:45,841][trainer_crop.py][INFO]  Epoch:25(701/1034) loss:0.035 
[2020-08-24 04:19:36,870][trainer_crop.py][INFO]  Epoch:25(801/1034) loss:0.019 
[2020-08-24 04:20:27,813][trainer_crop.py][INFO]  Epoch:25(901/1034) loss:0.003 
[2020-08-24 04:21:18,268][trainer_crop.py][INFO]  Epoch:25(1001/1034) loss:0.085 
[2020-08-24 04:21:35,444][trainer_crop.py][INFO]  Epoch:25(1035/1034) loss:0.015 
[2020-08-24 04:23:31,688][trainer_crop.py][INFO] 各类单独F1:{'畅通': 0.9183572488866897, '缓行': 0.22641509433962265, '拥堵': 0.6448275862068966}  各类F加权:0.6158510203694004
[2020-08-24 04:23:31,689][trainer_crop.py][INFO] val_size: 1380  valLoss: 0.9696 valAcc: 0.8210
[2020-08-24 04:27:18,674][trainer_crop.py][INFO] efficient-b5-w-crop 第25 epoch 预测结果:{'畅通': 448, '缓行': 14, '拥堵': 138}
[2020-08-24 04:27:18,674][trainer_crop.py][INFO] 69.json 预测结果:{'畅通': 454, '缓行': 15, '拥堵': 131}
[2020-08-24 04:27:18,675][trainer_crop.py][INFO] efficient-b5-w-crop 和 69.json 的 f1:[0.96008869 0.4137931  0.88475836] 加权f1:0.8056313776362175 
[2020-08-24 04:27:18,675][trainer_crop.py][INFO] efficient-b5-w-crop 和 69.json 的 Acc:0.93 Precision:[0.96651786 0.42857143 0.86231884] Recall:[0.95374449 0.4        0.90839695]
[2020-08-24 04:27:18,679][trainer_crop.py][INFO] Epoch:[25/29]	 Loss=0.10580	 Acc=0.963 epoch_Time:8.752720415592194 min:
[2020-08-24 04:27:18,900][trainer_crop.py][INFO] ----------
[2020-08-24 04:27:18,901][trainer_crop.py][INFO] Epoch 26/29
[2020-08-24 04:27:18,901][trainer_crop.py][INFO] learning rate:0.0036187473453685027
[2020-08-24 04:27:18,901][trainer_crop.py][INFO] ----------
[2020-08-24 04:27:20,605][trainer_crop.py][INFO]  Epoch:26(1/1034) loss:0.275 
[2020-08-24 04:28:11,004][trainer_crop.py][INFO]  Epoch:26(101/1034) loss:0.070 
[2020-08-24 04:29:01,347][trainer_crop.py][INFO]  Epoch:26(201/1034) loss:0.038 
[2020-08-24 04:29:51,847][trainer_crop.py][INFO]  Epoch:26(301/1034) loss:0.280 
[2020-08-24 04:30:42,607][trainer_crop.py][INFO]  Epoch:26(401/1034) loss:0.083 
[2020-08-24 04:31:33,811][trainer_crop.py][INFO]  Epoch:26(501/1034) loss:0.853 
[2020-08-24 04:32:24,684][trainer_crop.py][INFO]  Epoch:26(601/1034) loss:0.347 
[2020-08-24 04:33:15,559][trainer_crop.py][INFO]  Epoch:26(701/1034) loss:0.006 
[2020-08-24 04:34:06,040][trainer_crop.py][INFO]  Epoch:26(801/1034) loss:0.269 
[2020-08-24 04:34:56,991][trainer_crop.py][INFO]  Epoch:26(901/1034) loss:0.006 
[2020-08-24 04:35:47,774][trainer_crop.py][INFO]  Epoch:26(1001/1034) loss:0.066 
[2020-08-24 04:36:04,754][trainer_crop.py][INFO]  Epoch:26(1035/1034) loss:0.032 
[2020-08-24 04:38:03,576][trainer_crop.py][INFO] 各类单独F1:{'畅通': 0.8746014877789584, '缓行': 0.18897637795275593, '拥堵': 0.5992010652463382}  各类F加权:0.5722362122941458
[2020-08-24 04:38:03,576][trainer_crop.py][INFO] val_size: 1380  valLoss: 0.8191 valAcc: 0.7681
[2020-08-24 04:41:48,154][trainer_crop.py][INFO] efficient-b5-w-crop 第26 epoch 预测结果:{'畅通': 439, '缓行': 10, '拥堵': 151}
[2020-08-24 04:41:48,154][trainer_crop.py][INFO] 69.json 预测结果:{'畅通': 454, '缓行': 15, '拥堵': 131}
[2020-08-24 04:41:48,154][trainer_crop.py][INFO] efficient-b5-w-crop 和 69.json 的 f1:[0.94960806 0.4        0.85106383] 加权f1:0.7805599104143337 
[2020-08-24 04:41:48,155][trainer_crop.py][INFO] efficient-b5-w-crop 和 69.json 的 Acc:0.915 Precision:[0.96583144 0.5        0.79470199] Recall:[0.9339207  0.33333333 0.91603053]
[2020-08-24 04:41:48,159][trainer_crop.py][INFO] Epoch:[26/29]	 Loss=0.24156	 Acc=0.910 epoch_Time:8.764676837126414 min:
[2020-08-24 04:41:48,400][trainer_crop.py][INFO] ----------
[2020-08-24 04:41:48,400][trainer_crop.py][INFO] Epoch 27/29
[2020-08-24 04:41:48,400][trainer_crop.py][INFO] learning rate:0.002619188592540143
[2020-08-24 04:41:48,400][trainer_crop.py][INFO] ----------
[2020-08-24 04:41:49,914][trainer_crop.py][INFO]  Epoch:27(1/1034) loss:0.325 
[2020-08-24 04:42:40,204][trainer_crop.py][INFO]  Epoch:27(101/1034) loss:1.032 
[2020-08-24 04:43:31,527][trainer_crop.py][INFO]  Epoch:27(201/1034) loss:0.167 
[2020-08-24 04:44:22,915][trainer_crop.py][INFO]  Epoch:27(301/1034) loss:0.013 
[2020-08-24 04:45:13,983][trainer_crop.py][INFO]  Epoch:27(401/1034) loss:0.207 
[2020-08-24 04:46:04,811][trainer_crop.py][INFO]  Epoch:27(501/1034) loss:0.339 
[2020-08-24 04:46:55,935][trainer_crop.py][INFO]  Epoch:27(601/1034) loss:0.096 
[2020-08-24 04:47:48,058][trainer_crop.py][INFO]  Epoch:27(701/1034) loss:0.062 
[2020-08-24 04:48:38,961][trainer_crop.py][INFO]  Epoch:27(801/1034) loss:0.066 
[2020-08-24 04:49:30,126][trainer_crop.py][INFO]  Epoch:27(901/1034) loss:0.072 
[2020-08-24 04:50:21,873][trainer_crop.py][INFO]  Epoch:27(1001/1034) loss:0.456 
[2020-08-24 04:50:38,764][trainer_crop.py][INFO]  Epoch:27(1035/1034) loss:0.472 
[2020-08-24 04:52:36,978][trainer_crop.py][INFO] 各类单独F1:{'畅通': 0.8999492127983747, '缓行': 0.2057142857142857, '拥堵': 0.6103896103896104}  各类F加权:0.5873664659362983
[2020-08-24 04:52:36,978][trainer_crop.py][INFO] val_size: 1380  valLoss: 0.8159 valAcc: 0.7913
[2020-08-24 04:56:16,083][trainer_crop.py][INFO] efficient-b5-w-crop 第27 epoch 预测结果:{'畅通': 446, '缓行': 14, '拥堵': 140}
[2020-08-24 04:56:16,083][trainer_crop.py][INFO] 69.json 预测结果:{'畅通': 454, '缓行': 15, '拥堵': 131}
[2020-08-24 04:56:16,084][trainer_crop.py][INFO] efficient-b5-w-crop 和 69.json 的 f1:[0.95777778 0.4137931  0.87822878] 加权f1:0.8012514456179043 
[2020-08-24 04:56:16,084][trainer_crop.py][INFO] efficient-b5-w-crop 和 69.json 的 Acc:0.9266666666666666 Precision:[0.96636771 0.42857143 0.85      ] Recall:[0.94933921 0.4        0.90839695]
[2020-08-24 04:56:16,089][trainer_crop.py][INFO] Epoch:[27/29]	 Loss=0.20682	 Acc=0.924 epoch_Time:8.839833796024323 min:
[2020-08-24 04:56:16,317][trainer_crop.py][INFO] ----------
[2020-08-24 04:56:16,317][trainer_crop.py][INFO] Epoch 28/29
[2020-08-24 04:56:16,317][trainer_crop.py][INFO] learning rate:0.0013831208428076588
[2020-08-24 04:56:16,317][trainer_crop.py][INFO] ----------
[2020-08-24 04:56:17,723][trainer_crop.py][INFO]  Epoch:28(1/1034) loss:0.013 
[2020-08-24 04:57:07,142][trainer_crop.py][INFO]  Epoch:28(101/1034) loss:0.006 
[2020-08-24 04:57:57,083][trainer_crop.py][INFO]  Epoch:28(201/1034) loss:0.076 
[2020-08-24 04:58:47,529][trainer_crop.py][INFO]  Epoch:28(301/1034) loss:0.050 
[2020-08-24 04:59:37,854][trainer_crop.py][INFO]  Epoch:28(401/1034) loss:0.012 
[2020-08-24 05:00:28,313][trainer_crop.py][INFO]  Epoch:28(501/1034) loss:0.167 
[2020-08-24 05:01:18,834][trainer_crop.py][INFO]  Epoch:28(601/1034) loss:0.027 
[2020-08-24 05:02:09,034][trainer_crop.py][INFO]  Epoch:28(701/1034) loss:0.014 
[2020-08-24 05:02:59,314][trainer_crop.py][INFO]  Epoch:28(801/1034) loss:0.077 
[2020-08-24 05:03:50,008][trainer_crop.py][INFO]  Epoch:28(901/1034) loss:0.081 
[2020-08-24 05:04:40,088][trainer_crop.py][INFO]  Epoch:28(1001/1034) loss:0.054 
[2020-08-24 05:04:57,089][trainer_crop.py][INFO]  Epoch:28(1035/1034) loss:0.004 
[2020-08-24 05:06:53,344][trainer_crop.py][INFO] 各类单独F1:{'畅通': 0.9115779189057157, '缓行': 0.2023809523809524, '拥堵': 0.6165137614678899}  各类F加权:0.5927000311380677
[2020-08-24 05:06:53,345][trainer_crop.py][INFO] val_size: 1380  valLoss: 0.9699 valAcc: 0.8101
[2020-08-24 05:10:34,645][trainer_crop.py][INFO] efficient-b5-w-crop 第28 epoch 预测结果:{'畅通': 448, '缓行': 14, '拥堵': 138}
[2020-08-24 05:10:34,646][trainer_crop.py][INFO] 69.json 预测结果:{'畅通': 454, '缓行': 15, '拥堵': 131}
[2020-08-24 05:10:34,646][trainer_crop.py][INFO] efficient-b5-w-crop 和 69.json 的 f1:[0.9578714  0.4137931  0.87732342] 加权f1:0.8007269521134223 
[2020-08-24 05:10:34,647][trainer_crop.py][INFO] efficient-b5-w-crop 和 69.json 的 Acc:0.9266666666666666 Precision:[0.96428571 0.42857143 0.85507246] Recall:[0.95154185 0.4        0.90076336]
[2020-08-24 05:10:34,651][trainer_crop.py][INFO] Epoch:[28/29]	 Loss=0.13537	 Acc=0.951 epoch_Time:8.679985213279725 min:
[2020-08-24 05:10:34,878][trainer_crop.py][INFO] ----------
[2020-08-24 05:10:34,878][trainer_crop.py][INFO] Epoch 29/29
[2020-08-24 05:10:34,878][trainer_crop.py][INFO] learning rate:0.000382679964171259
[2020-08-24 05:10:34,878][trainer_crop.py][INFO] ----------
[2020-08-24 05:10:36,392][trainer_crop.py][INFO]  Epoch:29(1/1034) loss:0.117 
[2020-08-24 05:11:25,902][trainer_crop.py][INFO]  Epoch:29(101/1034) loss:0.007 
[2020-08-24 05:12:16,669][trainer_crop.py][INFO]  Epoch:29(201/1034) loss:0.192 
[2020-08-24 05:13:07,538][trainer_crop.py][INFO]  Epoch:29(301/1034) loss:0.261 
[2020-08-24 05:13:58,644][trainer_crop.py][INFO]  Epoch:29(401/1034) loss:0.076 
[2020-08-24 05:14:49,534][trainer_crop.py][INFO]  Epoch:29(501/1034) loss:0.023 
[2020-08-24 05:15:40,529][trainer_crop.py][INFO]  Epoch:29(601/1034) loss:0.000 
[2020-08-24 05:16:31,615][trainer_crop.py][INFO]  Epoch:29(701/1034) loss:0.017 
[2020-08-24 05:17:22,586][trainer_crop.py][INFO]  Epoch:29(801/1034) loss:0.367 
[2020-08-24 05:18:14,039][trainer_crop.py][INFO]  Epoch:29(901/1034) loss:0.020 
[2020-08-24 05:19:04,860][trainer_crop.py][INFO]  Epoch:29(1001/1034) loss:0.038 
[2020-08-24 05:19:21,783][trainer_crop.py][INFO]  Epoch:29(1035/1034) loss:0.001 
[2020-08-24 05:21:19,109][trainer_crop.py][INFO] 各类单独F1:{'畅通': 0.9123661148977605, '缓行': 0.2097902097902098, '拥堵': 0.6145648312611013}  各类F加权:0.5931701636942548
[2020-08-24 05:21:19,109][trainer_crop.py][INFO] val_size: 1380  valLoss: 0.9711 valAcc: 0.8152
[2020-08-24 05:24:56,477][trainer_crop.py][INFO] efficient-b5-w-crop 第29 epoch 预测结果:{'畅通': 449, '缓行': 14, '拥堵': 137}
[2020-08-24 05:24:56,477][trainer_crop.py][INFO] 69.json 预测结果:{'畅通': 454, '缓行': 15, '拥堵': 131}
[2020-08-24 05:24:56,477][trainer_crop.py][INFO] efficient-b5-w-crop 和 69.json 的 f1:[0.95902547 0.4137931  0.88059701] 加权f1:0.8029219237755545 
[2020-08-24 05:24:56,478][trainer_crop.py][INFO] efficient-b5-w-crop 和 69.json 的 Acc:0.9283333333333333 Precision:[0.96436526 0.42857143 0.86131387] Recall:[0.95374449 0.4        0.90076336]
[2020-08-24 05:24:56,481][trainer_crop.py][INFO] Epoch:[29/29]	 Loss=0.11060	 Acc=0.958 epoch_Time:8.782186082998912 min:
[2020-08-24 05:24:56,654][trainer_crop.py][INFO] Best Accuracy: 0.639
[2020-08-24 05:24:56,928][trainer_crop.py][INFO] Training complete in 431m 46s
