[2020-08-18 16:53:00,817][trainer.py][INFO] Using: efficient-b5-seg-w
[2020-08-18 16:53:00,818][trainer.py][INFO] Using the GPU: (2, 4)
[2020-08-18 16:53:00,818][trainer.py][INFO] start training...
[2020-08-18 16:53:01,332][trainer.py][INFO] ----------
[2020-08-18 16:53:01,333][trainer.py][INFO] Epoch 0/29
[2020-08-18 16:53:01,333][trainer.py][INFO] learning rate:0.004
[2020-08-18 16:53:01,333][trainer.py][INFO] ----------
[2020-08-18 16:53:08,635][trainer.py][INFO]  Epoch:0(1/1032) loss:1.018 
[2020-08-18 16:54:22,781][trainer.py][INFO]  Epoch:0(101/1032) loss:0.685 
[2020-08-18 16:55:36,292][trainer.py][INFO]  Epoch:0(201/1032) loss:0.702 
[2020-08-18 16:56:50,043][trainer.py][INFO]  Epoch:0(301/1032) loss:0.751 
[2020-08-18 16:58:05,672][trainer.py][INFO]  Epoch:0(401/1032) loss:0.691 
[2020-08-18 16:59:19,755][trainer.py][INFO]  Epoch:0(501/1032) loss:1.213 
[2020-08-18 17:00:33,601][trainer.py][INFO]  Epoch:0(601/1032) loss:1.017 
[2020-08-18 17:01:47,387][trainer.py][INFO]  Epoch:0(701/1032) loss:0.356 
[2020-08-18 17:03:03,680][trainer.py][INFO]  Epoch:0(801/1032) loss:0.938 
[2020-08-18 17:04:17,869][trainer.py][INFO]  Epoch:0(901/1032) loss:0.380 
[2020-08-18 17:05:32,758][trainer.py][INFO]  Epoch:0(1001/1032) loss:0.833 
[2020-08-18 17:05:55,827][trainer.py][INFO]  Epoch:0(1033/1032) loss:0.408 
[2020-08-18 17:08:54,440][trainer.py][INFO] 各类单独F1:{'畅通': 0.866948257655755, '缓行': 0.0, '拥堵': 0.6238532110091743}  各类F加权:0.5477015781366557
[2020-08-18 17:08:54,448][trainer.py][INFO] val_size: 1380  valLoss: 0.6195 valAcc: 0.7674
[2020-08-18 17:11:51,528][trainer.py][INFO] efficient-b5-seg-w 第0 epoch 预测结果:{'畅通': 402, '缓行': 0, '拥堵': 198}
[2020-08-18 17:11:51,528][trainer.py][INFO] 69.json 预测结果:{'畅通': 454, '缓行': 15, '拥堵': 131}
[2020-08-18 17:11:51,529][trainer.py][INFO] efficient-b5-seg-w 和 69.json 的 f1:[0.9182243  0.         0.77203647] 加权f1:0.6468667443115643 
[2020-08-18 17:11:51,529][trainer.py][INFO] efficient-b5-seg-w 和 69.json 的 Acc:0.8666666666666667 Precision:[0.97761194 0.         0.64141414] Recall:[0.86563877 0.         0.96946565]
[2020-08-18 17:11:51,533][trainer.py][INFO] Epoch:[0/29]	 Loss=0.69035	 Acc=0.723 epoch_Time:12.916639375686646 min:
[2020-08-18 17:11:51,771][trainer.py][INFO] ----------
[2020-08-18 17:11:51,771][trainer.py][INFO] Epoch 1/29
[2020-08-18 17:11:51,771][trainer.py][INFO] learning rate:0.00361874872592572
[2020-08-18 17:11:51,771][trainer.py][INFO] ----------
[2020-08-18 17:11:54,684][trainer.py][INFO]  Epoch:1(1/1032) loss:0.677 
[2020-08-18 17:13:04,261][trainer.py][INFO]  Epoch:1(101/1032) loss:0.253 
[2020-08-18 17:14:15,201][trainer.py][INFO]  Epoch:1(201/1032) loss:0.589 
[2020-08-18 17:15:26,188][trainer.py][INFO]  Epoch:1(301/1032) loss:0.663 
[2020-08-18 17:16:37,258][trainer.py][INFO]  Epoch:1(401/1032) loss:0.952 
[2020-08-18 17:17:49,316][trainer.py][INFO]  Epoch:1(501/1032) loss:0.898 
[2020-08-18 17:19:01,251][trainer.py][INFO]  Epoch:1(601/1032) loss:0.330 
[2020-08-18 17:20:13,360][trainer.py][INFO]  Epoch:1(701/1032) loss:0.247 
[2020-08-18 17:21:25,214][trainer.py][INFO]  Epoch:1(801/1032) loss:0.455 
[2020-08-18 17:22:37,111][trainer.py][INFO]  Epoch:1(901/1032) loss:0.365 
[2020-08-18 17:23:49,630][trainer.py][INFO]  Epoch:1(1001/1032) loss:0.383 
[2020-08-18 17:24:12,040][trainer.py][INFO]  Epoch:1(1033/1032) loss:0.279 
[2020-08-18 17:27:12,757][trainer.py][INFO] 各类单独F1:{'畅通': 0.9004106776180698, '缓行': 0.0, '拥堵': 0.6685472496473907}  各类F加权:0.5812104853120483
[2020-08-18 17:27:12,757][trainer.py][INFO] val_size: 1380  valLoss: 0.5099 valAcc: 0.8072
[2020-08-18 17:30:13,345][trainer.py][INFO] efficient-b5-seg-w 第1 epoch 预测结果:{'畅通': 435, '缓行': 0, '拥堵': 165}
[2020-08-18 17:30:13,345][trainer.py][INFO] 69.json 预测结果:{'畅通': 454, '缓行': 15, '拥堵': 131}
[2020-08-18 17:30:13,346][trainer.py][INFO] efficient-b5-seg-w 和 69.json 的 f1:[0.94488189 0.         0.83108108] 加权f1:0.6876250266014046 
[2020-08-18 17:30:13,346][trainer.py][INFO] efficient-b5-seg-w 和 69.json 的 Acc:0.905 Precision:[0.96551724 0.         0.74545455] Recall:[0.92511013 0.         0.9389313 ]
[2020-08-18 17:30:13,350][trainer.py][INFO] Epoch:[1/29]	 Loss=0.57467	 Acc=0.773 epoch_Time:12.3386057416598 min:
[2020-08-18 17:30:13,543][trainer.py][INFO] ----------
[2020-08-18 17:30:13,543][trainer.py][INFO] Epoch 2/29
[2020-08-18 17:30:13,544][trainer.py][INFO] learning rate:0.0026191908277570734
[2020-08-18 17:30:13,544][trainer.py][INFO] ----------
[2020-08-18 17:30:15,181][trainer.py][INFO]  Epoch:2(1/1032) loss:0.611 
[2020-08-18 17:31:25,770][trainer.py][INFO]  Epoch:2(101/1032) loss:0.365 
[2020-08-18 17:32:36,669][trainer.py][INFO]  Epoch:2(201/1032) loss:0.697 
[2020-08-18 17:33:47,639][trainer.py][INFO]  Epoch:2(301/1032) loss:0.631 
[2020-08-18 17:34:58,056][trainer.py][INFO]  Epoch:2(401/1032) loss:0.205 
[2020-08-18 17:36:09,500][trainer.py][INFO]  Epoch:2(501/1032) loss:0.647 
[2020-08-18 17:37:20,650][trainer.py][INFO]  Epoch:2(601/1032) loss:0.544 
[2020-08-18 17:38:32,372][trainer.py][INFO]  Epoch:2(701/1032) loss:0.145 
[2020-08-18 17:39:45,278][trainer.py][INFO]  Epoch:2(801/1032) loss:0.582 
[2020-08-18 17:40:56,118][trainer.py][INFO]  Epoch:2(901/1032) loss:0.091 
[2020-08-18 17:42:07,828][trainer.py][INFO]  Epoch:2(1001/1032) loss:0.658 
[2020-08-18 17:42:30,019][trainer.py][INFO]  Epoch:2(1033/1032) loss:0.281 
[2020-08-18 17:45:26,901][trainer.py][INFO] 各类单独F1:{'畅通': 0.9153573238722758, '缓行': 0.0, '拥堵': 0.6871345029239767}  各类F加权:0.5953521665288412
[2020-08-18 17:45:26,901][trainer.py][INFO] val_size: 1380  valLoss: 0.5068 valAcc: 0.8246
[2020-08-18 17:48:21,746][trainer.py][INFO] efficient-b5-seg-w 第2 epoch 预测结果:{'畅通': 432, '缓行': 0, '拥堵': 168}
[2020-08-18 17:48:21,746][trainer.py][INFO] 69.json 预测结果:{'畅通': 454, '缓行': 15, '拥堵': 131}
[2020-08-18 17:48:21,747][trainer.py][INFO] efficient-b5-seg-w 和 69.json 的 f1:[0.94808126 0.         0.8361204 ] 加权f1:0.691288493624346 
[2020-08-18 17:48:21,747][trainer.py][INFO] efficient-b5-seg-w 和 69.json 的 Acc:0.9083333333333333 Precision:[0.97222222 0.         0.74404762] Recall:[0.92511013 0.         0.95419847]
[2020-08-18 17:48:21,751][trainer.py][INFO] Epoch:[2/29]	 Loss=0.51547	 Acc=0.800 epoch_Time:12.274994166692098 min:
[2020-08-18 17:48:22,039][trainer.py][INFO] ----------
[2020-08-18 17:48:22,040][trainer.py][INFO] Epoch 3/29
[2020-08-18 17:48:22,040][trainer.py][INFO] learning rate:0.0013831230789074073
[2020-08-18 17:48:22,040][trainer.py][INFO] ----------
[2020-08-18 17:48:24,215][trainer.py][INFO]  Epoch:3(1/1032) loss:0.393 
[2020-08-18 17:49:35,118][trainer.py][INFO]  Epoch:3(101/1032) loss:0.632 
[2020-08-18 17:50:46,427][trainer.py][INFO]  Epoch:3(201/1032) loss:1.181 
[2020-08-18 17:51:57,812][trainer.py][INFO]  Epoch:3(301/1032) loss:0.174 
[2020-08-18 17:53:10,328][trainer.py][INFO]  Epoch:3(401/1032) loss:0.171 
[2020-08-18 17:54:20,837][trainer.py][INFO]  Epoch:3(501/1032) loss:0.630 
[2020-08-18 17:55:33,043][trainer.py][INFO]  Epoch:3(601/1032) loss:0.949 
[2020-08-18 17:56:43,970][trainer.py][INFO]  Epoch:3(701/1032) loss:1.304 
[2020-08-18 17:57:54,437][trainer.py][INFO]  Epoch:3(801/1032) loss:1.001 
[2020-08-18 17:59:06,780][trainer.py][INFO]  Epoch:3(901/1032) loss:0.612 
[2020-08-18 18:00:19,126][trainer.py][INFO]  Epoch:3(1001/1032) loss:1.216 
[2020-08-18 18:00:41,793][trainer.py][INFO]  Epoch:3(1033/1032) loss:0.214 
[2020-08-18 18:03:38,855][trainer.py][INFO] 各类单独F1:{'畅通': 0.9201520912547528, '缓行': 0.0, '拥堵': 0.6943942133815552}  各类F加权:0.6006669462798837
[2020-08-18 18:03:38,866][trainer.py][INFO] val_size: 1380  valLoss: 0.4634 valAcc: 0.8406
[2020-08-18 18:06:30,470][trainer.py][INFO] efficient-b5-seg-w 第3 epoch 预测结果:{'畅通': 476, '缓行': 0, '拥堵': 124}
[2020-08-18 18:06:30,471][trainer.py][INFO] 69.json 预测结果:{'畅通': 454, '缓行': 15, '拥堵': 131}
[2020-08-18 18:06:30,471][trainer.py][INFO] efficient-b5-seg-w 和 69.json 的 f1:[0.95053763 0.         0.83921569] 加权f1:0.6936369386464263 
[2020-08-18 18:06:30,471][trainer.py][INFO] efficient-b5-seg-w 和 69.json 的 Acc:0.915 Precision:[0.92857143 0.         0.86290323] Recall:[0.97356828 0.         0.81679389]
[2020-08-18 18:06:30,475][trainer.py][INFO] Epoch:[3/29]	 Loss=0.47409	 Acc=0.817 epoch_Time:12.330487271149954 min:
[2020-08-18 18:06:30,675][trainer.py][INFO] ----------
[2020-08-18 18:06:30,675][trainer.py][INFO] Epoch 4/29
[2020-08-18 18:06:30,675][trainer.py][INFO] learning rate:0.00038268134703972433
[2020-08-18 18:06:30,675][trainer.py][INFO] ----------
[2020-08-18 18:06:32,712][trainer.py][INFO]  Epoch:4(1/1032) loss:0.173 
[2020-08-18 18:07:42,961][trainer.py][INFO]  Epoch:4(101/1032) loss:0.329 
[2020-08-18 18:08:54,885][trainer.py][INFO]  Epoch:4(201/1032) loss:0.663 
[2020-08-18 18:10:06,790][trainer.py][INFO]  Epoch:4(301/1032) loss:0.434 
[2020-08-18 18:11:18,343][trainer.py][INFO]  Epoch:4(401/1032) loss:0.415 
[2020-08-18 18:12:31,411][trainer.py][INFO]  Epoch:4(501/1032) loss:0.746 
[2020-08-18 18:13:42,150][trainer.py][INFO]  Epoch:4(601/1032) loss:0.299 
[2020-08-18 18:14:55,121][trainer.py][INFO]  Epoch:4(701/1032) loss:0.529 
[2020-08-18 18:16:07,054][trainer.py][INFO]  Epoch:4(801/1032) loss:0.325 
[2020-08-18 18:17:21,753][trainer.py][INFO]  Epoch:4(901/1032) loss:0.268 
[2020-08-18 18:18:36,034][trainer.py][INFO]  Epoch:4(1001/1032) loss:0.517 
[2020-08-18 18:18:59,320][trainer.py][INFO]  Epoch:4(1033/1032) loss:0.315 
[2020-08-18 18:22:01,775][trainer.py][INFO] 各类单独F1:{'畅通': 0.9200404858299593, '缓行': 0.0, '拥堵': 0.6980854197349042}  各类F加权:0.6028593490069344
[2020-08-18 18:22:01,776][trainer.py][INFO] val_size: 1380  valLoss: 0.4866 valAcc: 0.8304
[2020-08-18 18:24:50,715][trainer.py][INFO] efficient-b5-seg-w 第4 epoch 预测结果:{'畅通': 437, '缓行': 1, '拥堵': 162}
[2020-08-18 18:24:50,715][trainer.py][INFO] 69.json 预测结果:{'畅通': 454, '缓行': 15, '拥堵': 131}
[2020-08-18 18:24:50,715][trainer.py][INFO] efficient-b5-seg-w 和 69.json 的 f1:[0.94725028 0.         0.83276451] 加权f1:0.6891087591883951 
[2020-08-18 18:24:50,716][trainer.py][INFO] efficient-b5-seg-w 和 69.json 的 Acc:0.9066666666666666 Precision:[0.96567506 0.         0.75308642] Recall:[0.92951542 0.         0.93129771]
[2020-08-18 18:24:50,720][trainer.py][INFO] Epoch:[4/29]	 Loss=0.43751	 Acc=0.824 epoch_Time:12.4778311252594 min:
[2020-08-18 18:24:50,922][trainer.py][INFO] ----------
[2020-08-18 18:24:50,922][trainer.py][INFO] Epoch 5/29
[2020-08-18 18:24:50,922][trainer.py][INFO] learning rate:3.699636710319254e-10
[2020-08-18 18:24:50,922][trainer.py][INFO] ----------
[2020-08-18 18:24:53,423][trainer.py][INFO]  Epoch:5(1/1032) loss:0.148 
[2020-08-18 18:26:06,954][trainer.py][INFO]  Epoch:5(101/1032) loss:0.217 
[2020-08-18 18:27:21,418][trainer.py][INFO]  Epoch:5(201/1032) loss:0.213 
[2020-08-18 18:28:36,276][trainer.py][INFO]  Epoch:5(301/1032) loss:0.302 
[2020-08-18 18:29:52,403][trainer.py][INFO]  Epoch:5(401/1032) loss:0.266 
[2020-08-18 18:31:08,071][trainer.py][INFO]  Epoch:5(501/1032) loss:0.488 
[2020-08-18 18:32:24,554][trainer.py][INFO]  Epoch:5(601/1032) loss:1.231 
[2020-08-18 18:33:41,050][trainer.py][INFO]  Epoch:5(701/1032) loss:0.511 
[2020-08-18 18:34:57,064][trainer.py][INFO]  Epoch:5(801/1032) loss:0.355 
[2020-08-18 18:36:14,174][trainer.py][INFO]  Epoch:5(901/1032) loss:0.124 
[2020-08-18 18:37:30,026][trainer.py][INFO]  Epoch:5(1001/1032) loss:0.148 
[2020-08-18 18:37:53,028][trainer.py][INFO]  Epoch:5(1033/1032) loss:0.885 
[2020-08-18 18:40:56,995][trainer.py][INFO] 各类单独F1:{'畅通': 0.9200404858299593, '缓行': 0.0, '拥堵': 0.6980854197349042}  各类F加权:0.6028593490069344
[2020-08-18 18:40:56,996][trainer.py][INFO] val_size: 1380  valLoss: 0.4866 valAcc: 0.8304
[2020-08-18 18:43:40,411][trainer.py][INFO] efficient-b5-seg-w 第5 epoch 预测结果:{'畅通': 436, '缓行': 1, '拥堵': 163}
[2020-08-18 18:43:40,411][trainer.py][INFO] 69.json 预测结果:{'畅通': 454, '缓行': 15, '拥堵': 131}
[2020-08-18 18:43:40,412][trainer.py][INFO] efficient-b5-seg-w 和 69.json 的 f1:[0.94831461 0.125      0.83673469] 加权f1:0.7167037376748453 
[2020-08-18 18:43:40,412][trainer.py][INFO] efficient-b5-seg-w 和 69.json 的 Acc:0.91 Precision:[0.96788991 1.         0.75460123] Recall:[0.92951542 0.06666667 0.9389313 ]
[2020-08-18 18:43:40,416][trainer.py][INFO] Epoch:[5/29]	 Loss=0.41330	 Acc=0.824 epoch_Time:13.035503125190735 min:
[2020-08-18 18:43:40,640][trainer.py][INFO] ----------
[2020-08-18 18:43:40,646][trainer.py][INFO] Epoch 6/29
[2020-08-18 18:43:40,646][trainer.py][INFO] learning rate:0.00361874872592572
[2020-08-18 18:43:40,646][trainer.py][INFO] ----------
[2020-08-18 18:43:43,372][trainer.py][INFO]  Epoch:6(1/1032) loss:0.255 
[2020-08-18 18:44:58,419][trainer.py][INFO]  Epoch:6(101/1032) loss:0.533 
[2020-08-18 18:46:12,970][trainer.py][INFO]  Epoch:6(201/1032) loss:0.507 
[2020-08-18 18:47:27,509][trainer.py][INFO]  Epoch:6(301/1032) loss:0.476 
[2020-08-18 18:48:41,803][trainer.py][INFO]  Epoch:6(401/1032) loss:0.458 
[2020-08-18 18:49:57,733][trainer.py][INFO]  Epoch:6(501/1032) loss:0.519 
[2020-08-18 18:51:12,565][trainer.py][INFO]  Epoch:6(601/1032) loss:0.168 
[2020-08-18 18:52:26,080][trainer.py][INFO]  Epoch:6(701/1032) loss:0.471 
[2020-08-18 18:53:41,547][trainer.py][INFO]  Epoch:6(801/1032) loss:0.324 
[2020-08-18 18:54:56,454][trainer.py][INFO]  Epoch:6(901/1032) loss:0.200 
[2020-08-18 18:56:12,573][trainer.py][INFO]  Epoch:6(1001/1032) loss:0.450 
[2020-08-18 18:56:36,981][trainer.py][INFO]  Epoch:6(1033/1032) loss:0.225 
[2020-08-18 18:59:38,172][trainer.py][INFO] 各类单独F1:{'畅通': 0.899321857068336, '缓行': 0.0, '拥堵': 0.6594594594594595}  各类F加权:0.5755400470893429
[2020-08-18 18:59:38,172][trainer.py][INFO] val_size: 1380  valLoss: 0.5765 valAcc: 0.8014
[2020-08-18 19:02:22,238][trainer.py][INFO] efficient-b5-seg-w 第6 epoch 预测结果:{'畅通': 413, '缓行': 0, '拥堵': 187}
[2020-08-18 19:02:22,238][trainer.py][INFO] 69.json 预测结果:{'畅通': 454, '缓行': 15, '拥堵': 131}
[2020-08-18 19:02:22,239][trainer.py][INFO] efficient-b5-seg-w 和 69.json 的 f1:[0.92964245 0.         0.79245283] 加权f1:0.6614001871558834 
[2020-08-18 19:02:22,239][trainer.py][INFO] efficient-b5-seg-w 和 69.json 的 Acc:0.8816666666666667 Precision:[0.97578692 0.         0.67379679] Recall:[0.8876652  0.         0.96183206]
[2020-08-18 19:02:22,244][trainer.py][INFO] Epoch:[6/29]	 Loss=0.49453	 Acc=0.808 epoch_Time:12.939668754736582 min:
[2020-08-18 19:02:22,573][trainer.py][INFO] ----------
[2020-08-18 19:02:22,574][trainer.py][INFO] Epoch 7/29
[2020-08-18 19:02:22,574][trainer.py][INFO] learning rate:0.0026191908277570734
[2020-08-18 19:02:22,574][trainer.py][INFO] ----------
[2020-08-18 19:02:25,187][trainer.py][INFO]  Epoch:7(1/1032) loss:0.536 
[2020-08-18 19:03:39,515][trainer.py][INFO]  Epoch:7(101/1032) loss:0.452 
[2020-08-18 19:04:53,310][trainer.py][INFO]  Epoch:7(201/1032) loss:0.435 
[2020-08-18 19:06:06,671][trainer.py][INFO]  Epoch:7(301/1032) loss:0.286 
[2020-08-18 19:07:20,551][trainer.py][INFO]  Epoch:7(401/1032) loss:0.201 
[2020-08-18 19:08:35,090][trainer.py][INFO]  Epoch:7(501/1032) loss:0.485 
[2020-08-18 19:09:49,526][trainer.py][INFO]  Epoch:7(601/1032) loss:0.546 
[2020-08-18 19:11:03,047][trainer.py][INFO]  Epoch:7(701/1032) loss:0.333 
[2020-08-18 19:12:17,243][trainer.py][INFO]  Epoch:7(801/1032) loss:0.389 
[2020-08-18 19:13:31,090][trainer.py][INFO]  Epoch:7(901/1032) loss:0.328 
[2020-08-18 19:14:45,503][trainer.py][INFO]  Epoch:7(1001/1032) loss:0.097 
[2020-08-18 19:15:09,248][trainer.py][INFO]  Epoch:7(1033/1032) loss:0.068 
[2020-08-18 19:18:10,273][trainer.py][INFO] 各类单独F1:{'畅通': 0.924075924075924, '缓行': 0.13793103448275862, '拥堵': 0.704730831973899}  各类F加权:0.6352398908960759
[2020-08-18 19:18:10,274][trainer.py][INFO] val_size: 1380  valLoss: 0.4859 valAcc: 0.8341
[2020-08-18 19:20:50,297][trainer.py][INFO] efficient-b5-seg-w 第7 epoch 预测结果:{'畅通': 443, '缓行': 7, '拥堵': 150}
[2020-08-18 19:20:50,297][trainer.py][INFO] 69.json 预测结果:{'畅通': 454, '缓行': 15, '拥堵': 131}
[2020-08-18 19:20:50,298][trainer.py][INFO] efficient-b5-seg-w 和 69.json 的 f1:[0.94760312 0.27272727 0.84697509] 加权f1:0.7522511322294705 
[2020-08-18 19:20:50,298][trainer.py][INFO] efficient-b5-seg-w 和 69.json 的 Acc:0.9116666666666666 Precision:[0.95936795 0.42857143 0.79333333] Recall:[0.93612335 0.2        0.90839695]
[2020-08-18 19:20:50,302][trainer.py][INFO] Epoch:[7/29]	 Loss=0.45867	 Acc=0.823 epoch_Time:12.778492506345113 min:
[2020-08-18 19:20:50,521][trainer.py][INFO] ----------
[2020-08-18 19:20:50,522][trainer.py][INFO] Epoch 8/29
[2020-08-18 19:20:50,522][trainer.py][INFO] learning rate:0.0013831230789074073
[2020-08-18 19:20:50,522][trainer.py][INFO] ----------
[2020-08-18 19:20:53,378][trainer.py][INFO]  Epoch:8(1/1032) loss:0.286 
[2020-08-18 19:22:07,304][trainer.py][INFO]  Epoch:8(101/1032) loss:0.511 
[2020-08-18 19:23:21,556][trainer.py][INFO]  Epoch:8(201/1032) loss:0.320 
[2020-08-18 19:24:37,509][trainer.py][INFO]  Epoch:8(301/1032) loss:0.206 
[2020-08-18 19:25:51,396][trainer.py][INFO]  Epoch:8(401/1032) loss:0.112 
[2020-08-18 19:27:04,767][trainer.py][INFO]  Epoch:8(501/1032) loss:0.425 
[2020-08-18 19:28:19,472][trainer.py][INFO]  Epoch:8(601/1032) loss:0.363 
[2020-08-18 19:29:33,321][trainer.py][INFO]  Epoch:8(701/1032) loss:0.154 
[2020-08-18 19:30:47,441][trainer.py][INFO]  Epoch:8(801/1032) loss:0.581 
[2020-08-18 19:32:02,581][trainer.py][INFO]  Epoch:8(901/1032) loss:0.461 
[2020-08-18 19:33:16,328][trainer.py][INFO]  Epoch:8(1001/1032) loss:0.241 
[2020-08-18 19:33:40,123][trainer.py][INFO]  Epoch:8(1033/1032) loss:0.326 
[2020-08-18 19:36:41,639][trainer.py][INFO] 各类单独F1:{'畅通': 0.9214250854075159, '缓行': 0.05405405405405406, '拥堵': 0.6833333333333333}  各类F加权:0.605095827892314
[2020-08-18 19:36:41,640][trainer.py][INFO] val_size: 1380  valLoss: 0.5139 valAcc: 0.8348
[2020-08-18 19:39:19,694][trainer.py][INFO] efficient-b5-seg-w 第8 epoch 预测结果:{'畅通': 452, '缓行': 2, '拥堵': 146}
[2020-08-18 19:39:19,694][trainer.py][INFO] 69.json 预测结果:{'畅通': 454, '缓行': 15, '拥堵': 131}
[2020-08-18 19:39:19,695][trainer.py][INFO] efficient-b5-seg-w 和 69.json 的 f1:[0.95143488 0.11764706 0.85920578] 加权f1:0.7293398531861163 
[2020-08-18 19:39:19,695][trainer.py][INFO] efficient-b5-seg-w 和 69.json 的 Acc:0.9183333333333333 Precision:[0.95353982 0.5        0.81506849] Recall:[0.94933921 0.06666667 0.90839695]
[2020-08-18 19:39:19,701][trainer.py][INFO] Epoch:[8/29]	 Loss=0.39405	 Acc=0.844 epoch_Time:12.82733077208201 min:
[2020-08-18 19:39:19,955][trainer.py][INFO] ----------
[2020-08-18 19:39:19,955][trainer.py][INFO] Epoch 9/29
[2020-08-18 19:39:19,955][trainer.py][INFO] learning rate:0.00038268134703972433
[2020-08-18 19:39:19,955][trainer.py][INFO] ----------
[2020-08-18 19:39:22,950][trainer.py][INFO]  Epoch:9(1/1032) loss:0.429 
[2020-08-18 19:40:36,036][trainer.py][INFO]  Epoch:9(101/1032) loss:0.296 
[2020-08-18 19:41:49,648][trainer.py][INFO]  Epoch:9(201/1032) loss:0.366 
[2020-08-18 19:43:01,836][trainer.py][INFO]  Epoch:9(301/1032) loss:0.201 
[2020-08-18 19:44:15,427][trainer.py][INFO]  Epoch:9(401/1032) loss:0.181 
[2020-08-18 19:45:29,759][trainer.py][INFO]  Epoch:9(501/1032) loss:0.294 
[2020-08-18 19:46:43,019][trainer.py][INFO]  Epoch:9(601/1032) loss:0.061 
[2020-08-18 19:47:56,505][trainer.py][INFO]  Epoch:9(701/1032) loss:0.273 
[2020-08-18 19:49:10,884][trainer.py][INFO]  Epoch:9(801/1032) loss:0.039 
[2020-08-18 19:50:24,476][trainer.py][INFO]  Epoch:9(901/1032) loss:0.182 
[2020-08-18 19:51:37,864][trainer.py][INFO]  Epoch:9(1001/1032) loss:0.158 
[2020-08-18 19:52:02,090][trainer.py][INFO]  Epoch:9(1033/1032) loss:0.137 
[2020-08-18 19:55:05,229][trainer.py][INFO] 各类单独F1:{'畅通': 0.9146586345381527, '缓行': 0.13114754098360656, '拥堵': 0.6324786324786325}  各类F加权:0.5886484145915314
[2020-08-18 19:55:05,229][trainer.py][INFO] val_size: 1380  valLoss: 0.5362 valAcc: 0.8029
[2020-08-18 19:57:49,326][trainer.py][INFO] efficient-b5-seg-w 第9 epoch 预测结果:{'畅通': 438, '缓行': 17, '拥堵': 145}
[2020-08-18 19:57:49,326][trainer.py][INFO] 69.json 预测结果:{'畅通': 454, '缓行': 15, '拥堵': 131}
[2020-08-18 19:57:49,327][trainer.py][INFO] efficient-b5-seg-w 和 69.json 的 f1:[0.94394619 0.4375     0.83333333] 加权f1:0.7762892376681615 
[2020-08-18 19:57:49,327][trainer.py][INFO] efficient-b5-seg-w 和 69.json 的 Acc:0.905 Precision:[0.96118721 0.41176471 0.79310345] Recall:[0.92731278 0.46666667 0.8778626 ]
[2020-08-18 19:57:49,331][trainer.py][INFO] Epoch:[9/29]	 Loss=0.35212	 Acc=0.863 epoch_Time:12.702781085173289 min:
[2020-08-18 19:57:49,711][trainer.py][INFO] ----------
[2020-08-18 19:57:49,711][trainer.py][INFO] Epoch 10/29
[2020-08-18 19:57:49,712][trainer.py][INFO] learning rate:3.699636710319254e-10
[2020-08-18 19:57:49,712][trainer.py][INFO] ----------
[2020-08-18 19:57:53,860][trainer.py][INFO]  Epoch:10(1/1032) loss:0.380 
[2020-08-18 19:59:07,397][trainer.py][INFO]  Epoch:10(101/1032) loss:0.357 
[2020-08-18 20:00:21,792][trainer.py][INFO]  Epoch:10(201/1032) loss:0.440 
[2020-08-18 20:01:36,382][trainer.py][INFO]  Epoch:10(301/1032) loss:0.439 
[2020-08-18 20:02:51,060][trainer.py][INFO]  Epoch:10(401/1032) loss:0.253 
[2020-08-18 20:04:05,544][trainer.py][INFO]  Epoch:10(501/1032) loss:0.365 
[2020-08-18 20:05:20,252][trainer.py][INFO]  Epoch:10(601/1032) loss:0.260 
[2020-08-18 20:06:34,636][trainer.py][INFO]  Epoch:10(701/1032) loss:0.553 
[2020-08-18 20:07:48,888][trainer.py][INFO]  Epoch:10(801/1032) loss:0.294 
[2020-08-18 20:09:02,951][trainer.py][INFO]  Epoch:10(901/1032) loss:0.100 
[2020-08-18 20:10:17,706][trainer.py][INFO]  Epoch:10(1001/1032) loss:0.089 
[2020-08-18 20:10:42,371][trainer.py][INFO]  Epoch:10(1033/1032) loss:0.056 
[2020-08-18 20:13:41,002][trainer.py][INFO] 各类单独F1:{'畅通': 0.9146586345381527, '缓行': 0.13114754098360656, '拥堵': 0.6324786324786325}  各类F加权:0.5886484145915314
[2020-08-18 20:13:41,002][trainer.py][INFO] val_size: 1380  valLoss: 0.5362 valAcc: 0.8029
[2020-08-18 20:16:31,069][trainer.py][INFO] efficient-b5-seg-w 第10 epoch 预测结果:{'畅通': 440, '缓行': 17, '拥堵': 143}
[2020-08-18 20:16:31,069][trainer.py][INFO] 69.json 预测结果:{'畅通': 454, '缓行': 15, '拥堵': 131}
[2020-08-18 20:16:31,070][trainer.py][INFO] efficient-b5-seg-w 和 69.json 的 f1:[0.94854586 0.4375     0.84671533] 加权f1:0.7852383693397997 
[2020-08-18 20:16:31,070][trainer.py][INFO] efficient-b5-seg-w 和 69.json 的 Acc:0.9116666666666666 Precision:[0.96363636 0.41176471 0.81118881] Recall:[0.9339207  0.46666667 0.88549618]
[2020-08-18 20:16:31,075][trainer.py][INFO] Epoch:[10/29]	 Loss=0.34170	 Acc=0.880 epoch_Time:12.878676724433898 min:
[2020-08-18 20:16:31,370][trainer.py][INFO] ----------
[2020-08-18 20:16:31,371][trainer.py][INFO] Epoch 11/29
[2020-08-18 20:16:31,371][trainer.py][INFO] learning rate:0.00361874872592572
[2020-08-18 20:16:31,371][trainer.py][INFO] ----------
[2020-08-18 20:16:34,256][trainer.py][INFO]  Epoch:11(1/1032) loss:0.244 
[2020-08-18 20:17:49,080][trainer.py][INFO]  Epoch:11(101/1032) loss:1.547 
[2020-08-18 20:19:03,581][trainer.py][INFO]  Epoch:11(201/1032) loss:0.463 
[2020-08-18 20:20:18,639][trainer.py][INFO]  Epoch:11(301/1032) loss:0.390 
[2020-08-18 20:21:32,120][trainer.py][INFO]  Epoch:11(401/1032) loss:0.229 
[2020-08-18 20:22:46,617][trainer.py][INFO]  Epoch:11(501/1032) loss:1.083 
[2020-08-18 20:24:00,042][trainer.py][INFO]  Epoch:11(601/1032) loss:0.288 
[2020-08-18 20:25:13,600][trainer.py][INFO]  Epoch:11(701/1032) loss:0.208 
[2020-08-18 20:26:27,825][trainer.py][INFO]  Epoch:11(801/1032) loss:0.382 
[2020-08-18 20:27:42,398][trainer.py][INFO]  Epoch:11(901/1032) loss:0.693 
[2020-08-18 20:28:56,576][trainer.py][INFO]  Epoch:11(1001/1032) loss:0.464 
[2020-08-18 20:29:20,255][trainer.py][INFO]  Epoch:11(1033/1032) loss:0.048 
[2020-08-18 20:32:22,225][trainer.py][INFO] 各类单独F1:{'畅通': 0.9174493326742461, '缓行': 0.15384615384615385, '拥堵': 0.6430976430976432}  各类F加权:0.6001176831626659
[2020-08-18 20:32:22,225][trainer.py][INFO] val_size: 1380  valLoss: 0.5131 valAcc: 0.8188
[2020-08-18 20:35:06,995][trainer.py][INFO] efficient-b5-seg-w 第11 epoch 预测结果:{'畅通': 445, '缓行': 12, '拥堵': 143}
[2020-08-18 20:35:06,996][trainer.py][INFO] 69.json 预测结果:{'畅通': 454, '缓行': 15, '拥堵': 131}
[2020-08-18 20:35:06,997][trainer.py][INFO] efficient-b5-seg-w 和 69.json 的 f1:[0.94771969 0.37037037 0.83941606] 加权f1:0.7672676468191355 
[2020-08-18 20:35:06,998][trainer.py][INFO] efficient-b5-seg-w 和 69.json 的 Acc:0.91 Precision:[0.95730337 0.41666667 0.8041958 ] Recall:[0.93832599 0.33333333 0.8778626 ]
[2020-08-18 20:35:07,003][trainer.py][INFO] Epoch:[11/29]	 Loss=0.43964	 Acc=0.827 epoch_Time:12.815528659025828 min:
[2020-08-18 20:35:07,485][trainer.py][INFO] ----------
[2020-08-18 20:35:07,486][trainer.py][INFO] Epoch 12/29
[2020-08-18 20:35:07,486][trainer.py][INFO] learning rate:0.0026191908277570734
[2020-08-18 20:35:07,487][trainer.py][INFO] ----------
[2020-08-18 20:35:10,654][trainer.py][INFO]  Epoch:12(1/1032) loss:0.217 
[2020-08-18 20:36:24,674][trainer.py][INFO]  Epoch:12(101/1032) loss:0.357 
[2020-08-18 20:37:38,208][trainer.py][INFO]  Epoch:12(201/1032) loss:0.474 
[2020-08-18 20:38:52,323][trainer.py][INFO]  Epoch:12(301/1032) loss:0.372 
[2020-08-18 20:40:06,726][trainer.py][INFO]  Epoch:12(401/1032) loss:0.513 
[2020-08-18 20:41:20,505][trainer.py][INFO]  Epoch:12(501/1032) loss:0.180 
[2020-08-18 20:42:34,320][trainer.py][INFO]  Epoch:12(601/1032) loss:0.549 
[2020-08-18 20:43:49,161][trainer.py][INFO]  Epoch:12(701/1032) loss:0.636 
[2020-08-18 20:45:03,798][trainer.py][INFO]  Epoch:12(801/1032) loss:0.341 
[2020-08-18 20:46:18,176][trainer.py][INFO]  Epoch:12(901/1032) loss:0.168 
[2020-08-18 20:47:32,598][trainer.py][INFO]  Epoch:12(1001/1032) loss:0.445 
[2020-08-18 20:47:56,383][trainer.py][INFO]  Epoch:12(1033/1032) loss:0.179 
[2020-08-18 20:50:56,848][trainer.py][INFO] 各类单独F1:{'畅通': 0.9098474341192786, '缓行': 0.05042016806722689, '拥堵': 0.5857740585774058}  各类F加权:0.5435179555837446
[2020-08-18 20:50:56,848][trainer.py][INFO] val_size: 1380  valLoss: 0.5261 valAcc: 0.8167
[2020-08-18 20:53:38,570][trainer.py][INFO] efficient-b5-seg-w 第12 epoch 预测结果:{'畅通': 474, '缓行': 4, '拥堵': 122}
[2020-08-18 20:53:38,570][trainer.py][INFO] 69.json 预测结果:{'畅通': 454, '缓行': 15, '拥堵': 131}
[2020-08-18 20:53:38,572][trainer.py][INFO] efficient-b5-seg-w 和 69.json 的 f1:[0.95043103 0.31578947 0.8458498 ] 加权f1:0.7607539830563188 
[2020-08-18 20:53:38,573][trainer.py][INFO] efficient-b5-seg-w 和 69.json 的 Acc:0.9183333333333333 Precision:[0.93037975 0.75       0.87704918] Recall:[0.97136564 0.2        0.81679389]
[2020-08-18 20:53:38,586][trainer.py][INFO] Epoch:[12/29]	 Loss=0.40564	 Acc=0.844 epoch_Time:12.816640015443166 min:
[2020-08-18 20:53:39,019][trainer.py][INFO] ----------
[2020-08-18 20:53:39,020][trainer.py][INFO] Epoch 13/29
[2020-08-18 20:53:39,020][trainer.py][INFO] learning rate:0.0013831230789074073
[2020-08-18 20:53:39,020][trainer.py][INFO] ----------
[2020-08-18 20:53:41,958][trainer.py][INFO]  Epoch:13(1/1032) loss:0.637 
[2020-08-18 20:54:56,183][trainer.py][INFO]  Epoch:13(101/1032) loss:0.341 
[2020-08-18 20:56:11,207][trainer.py][INFO]  Epoch:13(201/1032) loss:0.278 
[2020-08-18 20:57:25,368][trainer.py][INFO]  Epoch:13(301/1032) loss:0.335 
[2020-08-18 20:58:40,555][trainer.py][INFO]  Epoch:13(401/1032) loss:0.942 
[2020-08-18 20:59:55,747][trainer.py][INFO]  Epoch:13(501/1032) loss:0.451 
[2020-08-18 21:01:10,964][trainer.py][INFO]  Epoch:13(601/1032) loss:0.265 
[2020-08-18 21:02:25,591][trainer.py][INFO]  Epoch:13(701/1032) loss:0.072 
[2020-08-18 21:03:41,337][trainer.py][INFO]  Epoch:13(801/1032) loss:1.105 
[2020-08-18 21:04:56,704][trainer.py][INFO]  Epoch:13(901/1032) loss:0.107 
[2020-08-18 21:06:10,843][trainer.py][INFO]  Epoch:13(1001/1032) loss:0.495 
[2020-08-18 21:06:35,292][trainer.py][INFO]  Epoch:13(1033/1032) loss:0.347 
[2020-08-18 21:09:37,485][trainer.py][INFO] 各类单独F1:{'畅通': 0.9086345381526104, '缓行': 0.1978021978021978, '拥堵': 0.5696969696969696}  各类F加权:0.5631055290091433
[2020-08-18 21:09:37,486][trainer.py][INFO] val_size: 1380  valLoss: 0.6109 valAcc: 0.7775
[2020-08-18 21:12:18,919][trainer.py][INFO] efficient-b5-seg-w 第13 epoch 预测结果:{'畅通': 441, '缓行': 31, '拥堵': 128}
[2020-08-18 21:12:18,919][trainer.py][INFO] 69.json 预测结果:{'畅通': 454, '缓行': 15, '拥堵': 131}
[2020-08-18 21:12:18,920][trainer.py][INFO] efficient-b5-seg-w 和 69.json 的 f1:[0.94972067 0.39130435 0.82625483] 加权f1:0.7639578993963254 
[2020-08-18 21:12:18,920][trainer.py][INFO] efficient-b5-seg-w 和 69.json 的 Acc:0.9016666666666666 Precision:[0.96371882 0.29032258 0.8359375 ] Recall:[0.93612335 0.6        0.81679389]
[2020-08-18 21:12:18,944][trainer.py][INFO] Epoch:[13/29]	 Loss=0.33784	 Acc=0.869 epoch_Time:12.938446672757467 min:
[2020-08-18 21:12:19,299][trainer.py][INFO] ----------
[2020-08-18 21:12:19,299][trainer.py][INFO] Epoch 14/29
[2020-08-18 21:12:19,299][trainer.py][INFO] learning rate:0.00038268134703972433
[2020-08-18 21:12:19,299][trainer.py][INFO] ----------
[2020-08-18 21:12:21,706][trainer.py][INFO]  Epoch:14(1/1032) loss:0.198 
[2020-08-18 21:13:34,468][trainer.py][INFO]  Epoch:14(101/1032) loss:0.916 
[2020-08-18 21:14:48,646][trainer.py][INFO]  Epoch:14(201/1032) loss:0.568 
[2020-08-18 21:16:02,837][trainer.py][INFO]  Epoch:14(301/1032) loss:0.068 
[2020-08-18 21:17:16,246][trainer.py][INFO]  Epoch:14(401/1032) loss:0.884 
[2020-08-18 21:18:30,246][trainer.py][INFO]  Epoch:14(501/1032) loss:0.147 
[2020-08-18 21:19:44,557][trainer.py][INFO]  Epoch:14(601/1032) loss:0.134 
[2020-08-18 21:20:59,149][trainer.py][INFO]  Epoch:14(701/1032) loss:0.406 
[2020-08-18 21:22:13,166][trainer.py][INFO]  Epoch:14(801/1032) loss:0.222 
[2020-08-18 21:23:26,944][trainer.py][INFO]  Epoch:14(901/1032) loss:0.259 
[2020-08-18 21:24:41,322][trainer.py][INFO]  Epoch:14(1001/1032) loss:0.604 
[2020-08-18 21:25:06,035][trainer.py][INFO]  Epoch:14(1033/1032) loss:0.128 
[2020-08-18 21:28:07,850][trainer.py][INFO] 各类单独F1:{'畅通': 0.9140049140049141, '缓行': 0.16091954022988506, '拥堵': 0.6098003629764065}  各类F加权:0.5808651086328037
[2020-08-18 21:28:07,850][trainer.py][INFO] val_size: 1380  valLoss: 0.6001 valAcc: 0.8058
[2020-08-18 21:31:02,486][trainer.py][INFO] efficient-b5-seg-w 第14 epoch 预测结果:{'畅通': 447, '缓行': 15, '拥堵': 138}
[2020-08-18 21:31:02,487][trainer.py][INFO] 69.json 预测结果:{'畅通': 454, '缓行': 15, '拥堵': 131}
[2020-08-18 21:31:02,487][trainer.py][INFO] efficient-b5-seg-w 和 69.json 的 f1:[0.95227525 0.46666667 0.85501859] 加权f1:0.7967995356941964 
[2020-08-18 21:31:02,488][trainer.py][INFO] efficient-b5-seg-w 和 69.json 的 Acc:0.9183333333333333 Precision:[0.95973154 0.46666667 0.83333333] Recall:[0.94493392 0.46666667 0.8778626 ]
[2020-08-18 21:31:02,493][trainer.py][INFO] Epoch:[14/29]	 Loss=0.29084	 Acc=0.886 epoch_Time:12.779357349872589 min:
[2020-08-18 21:31:02,739][trainer.py][INFO] ----------
[2020-08-18 21:31:02,739][trainer.py][INFO] Epoch 15/29
[2020-08-18 21:31:02,739][trainer.py][INFO] learning rate:3.699636710319254e-10
[2020-08-18 21:31:02,739][trainer.py][INFO] ----------
[2020-08-18 21:31:05,086][trainer.py][INFO]  Epoch:15(1/1032) loss:0.209 
[2020-08-18 21:32:19,854][trainer.py][INFO]  Epoch:15(101/1032) loss:0.393 
[2020-08-18 21:33:34,200][trainer.py][INFO]  Epoch:15(201/1032) loss:0.046 
[2020-08-18 21:34:48,776][trainer.py][INFO]  Epoch:15(301/1032) loss:0.292 
[2020-08-18 21:36:02,483][trainer.py][INFO]  Epoch:15(401/1032) loss:0.273 
[2020-08-18 21:37:16,806][trainer.py][INFO]  Epoch:15(501/1032) loss:0.272 
[2020-08-18 21:38:32,509][trainer.py][INFO]  Epoch:15(601/1032) loss:0.162 
[2020-08-18 21:39:48,231][trainer.py][INFO]  Epoch:15(701/1032) loss:0.100 
[2020-08-18 21:41:03,041][trainer.py][INFO]  Epoch:15(801/1032) loss:0.337 
[2020-08-18 21:42:17,729][trainer.py][INFO]  Epoch:15(901/1032) loss:1.323 
[2020-08-18 21:43:33,461][trainer.py][INFO]  Epoch:15(1001/1032) loss:0.417 
[2020-08-18 21:43:58,441][trainer.py][INFO]  Epoch:15(1033/1032) loss:1.139 
[2020-08-18 21:46:50,949][trainer.py][INFO] 各类单独F1:{'畅通': 0.9140049140049141, '缓行': 0.16091954022988506, '拥堵': 0.6098003629764065}  各类F加权:0.5808651086328037
[2020-08-18 21:46:50,950][trainer.py][INFO] val_size: 1380  valLoss: 0.6001 valAcc: 0.8058
[2020-08-18 21:49:42,019][trainer.py][INFO] efficient-b5-seg-w 第15 epoch 预测结果:{'畅通': 448, '缓行': 15, '拥堵': 137}
[2020-08-18 21:49:42,019][trainer.py][INFO] 69.json 预测结果:{'畅通': 454, '缓行': 15, '拥堵': 131}
[2020-08-18 21:49:42,020][trainer.py][INFO] efficient-b5-seg-w 和 69.json 的 f1:[0.95343681 0.46666667 0.85820896] 加权f1:0.7989460678867304 
[2020-08-18 21:49:42,020][trainer.py][INFO] efficient-b5-seg-w 和 69.json 的 Acc:0.92 Precision:[0.95982143 0.46666667 0.83941606] Recall:[0.94713656 0.46666667 0.8778626 ]
[2020-08-18 21:49:42,024][trainer.py][INFO] Epoch:[15/29]	 Loss=0.27783	 Acc=0.889 epoch_Time:12.928774305184682 min:
[2020-08-18 21:49:42,234][trainer.py][INFO] ----------
[2020-08-18 21:49:42,234][trainer.py][INFO] Epoch 16/29
[2020-08-18 21:49:42,234][trainer.py][INFO] learning rate:0.00361874872592572
[2020-08-18 21:49:42,235][trainer.py][INFO] ----------
[2020-08-18 21:49:45,068][trainer.py][INFO]  Epoch:16(1/1032) loss:0.518 
[2020-08-18 21:51:00,242][trainer.py][INFO]  Epoch:16(101/1032) loss:1.733 
[2020-08-18 21:52:15,610][trainer.py][INFO]  Epoch:16(201/1032) loss:0.166 
[2020-08-18 21:53:31,192][trainer.py][INFO]  Epoch:16(301/1032) loss:0.105 
[2020-08-18 21:54:47,645][trainer.py][INFO]  Epoch:16(401/1032) loss:0.473 
[2020-08-18 21:56:04,313][trainer.py][INFO]  Epoch:16(501/1032) loss:0.214 
[2020-08-18 21:57:20,421][trainer.py][INFO]  Epoch:16(601/1032) loss:0.575 
[2020-08-18 21:58:36,602][trainer.py][INFO]  Epoch:16(701/1032) loss:0.377 
[2020-08-18 21:59:51,643][trainer.py][INFO]  Epoch:16(801/1032) loss:0.474 
[2020-08-18 22:01:06,752][trainer.py][INFO]  Epoch:16(901/1032) loss:0.702 
[2020-08-18 22:02:24,048][trainer.py][INFO]  Epoch:16(1001/1032) loss:0.517 
[2020-08-18 22:02:48,915][trainer.py][INFO]  Epoch:16(1033/1032) loss:0.230 
[2020-08-18 22:05:40,547][trainer.py][INFO] 各类单独F1:{'畅通': 0.8904182106934886, '缓行': 0.14883720930232558, '拥堵': 0.6219512195121951}  各类F加权:0.5810218157064799
[2020-08-18 22:05:40,548][trainer.py][INFO] val_size: 1380  valLoss: 0.6381 valAcc: 0.7688
[2020-08-18 22:08:31,987][trainer.py][INFO] efficient-b5-seg-w 第16 epoch 预测结果:{'畅通': 422, '缓行': 20, '拥堵': 158}
[2020-08-18 22:08:31,987][trainer.py][INFO] 69.json 预测结果:{'畅通': 454, '缓行': 15, '拥堵': 131}
[2020-08-18 22:08:31,988][trainer.py][INFO] efficient-b5-seg-w 和 69.json 的 f1:[0.93607306 0.4        0.82352941] 加权f1:0.7613322589309697 
[2020-08-18 22:08:31,988][trainer.py][INFO] efficient-b5-seg-w 和 69.json 的 Acc:0.8933333333333333 Precision:[0.97156398 0.35       0.75316456] Recall:[0.9030837  0.46666667 0.90839695]
[2020-08-18 22:08:31,994][trainer.py][INFO] Epoch:[16/29]	 Loss=0.40297	 Acc=0.840 epoch_Time:13.111810465653738 min:
[2020-08-18 22:08:32,319][trainer.py][INFO] ----------
[2020-08-18 22:08:32,319][trainer.py][INFO] Epoch 17/29
[2020-08-18 22:08:32,319][trainer.py][INFO] learning rate:0.0026191908277570734
[2020-08-18 22:08:32,319][trainer.py][INFO] ----------
[2020-08-18 22:08:35,683][trainer.py][INFO]  Epoch:17(1/1032) loss:0.226 
[2020-08-18 22:09:49,352][trainer.py][INFO]  Epoch:17(101/1032) loss:0.130 
[2020-08-18 22:11:03,428][trainer.py][INFO]  Epoch:17(201/1032) loss:0.475 
[2020-08-18 22:12:18,174][trainer.py][INFO]  Epoch:17(301/1032) loss:0.046 
[2020-08-18 22:13:32,436][trainer.py][INFO]  Epoch:17(401/1032) loss:0.645 
[2020-08-18 22:14:48,408][trainer.py][INFO]  Epoch:17(501/1032) loss:0.972 
[2020-08-18 22:16:02,508][trainer.py][INFO]  Epoch:17(601/1032) loss:0.712 
[2020-08-18 22:17:15,764][trainer.py][INFO]  Epoch:17(701/1032) loss:0.680 
[2020-08-18 22:18:30,005][trainer.py][INFO]  Epoch:17(801/1032) loss:0.458 
[2020-08-18 22:19:44,904][trainer.py][INFO]  Epoch:17(901/1032) loss:0.468 
[2020-08-18 22:21:01,342][trainer.py][INFO]  Epoch:17(1001/1032) loss:0.303 
[2020-08-18 22:21:26,439][trainer.py][INFO]  Epoch:17(1033/1032) loss:0.557 
[2020-08-18 22:24:23,101][trainer.py][INFO] 各类单独F1:{'畅通': 0.9177949709864602, '缓行': 0.22317596566523606, '拥堵': 0.5925925925925927}  各类F加权:0.5837497428858949
[2020-08-18 22:24:23,101][trainer.py][INFO] val_size: 1380  valLoss: 0.5620 valAcc: 0.8051
[2020-08-18 22:27:09,863][trainer.py][INFO] efficient-b5-seg-w 第17 epoch 预测结果:{'畅通': 455, '缓行': 28, '拥堵': 117}
[2020-08-18 22:27:09,864][trainer.py][INFO] 69.json 预测结果:{'畅通': 454, '缓行': 15, '拥堵': 131}
[2020-08-18 22:27:09,865][trainer.py][INFO] efficient-b5-seg-w 和 69.json 的 f1:[0.94829483 0.3255814  0.80645161] 加权f1:0.7386462127082927 
[2020-08-18 22:27:09,866][trainer.py][INFO] efficient-b5-seg-w 和 69.json 的 Acc:0.8966666666666666 Precision:[0.94725275 0.25       0.85470085] Recall:[0.94933921 0.46666667 0.76335878]
[2020-08-18 22:27:09,870][trainer.py][INFO] Epoch:[17/29]	 Loss=0.36922	 Acc=0.854 epoch_Time:12.902598003546396 min:
[2020-08-18 22:27:10,149][trainer.py][INFO] ----------
[2020-08-18 22:27:10,149][trainer.py][INFO] Epoch 18/29
[2020-08-18 22:27:10,152][trainer.py][INFO] learning rate:0.0013831230789074073
[2020-08-18 22:27:10,153][trainer.py][INFO] ----------
[2020-08-18 22:27:12,989][trainer.py][INFO]  Epoch:18(1/1032) loss:0.040 
[2020-08-18 22:28:26,865][trainer.py][INFO]  Epoch:18(101/1032) loss:0.301 
[2020-08-18 22:29:40,730][trainer.py][INFO]  Epoch:18(201/1032) loss:0.824 
[2020-08-18 22:30:55,733][trainer.py][INFO]  Epoch:18(301/1032) loss:0.268 
[2020-08-18 22:32:09,150][trainer.py][INFO]  Epoch:18(401/1032) loss:0.201 
[2020-08-18 22:33:23,926][trainer.py][INFO]  Epoch:18(501/1032) loss:0.153 
[2020-08-18 22:34:38,014][trainer.py][INFO]  Epoch:18(601/1032) loss:0.209 
[2020-08-18 22:35:52,337][trainer.py][INFO]  Epoch:18(701/1032) loss:0.056 
[2020-08-18 22:37:07,643][trainer.py][INFO]  Epoch:18(801/1032) loss:0.087 
[2020-08-18 22:38:21,480][trainer.py][INFO]  Epoch:18(901/1032) loss:0.631 
[2020-08-18 22:39:37,577][trainer.py][INFO]  Epoch:18(1001/1032) loss:0.146 
[2020-08-18 22:40:02,215][trainer.py][INFO]  Epoch:18(1033/1032) loss:0.343 
[2020-08-18 22:42:57,304][trainer.py][INFO] 各类单独F1:{'畅通': 0.9214607303651825, '缓行': 0.15094339622641512, '拥堵': 0.6644518272425249}  各类F加权:0.6131519216638345
[2020-08-18 22:42:57,304][trainer.py][INFO] val_size: 1380  valLoss: 0.6140 valAcc: 0.8210
[2020-08-18 22:45:41,835][trainer.py][INFO] efficient-b5-seg-w 第18 epoch 预测结果:{'畅通': 443, '缓行': 15, '拥堵': 142}
[2020-08-18 22:45:41,835][trainer.py][INFO] 69.json 预测结果:{'畅通': 454, '缓行': 15, '拥堵': 131}
[2020-08-18 22:45:41,835][trainer.py][INFO] efficient-b5-seg-w 和 69.json 的 f1:[0.94983278 0.46666667 0.84981685] 加权f1:0.7931899984073898 
[2020-08-18 22:45:41,836][trainer.py][INFO] efficient-b5-seg-w 和 69.json 的 Acc:0.915 Precision:[0.96162528 0.46666667 0.81690141] Recall:[0.93832599 0.46666667 0.88549618]
[2020-08-18 22:45:41,841][trainer.py][INFO] Epoch:[18/29]	 Loss=0.29722	 Acc=0.884 epoch_Time:12.868205543359121 min:
[2020-08-18 22:45:42,187][trainer.py][INFO] ----------
[2020-08-18 22:45:42,187][trainer.py][INFO] Epoch 19/29
[2020-08-18 22:45:42,187][trainer.py][INFO] learning rate:0.00038268134703972433
[2020-08-18 22:45:42,187][trainer.py][INFO] ----------
[2020-08-18 22:45:44,839][trainer.py][INFO]  Epoch:19(1/1032) loss:0.397 
[2020-08-18 22:46:58,288][trainer.py][INFO]  Epoch:19(101/1032) loss:0.377 
[2020-08-18 22:48:11,710][trainer.py][INFO]  Epoch:19(201/1032) loss:0.212 
[2020-08-18 22:49:25,257][trainer.py][INFO]  Epoch:19(301/1032) loss:0.038 
[2020-08-18 22:50:38,896][trainer.py][INFO]  Epoch:19(401/1032) loss:0.151 
[2020-08-18 22:51:53,443][trainer.py][INFO]  Epoch:19(501/1032) loss:0.241 
[2020-08-18 22:53:07,654][trainer.py][INFO]  Epoch:19(601/1032) loss:0.579 
[2020-08-18 22:54:21,981][trainer.py][INFO]  Epoch:19(701/1032) loss:0.298 
[2020-08-18 22:55:36,306][trainer.py][INFO]  Epoch:19(801/1032) loss:0.083 
[2020-08-18 22:56:50,271][trainer.py][INFO]  Epoch:19(901/1032) loss:0.024 
[2020-08-18 22:58:04,742][trainer.py][INFO]  Epoch:19(1001/1032) loss:0.150 
[2020-08-18 22:58:29,443][trainer.py][INFO]  Epoch:19(1033/1032) loss:0.325 
[2020-08-18 23:01:27,589][trainer.py][INFO] 各类单独F1:{'畅通': 0.9188361408882082, '缓行': 0.15286624203821655, '拥堵': 0.6708074534161491}  各类F加权:0.6168249486349744
[2020-08-18 23:01:27,590][trainer.py][INFO] val_size: 1380  valLoss: 0.7025 valAcc: 0.8174
[2020-08-18 23:04:10,683][trainer.py][INFO] efficient-b5-seg-w 第19 epoch 预测结果:{'畅通': 441, '缓行': 15, '拥堵': 144}
[2020-08-18 23:04:10,683][trainer.py][INFO] 69.json 预测结果:{'畅通': 454, '缓行': 15, '拥堵': 131}
[2020-08-18 23:04:10,684][trainer.py][INFO] efficient-b5-seg-w 和 69.json 的 f1:[0.94972067 0.46666667 0.85090909] 加权f1:0.7938229219570001 
[2020-08-18 23:04:10,684][trainer.py][INFO] efficient-b5-seg-w 和 69.json 的 Acc:0.915 Precision:[0.96371882 0.46666667 0.8125    ] Recall:[0.93612335 0.46666667 0.89312977]
[2020-08-18 23:04:10,688][trainer.py][INFO] Epoch:[19/29]	 Loss=0.25241	 Acc=0.906 epoch_Time:12.78800598780314 min:
[2020-08-18 23:04:10,913][trainer.py][INFO] ----------
[2020-08-18 23:04:10,914][trainer.py][INFO] Epoch 20/29
[2020-08-18 23:04:10,915][trainer.py][INFO] learning rate:3.699636710319254e-10
[2020-08-18 23:04:10,916][trainer.py][INFO] ----------
[2020-08-18 23:04:14,016][trainer.py][INFO]  Epoch:20(1/1032) loss:0.040 
[2020-08-18 23:05:27,049][trainer.py][INFO]  Epoch:20(101/1032) loss:0.361 
[2020-08-18 23:06:41,743][trainer.py][INFO]  Epoch:20(201/1032) loss:0.086 
[2020-08-18 23:07:54,711][trainer.py][INFO]  Epoch:20(301/1032) loss:0.269 
[2020-08-18 23:09:12,161][trainer.py][INFO]  Epoch:20(401/1032) loss:0.026 
[2020-08-18 23:10:27,573][trainer.py][INFO]  Epoch:20(501/1032) loss:0.250 
[2020-08-18 23:11:43,700][trainer.py][INFO]  Epoch:20(601/1032) loss:0.187 
[2020-08-18 23:12:59,596][trainer.py][INFO]  Epoch:20(701/1032) loss:0.322 
[2020-08-18 23:14:15,363][trainer.py][INFO]  Epoch:20(801/1032) loss:0.174 
[2020-08-18 23:15:31,324][trainer.py][INFO]  Epoch:20(901/1032) loss:0.584 
[2020-08-18 23:16:47,081][trainer.py][INFO]  Epoch:20(1001/1032) loss:0.090 
[2020-08-18 23:17:12,252][trainer.py][INFO]  Epoch:20(1033/1032) loss:0.041 
[2020-08-18 23:20:10,120][trainer.py][INFO] 各类单独F1:{'畅通': 0.9188361408882082, '缓行': 0.15286624203821655, '拥堵': 0.6708074534161491}  各类F加权:0.6168249486349744
[2020-08-18 23:20:10,120][trainer.py][INFO] val_size: 1380  valLoss: 0.7025 valAcc: 0.8174
[2020-08-18 23:22:59,842][trainer.py][INFO] efficient-b5-seg-w 第20 epoch 预测结果:{'畅通': 443, '缓行': 14, '拥堵': 143}
[2020-08-18 23:22:59,842][trainer.py][INFO] 69.json 预测结果:{'畅通': 454, '缓行': 15, '拥堵': 131}
[2020-08-18 23:22:59,842][trainer.py][INFO] efficient-b5-seg-w 和 69.json 的 f1:[0.95206243 0.48275862 0.8540146 ] 加权f1:0.7993729693266787 
[2020-08-18 23:22:59,843][trainer.py][INFO] efficient-b5-seg-w 和 69.json 的 Acc:0.9183333333333333 Precision:[0.96388262 0.5        0.81818182] Recall:[0.94052863 0.46666667 0.89312977]
[2020-08-18 23:22:59,847][trainer.py][INFO] Epoch:[20/29]	 Loss=0.24230	 Acc=0.900 epoch_Time:13.023012049992879 min:
[2020-08-18 23:23:00,066][trainer.py][INFO] ----------
[2020-08-18 23:23:00,066][trainer.py][INFO] Epoch 21/29
[2020-08-18 23:23:00,066][trainer.py][INFO] learning rate:0.00361874872592572
[2020-08-18 23:23:00,066][trainer.py][INFO] ----------
[2020-08-18 23:23:02,800][trainer.py][INFO]  Epoch:21(1/1032) loss:0.203 
[2020-08-18 23:24:16,692][trainer.py][INFO]  Epoch:21(101/1032) loss:0.116 
[2020-08-18 23:25:30,208][trainer.py][INFO]  Epoch:21(201/1032) loss:0.124 
[2020-08-18 23:26:43,634][trainer.py][INFO]  Epoch:21(301/1032) loss:0.558 
[2020-08-18 23:27:58,029][trainer.py][INFO]  Epoch:21(401/1032) loss:0.207 
[2020-08-18 23:29:11,784][trainer.py][INFO]  Epoch:21(501/1032) loss:0.138 
[2020-08-18 23:30:27,298][trainer.py][INFO]  Epoch:21(601/1032) loss:0.317 
[2020-08-18 23:31:40,774][trainer.py][INFO]  Epoch:21(701/1032) loss:0.425 
[2020-08-18 23:32:57,184][trainer.py][INFO]  Epoch:21(801/1032) loss:0.301 
[2020-08-18 23:34:12,660][trainer.py][INFO]  Epoch:21(901/1032) loss:0.157 
[2020-08-18 23:35:29,580][trainer.py][INFO]  Epoch:21(1001/1032) loss:0.181 
[2020-08-18 23:35:53,976][trainer.py][INFO]  Epoch:21(1033/1032) loss:0.612 
[2020-08-18 23:38:53,789][trainer.py][INFO] 各类单独F1:{'畅通': 0.8616730453799891, '缓行': 0.14285714285714285, '拥堵': 0.5874499332443257}  各类F加权:0.5533759975940218
[2020-08-18 23:38:53,790][trainer.py][INFO] val_size: 1380  valLoss: 0.7530 valAcc: 0.7399
[2020-08-18 23:41:36,294][trainer.py][INFO] efficient-b5-seg-w 第21 epoch 预测结果:{'畅通': 409, '缓行': 16, '拥堵': 175}
[2020-08-18 23:41:36,294][trainer.py][INFO] 69.json 预测结果:{'畅通': 454, '缓行': 15, '拥堵': 131}
[2020-08-18 23:41:36,295][trainer.py][INFO] efficient-b5-seg-w 和 69.json 的 f1:[0.91772885 0.4516129  0.79738562] 加权f1:0.7522997237619677 
[2020-08-18 23:41:36,295][trainer.py][INFO] efficient-b5-seg-w 和 69.json 的 Acc:0.875 Precision:[0.96821516 0.4375     0.69714286] Recall:[0.8722467  0.46666667 0.93129771]
[2020-08-18 23:41:36,299][trainer.py][INFO] Epoch:[21/29]	 Loss=0.37939	 Acc=0.851 epoch_Time:12.898920023441315 min:
[2020-08-18 23:41:36,524][trainer.py][INFO] ----------
[2020-08-18 23:41:36,525][trainer.py][INFO] Epoch 22/29
[2020-08-18 23:41:36,525][trainer.py][INFO] learning rate:0.0026191908277570734
[2020-08-18 23:41:36,525][trainer.py][INFO] ----------
[2020-08-18 23:41:40,168][trainer.py][INFO]  Epoch:22(1/1032) loss:0.671 
[2020-08-18 23:42:54,339][trainer.py][INFO]  Epoch:22(101/1032) loss:1.046 
[2020-08-18 23:44:08,417][trainer.py][INFO]  Epoch:22(201/1032) loss:0.659 
[2020-08-18 23:45:23,804][trainer.py][INFO]  Epoch:22(301/1032) loss:0.345 
[2020-08-18 23:46:38,669][trainer.py][INFO]  Epoch:22(401/1032) loss:0.018 
[2020-08-18 23:47:52,538][trainer.py][INFO]  Epoch:22(501/1032) loss:0.528 
[2020-08-18 23:49:08,868][trainer.py][INFO]  Epoch:22(601/1032) loss:0.327 
[2020-08-18 23:50:24,507][trainer.py][INFO]  Epoch:22(701/1032) loss:0.030 
[2020-08-18 23:51:40,201][trainer.py][INFO]  Epoch:22(801/1032) loss:0.075 
[2020-08-18 23:52:55,479][trainer.py][INFO]  Epoch:22(901/1032) loss:0.224 
[2020-08-18 23:54:10,959][trainer.py][INFO]  Epoch:22(1001/1032) loss:0.046 
[2020-08-18 23:54:34,864][trainer.py][INFO]  Epoch:22(1033/1032) loss:0.247 
[2020-08-18 23:57:34,259][trainer.py][INFO] 各类单独F1:{'畅通': 0.912332838038633, '缓行': 0.13186813186813187, '拥堵': 0.669051878354204}  各类F加权:0.6102713209938754
[2020-08-18 23:57:34,260][trainer.py][INFO] val_size: 1380  valLoss: 0.5979 valAcc: 0.8116
[2020-08-19 00:00:16,275][trainer.py][INFO] efficient-b5-seg-w 第22 epoch 预测结果:{'畅通': 445, '缓行': 18, '拥堵': 137}
[2020-08-19 00:00:16,275][trainer.py][INFO] 69.json 预测结果:{'畅通': 454, '缓行': 15, '拥堵': 131}
[2020-08-19 00:00:16,275][trainer.py][INFO] efficient-b5-seg-w 和 69.json 的 f1:[0.95216908 0.42424242 0.85074627] 加权f1:0.7857300613929039 
[2020-08-19 00:00:16,276][trainer.py][INFO] efficient-b5-seg-w 和 69.json 的 Acc:0.915 Precision:[0.96179775 0.38888889 0.83211679] Recall:[0.94273128 0.46666667 0.87022901]
[2020-08-19 00:00:16,280][trainer.py][INFO] Epoch:[22/29]	 Loss=0.33703	 Acc=0.865 epoch_Time:12.97275578180949 min:
[2020-08-19 00:00:16,523][trainer.py][INFO] ----------
[2020-08-19 00:00:16,524][trainer.py][INFO] Epoch 23/29
[2020-08-19 00:00:16,528][trainer.py][INFO] learning rate:0.0013831230789074073
[2020-08-19 00:00:16,528][trainer.py][INFO] ----------
[2020-08-19 00:00:19,528][trainer.py][INFO]  Epoch:23(1/1032) loss:0.198 
[2020-08-19 00:01:32,846][trainer.py][INFO]  Epoch:23(101/1032) loss:0.120 
[2020-08-19 00:02:50,265][trainer.py][INFO]  Epoch:23(201/1032) loss:0.203 
[2020-08-19 00:04:05,565][trainer.py][INFO]  Epoch:23(301/1032) loss:0.180 
[2020-08-19 00:05:19,599][trainer.py][INFO]  Epoch:23(401/1032) loss:0.102 
[2020-08-19 00:06:32,999][trainer.py][INFO]  Epoch:23(501/1032) loss:0.419 
[2020-08-19 00:07:48,991][trainer.py][INFO]  Epoch:23(601/1032) loss:0.066 
[2020-08-19 00:09:05,738][trainer.py][INFO]  Epoch:23(701/1032) loss:0.267 
[2020-08-19 00:10:20,124][trainer.py][INFO]  Epoch:23(801/1032) loss:0.271 
[2020-08-19 00:11:35,945][trainer.py][INFO]  Epoch:23(901/1032) loss:0.527 
[2020-08-19 00:12:50,901][trainer.py][INFO]  Epoch:23(1001/1032) loss:0.651 
[2020-08-19 00:13:15,242][trainer.py][INFO]  Epoch:23(1033/1032) loss:0.055 
[2020-08-19 00:16:13,080][trainer.py][INFO] 各类单独F1:{'畅通': 0.9164265129682997, '缓行': 0.11199999999999999, '拥堵': 0.6473779385171791}  各类F加权:0.5941120657039674
[2020-08-19 00:16:13,080][trainer.py][INFO] val_size: 1380  valLoss: 0.7165 valAcc: 0.8261
[2020-08-19 00:19:07,012][trainer.py][INFO] efficient-b5-seg-w 第23 epoch 预测结果:{'畅通': 452, '缓行': 9, '拥堵': 139}
[2020-08-19 00:19:07,012][trainer.py][INFO] 69.json 预测结果:{'畅通': 454, '缓行': 15, '拥堵': 131}
[2020-08-19 00:19:07,012][trainer.py][INFO] efficient-b5-seg-w 和 69.json 的 f1:[0.95143488 0.41666667 0.85925926] 加权f1:0.7891758646063282 
[2020-08-19 00:19:07,013][trainer.py][INFO] efficient-b5-seg-w 和 69.json 的 Acc:0.92 Precision:[0.95353982 0.55555556 0.83453237] Recall:[0.94933921 0.33333333 0.88549618]
[2020-08-19 00:19:07,017][trainer.py][INFO] Epoch:[23/29]	 Loss=0.28049	 Acc=0.886 epoch_Time:12.979337128003438 min:
[2020-08-19 00:19:07,251][trainer.py][INFO] ----------
[2020-08-19 00:19:07,251][trainer.py][INFO] Epoch 24/29
[2020-08-19 00:19:07,251][trainer.py][INFO] learning rate:0.00038268134703972433
[2020-08-19 00:19:07,252][trainer.py][INFO] ----------
[2020-08-19 00:19:10,025][trainer.py][INFO]  Epoch:24(1/1032) loss:0.235 
[2020-08-19 00:20:22,055][trainer.py][INFO]  Epoch:24(101/1032) loss:0.115 
[2020-08-19 00:21:39,010][trainer.py][INFO]  Epoch:24(201/1032) loss:0.438 
[2020-08-19 00:22:52,504][trainer.py][INFO]  Epoch:24(301/1032) loss:0.211 
[2020-08-19 00:24:03,870][trainer.py][INFO]  Epoch:24(401/1032) loss:0.018 
[2020-08-19 00:25:15,568][trainer.py][INFO]  Epoch:24(501/1032) loss:0.118 
[2020-08-19 00:26:27,198][trainer.py][INFO]  Epoch:24(601/1032) loss:0.665 
[2020-08-19 00:27:38,865][trainer.py][INFO]  Epoch:24(701/1032) loss:0.031 
[2020-08-19 00:28:49,226][trainer.py][INFO]  Epoch:24(801/1032) loss:0.075 
[2020-08-19 00:30:01,545][trainer.py][INFO]  Epoch:24(901/1032) loss:0.147 
[2020-08-19 00:31:13,697][trainer.py][INFO]  Epoch:24(1001/1032) loss:0.381 
[2020-08-19 00:31:37,669][trainer.py][INFO]  Epoch:24(1033/1032) loss:0.708 
[2020-08-19 00:34:35,158][trainer.py][INFO] 各类单独F1:{'畅通': 0.9181286549707601, '缓行': 0.15950920245398773, '拥堵': 0.6238532110091743}  各类F加权:0.5898394980904542
[2020-08-19 00:34:35,159][trainer.py][INFO] val_size: 1380  valLoss: 0.7358 valAcc: 0.8152
[2020-08-19 00:37:18,116][trainer.py][INFO] efficient-b5-seg-w 第24 epoch 预测结果:{'畅通': 447, '缓行': 15, '拥堵': 138}
[2020-08-19 00:37:18,116][trainer.py][INFO] 69.json 预测结果:{'畅通': 454, '缓行': 15, '拥堵': 131}
[2020-08-19 00:37:18,116][trainer.py][INFO] efficient-b5-seg-w 和 69.json 的 f1:[0.95227525 0.46666667 0.85501859] 加权f1:0.7967995356941964 
[2020-08-19 00:37:18,117][trainer.py][INFO] efficient-b5-seg-w 和 69.json 的 Acc:0.9183333333333333 Precision:[0.95973154 0.46666667 0.83333333] Recall:[0.94493392 0.46666667 0.8778626 ]
[2020-08-19 00:37:18,121][trainer.py][INFO] Epoch:[24/29]	 Loss=0.22242	 Acc=0.915 epoch_Time:12.507366637388865 min:
[2020-08-19 00:37:18,348][trainer.py][INFO] ----------
[2020-08-19 00:37:18,348][trainer.py][INFO] Epoch 25/29
[2020-08-19 00:37:18,348][trainer.py][INFO] learning rate:3.699636710319254e-10
[2020-08-19 00:37:18,348][trainer.py][INFO] ----------
[2020-08-19 00:37:20,694][trainer.py][INFO]  Epoch:25(1/1032) loss:0.168 
[2020-08-19 00:38:32,102][trainer.py][INFO]  Epoch:25(101/1032) loss:0.124 
[2020-08-19 00:39:44,106][trainer.py][INFO]  Epoch:25(201/1032) loss:0.466 
[2020-08-19 00:40:55,390][trainer.py][INFO]  Epoch:25(301/1032) loss:0.036 
[2020-08-19 00:42:11,922][trainer.py][INFO]  Epoch:25(401/1032) loss:0.104 
[2020-08-19 00:43:24,286][trainer.py][INFO]  Epoch:25(501/1032) loss:0.244 
[2020-08-19 00:44:35,112][trainer.py][INFO]  Epoch:25(601/1032) loss:0.098 
[2020-08-19 00:45:46,934][trainer.py][INFO]  Epoch:25(701/1032) loss:0.551 
[2020-08-19 00:46:58,788][trainer.py][INFO]  Epoch:25(801/1032) loss:0.174 
[2020-08-19 00:48:09,921][trainer.py][INFO]  Epoch:25(901/1032) loss:0.475 
[2020-08-19 00:49:21,101][trainer.py][INFO]  Epoch:25(1001/1032) loss:0.241 
[2020-08-19 00:49:43,591][trainer.py][INFO]  Epoch:25(1033/1032) loss:0.126 
[2020-08-19 00:52:49,026][trainer.py][INFO] 各类单独F1:{'畅通': 0.9181286549707601, '缓行': 0.15950920245398773, '拥堵': 0.6238532110091743}  各类F加权:0.5898394980904542
[2020-08-19 00:52:49,026][trainer.py][INFO] val_size: 1380  valLoss: 0.7358 valAcc: 0.8152
[2020-08-19 00:55:38,789][trainer.py][INFO] efficient-b5-seg-w 第25 epoch 预测结果:{'畅通': 447, '缓行': 15, '拥堵': 138}
[2020-08-19 00:55:38,789][trainer.py][INFO] 69.json 预测结果:{'畅通': 454, '缓行': 15, '拥堵': 131}
[2020-08-19 00:55:38,795][trainer.py][INFO] efficient-b5-seg-w 和 69.json 的 f1:[0.95227525 0.46666667 0.85501859] 加权f1:0.7967995356941964 
[2020-08-19 00:55:38,797][trainer.py][INFO] efficient-b5-seg-w 和 69.json 的 Acc:0.9183333333333333 Precision:[0.95973154 0.46666667 0.83333333] Recall:[0.94493392 0.46666667 0.8778626 ]
[2020-08-19 00:55:38,804][trainer.py][INFO] Epoch:[25/29]	 Loss=0.20955	 Acc=0.921 epoch_Time:12.421193051338197 min:
[2020-08-19 00:55:39,102][trainer.py][INFO] ----------
[2020-08-19 00:55:39,102][trainer.py][INFO] Epoch 26/29
[2020-08-19 00:55:39,102][trainer.py][INFO] learning rate:0.00361874872592572
[2020-08-19 00:55:39,102][trainer.py][INFO] ----------
[2020-08-19 00:55:41,964][trainer.py][INFO]  Epoch:26(1/1032) loss:0.023 
[2020-08-19 00:56:53,761][trainer.py][INFO]  Epoch:26(101/1032) loss:0.455 
[2020-08-19 00:58:05,216][trainer.py][INFO]  Epoch:26(201/1032) loss:0.135 
[2020-08-19 00:59:19,260][trainer.py][INFO]  Epoch:26(301/1032) loss:0.266 
[2020-08-19 01:00:37,100][trainer.py][INFO]  Epoch:26(401/1032) loss:0.178 
[2020-08-19 01:01:49,173][trainer.py][INFO]  Epoch:26(501/1032) loss:0.273 
[2020-08-19 01:02:59,350][trainer.py][INFO]  Epoch:26(601/1032) loss:0.334 
[2020-08-19 01:04:11,461][trainer.py][INFO]  Epoch:26(701/1032) loss:0.515 
[2020-08-19 01:05:24,290][trainer.py][INFO]  Epoch:26(801/1032) loss:0.126 
[2020-08-19 01:06:36,165][trainer.py][INFO]  Epoch:26(901/1032) loss:0.813 
[2020-08-19 01:07:48,513][trainer.py][INFO]  Epoch:26(1001/1032) loss:0.595 
[2020-08-19 01:08:12,314][trainer.py][INFO]  Epoch:26(1033/1032) loss:0.900 
[2020-08-19 01:11:11,844][trainer.py][INFO] 各类单独F1:{'畅通': 0.9150763358778625, '缓行': 0.05660377358490566, '拥堵': 0.6917562724014337}  各类F加权:0.6093897853334138
[2020-08-19 01:11:11,844][trainer.py][INFO] val_size: 1380  valLoss: 0.5608 valAcc: 0.8370
[2020-08-19 01:14:00,325][trainer.py][INFO] efficient-b5-seg-w 第26 epoch 预测结果:{'畅通': 460, '缓行': 2, '拥堵': 138}
[2020-08-19 01:14:00,326][trainer.py][INFO] 69.json 预测结果:{'畅通': 454, '缓行': 15, '拥堵': 131}
[2020-08-19 01:14:00,326][trainer.py][INFO] efficient-b5-seg-w 和 69.json 的 f1:[0.94748359 0.11764706 0.8401487 ] 加权f1:0.7171153488198496 
[2020-08-19 01:14:00,326][trainer.py][INFO] efficient-b5-seg-w 和 69.json 的 Acc:0.9116666666666666 Precision:[0.94130435 0.5        0.81884058] Recall:[0.95374449 0.06666667 0.86259542]
[2020-08-19 01:14:00,331][trainer.py][INFO] Epoch:[26/29]	 Loss=0.37935	 Acc=0.850 epoch_Time:12.553574919700623 min:
[2020-08-19 01:14:00,558][trainer.py][INFO] ----------
[2020-08-19 01:14:00,558][trainer.py][INFO] Epoch 27/29
[2020-08-19 01:14:00,558][trainer.py][INFO] learning rate:0.0026191908277570734
[2020-08-19 01:14:00,558][trainer.py][INFO] ----------
[2020-08-19 01:14:02,804][trainer.py][INFO]  Epoch:27(1/1032) loss:0.212 
[2020-08-19 01:15:15,697][trainer.py][INFO]  Epoch:27(101/1032) loss:0.741 
[2020-08-19 01:16:27,313][trainer.py][INFO]  Epoch:27(201/1032) loss:0.018 
[2020-08-19 01:17:38,796][trainer.py][INFO]  Epoch:27(301/1032) loss:0.076 
[2020-08-19 01:18:52,115][trainer.py][INFO]  Epoch:27(401/1032) loss:0.177 
[2020-08-19 01:20:04,694][trainer.py][INFO]  Epoch:27(501/1032) loss:0.098 
[2020-08-19 01:21:16,315][trainer.py][INFO]  Epoch:27(601/1032) loss:0.697 
[2020-08-19 01:22:29,260][trainer.py][INFO]  Epoch:27(701/1032) loss:0.202 
[2020-08-19 01:23:42,397][trainer.py][INFO]  Epoch:27(801/1032) loss:0.065 
[2020-08-19 01:24:53,681][trainer.py][INFO]  Epoch:27(901/1032) loss:0.056 
[2020-08-19 01:26:05,877][trainer.py][INFO]  Epoch:27(1001/1032) loss:0.246 
[2020-08-19 01:26:29,615][trainer.py][INFO]  Epoch:27(1033/1032) loss:0.261 
[2020-08-19 01:29:30,531][trainer.py][INFO] 各类单独F1:{'畅通': 0.8923719958202717, '缓行': 0.143646408839779, '拥堵': 0.6165413533834587}  各类F加权:0.5771284929620853
[2020-08-19 01:29:30,531][trainer.py][INFO] val_size: 1380  valLoss: 0.6700 valAcc: 0.7768
[2020-08-19 01:32:13,367][trainer.py][INFO] efficient-b5-seg-w 第27 epoch 预测结果:{'畅通': 430, '缓行': 14, '拥堵': 156}
[2020-08-19 01:32:13,367][trainer.py][INFO] 69.json 预测结果:{'畅通': 454, '缓行': 15, '拥堵': 131}
[2020-08-19 01:32:13,368][trainer.py][INFO] efficient-b5-seg-w 和 69.json 的 f1:[0.94343891 0.48275862 0.84320557] 加权f1:0.791162851891096 
[2020-08-19 01:32:13,368][trainer.py][INFO] efficient-b5-seg-w 和 69.json 的 Acc:0.9083333333333333 Precision:[0.96976744 0.5        0.77564103] Recall:[0.9185022  0.46666667 0.92366412]
[2020-08-19 01:32:13,373][trainer.py][INFO] Epoch:[27/29]	 Loss=0.32849	 Acc=0.870 epoch_Time:12.485041681925455 min:
[2020-08-19 01:32:13,659][trainer.py][INFO] ----------
[2020-08-19 01:32:13,659][trainer.py][INFO] Epoch 28/29
[2020-08-19 01:32:13,659][trainer.py][INFO] learning rate:0.0013831230789074073
[2020-08-19 01:32:13,659][trainer.py][INFO] ----------
[2020-08-19 01:32:16,054][trainer.py][INFO]  Epoch:28(1/1032) loss:0.145 
[2020-08-19 01:33:28,537][trainer.py][INFO]  Epoch:28(101/1032) loss:0.879 
[2020-08-19 01:34:40,586][trainer.py][INFO]  Epoch:28(201/1032) loss:0.092 
[2020-08-19 01:35:53,190][trainer.py][INFO]  Epoch:28(301/1032) loss:0.212 
[2020-08-19 01:37:04,422][trainer.py][INFO]  Epoch:28(401/1032) loss:0.219 
[2020-08-19 01:38:16,947][trainer.py][INFO]  Epoch:28(501/1032) loss:0.251 
[2020-08-19 01:39:28,837][trainer.py][INFO]  Epoch:28(601/1032) loss:0.565 
[2020-08-19 01:40:40,495][trainer.py][INFO]  Epoch:28(701/1032) loss:0.115 
[2020-08-19 01:41:51,649][trainer.py][INFO]  Epoch:28(801/1032) loss:1.128 
[2020-08-19 01:43:03,437][trainer.py][INFO]  Epoch:28(901/1032) loss:0.198 
[2020-08-19 01:44:15,592][trainer.py][INFO]  Epoch:28(1001/1032) loss:0.067 
[2020-08-19 01:44:37,903][trainer.py][INFO]  Epoch:28(1033/1032) loss:0.455 
[2020-08-19 01:47:41,715][trainer.py][INFO] 各类单独F1:{'畅通': 0.9183477425552354, '缓行': 0.16666666666666666, '拥堵': 0.6431372549019607}  各类F加权:0.6028852347855569
[2020-08-19 01:47:41,717][trainer.py][INFO] val_size: 1380  valLoss: 0.7008 valAcc: 0.8217
[2020-08-19 01:50:23,661][trainer.py][INFO] efficient-b5-seg-w 第28 epoch 预测结果:{'畅通': 450, '缓行': 15, '拥堵': 135}
[2020-08-19 01:50:23,661][trainer.py][INFO] 69.json 预测结果:{'畅通': 454, '缓行': 15, '拥堵': 131}
[2020-08-19 01:50:23,662][trainer.py][INFO] efficient-b5-seg-w 和 69.json 的 f1:[0.94911504 0.46666667 0.84210526] 加权f1:0.7884195000776277 
[2020-08-19 01:50:23,662][trainer.py][INFO] efficient-b5-seg-w 和 69.json 的 Acc:0.9133333333333333 Precision:[0.95333333 0.46666667 0.82962963] Recall:[0.94493392 0.46666667 0.85496183]
[2020-08-19 01:50:23,666][trainer.py][INFO] Epoch:[28/29]	 Loss=0.26364	 Acc=0.898 epoch_Time:12.40528025229772 min:
[2020-08-19 01:50:23,866][trainer.py][INFO] ----------
[2020-08-19 01:50:23,866][trainer.py][INFO] Epoch 29/29
[2020-08-19 01:50:23,866][trainer.py][INFO] learning rate:0.00038268134703972433
[2020-08-19 01:50:23,866][trainer.py][INFO] ----------
[2020-08-19 01:50:26,452][trainer.py][INFO]  Epoch:29(1/1032) loss:0.024 
[2020-08-19 01:51:39,413][trainer.py][INFO]  Epoch:29(101/1032) loss:0.323 
[2020-08-19 01:52:50,964][trainer.py][INFO]  Epoch:29(201/1032) loss:0.067 
[2020-08-19 01:54:03,327][trainer.py][INFO]  Epoch:29(301/1032) loss:0.009 
[2020-08-19 01:55:15,799][trainer.py][INFO]  Epoch:29(401/1032) loss:0.300 
[2020-08-19 01:56:27,241][trainer.py][INFO]  Epoch:29(501/1032) loss:0.249 
[2020-08-19 01:57:39,466][trainer.py][INFO]  Epoch:29(601/1032) loss:0.040 
[2020-08-19 01:58:50,746][trainer.py][INFO]  Epoch:29(701/1032) loss:0.021 
[2020-08-19 02:00:03,281][trainer.py][INFO]  Epoch:29(801/1032) loss:0.079 
[2020-08-19 02:01:14,334][trainer.py][INFO]  Epoch:29(901/1032) loss:0.084 
[2020-08-19 02:02:27,196][trainer.py][INFO]  Epoch:29(1001/1032) loss:0.050 
[2020-08-19 02:02:50,346][trainer.py][INFO]  Epoch:29(1033/1032) loss:0.242 
[2020-08-19 02:05:52,602][trainer.py][INFO] 各类单独F1:{'畅通': 0.9182083739045763, '缓行': 0.18994413407821228, '拥堵': 0.6413662239089184}  各类F加权:0.6064502359419088
[2020-08-19 02:05:52,603][trainer.py][INFO] val_size: 1380  valLoss: 0.7133 valAcc: 0.8181
[2020-08-19 02:08:35,159][trainer.py][INFO] efficient-b5-seg-w 第29 epoch 预测结果:{'畅通': 446, '缓行': 15, '拥堵': 139}
[2020-08-19 02:08:35,159][trainer.py][INFO] 69.json 预测结果:{'畅通': 454, '缓行': 15, '拥堵': 131}
[2020-08-19 02:08:35,160][trainer.py][INFO] efficient-b5-seg-w 和 69.json 的 f1:[0.95111111 0.46666667 0.85185185] 加权f1:0.7946666666666666 
[2020-08-19 02:08:35,160][trainer.py][INFO] efficient-b5-seg-w 和 69.json 的 Acc:0.9166666666666666 Precision:[0.95964126 0.46666667 0.82733813] Recall:[0.94273128 0.46666667 0.8778626 ]
[2020-08-19 02:08:35,164][trainer.py][INFO] Epoch:[29/29]	 Loss=0.20293	 Acc=0.927 epoch_Time:12.441746270656585 min:
[2020-08-19 02:08:35,338][trainer.py][INFO] Best Accuracy: 0.635
[2020-08-19 02:08:35,597][trainer.py][INFO] Training complete in 555m 35s
