[2020-08-07 18:10:36,963][trainer.py][INFO] Using: efficient-b5-seg
[2020-08-07 18:10:36,963][trainer.py][INFO] Using the GPU: (6, 7)
[2020-08-07 18:10:36,963][trainer.py][INFO] start training...
[2020-08-07 18:10:37,010][trainer.py][INFO] ----------
[2020-08-07 18:10:37,011][trainer.py][INFO] Epoch 0/29
[2020-08-07 18:10:37,012][trainer.py][INFO] learning rate:0.002
[2020-08-07 18:10:37,012][trainer.py][INFO] ----------
[2020-08-07 18:10:44,401][trainer.py][INFO]  Epoch:0(1/688) loss:1.083 
[2020-08-07 18:11:35,765][trainer.py][INFO]  Epoch:0(101/688) loss:0.868 
[2020-08-07 18:12:28,396][trainer.py][INFO]  Epoch:0(201/688) loss:0.597 
[2020-08-07 18:13:19,881][trainer.py][INFO]  Epoch:0(301/688) loss:0.416 
[2020-08-07 18:14:12,690][trainer.py][INFO]  Epoch:0(401/688) loss:0.651 
[2020-08-07 18:15:05,261][trainer.py][INFO]  Epoch:0(501/688) loss:0.989 
[2020-08-07 18:15:58,479][trainer.py][INFO]  Epoch:0(601/688) loss:0.651 
[2020-08-07 18:16:44,992][trainer.py][INFO]  Epoch:0(689/688) loss:0.449 
[2020-08-07 18:17:52,333][trainer.py][INFO] 各类单独F1:{'畅通': 0.8405172413793103, '缓行': 0.07207207207207207, '拥堵': 0.575031525851198}  各类F加权:0.5275367782009952
[2020-08-07 18:17:52,334][trainer.py][INFO] val_size: 1380  valLoss: 0.7188 valAcc: 0.7333
[2020-08-07 18:19:34,010][trainer.py][INFO] efficient-b5-seg 第0 epoch 预测结果:{'畅通': 390, '缓行': 4, '拥堵': 206}
[2020-08-07 18:19:34,010][trainer.py][INFO] 69.json 预测结果:{'畅通': 454, '缓行': 15, '拥堵': 131}
[2020-08-07 18:19:34,011][trainer.py][INFO] efficient-b5-seg 和 69.json 的 f1:[0.88862559 0.10526316 0.71810089] 加权f1:0.6296382841869888 
[2020-08-07 18:19:34,011][trainer.py][INFO] efficient-b5-seg 和 69.json 的 Acc:0.8283333333333334 Precision:[0.96153846 0.25       0.58737864] Recall:[0.82599119 0.06666667 0.92366412]
[2020-08-07 18:19:34,018][trainer.py][INFO] Epoch:[0/29]	 Loss=0.75313	 Acc=0.710 epoch_Time:6.13370478550593 min:
[2020-08-07 18:19:34,249][trainer.py][INFO] ----------
[2020-08-07 18:19:34,250][trainer.py][INFO] Epoch 1/29
[2020-08-07 18:19:34,250][trainer.py][INFO] learning rate:0.0018095526758540276
[2020-08-07 18:19:34,250][trainer.py][INFO] ----------
[2020-08-07 18:19:35,569][trainer.py][INFO]  Epoch:1(1/688) loss:0.361 
[2020-08-07 18:20:26,432][trainer.py][INFO]  Epoch:1(101/688) loss:0.474 
[2020-08-07 18:21:16,214][trainer.py][INFO]  Epoch:1(201/688) loss:0.572 
[2020-08-07 18:22:07,388][trainer.py][INFO]  Epoch:1(301/688) loss:1.128 
[2020-08-07 18:22:58,261][trainer.py][INFO]  Epoch:1(401/688) loss:0.783 
[2020-08-07 18:23:49,131][trainer.py][INFO]  Epoch:1(501/688) loss:0.621 
[2020-08-07 18:24:39,894][trainer.py][INFO]  Epoch:1(601/688) loss:0.309 
[2020-08-07 18:25:23,911][trainer.py][INFO]  Epoch:1(689/688) loss:0.198 
[2020-08-07 18:26:31,026][trainer.py][INFO] 各类单独F1:{'畅通': 0.9007633587786261, '缓行': 0.0, '拥堵': 0.6531791907514451}  各类F加权:0.5720601862065924
[2020-08-07 18:26:31,027][trainer.py][INFO] val_size: 1380  valLoss: 0.5161 valAcc: 0.8051
[2020-08-07 18:28:06,901][trainer.py][INFO] efficient-b5-seg 第1 epoch 预测结果:{'畅通': 423, '缓行': 0, '拥堵': 177}
[2020-08-07 18:28:06,902][trainer.py][INFO] 69.json 预测结果:{'畅通': 454, '缓行': 15, '拥堵': 131}
[2020-08-07 18:28:06,903][trainer.py][INFO] efficient-b5-seg 和 69.json 的 f1:[0.9281642  0.         0.79220779] 加权f1:0.6609575145493047 
[2020-08-07 18:28:06,903][trainer.py][INFO] efficient-b5-seg 和 69.json 的 Acc:0.8816666666666667 Precision:[0.96217494 0.         0.68926554] Recall:[0.89647577 0.         0.93129771]
[2020-08-07 18:28:06,909][trainer.py][INFO] Epoch:[1/29]	 Loss=0.63827	 Acc=0.760 epoch_Time:5.82809507449468 min:
[2020-08-07 18:28:07,136][trainer.py][INFO] ----------
[2020-08-07 18:28:07,137][trainer.py][INFO] Epoch 2/29
[2020-08-07 18:28:07,137][trainer.py][INFO] learning rate:0.0013098841610217362
[2020-08-07 18:28:07,137][trainer.py][INFO] ----------
[2020-08-07 18:28:08,570][trainer.py][INFO]  Epoch:2(1/688) loss:1.232 
[2020-08-07 18:28:58,517][trainer.py][INFO]  Epoch:2(101/688) loss:0.688 
[2020-08-07 18:29:49,581][trainer.py][INFO]  Epoch:2(201/688) loss:0.970 
[2020-08-07 18:30:39,832][trainer.py][INFO]  Epoch:2(301/688) loss:0.739 
[2020-08-07 18:31:31,334][trainer.py][INFO]  Epoch:2(401/688) loss:1.308 
[2020-08-07 18:32:22,791][trainer.py][INFO]  Epoch:2(501/688) loss:0.704 
[2020-08-07 18:33:13,048][trainer.py][INFO]  Epoch:2(601/688) loss:0.902 
[2020-08-07 18:33:57,569][trainer.py][INFO]  Epoch:2(689/688) loss:0.796 
[2020-08-07 18:35:02,688][trainer.py][INFO] 各类单独F1:{'畅通': 0.922339405560882, '缓行': 0.0, '拥堵': 0.6970227670753064}  各类F加权:0.6026815413573603
[2020-08-07 18:35:02,689][trainer.py][INFO] val_size: 1380  valLoss: 0.4682 valAcc: 0.8413
[2020-08-07 18:36:38,526][trainer.py][INFO] efficient-b5-seg 第2 epoch 预测结果:{'畅通': 478, '缓行': 0, '拥堵': 122}
[2020-08-07 18:36:38,526][trainer.py][INFO] 69.json 预测结果:{'畅通': 454, '缓行': 15, '拥堵': 131}
[2020-08-07 18:36:38,527][trainer.py][INFO] efficient-b5-seg 和 69.json 的 f1:[0.93991416 0.         0.80632411] 加权f1:0.6717772990211878 
[2020-08-07 18:36:38,527][trainer.py][INFO] efficient-b5-seg 和 69.json 的 Acc:0.9 Precision:[0.91631799 0.         0.83606557] Recall:[0.96475771 0.         0.77862595]
[2020-08-07 18:36:38,533][trainer.py][INFO] Epoch:[2/29]	 Loss=0.57626	 Acc=0.781 epoch_Time:5.841028082370758 min:
[2020-08-07 18:36:38,741][trainer.py][INFO] ----------
[2020-08-07 18:36:38,741][trainer.py][INFO] Epoch 3/29
[2020-08-07 18:36:38,741][trainer.py][INFO] learning rate:0.000691850429254387
[2020-08-07 18:36:38,741][trainer.py][INFO] ----------
[2020-08-07 18:36:40,148][trainer.py][INFO]  Epoch:3(1/688) loss:0.707 
[2020-08-07 18:37:30,823][trainer.py][INFO]  Epoch:3(101/688) loss:0.231 
[2020-08-07 18:38:21,503][trainer.py][INFO]  Epoch:3(201/688) loss:0.598 
[2020-08-07 18:39:11,364][trainer.py][INFO]  Epoch:3(301/688) loss:0.500 
[2020-08-07 18:40:01,922][trainer.py][INFO]  Epoch:3(401/688) loss:0.412 
[2020-08-07 18:40:51,523][trainer.py][INFO]  Epoch:3(501/688) loss:0.455 
[2020-08-07 18:41:41,491][trainer.py][INFO]  Epoch:3(601/688) loss:0.161 
[2020-08-07 18:42:25,653][trainer.py][INFO]  Epoch:3(689/688) loss:0.208 
[2020-08-07 18:43:30,528][trainer.py][INFO] 各类单独F1:{'畅通': 0.9066400399400899, '缓行': 0.0, '拥堵': 0.6605504587155963}  各类F加权:0.5776582832173758
[2020-08-07 18:43:30,529][trainer.py][INFO] val_size: 1380  valLoss: 0.5003 valAcc: 0.8145
[2020-08-07 18:45:10,133][trainer.py][INFO] efficient-b5-seg 第3 epoch 预测结果:{'畅通': 440, '缓行': 0, '拥堵': 160}
[2020-08-07 18:45:10,133][trainer.py][INFO] 69.json 预测结果:{'畅通': 454, '缓行': 15, '拥堵': 131}
[2020-08-07 18:45:10,134][trainer.py][INFO] efficient-b5-seg 和 69.json 的 f1:[0.94407159 0.         0.83161512] 加权f1:0.6877833898383265 
[2020-08-07 18:45:10,134][trainer.py][INFO] efficient-b5-seg 和 69.json 的 Acc:0.905 Precision:[0.95909091 0.         0.75625   ] Recall:[0.92951542 0.         0.92366412]
[2020-08-07 18:45:10,141][trainer.py][INFO] Epoch:[3/29]	 Loss=0.54123	 Acc=0.783 epoch_Time:5.782146926720937 min:
[2020-08-07 18:45:10,382][trainer.py][INFO] ----------
[2020-08-07 18:45:10,383][trainer.py][INFO] Epoch 4/29
[2020-08-07 18:45:10,383][trainer.py][INFO] learning rate:0.0001915193598931715
[2020-08-07 18:45:10,383][trainer.py][INFO] ----------
[2020-08-07 18:45:11,843][trainer.py][INFO]  Epoch:4(1/688) loss:0.425 
[2020-08-07 18:46:02,482][trainer.py][INFO]  Epoch:4(101/688) loss:0.181 
[2020-08-07 18:46:52,124][trainer.py][INFO]  Epoch:4(201/688) loss:0.518 
[2020-08-07 18:47:42,729][trainer.py][INFO]  Epoch:4(301/688) loss:0.510 
[2020-08-07 18:48:33,638][trainer.py][INFO]  Epoch:4(401/688) loss:0.760 
[2020-08-07 18:49:24,390][trainer.py][INFO]  Epoch:4(501/688) loss:0.424 
[2020-08-07 18:50:14,379][trainer.py][INFO]  Epoch:4(601/688) loss:0.453 
[2020-08-07 18:50:59,242][trainer.py][INFO]  Epoch:4(689/688) loss:0.208 
[2020-08-07 18:52:02,587][trainer.py][INFO] 各类单独F1:{'畅通': 0.889470927187009, '缓行': 0.0, '拥堵': 0.6443850267379679}  各类F加权:0.5645252014801826
[2020-08-07 18:52:02,587][trainer.py][INFO] val_size: 1380  valLoss: 0.5727 valAcc: 0.7899
[2020-08-07 18:53:37,473][trainer.py][INFO] efficient-b5-seg 第4 epoch 预测结果:{'畅通': 397, '缓行': 0, '拥堵': 203}
[2020-08-07 18:53:37,473][trainer.py][INFO] 69.json 预测结果:{'畅通': 454, '缓行': 15, '拥堵': 131}
[2020-08-07 18:53:37,473][trainer.py][INFO] efficient-b5-seg 和 69.json 的 f1:[0.91186839 0.         0.76047904] 加权f1:0.6386611031755525 
[2020-08-07 18:53:37,474][trainer.py][INFO] efficient-b5-seg 和 69.json 的 Acc:0.8583333333333333 Precision:[0.97732997 0.         0.62561576] Recall:[0.85462555 0.         0.96946565]
[2020-08-07 18:53:37,481][trainer.py][INFO] Epoch:[4/29]	 Loss=0.51809	 Acc=0.797 epoch_Time:5.814619135856629 min:
[2020-08-07 18:53:37,696][trainer.py][INFO] ----------
[2020-08-07 18:53:37,697][trainer.py][INFO] Epoch 5/29
[2020-08-07 18:53:37,697][trainer.py][INFO] learning rate:4.158064933479366e-10
[2020-08-07 18:53:37,697][trainer.py][INFO] ----------
[2020-08-07 18:53:39,254][trainer.py][INFO]  Epoch:5(1/688) loss:0.524 
[2020-08-07 18:54:29,209][trainer.py][INFO]  Epoch:5(101/688) loss:0.089 
[2020-08-07 18:55:20,426][trainer.py][INFO]  Epoch:5(201/688) loss:0.392 
[2020-08-07 18:56:10,551][trainer.py][INFO]  Epoch:5(301/688) loss:0.460 
[2020-08-07 18:57:01,596][trainer.py][INFO]  Epoch:5(401/688) loss:0.812 
[2020-08-07 18:57:51,448][trainer.py][INFO]  Epoch:5(501/688) loss:0.888 
[2020-08-07 18:58:43,144][trainer.py][INFO]  Epoch:5(601/688) loss:0.612 
[2020-08-07 18:59:27,706][trainer.py][INFO]  Epoch:5(689/688) loss:0.333 
[2020-08-07 19:00:29,400][trainer.py][INFO] 各类单独F1:{'畅通': 0.889470927187009, '缓行': 0.0, '拥堵': 0.6443850267379679}  各类F加权:0.5645252014801826
[2020-08-07 19:00:29,401][trainer.py][INFO] val_size: 1380  valLoss: 0.5727 valAcc: 0.7899
[2020-08-07 19:02:10,010][trainer.py][INFO] efficient-b5-seg 第5 epoch 预测结果:{'畅通': 397, '缓行': 0, '拥堵': 203}
[2020-08-07 19:02:10,010][trainer.py][INFO] 69.json 预测结果:{'畅通': 454, '缓行': 15, '拥堵': 131}
[2020-08-07 19:02:10,010][trainer.py][INFO] efficient-b5-seg 和 69.json 的 f1:[0.91186839 0.         0.76047904] 加权f1:0.6386611031755525 
[2020-08-07 19:02:10,011][trainer.py][INFO] efficient-b5-seg 和 69.json 的 Acc:0.8583333333333333 Precision:[0.97732997 0.         0.62561576] Recall:[0.85462555 0.         0.96946565]
[2020-08-07 19:02:10,016][trainer.py][INFO] Epoch:[5/29]	 Loss=0.51545	 Acc=0.776 epoch_Time:5.83377331495285 min:
[2020-08-07 19:02:10,253][trainer.py][INFO] ----------
[2020-08-07 19:02:10,254][trainer.py][INFO] Epoch 6/29
[2020-08-07 19:02:10,254][trainer.py][INFO] learning rate:0.0018095526758540276
[2020-08-07 19:02:10,254][trainer.py][INFO] ----------
[2020-08-07 19:02:11,930][trainer.py][INFO]  Epoch:6(1/688) loss:0.394 
[2020-08-07 19:03:02,276][trainer.py][INFO]  Epoch:6(101/688) loss:0.769 
[2020-08-07 19:03:52,557][trainer.py][INFO]  Epoch:6(201/688) loss:0.230 
[2020-08-07 19:04:42,685][trainer.py][INFO]  Epoch:6(301/688) loss:0.270 
[2020-08-07 19:05:33,057][trainer.py][INFO]  Epoch:6(401/688) loss:0.308 
[2020-08-07 19:06:23,739][trainer.py][INFO]  Epoch:6(501/688) loss:0.446 
[2020-08-07 19:07:14,044][trainer.py][INFO]  Epoch:6(601/688) loss:1.175 
[2020-08-07 19:07:57,687][trainer.py][INFO]  Epoch:6(689/688) loss:0.344 
[2020-08-07 19:08:58,368][trainer.py][INFO] 各类单独F1:{'畅通': 0.9089128305582761, '缓行': 0.0, '拥堵': 0.6514657980456027}  各类F加权:0.5726620449390167
[2020-08-07 19:08:58,368][trainer.py][INFO] val_size: 1380  valLoss: 0.5047 valAcc: 0.8174
[2020-08-07 19:10:42,332][trainer.py][INFO] efficient-b5-seg 第6 epoch 预测结果:{'畅通': 454, '缓行': 0, '拥堵': 146}
[2020-08-07 19:10:42,332][trainer.py][INFO] 69.json 预测结果:{'畅通': 454, '缓行': 15, '拥堵': 131}
[2020-08-07 19:10:42,332][trainer.py][INFO] efficient-b5-seg 和 69.json 的 f1:[0.94273128 0.         0.82310469] 加权f1:0.6824090713910845 
[2020-08-07 19:10:42,333][trainer.py][INFO] efficient-b5-seg 和 69.json 的 Acc:0.9033333333333333 Precision:[0.94273128 0.         0.78082192] Recall:[0.94273128 0.         0.87022901]
[2020-08-07 19:10:42,339][trainer.py][INFO] Epoch:[6/29]	 Loss=0.54211	 Acc=0.786 epoch_Time:5.790871485074361 min:
[2020-08-07 19:10:42,542][trainer.py][INFO] ----------
[2020-08-07 19:10:42,542][trainer.py][INFO] Epoch 7/29
[2020-08-07 19:10:42,542][trainer.py][INFO] learning rate:0.0013098841610217358
[2020-08-07 19:10:42,542][trainer.py][INFO] ----------
[2020-08-07 19:10:44,061][trainer.py][INFO]  Epoch:7(1/688) loss:0.528 
[2020-08-07 19:11:33,308][trainer.py][INFO]  Epoch:7(101/688) loss:0.600 
[2020-08-07 19:12:23,350][trainer.py][INFO]  Epoch:7(201/688) loss:0.302 
[2020-08-07 19:13:13,182][trainer.py][INFO]  Epoch:7(301/688) loss:0.431 
[2020-08-07 19:14:02,415][trainer.py][INFO]  Epoch:7(401/688) loss:0.761 
[2020-08-07 19:14:51,789][trainer.py][INFO]  Epoch:7(501/688) loss:0.414 
[2020-08-07 19:15:41,195][trainer.py][INFO]  Epoch:7(601/688) loss:0.601 
[2020-08-07 19:16:24,740][trainer.py][INFO]  Epoch:7(689/688) loss:1.019 
[2020-08-07 19:17:23,833][trainer.py][INFO] 各类单独F1:{'畅通': 0.911866075824717, '缓行': 0.0, '拥堵': 0.6741214057507987}  各类F加权:0.5868460586154227
[2020-08-07 19:17:23,834][trainer.py][INFO] val_size: 1380  valLoss: 0.4829 valAcc: 0.8239
[2020-08-07 19:19:17,449][trainer.py][INFO] efficient-b5-seg 第7 epoch 预测结果:{'畅通': 455, '缓行': 0, '拥堵': 145}
[2020-08-07 19:19:17,449][trainer.py][INFO] 69.json 预测结果:{'畅通': 454, '缓行': 15, '拥堵': 131}
[2020-08-07 19:19:17,450][trainer.py][INFO] efficient-b5-seg 和 69.json 的 f1:[0.94389439 0.         0.84057971] 加权f1:0.6931267039747454 
[2020-08-07 19:19:17,450][trainer.py][INFO] efficient-b5-seg 和 69.json 的 Acc:0.9083333333333333 Precision:[0.94285714 0.         0.8       ] Recall:[0.94493392 0.         0.88549618]
[2020-08-07 19:19:17,458][trainer.py][INFO] Epoch:[7/29]	 Loss=0.51092	 Acc=0.805 epoch_Time:5.703576799233755 min:
[2020-08-07 19:19:17,696][trainer.py][INFO] ----------
[2020-08-07 19:19:17,696][trainer.py][INFO] Epoch 8/29
[2020-08-07 19:19:17,696][trainer.py][INFO] learning rate:0.000691850429254387
[2020-08-07 19:19:17,696][trainer.py][INFO] ----------
[2020-08-07 19:19:19,015][trainer.py][INFO]  Epoch:8(1/688) loss:0.479 
[2020-08-07 19:20:07,592][trainer.py][INFO]  Epoch:8(101/688) loss:0.616 
[2020-08-07 19:20:57,645][trainer.py][INFO]  Epoch:8(201/688) loss:0.649 
[2020-08-07 19:21:47,554][trainer.py][INFO]  Epoch:8(301/688) loss:0.634 
[2020-08-07 19:22:37,962][trainer.py][INFO]  Epoch:8(401/688) loss:0.245 
[2020-08-07 19:23:28,107][trainer.py][INFO]  Epoch:8(501/688) loss:0.463 
[2020-08-07 19:24:18,170][trainer.py][INFO]  Epoch:8(601/688) loss:0.423 
[2020-08-07 19:25:02,171][trainer.py][INFO]  Epoch:8(689/688) loss:0.408 
[2020-08-07 19:26:01,509][trainer.py][INFO] 各类单独F1:{'畅通': 0.8991683991683992, '缓行': 0.037383177570093455, '拥堵': 0.6556927297668039}  各类F加权:0.5807259532077809
[2020-08-07 19:26:01,510][trainer.py][INFO] val_size: 1380  valLoss: 0.5699 valAcc: 0.8014
[2020-08-07 19:27:57,324][trainer.py][INFO] efficient-b5-seg 第8 epoch 预测结果:{'畅通': 419, '缓行': 0, '拥堵': 181}
[2020-08-07 19:27:57,325][trainer.py][INFO] 69.json 预测结果:{'畅通': 454, '缓行': 15, '拥堵': 131}
[2020-08-07 19:27:57,325][trainer.py][INFO] efficient-b5-seg 和 69.json 的 f1:[0.93699885 0.         0.80128205] 加权f1:0.6681690016741564 
[2020-08-07 19:27:57,325][trainer.py][INFO] efficient-b5-seg 和 69.json 的 Acc:0.89 Precision:[0.97613365 0.         0.69060773] Recall:[0.90088106 0.         0.95419847]
[2020-08-07 19:27:57,332][trainer.py][INFO] Epoch:[8/29]	 Loss=0.45176	 Acc=0.817 epoch_Time:5.741534181435903 min:
[2020-08-07 19:27:57,545][trainer.py][INFO] ----------
[2020-08-07 19:27:57,545][trainer.py][INFO] Epoch 9/29
[2020-08-07 19:27:57,545][trainer.py][INFO] learning rate:0.00019151935989317182
[2020-08-07 19:27:57,545][trainer.py][INFO] ----------
[2020-08-07 19:27:58,925][trainer.py][INFO]  Epoch:9(1/688) loss:0.077 
[2020-08-07 19:28:48,211][trainer.py][INFO]  Epoch:9(101/688) loss:1.225 
[2020-08-07 19:29:39,047][trainer.py][INFO]  Epoch:9(201/688) loss:0.849 
[2020-08-07 19:30:29,074][trainer.py][INFO]  Epoch:9(301/688) loss:0.769 
[2020-08-07 19:31:18,959][trainer.py][INFO]  Epoch:9(401/688) loss:0.690 
[2020-08-07 19:32:08,855][trainer.py][INFO]  Epoch:9(501/688) loss:0.517 
[2020-08-07 19:32:59,216][trainer.py][INFO]  Epoch:9(601/688) loss:0.156 
[2020-08-07 19:33:43,304][trainer.py][INFO]  Epoch:9(689/688) loss:0.244 
[2020-08-07 19:34:42,416][trainer.py][INFO] 各类单独F1:{'畅通': 0.9132189707366297, '缓行': 0.034188034188034185, '拥堵': 0.6747352496217852}  各类F加权:0.5943225507580039
[2020-08-07 19:34:42,417][trainer.py][INFO] val_size: 1380  valLoss: 0.4966 valAcc: 0.8188
[2020-08-07 19:36:34,288][trainer.py][INFO] efficient-b5-seg 第9 epoch 预测结果:{'畅通': 440, '缓行': 0, '拥堵': 160}
[2020-08-07 19:36:34,288][trainer.py][INFO] 69.json 预测结果:{'畅通': 454, '缓行': 15, '拥堵': 131}
[2020-08-07 19:36:34,288][trainer.py][INFO] efficient-b5-seg 和 69.json 的 f1:[0.93959732 0.         0.82474227] 加权f1:0.6827648239119906 
[2020-08-07 19:36:34,289][trainer.py][INFO] efficient-b5-seg 和 69.json 的 Acc:0.9 Precision:[0.95454545 0.         0.75      ] Recall:[0.92511013 0.         0.91603053]
[2020-08-07 19:36:34,296][trainer.py][INFO] Epoch:[9/29]	 Loss=0.44223	 Acc=0.822 epoch_Time:5.76293424765269 min:
[2020-08-07 19:36:34,509][trainer.py][INFO] ----------
[2020-08-07 19:36:34,509][trainer.py][INFO] Epoch 10/29
[2020-08-07 19:36:34,509][trainer.py][INFO] learning rate:4.158064933479366e-10
[2020-08-07 19:36:34,509][trainer.py][INFO] ----------
[2020-08-07 19:36:36,027][trainer.py][INFO]  Epoch:10(1/688) loss:0.348 
[2020-08-07 19:37:24,113][trainer.py][INFO]  Epoch:10(101/688) loss:0.105 
[2020-08-07 19:38:13,057][trainer.py][INFO]  Epoch:10(201/688) loss:0.468 
[2020-08-07 19:39:02,693][trainer.py][INFO]  Epoch:10(301/688) loss:0.042 
[2020-08-07 19:39:52,023][trainer.py][INFO]  Epoch:10(401/688) loss:0.284 
[2020-08-07 19:40:41,501][trainer.py][INFO]  Epoch:10(501/688) loss:0.770 
[2020-08-07 19:41:30,341][trainer.py][INFO]  Epoch:10(601/688) loss:0.444 
[2020-08-07 19:42:14,088][trainer.py][INFO]  Epoch:10(689/688) loss:0.385 
[2020-08-07 19:43:13,431][trainer.py][INFO] 各类单独F1:{'畅通': 0.9132189707366297, '缓行': 0.034188034188034185, '拥堵': 0.6747352496217852}  各类F加权:0.5943225507580039
[2020-08-07 19:43:13,432][trainer.py][INFO] val_size: 1380  valLoss: 0.4966 valAcc: 0.8188
[2020-08-07 19:44:57,085][trainer.py][INFO] efficient-b5-seg 第10 epoch 预测结果:{'畅通': 440, '缓行': 0, '拥堵': 160}
[2020-08-07 19:44:57,085][trainer.py][INFO] 69.json 预测结果:{'畅通': 454, '缓行': 15, '拥堵': 131}
[2020-08-07 19:44:57,085][trainer.py][INFO] efficient-b5-seg 和 69.json 的 f1:[0.93959732 0.         0.82474227] 加权f1:0.6827648239119906 
[2020-08-07 19:44:57,086][trainer.py][INFO] efficient-b5-seg 和 69.json 的 Acc:0.9 Precision:[0.95454545 0.         0.75      ] Recall:[0.92511013 0.         0.91603053]
[2020-08-07 19:44:57,092][trainer.py][INFO] Epoch:[10/29]	 Loss=0.41941	 Acc=0.837 epoch_Time:5.659939877192179 min:
[2020-08-07 19:44:57,279][trainer.py][INFO] ----------
[2020-08-07 19:44:57,279][trainer.py][INFO] Epoch 11/29
[2020-08-07 19:44:57,280][trainer.py][INFO] learning rate:0.0018095526758540278
[2020-08-07 19:44:57,280][trainer.py][INFO] ----------
[2020-08-07 19:44:58,810][trainer.py][INFO]  Epoch:11(1/688) loss:0.390 
[2020-08-07 19:45:47,659][trainer.py][INFO]  Epoch:11(101/688) loss:0.674 
[2020-08-07 19:46:37,137][trainer.py][INFO]  Epoch:11(201/688) loss:0.048 
[2020-08-07 19:47:26,115][trainer.py][INFO]  Epoch:11(301/688) loss:0.249 
[2020-08-07 19:48:15,877][trainer.py][INFO]  Epoch:11(401/688) loss:0.462 
[2020-08-07 19:49:04,977][trainer.py][INFO]  Epoch:11(501/688) loss:0.969 
[2020-08-07 19:49:54,807][trainer.py][INFO]  Epoch:11(601/688) loss:0.520 
[2020-08-07 19:50:38,010][trainer.py][INFO]  Epoch:11(689/688) loss:0.164 
[2020-08-07 19:51:36,723][trainer.py][INFO] 各类单独F1:{'畅通': 0.898521162672106, '缓行': 0.0, '拥堵': 0.646551724137931}  各类F加权:0.5676352670171798
[2020-08-07 19:51:36,724][trainer.py][INFO] val_size: 1380  valLoss: 0.5735 valAcc: 0.8014
[2020-08-07 19:53:27,464][trainer.py][INFO] efficient-b5-seg 第11 epoch 预测结果:{'畅通': 435, '缓行': 0, '拥堵': 165}
[2020-08-07 19:53:27,464][trainer.py][INFO] 69.json 预测结果:{'畅通': 454, '缓行': 15, '拥堵': 131}
[2020-08-07 19:53:27,465][trainer.py][INFO] efficient-b5-seg 和 69.json 的 f1:[0.94038245 0.         0.81081081] 加权f1:0.6745629769251816 
[2020-08-07 19:53:27,465][trainer.py][INFO] efficient-b5-seg 和 69.json 的 Acc:0.8966666666666666 Precision:[0.96091954 0.         0.72727273] Recall:[0.92070485 0.         0.91603053]
[2020-08-07 19:53:27,473][trainer.py][INFO] Epoch:[11/29]	 Loss=0.48256	 Acc=0.811 epoch_Time:5.67913140853246 min:
[2020-08-07 19:53:27,691][trainer.py][INFO] ----------
[2020-08-07 19:53:27,691][trainer.py][INFO] Epoch 12/29
[2020-08-07 19:53:27,691][trainer.py][INFO] learning rate:0.0013098841610217362
[2020-08-07 19:53:27,692][trainer.py][INFO] ----------
[2020-08-07 19:53:29,121][trainer.py][INFO]  Epoch:12(1/688) loss:0.723 
[2020-08-07 19:54:17,404][trainer.py][INFO]  Epoch:12(101/688) loss:0.498 
[2020-08-07 19:55:06,581][trainer.py][INFO]  Epoch:12(201/688) loss:0.312 
[2020-08-07 19:55:56,306][trainer.py][INFO]  Epoch:12(301/688) loss:0.483 
[2020-08-07 19:56:45,068][trainer.py][INFO]  Epoch:12(401/688) loss:0.482 
[2020-08-07 19:57:34,101][trainer.py][INFO]  Epoch:12(501/688) loss:0.362 
[2020-08-07 19:58:23,521][trainer.py][INFO]  Epoch:12(601/688) loss:0.303 
[2020-08-07 19:59:06,633][trainer.py][INFO]  Epoch:12(689/688) loss:0.358 
[2020-08-07 20:00:03,708][trainer.py][INFO] 各类单独F1:{'畅通': 0.878755364806867, '缓行': 0.10714285714285714, '拥堵': 0.6236263736263736}  各类F加权:0.571355468565769
[2020-08-07 20:00:03,709][trainer.py][INFO] val_size: 1380  valLoss: 0.6398 valAcc: 0.7645
[2020-08-07 20:01:53,779][trainer.py][INFO] efficient-b5-seg 第12 epoch 预测结果:{'畅通': 400, '缓行': 16, '拥堵': 184}
[2020-08-07 20:01:53,779][trainer.py][INFO] 69.json 预测结果:{'畅通': 454, '缓行': 15, '拥堵': 131}
[2020-08-07 20:01:53,780][trainer.py][INFO] efficient-b5-seg 和 69.json 的 f1:[0.92037471 0.25806452 0.78730159] 加权f1:0.7080687970587495 
[2020-08-07 20:01:53,780][trainer.py][INFO] efficient-b5-seg 和 69.json 的 Acc:0.8683333333333333 Precision:[0.9825     0.25       0.67391304] Recall:[0.86563877 0.26666667 0.94656489]
[2020-08-07 20:01:53,790][trainer.py][INFO] Epoch:[12/29]	 Loss=0.43654	 Acc=0.827 epoch_Time:5.649320185184479 min:
[2020-08-07 20:01:54,034][trainer.py][INFO] ----------
[2020-08-07 20:01:54,034][trainer.py][INFO] Epoch 13/29
[2020-08-07 20:01:54,034][trainer.py][INFO] learning rate:0.0006918504292543872
[2020-08-07 20:01:54,034][trainer.py][INFO] ----------
[2020-08-07 20:01:55,278][trainer.py][INFO]  Epoch:13(1/688) loss:0.303 
[2020-08-07 20:02:43,966][trainer.py][INFO]  Epoch:13(101/688) loss:0.229 
[2020-08-07 20:03:34,549][trainer.py][INFO]  Epoch:13(201/688) loss:0.392 
[2020-08-07 20:04:24,967][trainer.py][INFO]  Epoch:13(301/688) loss:0.913 
[2020-08-07 20:05:14,789][trainer.py][INFO]  Epoch:13(401/688) loss:0.352 
[2020-08-07 20:06:05,138][trainer.py][INFO]  Epoch:13(501/688) loss:0.234 
[2020-08-07 20:06:55,165][trainer.py][INFO]  Epoch:13(601/688) loss:0.246 
[2020-08-07 20:07:39,445][trainer.py][INFO]  Epoch:13(689/688) loss:0.323 
[2020-08-07 20:08:38,513][trainer.py][INFO] 各类单独F1:{'畅通': 0.9120488052872394, '缓行': 0.14814814814814817, '拥堵': 0.6529318541996831}  各类F加权:0.6037985032068874
[2020-08-07 20:08:38,513][trainer.py][INFO] val_size: 1380  valLoss: 0.5583 valAcc: 0.8080
[2020-08-07 20:10:26,159][trainer.py][INFO] efficient-b5-seg 第13 epoch 预测结果:{'畅通': 432, '缓行': 14, '拥堵': 154}
[2020-08-07 20:10:26,159][trainer.py][INFO] 69.json 预测结果:{'畅通': 454, '缓行': 15, '拥堵': 131}
[2020-08-07 20:10:26,160][trainer.py][INFO] efficient-b5-seg 和 69.json 的 f1:[0.93679458 0.4137931  0.82105263] 加权f1:0.7627491161155788 
[2020-08-07 20:10:26,160][trainer.py][INFO] efficient-b5-seg 和 69.json 的 Acc:0.8966666666666666 Precision:[0.96064815 0.42857143 0.75974026] Recall:[0.91409692 0.4        0.89312977]
[2020-08-07 20:10:26,167][trainer.py][INFO] Epoch:[13/29]	 Loss=0.38834	 Acc=0.850 epoch_Time:5.757136901219686 min:
[2020-08-07 20:10:26,404][trainer.py][INFO] ----------
[2020-08-07 20:10:26,404][trainer.py][INFO] Epoch 14/29
[2020-08-07 20:10:26,404][trainer.py][INFO] learning rate:0.00019151935989317182
[2020-08-07 20:10:26,404][trainer.py][INFO] ----------
[2020-08-07 20:10:27,565][trainer.py][INFO]  Epoch:14(1/688) loss:0.396 
[2020-08-07 20:11:16,821][trainer.py][INFO]  Epoch:14(101/688) loss:0.406 
[2020-08-07 20:12:05,469][trainer.py][INFO]  Epoch:14(201/688) loss:0.114 
[2020-08-07 20:12:54,154][trainer.py][INFO]  Epoch:14(301/688) loss:0.537 
[2020-08-07 20:13:42,203][trainer.py][INFO]  Epoch:14(401/688) loss:0.467 
[2020-08-07 20:14:30,530][trainer.py][INFO]  Epoch:14(501/688) loss:0.334 
[2020-08-07 20:15:18,520][trainer.py][INFO]  Epoch:14(601/688) loss:0.339 
[2020-08-07 20:16:00,653][trainer.py][INFO]  Epoch:14(689/688) loss:0.727 
[2020-08-07 20:17:03,283][trainer.py][INFO] 各类单独F1:{'畅通': 0.9188921859545004, '缓行': 0.17073170731707318, '拥堵': 0.6585365853658537}  各类F加权:0.6130467298738269
[2020-08-07 20:17:03,283][trainer.py][INFO] val_size: 1380  valLoss: 0.5503 valAcc: 0.8203
[2020-08-07 20:18:30,891][trainer.py][INFO] efficient-b5-seg 第14 epoch 预测结果:{'畅通': 448, '缓行': 15, '拥堵': 137}
[2020-08-07 20:18:30,891][trainer.py][INFO] 69.json 预测结果:{'畅通': 454, '缓行': 15, '拥堵': 131}
[2020-08-07 20:18:30,891][trainer.py][INFO] efficient-b5-seg 和 69.json 的 f1:[0.95121951 0.46666667 0.85074627] 加权f1:0.7940249969663875 
[2020-08-07 20:18:30,892][trainer.py][INFO] efficient-b5-seg 和 69.json 的 Acc:0.9166666666666666 Precision:[0.95758929 0.46666667 0.83211679] Recall:[0.94493392 0.46666667 0.87022901]
[2020-08-07 20:18:30,898][trainer.py][INFO] Epoch:[14/29]	 Loss=0.34430	 Acc=0.859 epoch_Time:5.571328310171763 min:
[2020-08-07 20:18:31,098][trainer.py][INFO] ----------
[2020-08-07 20:18:31,098][trainer.py][INFO] Epoch 15/29
[2020-08-07 20:18:31,098][trainer.py][INFO] learning rate:4.158064933479366e-10
[2020-08-07 20:18:31,098][trainer.py][INFO] ----------
[2020-08-07 20:18:32,546][trainer.py][INFO]  Epoch:15(1/688) loss:0.150 
[2020-08-07 20:19:21,709][trainer.py][INFO]  Epoch:15(101/688) loss:0.105 
[2020-08-07 20:20:11,469][trainer.py][INFO]  Epoch:15(201/688) loss:0.337 
[2020-08-07 20:21:00,390][trainer.py][INFO]  Epoch:15(301/688) loss:0.235 
[2020-08-07 20:21:49,900][trainer.py][INFO]  Epoch:15(401/688) loss:0.307 
[2020-08-07 20:22:40,167][trainer.py][INFO]  Epoch:15(501/688) loss:0.335 
[2020-08-07 20:23:29,390][trainer.py][INFO]  Epoch:15(601/688) loss:0.116 
[2020-08-07 20:24:12,696][trainer.py][INFO]  Epoch:15(689/688) loss:0.587 
[2020-08-07 20:25:15,208][trainer.py][INFO] 各类单独F1:{'畅通': 0.9188921859545004, '缓行': 0.17073170731707318, '拥堵': 0.6585365853658537}  各类F加权:0.6130467298738269
[2020-08-07 20:25:15,209][trainer.py][INFO] val_size: 1380  valLoss: 0.5503 valAcc: 0.8203
[2020-08-07 20:26:43,806][trainer.py][INFO] efficient-b5-seg 第15 epoch 预测结果:{'畅通': 448, '缓行': 15, '拥堵': 137}
[2020-08-07 20:26:43,806][trainer.py][INFO] 69.json 预测结果:{'畅通': 454, '缓行': 15, '拥堵': 131}
[2020-08-07 20:26:43,807][trainer.py][INFO] efficient-b5-seg 和 69.json 的 f1:[0.95121951 0.46666667 0.85074627] 加权f1:0.7940249969663875 
[2020-08-07 20:26:43,807][trainer.py][INFO] efficient-b5-seg 和 69.json 的 Acc:0.9166666666666666 Precision:[0.95758929 0.46666667 0.83211679] Recall:[0.94493392 0.46666667 0.87022901]
[2020-08-07 20:26:43,812][trainer.py][INFO] Epoch:[15/29]	 Loss=0.33483	 Acc=0.867 epoch_Time:5.693576304117839 min:
[2020-08-07 20:26:44,009][trainer.py][INFO] ----------
[2020-08-07 20:26:44,009][trainer.py][INFO] Epoch 16/29
[2020-08-07 20:26:44,009][trainer.py][INFO] learning rate:0.0018095526758540278
[2020-08-07 20:26:44,009][trainer.py][INFO] ----------
[2020-08-07 20:26:45,842][trainer.py][INFO]  Epoch:16(1/688) loss:0.275 
[2020-08-07 20:27:34,596][trainer.py][INFO]  Epoch:16(101/688) loss:0.525 
[2020-08-07 20:28:23,967][trainer.py][INFO]  Epoch:16(201/688) loss:0.281 
[2020-08-07 20:29:13,759][trainer.py][INFO]  Epoch:16(301/688) loss:0.988 
[2020-08-07 20:30:02,654][trainer.py][INFO]  Epoch:16(401/688) loss:0.472 
[2020-08-07 20:30:51,846][trainer.py][INFO]  Epoch:16(501/688) loss:0.452 
[2020-08-07 20:31:41,314][trainer.py][INFO]  Epoch:16(601/688) loss:0.525 
[2020-08-07 20:32:24,775][trainer.py][INFO]  Epoch:16(689/688) loss:0.366 
[2020-08-07 20:33:27,462][trainer.py][INFO] 各类单独F1:{'畅通': 0.9161290322580645, '缓行': 0.12121212121212122, '拥堵': 0.66884176182708}  各类F加权:0.6087732877902852
[2020-08-07 20:33:27,462][trainer.py][INFO] val_size: 1380  valLoss: 0.5203 valAcc: 0.8232
[2020-08-07 20:34:54,449][trainer.py][INFO] efficient-b5-seg 第16 epoch 预测结果:{'畅通': 452, '缓行': 2, '拥堵': 146}
[2020-08-07 20:34:54,449][trainer.py][INFO] 69.json 预测结果:{'畅通': 454, '缓行': 15, '拥堵': 131}
[2020-08-07 20:34:54,449][trainer.py][INFO] efficient-b5-seg 和 69.json 的 f1:[0.94701987 0.11764706 0.84476534] 加权f1:0.719792591050813 
[2020-08-07 20:34:54,450][trainer.py][INFO] efficient-b5-seg 和 69.json 的 Acc:0.9116666666666666 Precision:[0.94911504 0.5        0.80136986] Recall:[0.94493392 0.06666667 0.89312977]
[2020-08-07 20:34:54,455][trainer.py][INFO] Epoch:[16/29]	 Loss=0.42966	 Acc=0.829 epoch_Time:5.679719579219818 min:
[2020-08-07 20:34:54,642][trainer.py][INFO] ----------
[2020-08-07 20:34:54,642][trainer.py][INFO] Epoch 17/29
[2020-08-07 20:34:54,642][trainer.py][INFO] learning rate:0.0013098841610217353
[2020-08-07 20:34:54,643][trainer.py][INFO] ----------
[2020-08-07 20:34:56,085][trainer.py][INFO]  Epoch:17(1/688) loss:0.520 
[2020-08-07 20:35:45,354][trainer.py][INFO]  Epoch:17(101/688) loss:0.222 
[2020-08-07 20:36:35,212][trainer.py][INFO]  Epoch:17(201/688) loss:0.050 
[2020-08-07 20:37:24,465][trainer.py][INFO]  Epoch:17(301/688) loss:0.045 
[2020-08-07 20:38:14,559][trainer.py][INFO]  Epoch:17(401/688) loss:0.121 
[2020-08-07 20:39:03,741][trainer.py][INFO]  Epoch:17(501/688) loss:0.373 
[2020-08-07 20:39:53,549][trainer.py][INFO]  Epoch:17(601/688) loss:0.155 
[2020-08-07 20:40:36,433][trainer.py][INFO]  Epoch:17(689/688) loss:0.164 
[2020-08-07 20:41:38,408][trainer.py][INFO] 各类单独F1:{'畅通': 0.875, '缓行': 0.07048458149779735, '拥堵': 0.6384266263237519}  各类F加权:0.5721528920938106
[2020-08-07 20:41:38,408][trainer.py][INFO] val_size: 1380  valLoss: 0.7034 valAcc: 0.7522
[2020-08-07 20:43:05,131][trainer.py][INFO] efficient-b5-seg 第17 epoch 预测结果:{'畅通': 404, '缓行': 27, '拥堵': 169}
[2020-08-07 20:43:05,131][trainer.py][INFO] 69.json 预测结果:{'畅通': 454, '缓行': 15, '拥堵': 131}
[2020-08-07 20:43:05,131][trainer.py][INFO] efficient-b5-seg 和 69.json 的 f1:[0.92074592 0.28571429 0.79333333] 加权f1:0.7172920412920412 
[2020-08-07 20:43:05,132][trainer.py][INFO] efficient-b5-seg 和 69.json 的 Acc:0.8666666666666667 Precision:[0.97772277 0.22222222 0.70414201] Recall:[0.87004405 0.4        0.90839695]
[2020-08-07 20:43:05,137][trainer.py][INFO] Epoch:[17/29]	 Loss=0.35636	 Acc=0.856 epoch_Time:5.6967749953269955 min:
[2020-08-07 20:43:05,737][trainer.py][INFO] ----------
[2020-08-07 20:43:05,737][trainer.py][INFO] Epoch 18/29
[2020-08-07 20:43:05,737][trainer.py][INFO] learning rate:0.0006918504292543863
[2020-08-07 20:43:05,737][trainer.py][INFO] ----------
[2020-08-07 20:43:07,073][trainer.py][INFO]  Epoch:18(1/688) loss:0.056 
[2020-08-07 20:43:54,942][trainer.py][INFO]  Epoch:18(101/688) loss:0.816 
[2020-08-07 20:44:42,834][trainer.py][INFO]  Epoch:18(201/688) loss:0.305 
[2020-08-07 20:45:31,729][trainer.py][INFO]  Epoch:18(301/688) loss:0.877 
[2020-08-07 20:46:21,053][trainer.py][INFO]  Epoch:18(401/688) loss:0.144 
[2020-08-07 20:47:10,391][trainer.py][INFO]  Epoch:18(501/688) loss:0.797 
[2020-08-07 20:47:59,770][trainer.py][INFO]  Epoch:18(601/688) loss:0.139 
[2020-08-07 20:48:42,666][trainer.py][INFO]  Epoch:18(689/688) loss:0.106 
[2020-08-07 20:49:42,872][trainer.py][INFO] 各类单独F1:{'畅通': 0.9088130412633724, '缓行': 0.21399176954732513, '拥堵': 0.667870036101083}  各类F加权:0.6252829838227894
[2020-08-07 20:49:42,873][trainer.py][INFO] val_size: 1380  valLoss: 0.6302 valAcc: 0.7993
[2020-08-07 20:51:31,834][trainer.py][INFO] efficient-b5-seg 第18 epoch 预测结果:{'畅通': 430, '缓行': 42, '拥堵': 128}
[2020-08-07 20:51:31,835][trainer.py][INFO] 69.json 预测结果:{'畅通': 454, '缓行': 15, '拥堵': 131}
[2020-08-07 20:51:31,835][trainer.py][INFO] efficient-b5-seg 和 69.json 的 f1:[0.94117647 0.31578947 0.8030888 ] 加权f1:0.733246470707771 
[2020-08-07 20:51:31,836][trainer.py][INFO] efficient-b5-seg 和 69.json 的 Acc:0.8816666666666667 Precision:[0.96744186 0.21428571 0.8125    ] Recall:[0.91629956 0.6        0.79389313]
[2020-08-07 20:51:31,845][trainer.py][INFO] Epoch:[18/29]	 Loss=0.32311	 Acc=0.878 epoch_Time:5.622163184483846 min:
[2020-08-07 20:51:32,096][trainer.py][INFO] ----------
[2020-08-07 20:51:32,097][trainer.py][INFO] Epoch 19/29
[2020-08-07 20:51:32,097][trainer.py][INFO] learning rate:0.00019151935989317127
[2020-08-07 20:51:32,097][trainer.py][INFO] ----------
[2020-08-07 20:51:33,597][trainer.py][INFO]  Epoch:19(1/688) loss:0.281 
[2020-08-07 20:52:22,722][trainer.py][INFO]  Epoch:19(101/688) loss:0.632 
[2020-08-07 20:53:13,122][trainer.py][INFO]  Epoch:19(201/688) loss:0.104 
[2020-08-07 20:54:03,362][trainer.py][INFO]  Epoch:19(301/688) loss:0.389 
[2020-08-07 20:54:53,513][trainer.py][INFO]  Epoch:19(401/688) loss:0.176 
[2020-08-07 20:55:43,498][trainer.py][INFO]  Epoch:19(501/688) loss:0.384 
[2020-08-07 20:56:33,436][trainer.py][INFO]  Epoch:19(601/688) loss:0.276 
[2020-08-07 20:57:16,819][trainer.py][INFO]  Epoch:19(689/688) loss:0.187 
[2020-08-07 20:58:15,573][trainer.py][INFO] 各类单独F1:{'畅通': 0.9127584467977812, '缓行': 0.1869158878504673, '拥堵': 0.6607460035523979}  各类F加权:0.6163824690610884
[2020-08-07 20:58:15,573][trainer.py][INFO] val_size: 1380  valLoss: 0.6191 valAcc: 0.8051
[2020-08-07 21:00:02,068][trainer.py][INFO] efficient-b5-seg 第19 epoch 预测结果:{'畅通': 442, '缓行': 30, '拥堵': 128}
[2020-08-07 21:00:02,068][trainer.py][INFO] 69.json 预测结果:{'畅通': 454, '缓行': 15, '拥堵': 131}
[2020-08-07 21:00:02,068][trainer.py][INFO] efficient-b5-seg 和 69.json 的 f1:[0.94866071 0.4        0.82625483] 加权f1:0.7654850386100385 
[2020-08-07 21:00:02,069][trainer.py][INFO] efficient-b5-seg 和 69.json 的 Acc:0.9016666666666666 Precision:[0.96153846 0.3        0.8359375 ] Recall:[0.93612335 0.6        0.81679389]
[2020-08-07 21:00:02,075][trainer.py][INFO] Epoch:[19/29]	 Loss=0.27400	 Acc=0.893 epoch_Time:5.745672547817231 min:
[2020-08-07 21:00:02,273][trainer.py][INFO] ----------
[2020-08-07 21:00:02,273][trainer.py][INFO] Epoch 20/29
[2020-08-07 21:00:02,274][trainer.py][INFO] learning rate:4.158064933479366e-10
[2020-08-07 21:00:02,274][trainer.py][INFO] ----------
[2020-08-07 21:00:03,940][trainer.py][INFO]  Epoch:20(1/688) loss:0.162 
[2020-08-07 21:00:52,055][trainer.py][INFO]  Epoch:20(101/688) loss:0.054 
[2020-08-07 21:01:40,731][trainer.py][INFO]  Epoch:20(201/688) loss:0.612 
[2020-08-07 21:02:29,924][trainer.py][INFO]  Epoch:20(301/688) loss:0.044 
[2020-08-07 21:03:19,474][trainer.py][INFO]  Epoch:20(401/688) loss:0.159 
[2020-08-07 21:04:08,767][trainer.py][INFO]  Epoch:20(501/688) loss:0.082 
[2020-08-07 21:04:58,234][trainer.py][INFO]  Epoch:20(601/688) loss:0.259 
[2020-08-07 21:05:41,298][trainer.py][INFO]  Epoch:20(689/688) loss:0.115 
[2020-08-07 21:06:39,665][trainer.py][INFO] 各类单独F1:{'畅通': 0.9127584467977812, '缓行': 0.1869158878504673, '拥堵': 0.6607460035523979}  各类F加权:0.6163824690610884
[2020-08-07 21:06:39,666][trainer.py][INFO] val_size: 1380  valLoss: 0.6191 valAcc: 0.8051
[2020-08-07 21:08:21,496][trainer.py][INFO] efficient-b5-seg 第20 epoch 预测结果:{'畅通': 442, '缓行': 30, '拥堵': 128}
[2020-08-07 21:08:21,496][trainer.py][INFO] 69.json 预测结果:{'畅通': 454, '缓行': 15, '拥堵': 131}
[2020-08-07 21:08:21,497][trainer.py][INFO] efficient-b5-seg 和 69.json 的 f1:[0.94866071 0.4        0.82625483] 加权f1:0.7654850386100385 
[2020-08-07 21:08:21,497][trainer.py][INFO] efficient-b5-seg 和 69.json 的 Acc:0.9016666666666666 Precision:[0.96153846 0.3        0.8359375 ] Recall:[0.93612335 0.6        0.81679389]
[2020-08-07 21:08:21,505][trainer.py][INFO] Epoch:[20/29]	 Loss=0.25808	 Acc=0.899 epoch_Time:5.6507011969884235 min:
[2020-08-07 21:08:21,746][trainer.py][INFO] ----------
[2020-08-07 21:08:21,746][trainer.py][INFO] Epoch 21/29
[2020-08-07 21:08:21,746][trainer.py][INFO] learning rate:0.0018095526758540271
[2020-08-07 21:08:21,746][trainer.py][INFO] ----------
[2020-08-07 21:08:23,450][trainer.py][INFO]  Epoch:21(1/688) loss:0.303 
[2020-08-07 21:09:12,028][trainer.py][INFO]  Epoch:21(101/688) loss:0.725 
[2020-08-07 21:10:01,944][trainer.py][INFO]  Epoch:21(201/688) loss:0.188 
[2020-08-07 21:10:51,471][trainer.py][INFO]  Epoch:21(301/688) loss:0.078 
[2020-08-07 21:11:41,157][trainer.py][INFO]  Epoch:21(401/688) loss:0.444 
[2020-08-07 21:12:31,441][trainer.py][INFO]  Epoch:21(501/688) loss:0.272 
[2020-08-07 21:13:21,064][trainer.py][INFO]  Epoch:21(601/688) loss:0.263 
[2020-08-07 21:14:04,490][trainer.py][INFO]  Epoch:21(689/688) loss:0.365 
[2020-08-07 21:15:04,575][trainer.py][INFO] 各类单独F1:{'畅通': 0.8543155579989006, '缓行': 0.10679611650485436, '拥堵': 0.5795918367346938}  各类F加权:0.5399774369415673
[2020-08-07 21:15:04,575][trainer.py][INFO] val_size: 1380  valLoss: 0.7158 valAcc: 0.7254
[2020-08-07 21:16:49,867][trainer.py][INFO] efficient-b5-seg 第21 epoch 预测结果:{'畅通': 372, '缓行': 33, '拥堵': 195}
[2020-08-07 21:16:49,867][trainer.py][INFO] 69.json 预测结果:{'畅通': 454, '缓行': 15, '拥堵': 131}
[2020-08-07 21:16:49,867][trainer.py][INFO] efficient-b5-seg 和 69.json 的 f1:[0.89104116 0.20833333 0.73619632] 加权f1:0.6615926905232301 
[2020-08-07 21:16:49,867][trainer.py][INFO] efficient-b5-seg 和 69.json 的 Acc:0.8216666666666667 Precision:[0.98924731 0.15151515 0.61538462] Recall:[0.81057269 0.33333333 0.91603053]
[2020-08-07 21:16:49,873][trainer.py][INFO] Epoch:[21/29]	 Loss=0.37612	 Acc=0.845 epoch_Time:5.712701749801636 min:
[2020-08-07 21:16:50,068][trainer.py][INFO] ----------
[2020-08-07 21:16:50,069][trainer.py][INFO] Epoch 22/29
[2020-08-07 21:16:50,069][trainer.py][INFO] learning rate:0.0013098841610217353
[2020-08-07 21:16:50,069][trainer.py][INFO] ----------
[2020-08-07 21:16:51,302][trainer.py][INFO]  Epoch:22(1/688) loss:0.141 
[2020-08-07 21:17:40,210][trainer.py][INFO]  Epoch:22(101/688) loss:1.475 
[2020-08-07 21:18:29,719][trainer.py][INFO]  Epoch:22(201/688) loss:1.212 
[2020-08-07 21:19:19,614][trainer.py][INFO]  Epoch:22(301/688) loss:1.027 
[2020-08-07 21:20:09,529][trainer.py][INFO]  Epoch:22(401/688) loss:0.169 
[2020-08-07 21:20:59,362][trainer.py][INFO]  Epoch:22(501/688) loss:0.020 
[2020-08-07 21:21:48,729][trainer.py][INFO]  Epoch:22(601/688) loss:0.077 
[2020-08-07 21:22:31,835][trainer.py][INFO]  Epoch:22(689/688) loss:0.510 
[2020-08-07 21:23:31,244][trainer.py][INFO] 各类单独F1:{'畅通': 0.9000517866390471, '缓行': 0.08391608391608392, '拥堵': 0.6355685131195336}  各类F加权:0.5781346819827463
[2020-08-07 21:23:31,244][trainer.py][INFO] val_size: 1380  valLoss: 0.6848 valAcc: 0.7920
[2020-08-07 21:25:15,053][trainer.py][INFO] efficient-b5-seg 第22 epoch 预测结果:{'畅通': 412, '缓行': 6, '拥堵': 182}
[2020-08-07 21:25:15,053][trainer.py][INFO] 69.json 预测结果:{'畅通': 454, '缓行': 15, '拥堵': 131}
[2020-08-07 21:25:15,054][trainer.py][INFO] efficient-b5-seg 和 69.json 的 f1:[0.92378753 0.19047619 0.78594249] 加权f1:0.6944182390765778 
[2020-08-07 21:25:15,054][trainer.py][INFO] efficient-b5-seg 和 69.json 的 Acc:0.875 Precision:[0.97087379 0.33333333 0.67582418] Recall:[0.88105727 0.13333333 0.9389313 ]
[2020-08-07 21:25:15,061][trainer.py][INFO] Epoch:[22/29]	 Loss=0.32446	 Acc=0.875 epoch_Time:5.69638820886612 min:
[2020-08-07 21:25:15,277][trainer.py][INFO] ----------
[2020-08-07 21:25:15,277][trainer.py][INFO] Epoch 23/29
[2020-08-07 21:25:15,277][trainer.py][INFO] learning rate:0.0006918504292543863
[2020-08-07 21:25:15,277][trainer.py][INFO] ----------
[2020-08-07 21:25:17,046][trainer.py][INFO]  Epoch:23(1/688) loss:0.293 
[2020-08-07 21:26:05,887][trainer.py][INFO]  Epoch:23(101/688) loss:1.189 
[2020-08-07 21:26:55,649][trainer.py][INFO]  Epoch:23(201/688) loss:0.043 
[2020-08-07 21:27:45,547][trainer.py][INFO]  Epoch:23(301/688) loss:0.437 
[2020-08-07 21:28:35,455][trainer.py][INFO]  Epoch:23(401/688) loss:0.096 
[2020-08-07 21:29:26,196][trainer.py][INFO]  Epoch:23(501/688) loss:0.305 
[2020-08-07 21:30:16,680][trainer.py][INFO]  Epoch:23(601/688) loss:0.203 
[2020-08-07 21:31:01,304][trainer.py][INFO]  Epoch:23(689/688) loss:0.588 
[2020-08-07 21:32:01,242][trainer.py][INFO] 各类单独F1:{'畅通': 0.9181731684110371, '缓行': 0.18099547511312217, '拥堵': 0.5720823798627003}  各类F加权:0.563083156622452
[2020-08-07 21:32:01,243][trainer.py][INFO] val_size: 1380  valLoss: 0.6932 valAcc: 0.8043
[2020-08-07 21:33:48,374][trainer.py][INFO] efficient-b5-seg 第23 epoch 预测结果:{'畅通': 486, '缓行': 44, '拥堵': 70}
[2020-08-07 21:33:48,375][trainer.py][INFO] 69.json 预测结果:{'畅通': 454, '缓行': 15, '拥堵': 131}
[2020-08-07 21:33:48,375][trainer.py][INFO] efficient-b5-seg 和 69.json 的 f1:[0.94255319 0.23728814 0.63681592] 加权f1:0.6180578176553224 
[2020-08-07 21:33:48,375][trainer.py][INFO] efficient-b5-seg 和 69.json 的 Acc:0.8566666666666667 Precision:[0.91152263 0.15909091 0.91428571] Recall:[0.97577093 0.46666667 0.48854962]
[2020-08-07 21:33:48,382][trainer.py][INFO] Epoch:[23/29]	 Loss=0.26578	 Acc=0.897 epoch_Time:5.767412420113882 min:
[2020-08-07 21:33:48,597][trainer.py][INFO] ----------
[2020-08-07 21:33:48,597][trainer.py][INFO] Epoch 24/29
[2020-08-07 21:33:48,597][trainer.py][INFO] learning rate:0.00019151935989317127
[2020-08-07 21:33:48,597][trainer.py][INFO] ----------
[2020-08-07 21:33:50,002][trainer.py][INFO]  Epoch:24(1/688) loss:0.160 
[2020-08-07 21:34:39,059][trainer.py][INFO]  Epoch:24(101/688) loss:0.506 
[2020-08-07 21:35:28,802][trainer.py][INFO]  Epoch:24(201/688) loss:0.045 
[2020-08-07 21:36:17,864][trainer.py][INFO]  Epoch:24(301/688) loss:0.007 
[2020-08-07 21:37:07,481][trainer.py][INFO]  Epoch:24(401/688) loss:0.146 
[2020-08-07 21:37:57,287][trainer.py][INFO]  Epoch:24(501/688) loss:0.088 
[2020-08-07 21:38:46,955][trainer.py][INFO]  Epoch:24(601/688) loss:0.824 
[2020-08-07 21:39:30,370][trainer.py][INFO]  Epoch:24(689/688) loss:0.125 
[2020-08-07 21:40:30,311][trainer.py][INFO] 各类单独F1:{'畅通': 0.9166666666666667, '缓行': 0.17061611374407584, '拥堵': 0.626641651031895}  各类F加权:0.5934415467012855
[2020-08-07 21:40:30,312][trainer.py][INFO] val_size: 1380  valLoss: 0.6846 valAcc: 0.8036
[2020-08-07 21:42:16,455][trainer.py][INFO] efficient-b5-seg 第24 epoch 预测结果:{'畅通': 451, '缓行': 30, '拥堵': 119}
[2020-08-07 21:42:16,455][trainer.py][INFO] 69.json 预测结果:{'畅通': 454, '缓行': 15, '拥堵': 131}
[2020-08-07 21:42:16,456][trainer.py][INFO] efficient-b5-seg 和 69.json 的 f1:[0.95248619 0.4        0.8       ] 加权f1:0.7504972375690608 
[2020-08-07 21:42:16,456][trainer.py][INFO] efficient-b5-seg 和 69.json 的 Acc:0.9 Precision:[0.9556541  0.3        0.84033613] Recall:[0.94933921 0.6        0.76335878]
[2020-08-07 21:42:16,463][trainer.py][INFO] Epoch:[24/29]	 Loss=0.22975	 Acc=0.914 epoch_Time:5.696505256493887 min:
[2020-08-07 21:42:16,669][trainer.py][INFO] ----------
[2020-08-07 21:42:16,669][trainer.py][INFO] Epoch 25/29
[2020-08-07 21:42:16,669][trainer.py][INFO] learning rate:4.158064933479366e-10
[2020-08-07 21:42:16,669][trainer.py][INFO] ----------
[2020-08-07 21:42:17,856][trainer.py][INFO]  Epoch:25(1/688) loss:0.084 
[2020-08-07 21:43:07,445][trainer.py][INFO]  Epoch:25(101/688) loss:0.307 
[2020-08-07 21:43:56,626][trainer.py][INFO]  Epoch:25(201/688) loss:0.191 
[2020-08-07 21:44:46,161][trainer.py][INFO]  Epoch:25(301/688) loss:0.078 
[2020-08-07 21:45:36,076][trainer.py][INFO]  Epoch:25(401/688) loss:0.058 
[2020-08-07 21:46:25,950][trainer.py][INFO]  Epoch:25(501/688) loss:0.054 
[2020-08-07 21:47:15,634][trainer.py][INFO]  Epoch:25(601/688) loss:0.177 
[2020-08-07 21:47:59,544][trainer.py][INFO]  Epoch:25(689/688) loss:0.188 
[2020-08-07 21:48:57,345][trainer.py][INFO] 各类单独F1:{'畅通': 0.9166666666666667, '缓行': 0.17061611374407584, '拥堵': 0.626641651031895}  各类F加权:0.5934415467012855
[2020-08-07 21:48:57,346][trainer.py][INFO] val_size: 1380  valLoss: 0.6846 valAcc: 0.8036
[2020-08-07 21:50:45,617][trainer.py][INFO] efficient-b5-seg 第25 epoch 预测结果:{'畅通': 451, '缓行': 30, '拥堵': 119}
[2020-08-07 21:50:45,617][trainer.py][INFO] 69.json 预测结果:{'畅通': 454, '缓行': 15, '拥堵': 131}
[2020-08-07 21:50:45,617][trainer.py][INFO] efficient-b5-seg 和 69.json 的 f1:[0.95248619 0.4        0.8       ] 加权f1:0.7504972375690608 
[2020-08-07 21:50:45,618][trainer.py][INFO] efficient-b5-seg 和 69.json 的 Acc:0.9 Precision:[0.9556541  0.3        0.84033613] Recall:[0.94933921 0.6        0.76335878]
[2020-08-07 21:50:45,627][trainer.py][INFO] Epoch:[25/29]	 Loss=0.21025	 Acc=0.922 epoch_Time:5.714864671230316 min:
[2020-08-07 21:50:45,864][trainer.py][INFO] ----------
[2020-08-07 21:50:45,864][trainer.py][INFO] Epoch 26/29
[2020-08-07 21:50:45,865][trainer.py][INFO] learning rate:0.0018095526758540271
[2020-08-07 21:50:45,865][trainer.py][INFO] ----------
[2020-08-07 21:50:47,514][trainer.py][INFO]  Epoch:26(1/688) loss:0.369 
[2020-08-07 21:51:36,649][trainer.py][INFO]  Epoch:26(101/688) loss:0.101 
[2020-08-07 21:52:26,599][trainer.py][INFO]  Epoch:26(201/688) loss:0.541 
[2020-08-07 21:53:16,972][trainer.py][INFO]  Epoch:26(301/688) loss:0.501 
[2020-08-07 21:54:06,443][trainer.py][INFO]  Epoch:26(401/688) loss:0.768 
[2020-08-07 21:54:56,052][trainer.py][INFO]  Epoch:26(501/688) loss:0.313 
[2020-08-07 21:55:46,165][trainer.py][INFO]  Epoch:26(601/688) loss:0.466 
[2020-08-07 21:56:30,682][trainer.py][INFO]  Epoch:26(689/688) loss:0.574 
[2020-08-07 21:57:29,234][trainer.py][INFO] 各类单独F1:{'畅通': 0.8803418803418803, '缓行': 0.1755485893416928, '拥堵': 0.608084358523726}  各类F加权:0.5760287090509503
[2020-08-07 21:57:29,234][trainer.py][INFO] val_size: 1380  valLoss: 0.8481 valAcc: 0.7428
[2020-08-07 21:59:12,484][trainer.py][INFO] efficient-b5-seg 第26 epoch 预测结果:{'畅通': 402, '缓行': 82, '拥堵': 116}
[2020-08-07 21:59:12,484][trainer.py][INFO] 69.json 预测结果:{'畅通': 454, '缓行': 15, '拥堵': 131}
[2020-08-07 21:59:12,485][trainer.py][INFO] efficient-b5-seg 和 69.json 的 f1:[0.9182243  0.22680412 0.72874494] 加权f1:0.666252648118105 
[2020-08-07 21:59:12,485][trainer.py][INFO] efficient-b5-seg 和 69.json 的 Acc:0.8233333333333334 Precision:[0.97761194 0.13414634 0.77586207] Recall:[0.86563877 0.73333333 0.6870229 ]
[2020-08-07 21:59:12,492][trainer.py][INFO] Epoch:[26/29]	 Loss=0.32296	 Acc=0.874 epoch_Time:5.747254316012064 min:
[2020-08-07 21:59:12,711][trainer.py][INFO] ----------
[2020-08-07 21:59:12,711][trainer.py][INFO] Epoch 27/29
[2020-08-07 21:59:12,711][trainer.py][INFO] learning rate:0.0013098841610217353
[2020-08-07 21:59:12,711][trainer.py][INFO] ----------
[2020-08-07 21:59:14,217][trainer.py][INFO]  Epoch:27(1/688) loss:0.382 
[2020-08-07 22:00:03,606][trainer.py][INFO]  Epoch:27(101/688) loss:0.093 
[2020-08-07 22:00:53,271][trainer.py][INFO]  Epoch:27(201/688) loss:0.411 
[2020-08-07 22:01:42,494][trainer.py][INFO]  Epoch:27(301/688) loss:0.284 
[2020-08-07 22:02:32,025][trainer.py][INFO]  Epoch:27(401/688) loss:0.227 
[2020-08-07 22:03:21,655][trainer.py][INFO]  Epoch:27(501/688) loss:0.355 
[2020-08-07 22:04:12,061][trainer.py][INFO]  Epoch:27(601/688) loss:0.274 
[2020-08-07 22:04:56,110][trainer.py][INFO]  Epoch:27(689/688) loss:0.303 
[2020-08-07 22:05:52,674][trainer.py][INFO] 各类单独F1:{'畅通': 0.9158050221565731, '缓行': 0.07643312101910828, '拥堵': 0.6223776223776224}  各类F加权:0.5718742020617097
[2020-08-07 22:05:52,675][trainer.py][INFO] val_size: 1380  valLoss: 0.7229 valAcc: 0.8072
[2020-08-07 22:07:46,034][trainer.py][INFO] efficient-b5-seg 第27 epoch 预测结果:{'畅通': 458, '缓行': 13, '拥堵': 129}
[2020-08-07 22:07:46,034][trainer.py][INFO] 69.json 预测结果:{'畅通': 454, '缓行': 15, '拥堵': 131}
[2020-08-07 22:07:46,035][trainer.py][INFO] efficient-b5-seg 和 69.json 的 f1:[0.93640351 0.07142857 0.75384615] 加权f1:0.6538741083477926 
[2020-08-07 22:07:46,035][trainer.py][INFO] efficient-b5-seg 和 69.json 的 Acc:0.8766666666666667 Precision:[0.93231441 0.07692308 0.75968992] Recall:[0.94052863 0.06666667 0.7480916 ]
[2020-08-07 22:07:46,044][trainer.py][INFO] Epoch:[27/29]	 Loss=0.27047	 Acc=0.896 epoch_Time:5.723590330282847 min:
[2020-08-07 22:07:46,269][trainer.py][INFO] ----------
[2020-08-07 22:07:46,269][trainer.py][INFO] Epoch 28/29
[2020-08-07 22:07:46,269][trainer.py][INFO] learning rate:0.0006918504292543863
[2020-08-07 22:07:46,269][trainer.py][INFO] ----------
[2020-08-07 22:07:47,880][trainer.py][INFO]  Epoch:28(1/688) loss:0.576 
[2020-08-07 22:08:36,598][trainer.py][INFO]  Epoch:28(101/688) loss:0.504 
[2020-08-07 22:09:26,772][trainer.py][INFO]  Epoch:28(201/688) loss:0.100 
[2020-08-07 22:10:17,299][trainer.py][INFO]  Epoch:28(301/688) loss:0.014 
[2020-08-07 22:11:07,179][trainer.py][INFO]  Epoch:28(401/688) loss:0.143 
[2020-08-07 22:11:56,837][trainer.py][INFO]  Epoch:28(501/688) loss:0.125 
[2020-08-07 22:12:46,821][trainer.py][INFO]  Epoch:28(601/688) loss:0.007 
[2020-08-07 22:13:30,529][trainer.py][INFO]  Epoch:28(689/688) loss:0.204 
[2020-08-07 22:14:28,719][trainer.py][INFO] 各类单独F1:{'畅通': 0.9188651070184171, '缓行': 0.11042944785276075, '拥堵': 0.6768707482993198}  各类F加权:0.6119813599538275
[2020-08-07 22:14:28,720][trainer.py][INFO] val_size: 1380  valLoss: 0.8124 valAcc: 0.8196
[2020-08-07 22:16:15,859][trainer.py][INFO] efficient-b5-seg 第28 epoch 预测结果:{'畅通': 457, '缓行': 9, '拥堵': 134}
[2020-08-07 22:16:15,859][trainer.py][INFO] 69.json 预测结果:{'畅通': 454, '缓行': 15, '拥堵': 131}
[2020-08-07 22:16:15,860][trainer.py][INFO] efficient-b5-seg 和 69.json 的 f1:[0.94621295 0.25       0.82264151] 加权f1:0.7328274962202017 
[2020-08-07 22:16:15,860][trainer.py][INFO] efficient-b5-seg 和 69.json 的 Acc:0.905 Precision:[0.94310722 0.33333333 0.81343284] Recall:[0.94933921 0.2        0.83206107]
[2020-08-07 22:16:15,867][trainer.py][INFO] Epoch:[28/29]	 Loss=0.22526	 Acc=0.913 epoch_Time:5.737963187694549 min:
[2020-08-07 22:16:16,065][trainer.py][INFO] ----------
[2020-08-07 22:16:16,066][trainer.py][INFO] Epoch 29/29
[2020-08-07 22:16:16,066][trainer.py][INFO] learning rate:0.00019151935989317127
[2020-08-07 22:16:16,066][trainer.py][INFO] ----------
[2020-08-07 22:16:17,466][trainer.py][INFO]  Epoch:29(1/688) loss:0.024 
[2020-08-07 22:17:06,153][trainer.py][INFO]  Epoch:29(101/688) loss:0.373 
[2020-08-07 22:17:54,950][trainer.py][INFO]  Epoch:29(201/688) loss:0.110 
[2020-08-07 22:18:44,093][trainer.py][INFO]  Epoch:29(301/688) loss:0.261 
[2020-08-07 22:19:33,287][trainer.py][INFO]  Epoch:29(401/688) loss:0.157 
[2020-08-07 22:20:22,494][trainer.py][INFO]  Epoch:29(501/688) loss:0.195 
[2020-08-07 22:21:12,239][trainer.py][INFO]  Epoch:29(601/688) loss:0.325 
[2020-08-07 22:21:55,834][trainer.py][INFO]  Epoch:29(689/688) loss:0.131 
[2020-08-07 22:22:53,717][trainer.py][INFO] 各类单独F1:{'畅通': 0.917034855179185, '缓行': 0.16267942583732056, '拥堵': 0.6342412451361867}  各类F加权:0.5964876032850132
[2020-08-07 22:22:53,717][trainer.py][INFO] val_size: 1380  valLoss: 0.8215 valAcc: 0.8072
[2020-08-07 22:24:43,589][trainer.py][INFO] efficient-b5-seg 第29 epoch 预测结果:{'畅通': 466, '缓行': 37, '拥堵': 97}
[2020-08-07 22:24:43,589][trainer.py][INFO] 69.json 预测结果:{'畅通': 454, '缓行': 15, '拥堵': 131}
[2020-08-07 22:24:43,589][trainer.py][INFO] efficient-b5-seg 和 69.json 的 f1:[0.94565217 0.19230769 0.72807018] 加权f1:0.6644340785073051 
[2020-08-07 22:24:43,590][trainer.py][INFO] efficient-b5-seg 和 69.json 的 Acc:0.8716666666666667 Precision:[0.93347639 0.13513514 0.8556701 ] Recall:[0.95814978 0.33333333 0.63358779]
[2020-08-07 22:24:43,597][trainer.py][INFO] Epoch:[29/29]	 Loss=0.18644	 Acc=0.927 epoch_Time:5.663089605172475 min:
[2020-08-07 22:24:43,800][trainer.py][INFO] Best Accuracy: 0.625
[2020-08-07 22:24:44,074][trainer.py][INFO] Training complete in 254m 7s
