[2020-08-05 15:58:16,812][get_feature_trainer.py][INFO] Using: efficient-b5
[2020-08-05 15:58:16,813][get_feature_trainer.py][INFO] Using the GPU: (8, 9)
[2020-08-05 15:58:16,813][get_feature_trainer.py][INFO] start training...
[2020-08-05 15:58:16,852][get_feature_trainer.py][INFO] ----------
[2020-08-05 15:58:16,852][get_feature_trainer.py][INFO] Epoch 0/29
[2020-08-05 15:58:16,852][get_feature_trainer.py][INFO] learning rate:0.002
[2020-08-05 15:58:16,852][get_feature_trainer.py][INFO] ----------
[2020-08-05 15:58:55,124][get_feature_trainer.py][INFO]  Epoch:0(1/688) loss:1.115 
[2020-08-05 15:59:46,145][get_feature_trainer.py][INFO]  Epoch:0(101/688) loss:0.734 
[2020-08-05 16:00:39,329][get_feature_trainer.py][INFO]  Epoch:0(201/688) loss:1.123 
[2020-08-05 16:01:32,493][get_feature_trainer.py][INFO]  Epoch:0(301/688) loss:0.767 
[2020-08-05 16:02:25,507][get_feature_trainer.py][INFO]  Epoch:0(401/688) loss:0.354 
[2020-08-05 16:03:19,300][get_feature_trainer.py][INFO]  Epoch:0(501/688) loss:0.743 
[2020-08-05 16:04:12,450][get_feature_trainer.py][INFO]  Epoch:0(601/688) loss:0.750 
[2020-08-05 16:04:59,521][get_feature_trainer.py][INFO]  Epoch:0(689/688) loss:0.932 
[2020-08-05 16:06:05,312][get_feature_trainer.py][INFO] 各类单独F1:{'畅通': 0.8716861081654295, '缓行': 0.15277777777777776, '拥堵': 0.6219178082191781}  各类F加权:0.5780434621201482
[2020-08-05 16:06:05,312][get_feature_trainer.py][INFO] val_size: 1380  valLoss: 0.6627 valAcc: 0.7681
[2020-08-05 16:07:32,007][get_feature_trainer.py][INFO] efficient-b5 第0 epoch 预测结果:{'畅通': 415, '缓行': 4, '拥堵': 181}
[2020-08-05 16:07:32,008][get_feature_trainer.py][INFO] 69.json 预测结果:{'畅通': 454, '缓行': 15, '拥堵': 131}
[2020-08-05 16:07:32,008][get_feature_trainer.py][INFO] efficient-b5 和 69.json 的 f1:[0.90909091 0.10526316 0.74358974] 加权f1:0.6490246595509754 
[2020-08-05 16:07:32,009][get_feature_trainer.py][INFO] efficient-b5 和 69.json 的 Acc:0.8533333333333334 Precision:[0.95180723 0.25       0.64088398] Recall:[0.87004405 0.06666667 0.88549618]
[2020-08-05 16:07:32,015][get_feature_trainer.py][INFO] Epoch:[0/29]	 Loss=0.75853	 Acc=0.709 epoch_Time:6.711680122216543 min:
[2020-08-05 16:07:32,226][get_feature_trainer.py][INFO] ----------
[2020-08-05 16:07:32,226][get_feature_trainer.py][INFO] Epoch 1/29
[2020-08-05 16:07:32,226][get_feature_trainer.py][INFO] learning rate:0.0018095526758540276
[2020-08-05 16:07:32,226][get_feature_trainer.py][INFO] ----------
[2020-08-05 16:07:33,827][get_feature_trainer.py][INFO]  Epoch:1(1/688) loss:0.919 
[2020-08-05 16:08:24,311][get_feature_trainer.py][INFO]  Epoch:1(101/688) loss:0.677 
[2020-08-05 16:09:15,420][get_feature_trainer.py][INFO]  Epoch:1(201/688) loss:0.501 
[2020-08-05 16:10:05,869][get_feature_trainer.py][INFO]  Epoch:1(301/688) loss:0.493 
[2020-08-05 16:10:58,102][get_feature_trainer.py][INFO]  Epoch:1(401/688) loss:1.134 
[2020-08-05 16:11:49,547][get_feature_trainer.py][INFO]  Epoch:1(501/688) loss:0.843 
[2020-08-05 16:12:40,372][get_feature_trainer.py][INFO]  Epoch:1(601/688) loss:0.230 
[2020-08-05 16:13:25,266][get_feature_trainer.py][INFO]  Epoch:1(689/688) loss:0.841 
[2020-08-05 16:14:25,247][get_feature_trainer.py][INFO] 各类单独F1:{'畅通': 0.8874934589220304, '缓行': 0.0, '拥堵': 0.64343163538874}  各类F加权:0.5635576730176501
[2020-08-05 16:14:25,248][get_feature_trainer.py][INFO] val_size: 1380  valLoss: 0.5559 valAcc: 0.7884
[2020-08-05 16:16:18,429][get_feature_trainer.py][INFO] efficient-b5 第1 epoch 预测结果:{'畅通': 400, '缓行': 0, '拥堵': 200}
[2020-08-05 16:16:18,430][get_feature_trainer.py][INFO] 69.json 预测结果:{'畅通': 454, '缓行': 15, '拥堵': 131}
[2020-08-05 16:16:18,430][get_feature_trainer.py][INFO] efficient-b5 和 69.json 的 f1:[0.92505855 0.         0.77945619] 加权f1:0.6526854256139581 
[2020-08-05 16:16:18,431][get_feature_trainer.py][INFO] efficient-b5 和 69.json 的 Acc:0.8733333333333333 Precision:[0.9875 0.     0.645 ] Recall:[0.87004405 0.         0.98473282]
[2020-08-05 16:16:18,439][get_feature_trainer.py][INFO] Epoch:[1/29]	 Loss=0.63619	 Acc=0.762 epoch_Time:5.884277574221293 min:
[2020-08-05 16:16:18,677][get_feature_trainer.py][INFO] ----------
[2020-08-05 16:16:18,678][get_feature_trainer.py][INFO] Epoch 2/29
[2020-08-05 16:16:18,678][get_feature_trainer.py][INFO] learning rate:0.0013098841610217362
[2020-08-05 16:16:18,678][get_feature_trainer.py][INFO] ----------
[2020-08-05 16:16:20,108][get_feature_trainer.py][INFO]  Epoch:2(1/688) loss:0.320 
[2020-08-05 16:17:11,077][get_feature_trainer.py][INFO]  Epoch:2(101/688) loss:0.302 
[2020-08-05 16:18:02,875][get_feature_trainer.py][INFO]  Epoch:2(201/688) loss:0.822 
[2020-08-05 16:18:53,278][get_feature_trainer.py][INFO]  Epoch:2(301/688) loss:0.448 
[2020-08-05 16:19:43,345][get_feature_trainer.py][INFO]  Epoch:2(401/688) loss:0.678 
[2020-08-05 16:20:33,440][get_feature_trainer.py][INFO]  Epoch:2(501/688) loss:0.229 
[2020-08-05 16:21:23,482][get_feature_trainer.py][INFO]  Epoch:2(601/688) loss:0.385 
[2020-08-05 16:22:07,609][get_feature_trainer.py][INFO]  Epoch:2(689/688) loss:0.437 
[2020-08-05 16:23:10,640][get_feature_trainer.py][INFO] 各类单独F1:{'畅通': 0.8197474167623421, '缓行': 0.0, '拥堵': 0.5595628415300546}  各类F加权:0.4996871882705012
[2020-08-05 16:23:10,641][get_feature_trainer.py][INFO] val_size: 1380  valLoss: 0.7341 valAcc: 0.7029
[2020-08-05 16:25:02,809][get_feature_trainer.py][INFO] efficient-b5 第2 epoch 预测结果:{'畅通': 338, '缓行': 0, '拥堵': 262}
[2020-08-05 16:25:02,809][get_feature_trainer.py][INFO] 69.json 预测结果:{'畅通': 454, '缓行': 15, '拥堵': 131}
[2020-08-05 16:25:02,809][get_feature_trainer.py][INFO] efficient-b5 和 69.json 的 f1:[0.84848485 0.         0.66666667] 加权f1:0.5696969696969697 
[2020-08-05 16:25:02,810][get_feature_trainer.py][INFO] efficient-b5 和 69.json 的 Acc:0.7783333333333333 Precision:[0.99408284 0.         0.5       ] Recall:[0.74008811 0.         1.        ]
[2020-08-05 16:25:02,818][get_feature_trainer.py][INFO] Epoch:[2/29]	 Loss=0.53615	 Acc=0.790 epoch_Time:5.815814208984375 min:
[2020-08-05 16:25:03,052][get_feature_trainer.py][INFO] ----------
[2020-08-05 16:25:03,052][get_feature_trainer.py][INFO] Epoch 3/29
[2020-08-05 16:25:03,052][get_feature_trainer.py][INFO] learning rate:0.000691850429254387
[2020-08-05 16:25:03,052][get_feature_trainer.py][INFO] ----------
[2020-08-05 16:25:04,619][get_feature_trainer.py][INFO]  Epoch:3(1/688) loss:0.821 
[2020-08-05 16:25:55,119][get_feature_trainer.py][INFO]  Epoch:3(101/688) loss:0.614 
[2020-08-05 16:26:44,954][get_feature_trainer.py][INFO]  Epoch:3(201/688) loss:0.743 
[2020-08-05 16:27:34,747][get_feature_trainer.py][INFO]  Epoch:3(301/688) loss:0.957 
[2020-08-05 16:28:24,438][get_feature_trainer.py][INFO]  Epoch:3(401/688) loss:0.668 
[2020-08-05 16:29:15,495][get_feature_trainer.py][INFO]  Epoch:3(501/688) loss:0.449 
[2020-08-05 16:30:06,015][get_feature_trainer.py][INFO]  Epoch:3(601/688) loss:0.681 
[2020-08-05 16:30:50,800][get_feature_trainer.py][INFO]  Epoch:3(689/688) loss:0.727 
[2020-08-05 16:31:58,905][get_feature_trainer.py][INFO] 各类单独F1:{'畅通': 0.9184756391702846, '缓行': 0.0, '拥堵': 0.6917808219178081}  各类F加权:0.5987636209847418
[2020-08-05 16:31:58,906][get_feature_trainer.py][INFO] val_size: 1380  valLoss: 0.4662 valAcc: 0.8362
[2020-08-05 16:33:26,122][get_feature_trainer.py][INFO] efficient-b5 第3 epoch 预测结果:{'畅通': 464, '缓行': 0, '拥堵': 136}
[2020-08-05 16:33:26,122][get_feature_trainer.py][INFO] 69.json 预测结果:{'畅通': 454, '缓行': 15, '拥堵': 131}
[2020-08-05 16:33:26,123][get_feature_trainer.py][INFO] efficient-b5 和 69.json 的 f1:[0.95424837 0.         0.86142322] 加权f1:0.7077036057868841 
[2020-08-05 16:33:26,123][get_feature_trainer.py][INFO] efficient-b5 和 69.json 的 Acc:0.9216666666666666 Precision:[0.94396552 0.         0.84558824] Recall:[0.96475771 0.         0.8778626 ]
[2020-08-05 16:33:26,129][get_feature_trainer.py][INFO] Epoch:[3/29]	 Loss=0.50102	 Acc=0.800 epoch_Time:5.796095625559489 min:
[2020-08-05 16:33:26,322][get_feature_trainer.py][INFO] ----------
[2020-08-05 16:33:26,323][get_feature_trainer.py][INFO] Epoch 4/29
[2020-08-05 16:33:26,323][get_feature_trainer.py][INFO] learning rate:0.0001915193598931715
[2020-08-05 16:33:26,323][get_feature_trainer.py][INFO] ----------
[2020-08-05 16:33:28,273][get_feature_trainer.py][INFO]  Epoch:4(1/688) loss:0.531 
[2020-08-05 16:34:19,814][get_feature_trainer.py][INFO]  Epoch:4(101/688) loss:0.493 
[2020-08-05 16:35:11,206][get_feature_trainer.py][INFO]  Epoch:4(201/688) loss:0.469 
[2020-08-05 16:36:02,614][get_feature_trainer.py][INFO]  Epoch:4(301/688) loss:0.969 
[2020-08-05 16:36:53,745][get_feature_trainer.py][INFO]  Epoch:4(401/688) loss:0.374 
[2020-08-05 16:37:45,785][get_feature_trainer.py][INFO]  Epoch:4(501/688) loss:0.670 
[2020-08-05 16:38:36,286][get_feature_trainer.py][INFO]  Epoch:4(601/688) loss:0.313 
[2020-08-05 16:39:21,067][get_feature_trainer.py][INFO]  Epoch:4(689/688) loss:0.425 
[2020-08-05 16:40:18,445][get_feature_trainer.py][INFO] 各类单独F1:{'畅通': 0.9252704031465093, '缓行': 0.0, '拥堵': 0.7009646302250804}  各类F加权:0.6056328587643501
[2020-08-05 16:40:18,446][get_feature_trainer.py][INFO] val_size: 1380  valLoss: 0.4539 valAcc: 0.8399
[2020-08-05 16:42:02,458][get_feature_trainer.py][INFO] efficient-b5 第4 epoch 预测结果:{'畅通': 455, '缓行': 0, '拥堵': 145}
[2020-08-05 16:42:02,458][get_feature_trainer.py][INFO] 69.json 预测结果:{'畅通': 454, '缓行': 15, '拥堵': 131}
[2020-08-05 16:42:02,458][get_feature_trainer.py][INFO] efficient-b5 和 69.json 的 f1:[0.95929593 0.         0.87681159] 加权f1:0.717946142440331 
[2020-08-05 16:42:02,459][get_feature_trainer.py][INFO] efficient-b5 和 69.json 的 Acc:0.9283333333333333 Precision:[0.95824176 0.         0.83448276] Recall:[0.96035242 0.         0.92366412]
[2020-08-05 16:42:02,467][get_feature_trainer.py][INFO] Epoch:[4/29]	 Loss=0.45769	 Acc=0.823 epoch_Time:5.9126812736193335 min:
[2020-08-05 16:42:02,715][get_feature_trainer.py][INFO] ----------
[2020-08-05 16:42:02,715][get_feature_trainer.py][INFO] Epoch 5/29
[2020-08-05 16:42:02,715][get_feature_trainer.py][INFO] learning rate:4.158064933479366e-10
[2020-08-05 16:42:02,715][get_feature_trainer.py][INFO] ----------
[2020-08-05 16:42:04,309][get_feature_trainer.py][INFO]  Epoch:5(1/688) loss:0.067 
[2020-08-05 16:42:55,624][get_feature_trainer.py][INFO]  Epoch:5(101/688) loss:0.393 
[2020-08-05 16:43:46,907][get_feature_trainer.py][INFO]  Epoch:5(201/688) loss:0.490 
[2020-08-05 16:44:37,344][get_feature_trainer.py][INFO]  Epoch:5(301/688) loss:0.719 
[2020-08-05 16:45:27,990][get_feature_trainer.py][INFO]  Epoch:5(401/688) loss:0.470 
[2020-08-05 16:46:18,406][get_feature_trainer.py][INFO]  Epoch:5(501/688) loss:0.684 
[2020-08-05 16:47:09,892][get_feature_trainer.py][INFO]  Epoch:5(601/688) loss:0.192 
[2020-08-05 16:47:54,917][get_feature_trainer.py][INFO]  Epoch:5(689/688) loss:0.471 
[2020-08-05 16:49:02,575][get_feature_trainer.py][INFO] 各类单独F1:{'畅通': 0.9252704031465093, '缓行': 0.0, '拥堵': 0.7009646302250804}  各类F加权:0.6056328587643501
[2020-08-05 16:49:02,575][get_feature_trainer.py][INFO] val_size: 1380  valLoss: 0.4539 valAcc: 0.8399
[2020-08-05 16:50:25,308][get_feature_trainer.py][INFO] efficient-b5 第5 epoch 预测结果:{'畅通': 455, '缓行': 0, '拥堵': 145}
[2020-08-05 16:50:25,308][get_feature_trainer.py][INFO] 69.json 预测结果:{'畅通': 454, '缓行': 15, '拥堵': 131}
[2020-08-05 16:50:25,309][get_feature_trainer.py][INFO] efficient-b5 和 69.json 的 f1:[0.95929593 0.         0.87681159] 加权f1:0.717946142440331 
[2020-08-05 16:50:25,309][get_feature_trainer.py][INFO] efficient-b5 和 69.json 的 Acc:0.9283333333333333 Precision:[0.95824176 0.         0.83448276] Recall:[0.96035242 0.         0.92366412]
[2020-08-05 16:50:25,317][get_feature_trainer.py][INFO] Epoch:[5/29]	 Loss=0.43840	 Acc=0.833 epoch_Time:5.870304516951243 min:
[2020-08-05 16:50:25,531][get_feature_trainer.py][INFO] ----------
[2020-08-05 16:50:25,531][get_feature_trainer.py][INFO] Epoch 6/29
[2020-08-05 16:50:25,531][get_feature_trainer.py][INFO] learning rate:0.0018095526758540276
[2020-08-05 16:50:25,531][get_feature_trainer.py][INFO] ----------
[2020-08-05 16:50:27,151][get_feature_trainer.py][INFO]  Epoch:6(1/688) loss:0.268 
[2020-08-05 16:51:18,110][get_feature_trainer.py][INFO]  Epoch:6(101/688) loss:0.391 
[2020-08-05 16:52:09,928][get_feature_trainer.py][INFO]  Epoch:6(201/688) loss:0.259 
[2020-08-05 16:53:01,005][get_feature_trainer.py][INFO]  Epoch:6(301/688) loss:0.700 
[2020-08-05 16:53:52,725][get_feature_trainer.py][INFO]  Epoch:6(401/688) loss:0.393 
[2020-08-05 16:54:44,370][get_feature_trainer.py][INFO]  Epoch:6(501/688) loss:0.726 
[2020-08-05 16:55:36,642][get_feature_trainer.py][INFO]  Epoch:6(601/688) loss:0.774 
[2020-08-05 16:56:22,343][get_feature_trainer.py][INFO]  Epoch:6(689/688) loss:0.473 
[2020-08-05 16:57:41,237][get_feature_trainer.py][INFO] 各类单独F1:{'畅通': 0.9049049049049049, '缓行': 0.0, '拥堵': 0.6767830045523522}  各类F加权:0.5870507837123923
[2020-08-05 16:57:41,237][get_feature_trainer.py][INFO] val_size: 1380  valLoss: 0.5438 valAcc: 0.8167
[2020-08-05 16:59:17,829][get_feature_trainer.py][INFO] efficient-b5 第6 epoch 预测结果:{'畅通': 436, '缓行': 0, '拥堵': 164}
[2020-08-05 16:59:17,829][get_feature_trainer.py][INFO] 69.json 预测结果:{'畅通': 454, '缓行': 15, '拥堵': 131}
[2020-08-05 16:59:17,829][get_feature_trainer.py][INFO] efficient-b5 和 69.json 的 f1:[0.95280899 0.         0.86101695] 加权f1:0.7071719672443344 
[2020-08-05 16:59:17,830][get_feature_trainer.py][INFO] efficient-b5 和 69.json 的 Acc:0.9183333333333333 Precision:[0.97247706 0.         0.77439024] Recall:[0.9339207  0.         0.96946565]
[2020-08-05 16:59:17,838][get_feature_trainer.py][INFO] Epoch:[6/29]	 Loss=0.49772	 Acc=0.806 epoch_Time:5.947202479839325 min:
[2020-08-05 16:59:18,036][get_feature_trainer.py][INFO] ----------
[2020-08-05 16:59:18,036][get_feature_trainer.py][INFO] Epoch 7/29
[2020-08-05 16:59:18,036][get_feature_trainer.py][INFO] learning rate:0.0013098841610217358
[2020-08-05 16:59:18,036][get_feature_trainer.py][INFO] ----------
[2020-08-05 16:59:19,786][get_feature_trainer.py][INFO]  Epoch:7(1/688) loss:0.693 
[2020-08-05 17:00:12,012][get_feature_trainer.py][INFO]  Epoch:7(101/688) loss:0.426 
[2020-08-05 17:01:02,747][get_feature_trainer.py][INFO]  Epoch:7(201/688) loss:0.433 
[2020-08-05 17:01:53,492][get_feature_trainer.py][INFO]  Epoch:7(301/688) loss:0.251 
[2020-08-05 17:02:44,315][get_feature_trainer.py][INFO]  Epoch:7(401/688) loss:0.502 
[2020-08-05 17:03:34,981][get_feature_trainer.py][INFO]  Epoch:7(501/688) loss:0.115 
[2020-08-05 17:04:26,199][get_feature_trainer.py][INFO]  Epoch:7(601/688) loss:0.548 
[2020-08-05 17:05:10,873][get_feature_trainer.py][INFO]  Epoch:7(689/688) loss:0.673 
[2020-08-05 17:06:18,434][get_feature_trainer.py][INFO] 各类单独F1:{'畅通': 0.9134092033646709, '缓行': 0.05172413793103449, '拥堵': 0.6773675762439806}  各类F加权:0.5994472140055295
[2020-08-05 17:06:18,435][get_feature_trainer.py][INFO] val_size: 1380  valLoss: 0.4838 valAcc: 0.8239
[2020-08-05 17:07:46,666][get_feature_trainer.py][INFO] efficient-b5 第7 epoch 预测结果:{'畅通': 453, '缓行': 0, '拥堵': 147}
[2020-08-05 17:07:46,666][get_feature_trainer.py][INFO] 69.json 预测结果:{'畅通': 454, '缓行': 15, '拥堵': 131}
[2020-08-05 17:07:46,667][get_feature_trainer.py][INFO] efficient-b5 和 69.json 的 f1:[0.95920617 0.         0.8705036 ] 加权f1:0.7141433931135137 
[2020-08-05 17:07:46,667][get_feature_trainer.py][INFO] efficient-b5 和 69.json 的 Acc:0.9266666666666666 Precision:[0.9602649  0.         0.82312925] Recall:[0.95814978 0.         0.92366412]
[2020-08-05 17:07:46,673][get_feature_trainer.py][INFO] Epoch:[7/29]	 Loss=0.45750	 Acc=0.819 epoch_Time:5.88088393608729 min:
[2020-08-05 17:07:46,944][get_feature_trainer.py][INFO] ----------
[2020-08-05 17:07:46,944][get_feature_trainer.py][INFO] Epoch 8/29
[2020-08-05 17:07:46,944][get_feature_trainer.py][INFO] learning rate:0.000691850429254387
[2020-08-05 17:07:46,945][get_feature_trainer.py][INFO] ----------
[2020-08-05 17:07:48,471][get_feature_trainer.py][INFO]  Epoch:8(1/688) loss:0.389 
[2020-08-05 17:08:40,548][get_feature_trainer.py][INFO]  Epoch:8(101/688) loss:0.433 
[2020-08-05 17:09:31,963][get_feature_trainer.py][INFO]  Epoch:8(201/688) loss:0.444 
[2020-08-05 17:10:23,129][get_feature_trainer.py][INFO]  Epoch:8(301/688) loss:0.302 
[2020-08-05 17:11:15,707][get_feature_trainer.py][INFO]  Epoch:8(401/688) loss:0.368 
[2020-08-05 17:12:06,647][get_feature_trainer.py][INFO]  Epoch:8(501/688) loss:0.557 
[2020-08-05 17:12:58,133][get_feature_trainer.py][INFO]  Epoch:8(601/688) loss:0.628 
[2020-08-05 17:13:44,018][get_feature_trainer.py][INFO]  Epoch:8(689/688) loss:0.433 
[2020-08-05 17:14:44,998][get_feature_trainer.py][INFO] 各类单独F1:{'畅通': 0.9189971070395372, '缓行': 0.14070351758793972, '拥堵': 0.6201232032854209}  各类F加权:0.584014046896748
[2020-08-05 17:14:44,998][get_feature_trainer.py][INFO] val_size: 1380  valLoss: 0.4884 valAcc: 0.8101
[2020-08-05 17:16:27,438][get_feature_trainer.py][INFO] efficient-b5 第8 epoch 预测结果:{'畅通': 477, '缓行': 29, '拥堵': 94}
[2020-08-05 17:16:27,438][get_feature_trainer.py][INFO] 69.json 预测结果:{'畅通': 454, '缓行': 15, '拥堵': 131}
[2020-08-05 17:16:27,438][get_feature_trainer.py][INFO] efficient-b5 和 69.json 的 f1:[0.95166488 0.31818182 0.74666667] 加权f1:0.701969338931745 
[2020-08-05 17:16:27,439][get_feature_trainer.py][INFO] efficient-b5 和 69.json 的 Acc:0.89 Precision:[0.92872117 0.24137931 0.89361702] Recall:[0.97577093 0.46666667 0.64122137]
[2020-08-05 17:16:27,447][get_feature_trainer.py][INFO] Epoch:[8/29]	 Loss=0.38617	 Acc=0.840 epoch_Time:5.951712135473887 min:
[2020-08-05 17:16:27,745][get_feature_trainer.py][INFO] ----------
[2020-08-05 17:16:27,745][get_feature_trainer.py][INFO] Epoch 9/29
[2020-08-05 17:16:27,746][get_feature_trainer.py][INFO] learning rate:0.00019151935989317182
[2020-08-05 17:16:27,746][get_feature_trainer.py][INFO] ----------
[2020-08-05 17:16:29,810][get_feature_trainer.py][INFO]  Epoch:9(1/688) loss:0.352 
[2020-08-05 17:17:23,554][get_feature_trainer.py][INFO]  Epoch:9(101/688) loss:0.505 
[2020-08-05 17:18:16,120][get_feature_trainer.py][INFO]  Epoch:9(201/688) loss:0.869 
[2020-08-05 17:19:09,249][get_feature_trainer.py][INFO]  Epoch:9(301/688) loss:0.405 
[2020-08-05 17:20:01,714][get_feature_trainer.py][INFO]  Epoch:9(401/688) loss:0.151 
[2020-08-05 17:20:54,279][get_feature_trainer.py][INFO]  Epoch:9(501/688) loss:0.113 
[2020-08-05 17:21:46,625][get_feature_trainer.py][INFO]  Epoch:9(601/688) loss:0.117 
[2020-08-05 17:22:33,012][get_feature_trainer.py][INFO]  Epoch:9(689/688) loss:0.372 
[2020-08-05 17:23:49,320][get_feature_trainer.py][INFO] 各类单独F1:{'畅通': 0.9193857965451057, '缓行': 0.06249999999999999, '拥堵': 0.6897810218978102}  各类F加权:0.6102457724477073
[2020-08-05 17:23:49,322][get_feature_trainer.py][INFO] val_size: 1380  valLoss: 0.5137 valAcc: 0.8341
[2020-08-05 17:25:25,485][get_feature_trainer.py][INFO] efficient-b5 第9 epoch 预测结果:{'畅通': 476, '缓行': 6, '拥堵': 118}
[2020-08-05 17:25:25,485][get_feature_trainer.py][INFO] 69.json 预测结果:{'畅通': 454, '缓行': 15, '拥堵': 131}
[2020-08-05 17:25:25,486][get_feature_trainer.py][INFO] efficient-b5 和 69.json 的 f1:[0.94408602 0.19047619 0.81124498] 加权f1:0.7136594303481206 
[2020-08-05 17:25:25,486][get_feature_trainer.py][INFO] efficient-b5 和 69.json 的 Acc:0.9033333333333333 Precision:[0.92226891 0.33333333 0.8559322 ] Recall:[0.96696035 0.13333333 0.77099237]
[2020-08-05 17:25:25,493][get_feature_trainer.py][INFO] Epoch:[9/29]	 Loss=0.35037	 Acc=0.862 epoch_Time:6.088304015000661 min:
[2020-08-05 17:25:25,785][get_feature_trainer.py][INFO] ----------
[2020-08-05 17:25:25,786][get_feature_trainer.py][INFO] Epoch 10/29
[2020-08-05 17:25:25,786][get_feature_trainer.py][INFO] learning rate:4.158064933479366e-10
[2020-08-05 17:25:25,786][get_feature_trainer.py][INFO] ----------
[2020-08-05 17:25:27,280][get_feature_trainer.py][INFO]  Epoch:10(1/688) loss:0.419 
[2020-08-05 17:26:20,067][get_feature_trainer.py][INFO]  Epoch:10(101/688) loss:0.453 
[2020-08-05 17:27:12,045][get_feature_trainer.py][INFO]  Epoch:10(201/688) loss:0.331 
[2020-08-05 17:28:04,470][get_feature_trainer.py][INFO]  Epoch:10(301/688) loss:0.211 
[2020-08-05 17:28:57,674][get_feature_trainer.py][INFO]  Epoch:10(401/688) loss:0.091 
[2020-08-05 17:29:49,186][get_feature_trainer.py][INFO]  Epoch:10(501/688) loss:0.077 
[2020-08-05 17:30:40,145][get_feature_trainer.py][INFO]  Epoch:10(601/688) loss:0.191 
[2020-08-05 17:31:24,767][get_feature_trainer.py][INFO]  Epoch:10(689/688) loss:0.462 
[2020-08-05 17:32:24,352][get_feature_trainer.py][INFO] 各类单独F1:{'畅通': 0.9193857965451057, '缓行': 0.06249999999999999, '拥堵': 0.6897810218978102}  各类F加权:0.6102457724477073
[2020-08-05 17:32:24,352][get_feature_trainer.py][INFO] val_size: 1380  valLoss: 0.5137 valAcc: 0.8341
[2020-08-05 17:33:50,558][get_feature_trainer.py][INFO] efficient-b5 第10 epoch 预测结果:{'畅通': 476, '缓行': 6, '拥堵': 118}
[2020-08-05 17:33:50,558][get_feature_trainer.py][INFO] 69.json 预测结果:{'畅通': 454, '缓行': 15, '拥堵': 131}
[2020-08-05 17:33:50,559][get_feature_trainer.py][INFO] efficient-b5 和 69.json 的 f1:[0.94408602 0.19047619 0.81124498] 加权f1:0.7136594303481206 
[2020-08-05 17:33:50,559][get_feature_trainer.py][INFO] efficient-b5 和 69.json 的 Acc:0.9033333333333333 Precision:[0.92226891 0.33333333 0.8559322 ] Recall:[0.96696035 0.13333333 0.77099237]
[2020-08-05 17:33:50,564][get_feature_trainer.py][INFO] Epoch:[10/29]	 Loss=0.33065	 Acc=0.865 epoch_Time:5.98349916934967 min:
[2020-08-05 17:33:50,757][get_feature_trainer.py][INFO] ----------
[2020-08-05 17:33:50,757][get_feature_trainer.py][INFO] Epoch 11/29
[2020-08-05 17:33:50,757][get_feature_trainer.py][INFO] learning rate:0.0018095526758540278
[2020-08-05 17:33:50,757][get_feature_trainer.py][INFO] ----------
[2020-08-05 17:33:51,985][get_feature_trainer.py][INFO]  Epoch:11(1/688) loss:0.135 
[2020-08-05 17:34:43,701][get_feature_trainer.py][INFO]  Epoch:11(101/688) loss:0.073 
[2020-08-05 17:35:37,025][get_feature_trainer.py][INFO]  Epoch:11(201/688) loss:0.500 
[2020-08-05 17:36:30,618][get_feature_trainer.py][INFO]  Epoch:11(301/688) loss:1.745 
[2020-08-05 17:37:23,463][get_feature_trainer.py][INFO]  Epoch:11(401/688) loss:0.078 
[2020-08-05 17:38:16,375][get_feature_trainer.py][INFO]  Epoch:11(501/688) loss:0.308 
[2020-08-05 17:39:08,779][get_feature_trainer.py][INFO]  Epoch:11(601/688) loss:0.635 
[2020-08-05 17:39:52,656][get_feature_trainer.py][INFO]  Epoch:11(689/688) loss:0.602 
[2020-08-05 17:40:53,601][get_feature_trainer.py][INFO] 各类单独F1:{'畅通': 0.902970297029703, '缓行': 0.16058394160583941, '拥堵': 0.6401326699834163}  各类F加权:0.5967904497171583
[2020-08-05 17:40:53,602][get_feature_trainer.py][INFO] val_size: 1380  valLoss: 0.5226 valAcc: 0.8087
[2020-08-05 17:42:33,207][get_feature_trainer.py][INFO] efficient-b5 第11 epoch 预测结果:{'畅通': 454, '缓行': 7, '拥堵': 139}
[2020-08-05 17:42:33,207][get_feature_trainer.py][INFO] 69.json 预测结果:{'畅通': 454, '缓行': 15, '拥堵': 131}
[2020-08-05 17:42:33,208][get_feature_trainer.py][INFO] efficient-b5 和 69.json 的 f1:[0.95154185 0.27272727 0.84444444] 加权f1:0.751520491256174 
[2020-08-05 17:42:33,208][get_feature_trainer.py][INFO] efficient-b5 和 69.json 的 Acc:0.915 Precision:[0.95154185 0.42857143 0.82014388] Recall:[0.95154185 0.2        0.87022901]
[2020-08-05 17:42:33,218][get_feature_trainer.py][INFO] Epoch:[11/29]	 Loss=0.41809	 Acc=0.833 epoch_Time:6.031948574384054 min:
[2020-08-05 17:42:33,504][get_feature_trainer.py][INFO] ----------
[2020-08-05 17:42:33,504][get_feature_trainer.py][INFO] Epoch 12/29
[2020-08-05 17:42:33,504][get_feature_trainer.py][INFO] learning rate:0.0013098841610217362
[2020-08-05 17:42:33,504][get_feature_trainer.py][INFO] ----------
[2020-08-05 17:42:35,391][get_feature_trainer.py][INFO]  Epoch:12(1/688) loss:0.194 
[2020-08-05 17:43:28,812][get_feature_trainer.py][INFO]  Epoch:12(101/688) loss:0.058 
[2020-08-05 17:44:22,353][get_feature_trainer.py][INFO]  Epoch:12(201/688) loss:0.489 
[2020-08-05 17:45:13,216][get_feature_trainer.py][INFO]  Epoch:12(301/688) loss:0.606 
[2020-08-05 17:46:03,732][get_feature_trainer.py][INFO]  Epoch:12(401/688) loss:0.393 
[2020-08-05 17:46:53,367][get_feature_trainer.py][INFO]  Epoch:12(501/688) loss:0.324 
[2020-08-05 17:47:43,995][get_feature_trainer.py][INFO]  Epoch:12(601/688) loss:0.143 
[2020-08-05 17:48:29,025][get_feature_trainer.py][INFO]  Epoch:12(689/688) loss:0.135 
[2020-08-05 17:49:45,494][get_feature_trainer.py][INFO] 各类单独F1:{'畅通': 0.9079939668174962, '缓行': 0.05309734513274337, '拥堵': 0.6778115501519758}  各类F加权:0.5989051924812334
[2020-08-05 17:49:45,495][get_feature_trainer.py][INFO] val_size: 1380  valLoss: 0.6539 valAcc: 0.8181
[2020-08-05 17:51:19,533][get_feature_trainer.py][INFO] efficient-b5 第12 epoch 预测结果:{'畅通': 433, '缓行': 0, '拥堵': 167}
[2020-08-05 17:51:19,534][get_feature_trainer.py][INFO] 69.json 预测结果:{'畅通': 454, '缓行': 15, '拥堵': 131}
[2020-08-05 17:51:19,534][get_feature_trainer.py][INFO] efficient-b5 和 69.json 的 f1:[0.94926719 0.         0.85234899] 加权f1:0.7012628345300879 
[2020-08-05 17:51:19,534][get_feature_trainer.py][INFO] efficient-b5 和 69.json 的 Acc:0.9133333333333333 Precision:[0.97228637 0.         0.76047904] Recall:[0.92731278 0.         0.96946565]
[2020-08-05 17:51:19,540][get_feature_trainer.py][INFO] Epoch:[12/29]	 Loss=0.36525	 Acc=0.856 epoch_Time:5.926325368881225 min:
[2020-08-05 17:51:19,763][get_feature_trainer.py][INFO] ----------
[2020-08-05 17:51:19,763][get_feature_trainer.py][INFO] Epoch 13/29
[2020-08-05 17:51:19,763][get_feature_trainer.py][INFO] learning rate:0.0006918504292543872
[2020-08-05 17:51:19,763][get_feature_trainer.py][INFO] ----------
[2020-08-05 17:51:21,618][get_feature_trainer.py][INFO]  Epoch:13(1/688) loss:0.164 
[2020-08-05 17:52:12,882][get_feature_trainer.py][INFO]  Epoch:13(101/688) loss:0.183 
[2020-08-05 17:53:02,089][get_feature_trainer.py][INFO]  Epoch:13(201/688) loss:0.055 
[2020-08-05 17:53:51,935][get_feature_trainer.py][INFO]  Epoch:13(301/688) loss:0.402 
[2020-08-05 17:54:43,952][get_feature_trainer.py][INFO]  Epoch:13(401/688) loss:0.075 
[2020-08-05 17:55:37,865][get_feature_trainer.py][INFO]  Epoch:13(501/688) loss:0.598 
[2020-08-05 17:56:31,439][get_feature_trainer.py][INFO]  Epoch:13(601/688) loss:0.054 
[2020-08-05 17:57:18,614][get_feature_trainer.py][INFO]  Epoch:13(689/688) loss:0.539 
[2020-08-05 17:58:36,624][get_feature_trainer.py][INFO] 各类单独F1:{'畅通': 0.9090014756517463, '缓行': 0.06722689075630252, '拥堵': 0.6677631578947368}  各类F加权:0.5959035680184519
[2020-08-05 17:58:36,638][get_feature_trainer.py][INFO] val_size: 1380  valLoss: 0.6501 valAcc: 0.8196
[2020-08-05 18:00:10,846][get_feature_trainer.py][INFO] efficient-b5 第13 epoch 预测结果:{'畅通': 460, '缓行': 2, '拥堵': 138}
[2020-08-05 18:00:10,847][get_feature_trainer.py][INFO] 69.json 预测结果:{'畅通': 454, '缓行': 15, '拥堵': 131}
[2020-08-05 18:00:10,847][get_feature_trainer.py][INFO] efficient-b5 和 69.json 的 f1:[0.94091904 0.         0.82527881] 加权f1:0.6833510936851781 
[2020-08-05 18:00:10,848][get_feature_trainer.py][INFO] efficient-b5 和 69.json 的 Acc:0.9016666666666666 Precision:[0.93478261 0.         0.80434783] Recall:[0.94713656 0.         0.84732824]
[2020-08-05 18:00:10,856][get_feature_trainer.py][INFO] Epoch:[13/29]	 Loss=0.29266	 Acc=0.887 epoch_Time:5.981190379460653 min:
[2020-08-05 18:00:11,145][get_feature_trainer.py][INFO] ----------
[2020-08-05 18:00:11,145][get_feature_trainer.py][INFO] Epoch 14/29
[2020-08-05 18:00:11,145][get_feature_trainer.py][INFO] learning rate:0.00019151935989317182
[2020-08-05 18:00:11,145][get_feature_trainer.py][INFO] ----------
[2020-08-05 18:00:13,047][get_feature_trainer.py][INFO]  Epoch:14(1/688) loss:0.597 
[2020-08-05 18:01:04,240][get_feature_trainer.py][INFO]  Epoch:14(101/688) loss:0.213 
[2020-08-05 18:01:55,309][get_feature_trainer.py][INFO]  Epoch:14(201/688) loss:0.056 
[2020-08-05 18:02:47,327][get_feature_trainer.py][INFO]  Epoch:14(301/688) loss:0.367 
[2020-08-05 18:03:38,328][get_feature_trainer.py][INFO]  Epoch:14(401/688) loss:0.168 
[2020-08-05 18:04:29,165][get_feature_trainer.py][INFO]  Epoch:14(501/688) loss:0.398 
[2020-08-05 18:05:21,239][get_feature_trainer.py][INFO]  Epoch:14(601/688) loss:0.177 
[2020-08-05 18:06:06,729][get_feature_trainer.py][INFO]  Epoch:14(689/688) loss:0.772 
[2020-08-05 18:07:12,436][get_feature_trainer.py][INFO] 各类单独F1:{'畅通': 0.9146825396825397, '缓行': 0.23148148148148148, '拥堵': 0.5946969696969697}  各类F加权:0.586050986050986
[2020-08-05 18:07:12,436][get_feature_trainer.py][INFO] val_size: 1380  valLoss: 0.6119 valAcc: 0.8000
[2020-08-05 18:08:46,888][get_feature_trainer.py][INFO] efficient-b5 第14 epoch 预测结果:{'畅通': 457, '缓行': 36, '拥堵': 107}
[2020-08-05 18:08:46,889][get_feature_trainer.py][INFO] 69.json 预测结果:{'畅通': 454, '缓行': 15, '拥堵': 131}
[2020-08-05 18:08:46,889][get_feature_trainer.py][INFO] efficient-b5 和 69.json 的 f1:[0.93962678 0.35294118 0.75630252] 加权f1:0.712295104649983 
[2020-08-05 18:08:46,890][get_feature_trainer.py][INFO] efficient-b5 和 69.json 的 Acc:0.8783333333333333 Precision:[0.93654267 0.25       0.8411215 ] Recall:[0.94273128 0.6        0.6870229 ]
[2020-08-05 18:08:46,900][get_feature_trainer.py][INFO] Epoch:[14/29]	 Loss=0.24007	 Acc=0.906 epoch_Time:5.9267524719238285 min:
[2020-08-05 18:08:47,153][get_feature_trainer.py][INFO] ----------
[2020-08-05 18:08:47,153][get_feature_trainer.py][INFO] Epoch 15/29
[2020-08-05 18:08:47,153][get_feature_trainer.py][INFO] learning rate:4.158064933479366e-10
[2020-08-05 18:08:47,153][get_feature_trainer.py][INFO] ----------
[2020-08-05 18:08:48,696][get_feature_trainer.py][INFO]  Epoch:15(1/688) loss:0.073 
[2020-08-05 18:09:39,701][get_feature_trainer.py][INFO]  Epoch:15(101/688) loss:0.081 
[2020-08-05 18:10:30,724][get_feature_trainer.py][INFO]  Epoch:15(201/688) loss:0.027 
[2020-08-05 18:11:22,705][get_feature_trainer.py][INFO]  Epoch:15(301/688) loss:0.623 
[2020-08-05 18:12:14,574][get_feature_trainer.py][INFO]  Epoch:15(401/688) loss:0.114 
[2020-08-05 18:13:05,920][get_feature_trainer.py][INFO]  Epoch:15(501/688) loss:0.401 
[2020-08-05 18:13:57,987][get_feature_trainer.py][INFO]  Epoch:15(601/688) loss:0.138 
[2020-08-05 18:14:42,937][get_feature_trainer.py][INFO]  Epoch:15(689/688) loss:0.063 
[2020-08-05 18:15:42,798][get_feature_trainer.py][INFO] 各类单独F1:{'畅通': 0.9146825396825397, '缓行': 0.23148148148148148, '拥堵': 0.5946969696969697}  各类F加权:0.586050986050986
[2020-08-05 18:15:42,799][get_feature_trainer.py][INFO] val_size: 1380  valLoss: 0.6119 valAcc: 0.8000
[2020-08-05 18:17:25,053][get_feature_trainer.py][INFO] efficient-b5 第15 epoch 预测结果:{'畅通': 457, '缓行': 36, '拥堵': 107}
[2020-08-05 18:17:25,053][get_feature_trainer.py][INFO] 69.json 预测结果:{'畅通': 454, '缓行': 15, '拥堵': 131}
[2020-08-05 18:17:25,054][get_feature_trainer.py][INFO] efficient-b5 和 69.json 的 f1:[0.93962678 0.35294118 0.75630252] 加权f1:0.712295104649983 
[2020-08-05 18:17:25,054][get_feature_trainer.py][INFO] efficient-b5 和 69.json 的 Acc:0.8783333333333333 Precision:[0.93654267 0.25       0.8411215 ] Recall:[0.94273128 0.6        0.6870229 ]
[2020-08-05 18:17:25,060][get_feature_trainer.py][INFO] Epoch:[15/29]	 Loss=0.22482	 Acc=0.922 epoch_Time:5.930018778642019 min:
[2020-08-05 18:17:25,259][get_feature_trainer.py][INFO] ----------
[2020-08-05 18:17:25,260][get_feature_trainer.py][INFO] Epoch 16/29
[2020-08-05 18:17:25,260][get_feature_trainer.py][INFO] learning rate:0.0018095526758540278
[2020-08-05 18:17:25,260][get_feature_trainer.py][INFO] ----------
[2020-08-05 18:17:26,805][get_feature_trainer.py][INFO]  Epoch:16(1/688) loss:0.204 
[2020-08-05 18:18:18,694][get_feature_trainer.py][INFO]  Epoch:16(101/688) loss:0.250 
[2020-08-05 18:19:10,744][get_feature_trainer.py][INFO]  Epoch:16(201/688) loss:0.077 
[2020-08-05 18:20:02,024][get_feature_trainer.py][INFO]  Epoch:16(301/688) loss:0.258 
[2020-08-05 18:20:53,463][get_feature_trainer.py][INFO]  Epoch:16(401/688) loss:0.547 
[2020-08-05 18:21:44,579][get_feature_trainer.py][INFO]  Epoch:16(501/688) loss:0.387 
[2020-08-05 18:22:35,802][get_feature_trainer.py][INFO]  Epoch:16(601/688) loss:0.001 
[2020-08-05 18:23:20,970][get_feature_trainer.py][INFO]  Epoch:16(689/688) loss:0.124 
[2020-08-05 18:24:19,881][get_feature_trainer.py][INFO] 各类单独F1:{'畅通': 0.9118086696562032, '缓行': 0.15853658536585366, '拥堵': 0.6519524617996605}  各类F加权:0.6052405280842077
[2020-08-05 18:24:19,882][get_feature_trainer.py][INFO] val_size: 1380  valLoss: 0.5595 valAcc: 0.8116
[2020-08-05 18:26:00,184][get_feature_trainer.py][INFO] efficient-b5 第16 epoch 预测结果:{'畅通': 446, '缓行': 17, '拥堵': 137}
[2020-08-05 18:26:00,184][get_feature_trainer.py][INFO] 69.json 预测结果:{'畅通': 454, '缓行': 15, '拥堵': 131}
[2020-08-05 18:26:00,185][get_feature_trainer.py][INFO] efficient-b5 和 69.json 的 f1:[0.94       0.3125     0.78358209] 加权f1:0.7206492537313434 
[2020-08-05 18:26:00,185][get_feature_trainer.py][INFO] efficient-b5 和 69.json 的 Acc:0.8883333333333333 Precision:[0.94843049 0.29411765 0.76642336] Recall:[0.93171806 0.33333333 0.80152672]
[2020-08-05 18:26:00,191][get_feature_trainer.py][INFO] Epoch:[16/29]	 Loss=0.33478	 Acc=0.869 epoch_Time:5.928763699531555 min:
[2020-08-05 18:26:00,385][get_feature_trainer.py][INFO] ----------
[2020-08-05 18:26:00,385][get_feature_trainer.py][INFO] Epoch 17/29
[2020-08-05 18:26:00,385][get_feature_trainer.py][INFO] learning rate:0.0013098841610217353
[2020-08-05 18:26:00,385][get_feature_trainer.py][INFO] ----------
[2020-08-05 18:26:01,914][get_feature_trainer.py][INFO]  Epoch:17(1/688) loss:0.095 
[2020-08-05 18:26:53,603][get_feature_trainer.py][INFO]  Epoch:17(101/688) loss:0.095 
[2020-08-05 18:27:45,730][get_feature_trainer.py][INFO]  Epoch:17(201/688) loss:0.218 
[2020-08-05 18:28:36,615][get_feature_trainer.py][INFO]  Epoch:17(301/688) loss:0.125 
[2020-08-05 18:29:28,270][get_feature_trainer.py][INFO]  Epoch:17(401/688) loss:0.153 
[2020-08-05 18:30:19,806][get_feature_trainer.py][INFO]  Epoch:17(501/688) loss:0.255 
[2020-08-05 18:31:11,777][get_feature_trainer.py][INFO]  Epoch:17(601/688) loss:0.308 
[2020-08-05 18:31:56,764][get_feature_trainer.py][INFO]  Epoch:17(689/688) loss:0.119 
[2020-08-05 18:32:57,443][get_feature_trainer.py][INFO] 各类单独F1:{'畅通': 0.9123638086215065, '缓行': 0.2535211267605634, '拥堵': 0.5045871559633027}  各类F加权:0.5359292806543956
[2020-08-05 18:32:57,443][get_feature_trainer.py][INFO] val_size: 1380  valLoss: 0.7025 valAcc: 0.7971
[2020-08-05 18:34:41,864][get_feature_trainer.py][INFO] efficient-b5 第17 epoch 预测结果:{'畅通': 499, '缓行': 39, '拥堵': 62}
[2020-08-05 18:34:41,865][get_feature_trainer.py][INFO] 69.json 预测结果:{'畅通': 454, '缓行': 15, '拥堵': 131}
[2020-08-05 18:34:41,865][get_feature_trainer.py][INFO] efficient-b5 和 69.json 的 f1:[0.93179433 0.37037037 0.59067358] 加权f1:0.6148370858884153 
[2020-08-05 18:34:41,865][get_feature_trainer.py][INFO] efficient-b5 和 69.json 的 Acc:0.8516666666666667 Precision:[0.88977956 0.25641026 0.91935484] Recall:[0.97797357 0.66666667 0.4351145 ]
[2020-08-05 18:34:41,871][get_feature_trainer.py][INFO] Epoch:[17/29]	 Loss=0.28097	 Acc=0.892 epoch_Time:5.939905754725138 min:
[2020-08-05 18:34:42,072][get_feature_trainer.py][INFO] ----------
[2020-08-05 18:34:42,072][get_feature_trainer.py][INFO] Epoch 18/29
[2020-08-05 18:34:42,072][get_feature_trainer.py][INFO] learning rate:0.0006918504292543863
[2020-08-05 18:34:42,072][get_feature_trainer.py][INFO] ----------
[2020-08-05 18:34:43,460][get_feature_trainer.py][INFO]  Epoch:18(1/688) loss:0.083 
[2020-08-05 18:35:35,009][get_feature_trainer.py][INFO]  Epoch:18(101/688) loss:0.427 
[2020-08-05 18:36:26,499][get_feature_trainer.py][INFO]  Epoch:18(201/688) loss:0.115 
[2020-08-05 18:37:18,071][get_feature_trainer.py][INFO]  Epoch:18(301/688) loss:0.696 
[2020-08-05 18:38:09,532][get_feature_trainer.py][INFO]  Epoch:18(401/688) loss:0.405 
[2020-08-05 18:39:01,156][get_feature_trainer.py][INFO]  Epoch:18(501/688) loss:0.150 
[2020-08-05 18:39:53,393][get_feature_trainer.py][INFO]  Epoch:18(601/688) loss:0.287 
[2020-08-05 18:40:38,271][get_feature_trainer.py][INFO]  Epoch:18(689/688) loss:0.266 
[2020-08-05 18:41:39,046][get_feature_trainer.py][INFO] 各类单独F1:{'畅通': 0.9197439684884294, '缓行': 0.1764705882352941, '拥堵': 0.6547406082289804}  各类F加权:0.612087276282133
[2020-08-05 18:41:39,046][get_feature_trainer.py][INFO] val_size: 1380  valLoss: 0.7026 valAcc: 0.8203
[2020-08-05 18:43:22,455][get_feature_trainer.py][INFO] efficient-b5 第18 epoch 预测结果:{'畅通': 467, '缓行': 24, '拥堵': 109}
[2020-08-05 18:43:22,455][get_feature_trainer.py][INFO] 69.json 预测结果:{'畅通': 454, '缓行': 15, '拥堵': 131}
[2020-08-05 18:43:22,456][get_feature_trainer.py][INFO] efficient-b5 和 69.json 的 f1:[0.94896851 0.41025641 0.78333333] 加权f1:0.7418449845485675 
[2020-08-05 18:43:22,456][get_feature_trainer.py][INFO] efficient-b5 和 69.json 的 Acc:0.8983333333333333 Precision:[0.93576017 0.33333333 0.86238532] Recall:[0.96255507 0.53333333 0.71755725]
[2020-08-05 18:43:22,463][get_feature_trainer.py][INFO] Epoch:[18/29]	 Loss=0.23104	 Acc=0.912 epoch_Time:5.936929496129354 min:
[2020-08-05 18:43:22,671][get_feature_trainer.py][INFO] ----------
[2020-08-05 18:43:22,671][get_feature_trainer.py][INFO] Epoch 19/29
[2020-08-05 18:43:22,672][get_feature_trainer.py][INFO] learning rate:0.00019151935989317127
[2020-08-05 18:43:22,672][get_feature_trainer.py][INFO] ----------
[2020-08-05 18:43:24,272][get_feature_trainer.py][INFO]  Epoch:19(1/688) loss:0.126 
[2020-08-05 18:44:15,991][get_feature_trainer.py][INFO]  Epoch:19(101/688) loss:0.340 
[2020-08-05 18:45:08,139][get_feature_trainer.py][INFO]  Epoch:19(201/688) loss:0.077 
[2020-08-05 18:45:59,841][get_feature_trainer.py][INFO]  Epoch:19(301/688) loss:0.049 
[2020-08-05 18:46:51,802][get_feature_trainer.py][INFO]  Epoch:19(401/688) loss:0.880 
[2020-08-05 18:47:43,229][get_feature_trainer.py][INFO]  Epoch:19(501/688) loss:0.226 
[2020-08-05 18:48:34,938][get_feature_trainer.py][INFO]  Epoch:19(601/688) loss:0.034 
[2020-08-05 18:49:20,608][get_feature_trainer.py][INFO]  Epoch:19(689/688) loss:0.169 
[2020-08-05 18:50:20,230][get_feature_trainer.py][INFO] 各类单独F1:{'畅通': 0.9206505667816659, '缓行': 0.2210526315789474, '拥堵': 0.6173752310536045}  各类F加权:0.5987657783042853
[2020-08-05 18:50:20,231][get_feature_trainer.py][INFO] val_size: 1380  valLoss: 0.7152 valAcc: 0.8130
[2020-08-05 18:52:03,941][get_feature_trainer.py][INFO] efficient-b5 第19 epoch 预测结果:{'畅通': 466, '缓行': 32, '拥堵': 102}
[2020-08-05 18:52:03,941][get_feature_trainer.py][INFO] 69.json 预测结果:{'畅通': 454, '缓行': 15, '拥堵': 131}
[2020-08-05 18:52:03,942][get_feature_trainer.py][INFO] efficient-b5 和 69.json 的 f1:[0.95       0.38297872 0.7639485 ] 加权f1:0.7249648433932974 
[2020-08-05 18:52:03,942][get_feature_trainer.py][INFO] efficient-b5 和 69.json 的 Acc:0.8916666666666667 Precision:[0.93776824 0.28125    0.87254902] Recall:[0.96255507 0.6        0.67938931]
[2020-08-05 18:52:03,948][get_feature_trainer.py][INFO] Epoch:[19/29]	 Loss=0.18833	 Acc=0.927 epoch_Time:5.965867984294891 min:
[2020-08-05 18:52:04,146][get_feature_trainer.py][INFO] ----------
[2020-08-05 18:52:04,147][get_feature_trainer.py][INFO] Epoch 20/29
[2020-08-05 18:52:04,147][get_feature_trainer.py][INFO] learning rate:4.158064933479366e-10
[2020-08-05 18:52:04,147][get_feature_trainer.py][INFO] ----------
[2020-08-05 18:52:05,343][get_feature_trainer.py][INFO]  Epoch:20(1/688) loss:0.006 
[2020-08-05 18:52:56,910][get_feature_trainer.py][INFO]  Epoch:20(101/688) loss:0.017 
[2020-08-05 18:53:48,328][get_feature_trainer.py][INFO]  Epoch:20(201/688) loss:0.080 
[2020-08-05 18:54:40,079][get_feature_trainer.py][INFO]  Epoch:20(301/688) loss:0.114 
[2020-08-05 18:55:31,701][get_feature_trainer.py][INFO]  Epoch:20(401/688) loss:0.152 
[2020-08-05 18:56:23,107][get_feature_trainer.py][INFO]  Epoch:20(501/688) loss:0.043 
[2020-08-05 18:57:14,383][get_feature_trainer.py][INFO]  Epoch:20(601/688) loss:0.165 
[2020-08-05 18:57:59,757][get_feature_trainer.py][INFO]  Epoch:20(689/688) loss:0.098 
[2020-08-05 18:59:00,302][get_feature_trainer.py][INFO] 各类单独F1:{'畅通': 0.9206505667816659, '缓行': 0.2210526315789474, '拥堵': 0.6173752310536045}  各类F加权:0.5987657783042853
[2020-08-05 18:59:00,302][get_feature_trainer.py][INFO] val_size: 1380  valLoss: 0.7152 valAcc: 0.8130
[2020-08-05 19:00:44,748][get_feature_trainer.py][INFO] efficient-b5 第20 epoch 预测结果:{'畅通': 466, '缓行': 32, '拥堵': 102}
[2020-08-05 19:00:44,749][get_feature_trainer.py][INFO] 69.json 预测结果:{'畅通': 454, '缓行': 15, '拥堵': 131}
[2020-08-05 19:00:44,749][get_feature_trainer.py][INFO] efficient-b5 和 69.json 的 f1:[0.95       0.38297872 0.7639485 ] 加权f1:0.7249648433932974 
[2020-08-05 19:00:44,750][get_feature_trainer.py][INFO] efficient-b5 和 69.json 的 Acc:0.8916666666666667 Precision:[0.93776824 0.28125    0.87254902] Recall:[0.96255507 0.6        0.67938931]
[2020-08-05 19:00:44,760][get_feature_trainer.py][INFO] Epoch:[20/29]	 Loss=0.17219	 Acc=0.936 epoch_Time:5.927129769325257 min:
[2020-08-05 19:00:44,991][get_feature_trainer.py][INFO] ----------
[2020-08-05 19:00:44,991][get_feature_trainer.py][INFO] Epoch 21/29
[2020-08-05 19:00:44,991][get_feature_trainer.py][INFO] learning rate:0.0018095526758540271
[2020-08-05 19:00:44,991][get_feature_trainer.py][INFO] ----------
[2020-08-05 19:00:46,368][get_feature_trainer.py][INFO]  Epoch:21(1/688) loss:0.564 
[2020-08-05 19:01:38,070][get_feature_trainer.py][INFO]  Epoch:21(101/688) loss:0.386 
[2020-08-05 19:02:30,428][get_feature_trainer.py][INFO]  Epoch:21(201/688) loss:0.288 
[2020-08-05 19:03:22,667][get_feature_trainer.py][INFO]  Epoch:21(301/688) loss:0.136 
[2020-08-05 19:04:14,952][get_feature_trainer.py][INFO]  Epoch:21(401/688) loss:0.969 
[2020-08-05 19:05:07,480][get_feature_trainer.py][INFO]  Epoch:21(501/688) loss:0.076 
[2020-08-05 19:05:59,809][get_feature_trainer.py][INFO]  Epoch:21(601/688) loss:0.497 
[2020-08-05 19:06:45,337][get_feature_trainer.py][INFO]  Epoch:21(689/688) loss:0.668 
[2020-08-05 19:07:44,135][get_feature_trainer.py][INFO] 各类单独F1:{'畅通': 0.9048582995951416, '缓行': 0.2105263157894737, '拥堵': 0.43817787418655096}  各类F加权:0.48598364758885365
[2020-08-05 19:07:44,136][get_feature_trainer.py][INFO] val_size: 1380  valLoss: 0.7008 valAcc: 0.7457
[2020-08-05 19:09:27,713][get_feature_trainer.py][INFO] efficient-b5 第21 epoch 预测结果:{'畅通': 434, '缓行': 90, '拥堵': 76}
[2020-08-05 19:09:27,713][get_feature_trainer.py][INFO] 69.json 预测结果:{'畅通': 454, '缓行': 15, '拥堵': 131}
[2020-08-05 19:09:27,714][get_feature_trainer.py][INFO] efficient-b5 和 69.json 的 f1:[0.93018018 0.22857143 0.57971014] 加权f1:0.5795764087068435 
[2020-08-05 19:09:27,714][get_feature_trainer.py][INFO] efficient-b5 和 69.json 的 Acc:0.8083333333333333 Precision:[0.9516129  0.13333333 0.78947368] Recall:[0.90969163 0.8        0.45801527]
[2020-08-05 19:09:27,723][get_feature_trainer.py][INFO] Epoch:[21/29]	 Loss=0.28121	 Acc=0.897 epoch_Time:6.006041208902995 min:
[2020-08-05 19:09:27,935][get_feature_trainer.py][INFO] ----------
[2020-08-05 19:09:27,935][get_feature_trainer.py][INFO] Epoch 22/29
[2020-08-05 19:09:27,935][get_feature_trainer.py][INFO] learning rate:0.0013098841610217353
[2020-08-05 19:09:27,935][get_feature_trainer.py][INFO] ----------
[2020-08-05 19:09:29,287][get_feature_trainer.py][INFO]  Epoch:22(1/688) loss:0.604 
[2020-08-05 19:10:20,481][get_feature_trainer.py][INFO]  Epoch:22(101/688) loss:0.393 
[2020-08-05 19:11:12,428][get_feature_trainer.py][INFO]  Epoch:22(201/688) loss:0.769 
[2020-08-05 19:12:04,085][get_feature_trainer.py][INFO]  Epoch:22(301/688) loss:0.054 
[2020-08-05 19:12:55,495][get_feature_trainer.py][INFO]  Epoch:22(401/688) loss:0.143 
[2020-08-05 19:13:46,912][get_feature_trainer.py][INFO]  Epoch:22(501/688) loss:0.473 
[2020-08-05 19:14:38,412][get_feature_trainer.py][INFO]  Epoch:22(601/688) loss:0.080 
[2020-08-05 19:15:24,002][get_feature_trainer.py][INFO]  Epoch:22(689/688) loss:0.109 
[2020-08-05 19:16:38,063][get_feature_trainer.py][INFO] 各类单独F1:{'畅通': 0.9090014756517463, '缓行': 0.225, '拥堵': 0.5256673511293634}  各类F加权:0.5422007058079672
[2020-08-05 19:16:38,064][get_feature_trainer.py][INFO] val_size: 1380  valLoss: 0.7624 valAcc: 0.7819
[2020-08-05 19:18:04,573][get_feature_trainer.py][INFO] efficient-b5 第22 epoch 预测结果:{'畅通': 476, '缓行': 47, '拥堵': 77}
[2020-08-05 19:18:04,573][get_feature_trainer.py][INFO] 69.json 预测结果:{'畅通': 454, '缓行': 15, '拥堵': 131}
[2020-08-05 19:18:04,574][get_feature_trainer.py][INFO] efficient-b5 和 69.json 的 f1:[0.93548387 0.35483871 0.61538462] 加权f1:0.6272952853598015 
[2020-08-05 19:18:04,575][get_feature_trainer.py][INFO] efficient-b5 和 69.json 的 Acc:0.85 Precision:[0.91386555 0.23404255 0.83116883] Recall:[0.95814978 0.73333333 0.48854962]
[2020-08-05 19:18:04,581][get_feature_trainer.py][INFO] Epoch:[22/29]	 Loss=0.23428	 Acc=0.910 epoch_Time:5.934741878509522 min:
[2020-08-05 19:18:04,771][get_feature_trainer.py][INFO] ----------
[2020-08-05 19:18:04,771][get_feature_trainer.py][INFO] Epoch 23/29
[2020-08-05 19:18:04,771][get_feature_trainer.py][INFO] learning rate:0.0006918504292543863
[2020-08-05 19:18:04,771][get_feature_trainer.py][INFO] ----------
[2020-08-05 19:18:05,910][get_feature_trainer.py][INFO]  Epoch:23(1/688) loss:0.154 
[2020-08-05 19:18:59,170][get_feature_trainer.py][INFO]  Epoch:23(101/688) loss:0.096 
[2020-08-05 19:19:51,920][get_feature_trainer.py][INFO]  Epoch:23(201/688) loss:0.063 
[2020-08-05 19:20:45,139][get_feature_trainer.py][INFO]  Epoch:23(301/688) loss:0.016 
[2020-08-05 19:21:39,897][get_feature_trainer.py][INFO]  Epoch:23(401/688) loss:0.129 
[2020-08-05 19:22:32,556][get_feature_trainer.py][INFO]  Epoch:23(501/688) loss:0.015 
[2020-08-05 19:23:28,228][get_feature_trainer.py][INFO]  Epoch:23(601/688) loss:0.012 
[2020-08-05 19:24:16,660][get_feature_trainer.py][INFO]  Epoch:23(689/688) loss:0.103 
[2020-08-05 19:25:29,839][get_feature_trainer.py][INFO] 各类单独F1:{'畅通': 0.9066037735849056, '缓行': 0.09271523178807947, '拥堵': 0.588957055214724}  各类F加权:0.5532380342034314
[2020-08-05 19:25:29,840][get_feature_trainer.py][INFO] val_size: 1380  valLoss: 0.9465 valAcc: 0.8058
[2020-08-05 19:26:49,252][get_feature_trainer.py][INFO] efficient-b5 第23 epoch 预测结果:{'畅通': 506, '缓行': 9, '拥堵': 85}
[2020-08-05 19:26:49,252][get_feature_trainer.py][INFO] 69.json 预测结果:{'畅通': 454, '缓行': 15, '拥堵': 131}
[2020-08-05 19:26:49,253][get_feature_trainer.py][INFO] efficient-b5 和 69.json 的 f1:[0.93125    0.16666667 0.73148148] 加权f1:0.6584722222222222 
[2020-08-05 19:26:49,253][get_feature_trainer.py][INFO] efficient-b5 和 69.json 的 Acc:0.88 Precision:[0.88339921 0.22222222 0.92941176] Recall:[0.9845815  0.13333333 0.60305344]
[2020-08-05 19:26:49,259][get_feature_trainer.py][INFO] Epoch:[23/29]	 Loss=0.18225	 Acc=0.931 epoch_Time:6.198436764876048 min:
[2020-08-05 19:26:49,446][get_feature_trainer.py][INFO] ----------
[2020-08-05 19:26:49,446][get_feature_trainer.py][INFO] Epoch 24/29
[2020-08-05 19:26:49,446][get_feature_trainer.py][INFO] learning rate:0.00019151935989317127
[2020-08-05 19:26:49,446][get_feature_trainer.py][INFO] ----------
[2020-08-05 19:26:51,189][get_feature_trainer.py][INFO]  Epoch:24(1/688) loss:0.133 
[2020-08-05 19:27:43,550][get_feature_trainer.py][INFO]  Epoch:24(101/688) loss:0.148 
[2020-08-05 19:28:34,404][get_feature_trainer.py][INFO]  Epoch:24(201/688) loss:0.801 
[2020-08-05 19:29:24,895][get_feature_trainer.py][INFO]  Epoch:24(301/688) loss:0.199 
[2020-08-05 19:30:15,572][get_feature_trainer.py][INFO]  Epoch:24(401/688) loss:0.047 
[2020-08-05 19:31:06,497][get_feature_trainer.py][INFO]  Epoch:24(501/688) loss:0.030 
[2020-08-05 19:31:58,178][get_feature_trainer.py][INFO]  Epoch:24(601/688) loss:0.015 
[2020-08-05 19:32:43,512][get_feature_trainer.py][INFO]  Epoch:24(689/688) loss:0.432 
[2020-08-05 19:33:44,334][get_feature_trainer.py][INFO] 各类单独F1:{'畅通': 0.9106090373280943, '缓行': 0.078125, '拥堵': 0.6577181208053691}  各类F加权:0.5923776799488403
[2020-08-05 19:33:44,334][get_feature_trainer.py][INFO] val_size: 1380  valLoss: 0.9393 valAcc: 0.8174
[2020-08-05 19:35:22,217][get_feature_trainer.py][INFO] efficient-b5 第24 epoch 预测结果:{'畅通': 468, '缓行': 9, '拥堵': 123}
[2020-08-05 19:35:22,217][get_feature_trainer.py][INFO] 69.json 预测结果:{'畅通': 454, '缓行': 15, '拥堵': 131}
[2020-08-05 19:35:22,218][get_feature_trainer.py][INFO] efficient-b5 和 69.json 的 f1:[0.94577007 0.33333333 0.81102362] 加权f1:0.7424348529101974 
[2020-08-05 19:35:22,219][get_feature_trainer.py][INFO] efficient-b5 和 69.json 的 Acc:0.905 Precision:[0.93162393 0.44444444 0.83739837] Recall:[0.96035242 0.26666667 0.78625954]
[2020-08-05 19:35:22,228][get_feature_trainer.py][INFO] Epoch:[24/29]	 Loss=0.16704	 Acc=0.942 epoch_Time:5.901355238755544 min:
[2020-08-05 19:35:22,491][get_feature_trainer.py][INFO] ----------
[2020-08-05 19:35:22,491][get_feature_trainer.py][INFO] Epoch 25/29
[2020-08-05 19:35:22,491][get_feature_trainer.py][INFO] learning rate:4.158064933479366e-10
[2020-08-05 19:35:22,491][get_feature_trainer.py][INFO] ----------
[2020-08-05 19:35:23,918][get_feature_trainer.py][INFO]  Epoch:25(1/688) loss:0.963 
[2020-08-05 19:36:16,513][get_feature_trainer.py][INFO]  Epoch:25(101/688) loss:0.058 
[2020-08-05 19:37:09,103][get_feature_trainer.py][INFO]  Epoch:25(201/688) loss:0.045 
[2020-08-05 19:38:00,970][get_feature_trainer.py][INFO]  Epoch:25(301/688) loss:0.093 
[2020-08-05 19:38:52,195][get_feature_trainer.py][INFO]  Epoch:25(401/688) loss:0.095 
[2020-08-05 19:39:44,084][get_feature_trainer.py][INFO]  Epoch:25(501/688) loss:0.112 
[2020-08-05 19:40:36,001][get_feature_trainer.py][INFO]  Epoch:25(601/688) loss:0.038 
[2020-08-05 19:41:20,871][get_feature_trainer.py][INFO]  Epoch:25(689/688) loss:0.217 
[2020-08-05 19:42:32,636][get_feature_trainer.py][INFO] 各类单独F1:{'畅通': 0.9106090373280943, '缓行': 0.078125, '拥堵': 0.6577181208053691}  各类F加权:0.5923776799488403
[2020-08-05 19:42:32,636][get_feature_trainer.py][INFO] val_size: 1380  valLoss: 0.9393 valAcc: 0.8174
[2020-08-05 19:44:07,772][get_feature_trainer.py][INFO] efficient-b5 第25 epoch 预测结果:{'畅通': 468, '缓行': 9, '拥堵': 123}
[2020-08-05 19:44:07,772][get_feature_trainer.py][INFO] 69.json 预测结果:{'畅通': 454, '缓行': 15, '拥堵': 131}
[2020-08-05 19:44:07,772][get_feature_trainer.py][INFO] efficient-b5 和 69.json 的 f1:[0.94577007 0.33333333 0.81102362] 加权f1:0.7424348529101974 
[2020-08-05 19:44:07,773][get_feature_trainer.py][INFO] efficient-b5 和 69.json 的 Acc:0.905 Precision:[0.93162393 0.44444444 0.83739837] Recall:[0.96035242 0.26666667 0.78625954]
[2020-08-05 19:44:07,779][get_feature_trainer.py][INFO] Epoch:[25/29]	 Loss=0.14601	 Acc=0.944 epoch_Time:5.973508512973785 min:
[2020-08-05 19:44:07,980][get_feature_trainer.py][INFO] ----------
[2020-08-05 19:44:07,981][get_feature_trainer.py][INFO] Epoch 26/29
[2020-08-05 19:44:07,981][get_feature_trainer.py][INFO] learning rate:0.0018095526758540271
[2020-08-05 19:44:07,981][get_feature_trainer.py][INFO] ----------
[2020-08-05 19:44:09,474][get_feature_trainer.py][INFO]  Epoch:26(1/688) loss:0.066 
[2020-08-05 19:45:00,845][get_feature_trainer.py][INFO]  Epoch:26(101/688) loss:0.148 
[2020-08-05 19:45:52,622][get_feature_trainer.py][INFO]  Epoch:26(201/688) loss:0.107 
[2020-08-05 19:46:43,958][get_feature_trainer.py][INFO]  Epoch:26(301/688) loss:0.043 
