[2020-08-18 16:53:45,527][trainer.py][INFO] Using: efficient-b5-w
[2020-08-18 16:53:45,528][trainer.py][INFO] Using the GPU: (5, 6)
[2020-08-18 16:53:45,528][trainer.py][INFO] start training...
[2020-08-18 16:53:45,559][trainer.py][INFO] ----------
[2020-08-18 16:53:45,559][trainer.py][INFO] Epoch 0/29
[2020-08-18 16:53:45,559][trainer.py][INFO] learning rate:0.004
[2020-08-18 16:53:45,559][trainer.py][INFO] ----------
[2020-08-18 16:53:54,643][trainer.py][INFO]  Epoch:0(1/1034) loss:1.129 
[2020-08-18 16:55:12,310][trainer.py][INFO]  Epoch:0(101/1034) loss:0.893 
[2020-08-18 16:56:26,180][trainer.py][INFO]  Epoch:0(201/1034) loss:1.243 
[2020-08-18 16:57:41,018][trainer.py][INFO]  Epoch:0(301/1034) loss:0.540 
[2020-08-18 16:58:55,763][trainer.py][INFO]  Epoch:0(401/1034) loss:0.382 
[2020-08-18 17:00:10,298][trainer.py][INFO]  Epoch:0(501/1034) loss:0.672 
[2020-08-18 17:01:24,249][trainer.py][INFO]  Epoch:0(601/1034) loss:0.478 
[2020-08-18 17:02:38,161][trainer.py][INFO]  Epoch:0(701/1034) loss:0.268 
[2020-08-18 17:03:53,166][trainer.py][INFO]  Epoch:0(801/1034) loss:0.154 
[2020-08-18 17:05:07,200][trainer.py][INFO]  Epoch:0(901/1034) loss:0.616 
[2020-08-18 17:06:22,330][trainer.py][INFO]  Epoch:0(1001/1034) loss:1.166 
[2020-08-18 17:06:49,498][trainer.py][INFO]  Epoch:0(1035/1034) loss:1.189 
[2020-08-18 17:09:41,094][trainer.py][INFO] 各类单独F1:{'畅通': 0.89198606271777, '缓行': 0.0, '拥堵': 0.6398763523956723}  各类F加权:0.5623230239809573
[2020-08-18 17:09:41,094][trainer.py][INFO] val_size: 1380  valLoss: 0.5102 valAcc: 0.7993
[2020-08-18 17:12:31,386][trainer.py][INFO] efficient-b5-w 第0 epoch 预测结果:{'畅通': 434, '缓行': 0, '拥堵': 166}
[2020-08-18 17:12:31,386][trainer.py][INFO] 69.json 预测结果:{'畅通': 454, '缓行': 15, '拥堵': 131}
[2020-08-18 17:12:31,387][trainer.py][INFO] efficient-b5-w 和 69.json 的 f1:[0.9481982  0.         0.84175084] 加权f1:0.6946901446901446 
[2020-08-18 17:12:31,387][trainer.py][INFO] efficient-b5-w 和 69.json 的 Acc:0.91 Precision:[0.97004608 0.         0.75301205] Recall:[0.92731278 0.         0.95419847]
[2020-08-18 17:12:31,392][trainer.py][INFO] Epoch:[0/29]	 Loss=0.69799	 Acc=0.722 epoch_Time:13.066107960542043 min:
[2020-08-18 17:12:32,644][trainer.py][INFO] ----------
[2020-08-18 17:12:32,644][trainer.py][INFO] Epoch 1/29
[2020-08-18 17:12:32,644][trainer.py][INFO] learning rate:0.0036187473453685036
[2020-08-18 17:12:32,644][trainer.py][INFO] ----------
[2020-08-18 17:12:36,350][trainer.py][INFO]  Epoch:1(1/1034) loss:0.330 
[2020-08-18 17:13:50,220][trainer.py][INFO]  Epoch:1(101/1034) loss:0.252 
[2020-08-18 17:15:00,467][trainer.py][INFO]  Epoch:1(201/1034) loss:0.271 
[2020-08-18 17:16:11,555][trainer.py][INFO]  Epoch:1(301/1034) loss:1.047 
[2020-08-18 17:17:22,737][trainer.py][INFO]  Epoch:1(401/1034) loss:0.233 
[2020-08-18 17:18:34,916][trainer.py][INFO]  Epoch:1(501/1034) loss:0.460 
[2020-08-18 17:19:46,396][trainer.py][INFO]  Epoch:1(601/1034) loss:0.608 
[2020-08-18 17:20:57,921][trainer.py][INFO]  Epoch:1(701/1034) loss:0.539 
[2020-08-18 17:22:09,232][trainer.py][INFO]  Epoch:1(801/1034) loss:0.214 
[2020-08-18 17:23:20,935][trainer.py][INFO]  Epoch:1(901/1034) loss:0.267 
[2020-08-18 17:24:33,279][trainer.py][INFO]  Epoch:1(1001/1034) loss:0.461 
[2020-08-18 17:24:58,551][trainer.py][INFO]  Epoch:1(1035/1034) loss:1.347 
[2020-08-18 17:27:56,826][trainer.py][INFO] 各类单独F1:{'畅通': 0.9021852237252861, '缓行': 0.03809523809523809, '拥堵': 0.6493860845839018}  各类F加权:0.5776877431144459
[2020-08-18 17:27:56,826][trainer.py][INFO] val_size: 1380  valLoss: 0.5016 valAcc: 0.8022
[2020-08-18 17:30:41,181][trainer.py][INFO] efficient-b5-w 第1 epoch 预测结果:{'畅通': 415, '缓行': 0, '拥堵': 185}
[2020-08-18 17:30:41,181][trainer.py][INFO] 69.json 预测结果:{'畅通': 454, '缓行': 15, '拥堵': 131}
[2020-08-18 17:30:41,182][trainer.py][INFO] efficient-b5-w 和 69.json 的 f1:[0.93670886 0.         0.81012658] 加权f1:0.6734177215189874 
[2020-08-18 17:30:41,182][trainer.py][INFO] efficient-b5-w 和 69.json 的 Acc:0.8916666666666667 Precision:[0.98072289 0.         0.69189189] Recall:[0.89647577 0.         0.97709924]
[2020-08-18 17:30:41,186][trainer.py][INFO] Epoch:[1/29]	 Loss=0.57372	 Acc=0.778 epoch_Time:12.43229824701945 min:
[2020-08-18 17:30:41,745][trainer.py][INFO] ----------
[2020-08-18 17:30:41,745][trainer.py][INFO] Epoch 2/29
[2020-08-18 17:30:41,745][trainer.py][INFO] learning rate:0.0026191885925401447
[2020-08-18 17:30:41,745][trainer.py][INFO] ----------
[2020-08-18 17:30:44,346][trainer.py][INFO]  Epoch:2(1/1034) loss:0.594 
[2020-08-18 17:31:56,492][trainer.py][INFO]  Epoch:2(101/1034) loss:1.118 
[2020-08-18 17:33:07,895][trainer.py][INFO]  Epoch:2(201/1034) loss:0.534 
[2020-08-18 17:34:19,476][trainer.py][INFO]  Epoch:2(301/1034) loss:0.278 
[2020-08-18 17:35:31,548][trainer.py][INFO]  Epoch:2(401/1034) loss:0.330 
[2020-08-18 17:36:42,672][trainer.py][INFO]  Epoch:2(501/1034) loss:0.574 
[2020-08-18 17:37:53,864][trainer.py][INFO]  Epoch:2(601/1034) loss:0.657 
[2020-08-18 17:39:06,483][trainer.py][INFO]  Epoch:2(701/1034) loss:0.543 
[2020-08-18 17:40:18,205][trainer.py][INFO]  Epoch:2(801/1034) loss:0.253 
[2020-08-18 17:41:29,879][trainer.py][INFO]  Epoch:2(901/1034) loss:0.590 
[2020-08-18 17:42:42,277][trainer.py][INFO]  Epoch:2(1001/1034) loss:0.369 
[2020-08-18 17:43:08,223][trainer.py][INFO]  Epoch:2(1035/1034) loss:0.202 
[2020-08-18 17:46:03,092][trainer.py][INFO] 各类单独F1:{'畅通': 0.9229249011857708, '缓行': 0.14035087719298245, '拥堵': 0.707395498392283}  各类F加权:0.6370924547111205
[2020-08-18 17:46:03,092][trainer.py][INFO] val_size: 1380  valLoss: 0.4581 valAcc: 0.8420
[2020-08-18 17:48:44,996][trainer.py][INFO] efficient-b5-w 第2 epoch 预测结果:{'畅通': 449, '缓行': 2, '拥堵': 149}
[2020-08-18 17:48:44,997][trainer.py][INFO] 69.json 预测结果:{'畅通': 454, '缓行': 15, '拥堵': 131}
[2020-08-18 17:48:44,997][trainer.py][INFO] efficient-b5-w 和 69.json 的 f1:[0.95902547 0.         0.88571429] 加权f1:0.723233665559247 
[2020-08-18 17:48:44,997][trainer.py][INFO] efficient-b5-w 和 69.json 的 Acc:0.9283333333333333 Precision:[0.96436526 0.         0.83221477] Recall:[0.95374449 0.         0.94656489]
[2020-08-18 17:48:45,001][trainer.py][INFO] Epoch:[2/29]	 Loss=0.48648	 Acc=0.809 epoch_Time:12.442415638764698 min:
[2020-08-18 17:48:45,576][trainer.py][INFO] ----------
[2020-08-18 17:48:45,576][trainer.py][INFO] Epoch 3/29
[2020-08-18 17:48:45,576][trainer.py][INFO] learning rate:0.0013831208428076599
[2020-08-18 17:48:45,576][trainer.py][INFO] ----------
[2020-08-18 17:48:47,669][trainer.py][INFO]  Epoch:3(1/1034) loss:0.175 
[2020-08-18 17:49:59,726][trainer.py][INFO]  Epoch:3(101/1034) loss:0.364 
[2020-08-18 17:51:11,710][trainer.py][INFO]  Epoch:3(201/1034) loss:0.348 
[2020-08-18 17:52:22,731][trainer.py][INFO]  Epoch:3(301/1034) loss:0.369 
[2020-08-18 17:53:34,748][trainer.py][INFO]  Epoch:3(401/1034) loss:0.585 
[2020-08-18 17:54:45,473][trainer.py][INFO]  Epoch:3(501/1034) loss:0.171 
[2020-08-18 17:55:57,501][trainer.py][INFO]  Epoch:3(601/1034) loss:0.081 
[2020-08-18 17:57:08,865][trainer.py][INFO]  Epoch:3(701/1034) loss:0.211 
[2020-08-18 17:58:21,928][trainer.py][INFO]  Epoch:3(801/1034) loss:0.356 
[2020-08-18 17:59:33,043][trainer.py][INFO]  Epoch:3(901/1034) loss:0.293 
[2020-08-18 18:00:44,803][trainer.py][INFO]  Epoch:3(1001/1034) loss:0.140 
[2020-08-18 18:01:11,003][trainer.py][INFO]  Epoch:3(1035/1034) loss:0.109 
[2020-08-18 18:04:09,694][trainer.py][INFO] 各类单独F1:{'畅通': 0.8894792773645058, '缓行': 0.24161073825503357, '拥堵': 0.6392318244170095}  各类F加权:0.6097570977741136
[2020-08-18 18:04:09,694][trainer.py][INFO] val_size: 1380  valLoss: 0.5658 valAcc: 0.7884
[2020-08-18 18:06:50,373][trainer.py][INFO] efficient-b5-w 第3 epoch 预测结果:{'畅通': 421, '缓行': 9, '拥堵': 170}
[2020-08-18 18:06:50,373][trainer.py][INFO] 69.json 预测结果:{'畅通': 454, '缓行': 15, '拥堵': 131}
[2020-08-18 18:06:50,373][trainer.py][INFO] efficient-b5-w 和 69.json 的 f1:[0.94171429 0.33333333 0.8372093 ] 加权f1:0.7573351052048727 
[2020-08-18 18:06:50,374][trainer.py][INFO] efficient-b5-w 和 69.json 的 Acc:0.9033333333333333 Precision:[0.97862233 0.44444444 0.74117647] Recall:[0.90748899 0.26666667 0.96183206]
[2020-08-18 18:06:50,378][trainer.py][INFO] Epoch:[3/29]	 Loss=0.41445	 Acc=0.831 epoch_Time:12.426117904980977 min:
[2020-08-18 18:06:51,143][trainer.py][INFO] ----------
[2020-08-18 18:06:51,143][trainer.py][INFO] Epoch 4/29
[2020-08-18 18:06:51,145][trainer.py][INFO] learning rate:0.00038267996417126017
[2020-08-18 18:06:51,145][trainer.py][INFO] ----------
[2020-08-18 18:06:53,518][trainer.py][INFO]  Epoch:4(1/1034) loss:0.650 
[2020-08-18 18:08:04,041][trainer.py][INFO]  Epoch:4(101/1034) loss:0.911 
[2020-08-18 18:09:16,410][trainer.py][INFO]  Epoch:4(201/1034) loss:0.624 
[2020-08-18 18:10:27,387][trainer.py][INFO]  Epoch:4(301/1034) loss:0.063 
[2020-08-18 18:11:39,323][trainer.py][INFO]  Epoch:4(401/1034) loss:0.353 
[2020-08-18 18:12:51,798][trainer.py][INFO]  Epoch:4(501/1034) loss:0.249 
[2020-08-18 18:14:03,149][trainer.py][INFO]  Epoch:4(601/1034) loss:0.363 
[2020-08-18 18:15:15,387][trainer.py][INFO]  Epoch:4(701/1034) loss:0.099 
[2020-08-18 18:16:26,962][trainer.py][INFO]  Epoch:4(801/1034) loss:0.170 
[2020-08-18 18:17:41,617][trainer.py][INFO]  Epoch:4(901/1034) loss:0.066 
[2020-08-18 18:18:55,868][trainer.py][INFO]  Epoch:4(1001/1034) loss:0.315 
[2020-08-18 18:19:21,290][trainer.py][INFO]  Epoch:4(1035/1034) loss:0.121 
[2020-08-18 18:22:22,575][trainer.py][INFO] 各类单独F1:{'畅通': 0.9176954732510287, '缓行': 0.3026315789473685, '拥堵': 0.677710843373494}  各类F加权:0.6506919164637759
[2020-08-18 18:22:22,575][trainer.py][INFO] val_size: 1380  valLoss: 0.5198 valAcc: 0.8261
[2020-08-18 18:25:04,983][trainer.py][INFO] efficient-b5-w 第4 epoch 预测结果:{'畅通': 441, '缓行': 9, '拥堵': 150}
[2020-08-18 18:25:04,990][trainer.py][INFO] 69.json 预测结果:{'畅通': 454, '缓行': 15, '拥堵': 131}
[2020-08-18 18:25:04,990][trainer.py][INFO] efficient-b5-w 和 69.json 的 f1:[0.95418994 0.33333333 0.87544484] 加权f1:0.7827715594080731 
[2020-08-18 18:25:04,991][trainer.py][INFO] efficient-b5-w 和 69.json 的 Acc:0.9233333333333333 Precision:[0.96825397 0.44444444 0.82      ] Recall:[0.94052863 0.26666667 0.9389313 ]
[2020-08-18 18:25:04,997][trainer.py][INFO] Epoch:[4/29]	 Loss=0.36782	 Acc=0.855 epoch_Time:12.502868715922038 min:
[2020-08-18 18:25:06,157][trainer.py][INFO] ----------
[2020-08-18 18:25:06,159][trainer.py][INFO] Epoch 5/29
[2020-08-18 18:25:06,159][trainer.py][INFO] learning rate:3.685352414350973e-10
[2020-08-18 18:25:06,160][trainer.py][INFO] ----------
[2020-08-18 18:25:08,652][trainer.py][INFO]  Epoch:5(1/1034) loss:0.217 
[2020-08-18 18:26:22,483][trainer.py][INFO]  Epoch:5(101/1034) loss:0.298 
[2020-08-18 18:27:36,434][trainer.py][INFO]  Epoch:5(201/1034) loss:0.099 
[2020-08-18 18:28:49,554][trainer.py][INFO]  Epoch:5(301/1034) loss:0.520 
[2020-08-18 18:30:03,485][trainer.py][INFO]  Epoch:5(401/1034) loss:0.188 
[2020-08-18 18:31:18,066][trainer.py][INFO]  Epoch:5(501/1034) loss:0.592 
[2020-08-18 18:32:31,871][trainer.py][INFO]  Epoch:5(601/1034) loss:0.487 
[2020-08-18 18:33:45,232][trainer.py][INFO]  Epoch:5(701/1034) loss:0.158 
[2020-08-18 18:34:59,147][trainer.py][INFO]  Epoch:5(801/1034) loss:0.787 
[2020-08-18 18:36:13,417][trainer.py][INFO]  Epoch:5(901/1034) loss:0.281 
[2020-08-18 18:37:26,699][trainer.py][INFO]  Epoch:5(1001/1034) loss:0.277 
[2020-08-18 18:37:52,063][trainer.py][INFO]  Epoch:5(1035/1034) loss:0.407 
[2020-08-18 18:40:57,242][trainer.py][INFO] 各类单独F1:{'畅通': 0.9176954732510287, '缓行': 0.3026315789473685, '拥堵': 0.677710843373494}  各类F加权:0.6506919164637759
[2020-08-18 18:40:57,242][trainer.py][INFO] val_size: 1380  valLoss: 0.5198 valAcc: 0.8261
[2020-08-18 18:43:39,497][trainer.py][INFO] efficient-b5-w 第5 epoch 预测结果:{'畅通': 439, '缓行': 10, '拥堵': 151}
[2020-08-18 18:43:39,497][trainer.py][INFO] 69.json 预测结果:{'畅通': 454, '缓行': 15, '拥堵': 131}
[2020-08-18 18:43:39,498][trainer.py][INFO] efficient-b5-w 和 69.json 的 f1:[0.9518477  0.4        0.87234043] 加权f1:0.7937737961926092 
[2020-08-18 18:43:39,498][trainer.py][INFO] efficient-b5-w 和 69.json 的 Acc:0.9216666666666666 Precision:[0.96810934 0.5        0.81456954] Recall:[0.93612335 0.33333333 0.9389313 ]
[2020-08-18 18:43:39,503][trainer.py][INFO] Epoch:[5/29]	 Loss=0.35598	 Acc=0.849 epoch_Time:12.7671857436498 min:
[2020-08-18 18:43:40,347][trainer.py][INFO] ----------
[2020-08-18 18:43:40,347][trainer.py][INFO] Epoch 6/29
[2020-08-18 18:43:40,347][trainer.py][INFO] learning rate:0.0036187473453685027
[2020-08-18 18:43:40,347][trainer.py][INFO] ----------
[2020-08-18 18:43:42,331][trainer.py][INFO]  Epoch:6(1/1034) loss:0.188 
[2020-08-18 18:44:56,197][trainer.py][INFO]  Epoch:6(101/1034) loss:0.314 
[2020-08-18 18:46:10,026][trainer.py][INFO]  Epoch:6(201/1034) loss:0.215 
[2020-08-18 18:47:22,438][trainer.py][INFO]  Epoch:6(301/1034) loss:0.497 
[2020-08-18 18:48:35,162][trainer.py][INFO]  Epoch:6(401/1034) loss:0.279 
[2020-08-18 18:49:48,226][trainer.py][INFO]  Epoch:6(501/1034) loss:1.085 
[2020-08-18 18:51:01,139][trainer.py][INFO]  Epoch:6(601/1034) loss:0.178 
[2020-08-18 18:52:14,035][trainer.py][INFO]  Epoch:6(701/1034) loss:0.454 
[2020-08-18 18:53:27,823][trainer.py][INFO]  Epoch:6(801/1034) loss:0.134 
[2020-08-18 18:54:41,087][trainer.py][INFO]  Epoch:6(901/1034) loss:0.183 
[2020-08-18 18:55:53,994][trainer.py][INFO]  Epoch:6(1001/1034) loss:0.223 
[2020-08-18 18:56:18,649][trainer.py][INFO]  Epoch:6(1035/1034) loss:0.494 
[2020-08-18 18:59:21,897][trainer.py][INFO] 各类单独F1:{'畅通': 0.9155509783728115, '缓行': 0.25925925925925924, '拥堵': 0.6585365853658538}  各类F加权:0.6300839987459265
[2020-08-18 18:59:21,906][trainer.py][INFO] val_size: 1380  valLoss: 0.5132 valAcc: 0.8159
[2020-08-18 19:02:09,411][trainer.py][INFO] efficient-b5-w 第6 epoch 预测结果:{'畅通': 427, '缓行': 14, '拥堵': 159}
[2020-08-18 19:02:09,411][trainer.py][INFO] 69.json 预测结果:{'畅通': 454, '缓行': 15, '拥堵': 131}
[2020-08-18 19:02:09,412][trainer.py][INFO] efficient-b5-w 和 69.json 的 f1:[0.94438138 0.4137931  0.85517241] 加权f1:0.7847383459235195 
[2020-08-18 19:02:09,412][trainer.py][INFO] efficient-b5-w 和 69.json 的 Acc:0.91 Precision:[0.97423888 0.42857143 0.77987421] Recall:[0.91629956 0.4        0.94656489]
[2020-08-18 19:02:09,416][trainer.py][INFO] Epoch:[6/29]	 Loss=0.44777	 Acc=0.825 epoch_Time:12.63895431359609 min:
[2020-08-18 19:02:10,239][trainer.py][INFO] ----------
[2020-08-18 19:02:10,239][trainer.py][INFO] Epoch 7/29
[2020-08-18 19:02:10,239][trainer.py][INFO] learning rate:0.002619188592540144
[2020-08-18 19:02:10,239][trainer.py][INFO] ----------
[2020-08-18 19:02:12,530][trainer.py][INFO]  Epoch:7(1/1034) loss:0.469 
[2020-08-18 19:03:25,101][trainer.py][INFO]  Epoch:7(101/1034) loss:0.505 
[2020-08-18 19:04:38,339][trainer.py][INFO]  Epoch:7(201/1034) loss:0.129 
[2020-08-18 19:05:51,846][trainer.py][INFO]  Epoch:7(301/1034) loss:0.509 
[2020-08-18 19:07:05,971][trainer.py][INFO]  Epoch:7(401/1034) loss:0.403 
[2020-08-18 19:08:18,983][trainer.py][INFO]  Epoch:7(501/1034) loss:1.084 
[2020-08-18 19:09:32,528][trainer.py][INFO]  Epoch:7(601/1034) loss:0.384 
[2020-08-18 19:10:45,625][trainer.py][INFO]  Epoch:7(701/1034) loss:0.273 
[2020-08-18 19:12:00,274][trainer.py][INFO]  Epoch:7(801/1034) loss:0.105 
[2020-08-18 19:13:13,632][trainer.py][INFO]  Epoch:7(901/1034) loss:0.313 
[2020-08-18 19:14:28,456][trainer.py][INFO]  Epoch:7(1001/1034) loss:0.412 
[2020-08-18 19:14:52,937][trainer.py][INFO]  Epoch:7(1035/1034) loss:0.266 
[2020-08-18 19:17:57,621][trainer.py][INFO] 各类单独F1:{'畅通': 0.921645445641528, '缓行': 0.26865671641791045, '拥堵': 0.660958904109589}  各类F加权:0.634635774877641
[2020-08-18 19:17:57,622][trainer.py][INFO] val_size: 1380  valLoss: 0.4984 valAcc: 0.8348
[2020-08-18 19:20:41,310][trainer.py][INFO] efficient-b5-w 第7 epoch 预测结果:{'畅通': 453, '缓行': 9, '拥堵': 138}
[2020-08-18 19:20:41,311][trainer.py][INFO] 69.json 预测结果:{'畅通': 454, '缓行': 15, '拥堵': 131}
[2020-08-18 19:20:41,311][trainer.py][INFO] efficient-b5-w 和 69.json 的 f1:[0.95479603 0.25       0.88475836] 加权f1:0.7718142247615611 
[2020-08-18 19:20:41,311][trainer.py][INFO] efficient-b5-w 和 69.json 的 Acc:0.925 Precision:[0.95584989 0.33333333 0.86231884] Recall:[0.95374449 0.2        0.90839695]
[2020-08-18 19:20:41,315][trainer.py][INFO] Epoch:[7/29]	 Loss=0.38238	 Acc=0.850 epoch_Time:12.712117060025532 min:
[2020-08-18 19:20:42,357][trainer.py][INFO] ----------
[2020-08-18 19:20:42,357][trainer.py][INFO] Epoch 8/29
[2020-08-18 19:20:42,357][trainer.py][INFO] learning rate:0.001383120842807659
[2020-08-18 19:20:42,357][trainer.py][INFO] ----------
[2020-08-18 19:20:44,694][trainer.py][INFO]  Epoch:8(1/1034) loss:0.179 
[2020-08-18 19:21:58,602][trainer.py][INFO]  Epoch:8(101/1034) loss:0.424 
[2020-08-18 19:23:11,845][trainer.py][INFO]  Epoch:8(201/1034) loss:0.111 
[2020-08-18 19:24:26,001][trainer.py][INFO]  Epoch:8(301/1034) loss:0.045 
[2020-08-18 19:25:39,415][trainer.py][INFO]  Epoch:8(401/1034) loss:0.245 
[2020-08-18 19:26:52,703][trainer.py][INFO]  Epoch:8(501/1034) loss:0.346 
[2020-08-18 19:28:05,451][trainer.py][INFO]  Epoch:8(601/1034) loss:0.299 
[2020-08-18 19:29:18,779][trainer.py][INFO]  Epoch:8(701/1034) loss:0.152 
[2020-08-18 19:30:32,510][trainer.py][INFO]  Epoch:8(801/1034) loss:0.135 
[2020-08-18 19:31:46,834][trainer.py][INFO]  Epoch:8(901/1034) loss:0.113 
[2020-08-18 19:33:00,846][trainer.py][INFO]  Epoch:8(1001/1034) loss:0.089 
[2020-08-18 19:33:25,600][trainer.py][INFO]  Epoch:8(1035/1034) loss:0.487 
[2020-08-18 19:36:28,892][trainer.py][INFO] 各类单独F1:{'畅通': 0.924345295829292, '缓行': 0.22439024390243903, '拥堵': 0.6085192697768763}  各类F加权:0.594858669812472
[2020-08-18 19:36:28,893][trainer.py][INFO] val_size: 1380  valLoss: 0.5138 valAcc: 0.8159
[2020-08-18 19:39:12,353][trainer.py][INFO] efficient-b5-w 第8 epoch 预测结果:{'畅通': 448, '缓行': 17, '拥堵': 135}
[2020-08-18 19:39:12,353][trainer.py][INFO] 69.json 预测结果:{'畅通': 454, '缓行': 15, '拥堵': 131}
[2020-08-18 19:39:12,354][trainer.py][INFO] efficient-b5-w 和 69.json 的 f1:[0.96008869 0.375      0.87969925] 加权f1:0.7948372872313824 
[2020-08-18 19:39:12,354][trainer.py][INFO] efficient-b5-w 和 69.json 的 Acc:0.9266666666666666 Precision:[0.96651786 0.35294118 0.86666667] Recall:[0.95374449 0.4        0.89312977]
[2020-08-18 19:39:12,358][trainer.py][INFO] Epoch:[8/29]	 Loss=0.32579	 Acc=0.874 epoch_Time:12.721280507246654 min:
[2020-08-18 19:39:13,722][trainer.py][INFO] ----------
[2020-08-18 19:39:13,722][trainer.py][INFO] Epoch 9/29
[2020-08-18 19:39:13,722][trainer.py][INFO] learning rate:0.0003826799641712606
[2020-08-18 19:39:13,722][trainer.py][INFO] ----------
[2020-08-18 19:39:16,450][trainer.py][INFO]  Epoch:9(1/1034) loss:0.125 
[2020-08-18 19:40:28,749][trainer.py][INFO]  Epoch:9(101/1034) loss:0.269 
[2020-08-18 19:41:40,210][trainer.py][INFO]  Epoch:9(201/1034) loss:0.137 
[2020-08-18 19:42:52,527][trainer.py][INFO]  Epoch:9(301/1034) loss:0.171 
[2020-08-18 19:44:04,355][trainer.py][INFO]  Epoch:9(401/1034) loss:0.496 
[2020-08-18 19:45:16,576][trainer.py][INFO]  Epoch:9(501/1034) loss:0.197 
[2020-08-18 19:46:28,375][trainer.py][INFO]  Epoch:9(601/1034) loss:0.612 
[2020-08-18 19:47:40,860][trainer.py][INFO]  Epoch:9(701/1034) loss:0.285 
[2020-08-18 19:48:53,666][trainer.py][INFO]  Epoch:9(801/1034) loss:0.157 
[2020-08-18 19:50:06,475][trainer.py][INFO]  Epoch:9(901/1034) loss:0.106 
[2020-08-18 19:51:19,115][trainer.py][INFO]  Epoch:9(1001/1034) loss:0.068 
[2020-08-18 19:51:43,782][trainer.py][INFO]  Epoch:9(1035/1034) loss:0.276 
[2020-08-18 19:54:46,883][trainer.py][INFO] 各类单独F1:{'畅通': 0.9260191243080019, '缓行': 0.23129251700680273, '拥堵': 0.6741214057507987}  各类F加权:0.6359351717134402
[2020-08-18 19:54:46,884][trainer.py][INFO] val_size: 1380  valLoss: 0.6080 valAcc: 0.8319
[2020-08-18 19:57:35,778][trainer.py][INFO] efficient-b5-w 第9 epoch 预测结果:{'畅通': 447, '缓行': 13, '拥堵': 140}
[2020-08-18 19:57:35,779][trainer.py][INFO] 69.json 预测结果:{'畅通': 454, '缓行': 15, '拥堵': 131}
[2020-08-18 19:57:35,779][trainer.py][INFO] efficient-b5-w 和 69.json 的 f1:[0.96115427 0.42857143 0.88560886] 加权f1:0.8093104539734156 
[2020-08-18 19:57:35,779][trainer.py][INFO] efficient-b5-w 和 69.json 的 Acc:0.9316666666666666 Precision:[0.96868009 0.46153846 0.85714286] Recall:[0.95374449 0.4        0.91603053]
[2020-08-18 19:57:35,784][trainer.py][INFO] Epoch:[9/29]	 Loss=0.26081	 Acc=0.901 epoch_Time:12.5030655225118 min:
[2020-08-18 19:57:36,598][trainer.py][INFO] ----------
[2020-08-18 19:57:36,598][trainer.py][INFO] Epoch 10/29
[2020-08-18 19:57:36,598][trainer.py][INFO] learning rate:3.685352414350973e-10
[2020-08-18 19:57:36,598][trainer.py][INFO] ----------
[2020-08-18 19:57:39,112][trainer.py][INFO]  Epoch:10(1/1034) loss:0.122 
[2020-08-18 19:58:52,505][trainer.py][INFO]  Epoch:10(101/1034) loss:0.121 
[2020-08-18 20:00:05,514][trainer.py][INFO]  Epoch:10(201/1034) loss:0.555 
[2020-08-18 20:01:18,501][trainer.py][INFO]  Epoch:10(301/1034) loss:0.221 
[2020-08-18 20:02:31,120][trainer.py][INFO]  Epoch:10(401/1034) loss:0.023 
[2020-08-18 20:03:44,294][trainer.py][INFO]  Epoch:10(501/1034) loss:0.474 
[2020-08-18 20:04:58,202][trainer.py][INFO]  Epoch:10(601/1034) loss:0.451 
[2020-08-18 20:06:11,496][trainer.py][INFO]  Epoch:10(701/1034) loss:0.357 
[2020-08-18 20:07:25,618][trainer.py][INFO]  Epoch:10(801/1034) loss:0.131 
[2020-08-18 20:08:39,474][trainer.py][INFO]  Epoch:10(901/1034) loss:0.123 
[2020-08-18 20:09:52,979][trainer.py][INFO]  Epoch:10(1001/1034) loss:0.263 
[2020-08-18 20:10:17,579][trainer.py][INFO]  Epoch:10(1035/1034) loss:0.425 
[2020-08-18 20:13:16,678][trainer.py][INFO] 各类单独F1:{'畅通': 0.9260191243080019, '缓行': 0.23129251700680273, '拥堵': 0.6741214057507987}  各类F加权:0.6359351717134402
[2020-08-18 20:13:16,683][trainer.py][INFO] val_size: 1380  valLoss: 0.6080 valAcc: 0.8319
[2020-08-18 20:16:13,076][trainer.py][INFO] efficient-b5-w 第10 epoch 预测结果:{'畅通': 447, '缓行': 13, '拥堵': 140}
[2020-08-18 20:16:13,076][trainer.py][INFO] 69.json 预测结果:{'畅通': 454, '缓行': 15, '拥堵': 131}
[2020-08-18 20:16:13,077][trainer.py][INFO] efficient-b5-w 和 69.json 的 f1:[0.96115427 0.42857143 0.88560886] 加权f1:0.8093104539734156 
[2020-08-18 20:16:13,077][trainer.py][INFO] efficient-b5-w 和 69.json 的 Acc:0.9316666666666666 Precision:[0.96868009 0.46153846 0.85714286] Recall:[0.95374449 0.4        0.91603053]
[2020-08-18 20:16:13,081][trainer.py][INFO] Epoch:[10/29]	 Loss=0.24360	 Acc=0.894 epoch_Time:12.683453365166981 min:
[2020-08-18 20:16:13,942][trainer.py][INFO] ----------
[2020-08-18 20:16:13,942][trainer.py][INFO] Epoch 11/29
[2020-08-18 20:16:13,942][trainer.py][INFO] learning rate:0.0036187473453685036
[2020-08-18 20:16:13,942][trainer.py][INFO] ----------
[2020-08-18 20:16:16,306][trainer.py][INFO]  Epoch:11(1/1034) loss:0.178 
[2020-08-18 20:17:29,405][trainer.py][INFO]  Epoch:11(101/1034) loss:0.891 
[2020-08-18 20:18:44,158][trainer.py][INFO]  Epoch:11(201/1034) loss:0.326 
[2020-08-18 20:19:57,799][trainer.py][INFO]  Epoch:11(301/1034) loss:0.266 
[2020-08-18 20:21:12,106][trainer.py][INFO]  Epoch:11(401/1034) loss:0.426 
[2020-08-18 20:22:25,659][trainer.py][INFO]  Epoch:11(501/1034) loss:0.141 
[2020-08-18 20:23:40,574][trainer.py][INFO]  Epoch:11(601/1034) loss:0.639 
[2020-08-18 20:24:55,191][trainer.py][INFO]  Epoch:11(701/1034) loss:0.468 
[2020-08-18 20:26:10,299][trainer.py][INFO]  Epoch:11(801/1034) loss:0.425 
[2020-08-18 20:27:25,348][trainer.py][INFO]  Epoch:11(901/1034) loss:0.659 
[2020-08-18 20:28:39,441][trainer.py][INFO]  Epoch:11(1001/1034) loss:0.834 
[2020-08-18 20:29:04,302][trainer.py][INFO]  Epoch:11(1035/1034) loss:0.325 
[2020-08-18 20:32:06,993][trainer.py][INFO] 各类单独F1:{'畅通': 0.9237668161434976, '缓行': 0.2580645161290323, '拥堵': 0.6387959866220736}  各类F加权:0.6196438584277502
[2020-08-18 20:32:06,994][trainer.py][INFO] val_size: 1380  valLoss: 0.5111 valAcc: 0.8246
[2020-08-18 20:34:56,092][trainer.py][INFO] efficient-b5-w 第11 epoch 预测结果:{'畅通': 446, '缓行': 11, '拥堵': 143}
[2020-08-18 20:34:56,092][trainer.py][INFO] 69.json 预测结果:{'畅通': 454, '缓行': 15, '拥堵': 131}
[2020-08-18 20:34:56,093][trainer.py][INFO] efficient-b5-w 和 69.json 的 f1:[0.95777778 0.46153846 0.88321168] 加权f1:0.8137902551625179 
[2020-08-18 20:34:56,094][trainer.py][INFO] efficient-b5-w 和 69.json 的 Acc:0.93 Precision:[0.96636771 0.54545455 0.84615385] Recall:[0.94933921 0.4        0.92366412]
[2020-08-18 20:34:56,098][trainer.py][INFO] Epoch:[11/29]	 Loss=0.38294	 Acc=0.852 epoch_Time:12.84041695992152 min:
[2020-08-18 20:34:57,205][trainer.py][INFO] ----------
[2020-08-18 20:34:57,205][trainer.py][INFO] Epoch 12/29
[2020-08-18 20:34:57,205][trainer.py][INFO] learning rate:0.002619188592540145
[2020-08-18 20:34:57,205][trainer.py][INFO] ----------
[2020-08-18 20:34:59,963][trainer.py][INFO]  Epoch:12(1/1034) loss:0.250 
[2020-08-18 20:36:13,149][trainer.py][INFO]  Epoch:12(101/1034) loss:0.628 
[2020-08-18 20:37:27,463][trainer.py][INFO]  Epoch:12(201/1034) loss:0.352 
[2020-08-18 20:38:41,772][trainer.py][INFO]  Epoch:12(301/1034) loss:0.550 
[2020-08-18 20:39:55,946][trainer.py][INFO]  Epoch:12(401/1034) loss:0.019 
[2020-08-18 20:41:09,413][trainer.py][INFO]  Epoch:12(501/1034) loss:0.354 
[2020-08-18 20:42:23,388][trainer.py][INFO]  Epoch:12(601/1034) loss:0.566 
[2020-08-18 20:43:37,877][trainer.py][INFO]  Epoch:12(701/1034) loss:0.312 
[2020-08-18 20:44:51,667][trainer.py][INFO]  Epoch:12(801/1034) loss:0.290 
[2020-08-18 20:46:04,935][trainer.py][INFO]  Epoch:12(901/1034) loss:0.230 
[2020-08-18 20:47:18,403][trainer.py][INFO]  Epoch:12(1001/1034) loss:0.276 
[2020-08-18 20:47:42,665][trainer.py][INFO]  Epoch:12(1035/1034) loss:0.119 
[2020-08-18 20:50:44,659][trainer.py][INFO] 各类单独F1:{'畅通': 0.9027196652719666, '缓行': 0.2191780821917808, '拥堵': 0.6381766381766382}  各类F加权:0.6072855323987323
[2020-08-18 20:50:44,659][trainer.py][INFO] val_size: 1380  valLoss: 0.6305 valAcc: 0.7993
[2020-08-18 20:53:30,385][trainer.py][INFO] efficient-b5-w 第12 epoch 预测结果:{'畅通': 435, '缓行': 13, '拥堵': 152}
[2020-08-18 20:53:30,385][trainer.py][INFO] 69.json 预测结果:{'畅通': 454, '缓行': 15, '拥堵': 131}
[2020-08-18 20:53:30,386][trainer.py][INFO] efficient-b5-w 和 69.json 的 f1:[0.95163105 0.5        0.84805654] 加权f1:0.799160131485331 
[2020-08-18 20:53:30,386][trainer.py][INFO] efficient-b5-w 和 69.json 的 Acc:0.9166666666666666 Precision:[0.97241379 0.53846154 0.78947368] Recall:[0.93171806 0.46666667 0.91603053]
[2020-08-18 20:53:30,391][trainer.py][INFO] Epoch:[12/29]	 Loss=0.31340	 Acc=0.879 epoch_Time:12.758144815762838 min:
[2020-08-18 20:53:31,667][trainer.py][INFO] ----------
[2020-08-18 20:53:31,668][trainer.py][INFO] Epoch 13/29
[2020-08-18 20:53:31,668][trainer.py][INFO] learning rate:0.0013831208428076607
[2020-08-18 20:53:31,668][trainer.py][INFO] ----------
[2020-08-18 20:53:33,859][trainer.py][INFO]  Epoch:13(1/1034) loss:0.275 
[2020-08-18 20:54:46,642][trainer.py][INFO]  Epoch:13(101/1034) loss:0.139 
[2020-08-18 20:55:59,859][trainer.py][INFO]  Epoch:13(201/1034) loss:0.422 
[2020-08-18 20:57:13,163][trainer.py][INFO]  Epoch:13(301/1034) loss:0.661 
[2020-08-18 20:58:26,370][trainer.py][INFO]  Epoch:13(401/1034) loss:0.094 
[2020-08-18 20:59:39,925][trainer.py][INFO]  Epoch:13(501/1034) loss:0.153 
[2020-08-18 21:00:53,247][trainer.py][INFO]  Epoch:13(601/1034) loss:0.057 
[2020-08-18 21:02:06,707][trainer.py][INFO]  Epoch:13(701/1034) loss:0.021 
[2020-08-18 21:03:20,816][trainer.py][INFO]  Epoch:13(801/1034) loss:0.505 
[2020-08-18 21:04:34,932][trainer.py][INFO]  Epoch:13(901/1034) loss:0.860 
[2020-08-18 21:05:48,942][trainer.py][INFO]  Epoch:13(1001/1034) loss:0.154 
[2020-08-18 21:06:13,611][trainer.py][INFO]  Epoch:13(1035/1034) loss:0.226 
[2020-08-18 21:09:14,684][trainer.py][INFO] 各类单独F1:{'畅通': 0.9076682316118935, '缓行': 0.15942028985507245, '拥堵': 0.6297872340425532}  各类F加权:0.5912900447189251
[2020-08-18 21:09:14,685][trainer.py][INFO] val_size: 1380  valLoss: 0.7663 valAcc: 0.7993
[2020-08-18 21:12:03,763][trainer.py][INFO] efficient-b5-w 第13 epoch 预测结果:{'畅通': 441, '缓行': 12, '拥堵': 147}
[2020-08-18 21:12:03,763][trainer.py][INFO] 69.json 预测结果:{'畅通': 454, '缓行': 15, '拥堵': 131}
[2020-08-18 21:12:03,764][trainer.py][INFO] efficient-b5-w 和 69.json 的 f1:[0.95642458 0.44444444 0.87769784] 加权f1:0.8067925101259775 
[2020-08-18 21:12:03,764][trainer.py][INFO] efficient-b5-w 和 69.json 的 Acc:0.9266666666666666 Precision:[0.97052154 0.5        0.82993197] Recall:[0.94273128 0.4        0.93129771]
[2020-08-18 21:12:03,768][trainer.py][INFO] Epoch:[13/29]	 Loss=0.24691	 Acc=0.907 epoch_Time:12.699454991022746 min:
[2020-08-18 21:12:04,582][trainer.py][INFO] ----------
[2020-08-18 21:12:04,582][trainer.py][INFO] Epoch 14/29
[2020-08-18 21:12:04,582][trainer.py][INFO] learning rate:0.0003826799641712606
[2020-08-18 21:12:04,582][trainer.py][INFO] ----------
[2020-08-18 21:12:07,185][trainer.py][INFO]  Epoch:14(1/1034) loss:0.200 
[2020-08-18 21:13:20,752][trainer.py][INFO]  Epoch:14(101/1034) loss:0.222 
[2020-08-18 21:14:33,375][trainer.py][INFO]  Epoch:14(201/1034) loss:0.234 
[2020-08-18 21:15:46,810][trainer.py][INFO]  Epoch:14(301/1034) loss:0.069 
[2020-08-18 21:16:58,679][trainer.py][INFO]  Epoch:14(401/1034) loss:0.012 
[2020-08-18 21:18:10,970][trainer.py][INFO]  Epoch:14(501/1034) loss:0.262 
[2020-08-18 21:19:25,724][trainer.py][INFO]  Epoch:14(601/1034) loss:0.327 
[2020-08-18 21:20:38,843][trainer.py][INFO]  Epoch:14(701/1034) loss:0.165 
[2020-08-18 21:21:51,266][trainer.py][INFO]  Epoch:14(801/1034) loss:0.012 
[2020-08-18 21:23:04,639][trainer.py][INFO]  Epoch:14(901/1034) loss:0.014 
[2020-08-18 21:24:18,302][trainer.py][INFO]  Epoch:14(1001/1034) loss:0.087 
[2020-08-18 21:24:42,588][trainer.py][INFO]  Epoch:14(1035/1034) loss:0.326 
[2020-08-18 21:27:46,126][trainer.py][INFO] 各类单独F1:{'畅通': 0.9246676514032497, '缓行': 0.20105820105820107, '拥堵': 0.6148148148148148}  各类F加权:0.594034059381179
[2020-08-18 21:27:46,127][trainer.py][INFO] val_size: 1380  valLoss: 0.6763 valAcc: 0.8145
[2020-08-18 21:30:46,459][trainer.py][INFO] efficient-b5-w 第14 epoch 预测结果:{'畅通': 448, '缓行': 14, '拥堵': 138}
[2020-08-18 21:30:46,459][trainer.py][INFO] 69.json 预测结果:{'畅通': 454, '缓行': 15, '拥堵': 131}
[2020-08-18 21:30:46,460][trainer.py][INFO] efficient-b5-w 和 69.json 的 f1:[0.96008869 0.4137931  0.88475836] 加权f1:0.8056313776362175 
[2020-08-18 21:30:46,460][trainer.py][INFO] efficient-b5-w 和 69.json 的 Acc:0.93 Precision:[0.96651786 0.42857143 0.86231884] Recall:[0.95374449 0.4        0.90839695]
[2020-08-18 21:30:46,464][trainer.py][INFO] Epoch:[14/29]	 Loss=0.19800	 Acc=0.925 epoch_Time:12.633864144484201 min:
[2020-08-18 21:30:47,335][trainer.py][INFO] ----------
[2020-08-18 21:30:47,335][trainer.py][INFO] Epoch 15/29
[2020-08-18 21:30:47,335][trainer.py][INFO] learning rate:3.685352414350973e-10
[2020-08-18 21:30:47,335][trainer.py][INFO] ----------
[2020-08-18 21:30:49,542][trainer.py][INFO]  Epoch:15(1/1034) loss:0.033 
[2020-08-18 21:32:01,609][trainer.py][INFO]  Epoch:15(101/1034) loss:0.343 
[2020-08-18 21:33:14,889][trainer.py][INFO]  Epoch:15(201/1034) loss:0.035 
[2020-08-18 21:34:28,978][trainer.py][INFO]  Epoch:15(301/1034) loss:0.104 
[2020-08-18 21:35:42,350][trainer.py][INFO]  Epoch:15(401/1034) loss:0.272 
[2020-08-18 21:36:55,095][trainer.py][INFO]  Epoch:15(501/1034) loss:0.179 
[2020-08-18 21:38:08,103][trainer.py][INFO]  Epoch:15(601/1034) loss:0.007 
[2020-08-18 21:39:22,073][trainer.py][INFO]  Epoch:15(701/1034) loss:0.036 
[2020-08-18 21:40:34,992][trainer.py][INFO]  Epoch:15(801/1034) loss:0.009 
[2020-08-18 21:41:46,732][trainer.py][INFO]  Epoch:15(901/1034) loss:0.026 
[2020-08-18 21:42:59,928][trainer.py][INFO]  Epoch:15(1001/1034) loss:0.520 
[2020-08-18 21:43:24,177][trainer.py][INFO]  Epoch:15(1035/1034) loss:0.071 
[2020-08-18 21:46:10,971][trainer.py][INFO] 各类单独F1:{'畅通': 0.9246676514032497, '缓行': 0.20105820105820107, '拥堵': 0.6148148148148148}  各类F加权:0.594034059381179
[2020-08-18 21:46:10,974][trainer.py][INFO] val_size: 1380  valLoss: 0.6763 valAcc: 0.8145
[2020-08-18 21:49:05,390][trainer.py][INFO] efficient-b5-w 第15 epoch 预测结果:{'畅通': 448, '缓行': 14, '拥堵': 138}
[2020-08-18 21:49:05,390][trainer.py][INFO] 69.json 预测结果:{'畅通': 454, '缓行': 15, '拥堵': 131}
[2020-08-18 21:49:05,391][trainer.py][INFO] efficient-b5-w 和 69.json 的 f1:[0.96008869 0.4137931  0.88475836] 加权f1:0.8056313776362175 
[2020-08-18 21:49:05,391][trainer.py][INFO] efficient-b5-w 和 69.json 的 Acc:0.93 Precision:[0.96651786 0.42857143 0.86231884] Recall:[0.95374449 0.4        0.90839695]
[2020-08-18 21:49:05,395][trainer.py][INFO] Epoch:[15/29]	 Loss=0.17774	 Acc=0.937 epoch_Time:12.614494077364604 min:
[2020-08-18 21:49:06,445][trainer.py][INFO] ----------
[2020-08-18 21:49:06,445][trainer.py][INFO] Epoch 16/29
[2020-08-18 21:49:06,445][trainer.py][INFO] learning rate:0.0036187473453685036
[2020-08-18 21:49:06,445][trainer.py][INFO] ----------
[2020-08-18 21:49:08,960][trainer.py][INFO]  Epoch:16(1/1034) loss:0.117 
[2020-08-18 21:50:21,365][trainer.py][INFO]  Epoch:16(101/1034) loss:0.523 
[2020-08-18 21:51:34,595][trainer.py][INFO]  Epoch:16(201/1034) loss:0.048 
[2020-08-18 21:52:47,029][trainer.py][INFO]  Epoch:16(301/1034) loss:0.232 
[2020-08-18 21:54:00,165][trainer.py][INFO]  Epoch:16(401/1034) loss:0.089 
[2020-08-18 21:55:12,604][trainer.py][INFO]  Epoch:16(501/1034) loss:0.087 
[2020-08-18 21:56:25,806][trainer.py][INFO]  Epoch:16(601/1034) loss:0.344 
[2020-08-18 21:57:39,087][trainer.py][INFO]  Epoch:16(701/1034) loss:0.187 
[2020-08-18 21:58:52,024][trainer.py][INFO]  Epoch:16(801/1034) loss:0.624 
[2020-08-18 22:00:05,625][trainer.py][INFO]  Epoch:16(901/1034) loss:0.197 
[2020-08-18 22:01:18,430][trainer.py][INFO]  Epoch:16(1001/1034) loss:0.713 
[2020-08-18 22:01:43,471][trainer.py][INFO]  Epoch:16(1035/1034) loss:0.954 
[2020-08-18 22:04:46,108][trainer.py][INFO] 各类单独F1:{'畅通': 0.9157360406091372, '缓行': 0.2137404580152672, '拥堵': 0.6646433990895296}  各类F加权:0.6246813391785986
[2020-08-18 22:04:46,117][trainer.py][INFO] val_size: 1380  valLoss: 0.5994 valAcc: 0.8225
[2020-08-18 22:07:51,464][trainer.py][INFO] efficient-b5-w 第16 epoch 预测结果:{'畅通': 438, '缓行': 12, '拥堵': 150}
[2020-08-18 22:07:51,465][trainer.py][INFO] 69.json 预测结果:{'畅通': 454, '缓行': 15, '拥堵': 131}
[2020-08-18 22:07:51,465][trainer.py][INFO] efficient-b5-w 和 69.json 的 f1:[0.95515695 0.37037037 0.87544484] 加权f1:0.790372368123194 
[2020-08-18 22:07:51,465][trainer.py][INFO] efficient-b5-w 和 69.json 的 Acc:0.9233333333333333 Precision:[0.97260274 0.41666667 0.82      ] Recall:[0.93832599 0.33333333 0.9389313 ]
[2020-08-18 22:07:51,469][trainer.py][INFO] Epoch:[16/29]	 Loss=0.32848	 Acc=0.874 epoch_Time:12.61776371796926 min:
[2020-08-18 22:07:52,734][trainer.py][INFO] ----------
[2020-08-18 22:07:52,735][trainer.py][INFO] Epoch 17/29
[2020-08-18 22:07:52,735][trainer.py][INFO] learning rate:0.002619188592540143
[2020-08-18 22:07:52,735][trainer.py][INFO] ----------
[2020-08-18 22:07:55,297][trainer.py][INFO]  Epoch:17(1/1034) loss:0.521 
[2020-08-18 22:09:07,294][trainer.py][INFO]  Epoch:17(101/1034) loss:0.734 
[2020-08-18 22:10:21,646][trainer.py][INFO]  Epoch:17(201/1034) loss:0.126 
[2020-08-18 22:11:34,662][trainer.py][INFO]  Epoch:17(301/1034) loss:0.130 
[2020-08-18 22:12:48,658][trainer.py][INFO]  Epoch:17(401/1034) loss:0.253 
[2020-08-18 22:14:03,473][trainer.py][INFO]  Epoch:17(501/1034) loss:0.110 
[2020-08-18 22:15:18,408][trainer.py][INFO]  Epoch:17(601/1034) loss:0.383 
[2020-08-18 22:16:31,819][trainer.py][INFO]  Epoch:17(701/1034) loss:0.026 
[2020-08-18 22:17:45,852][trainer.py][INFO]  Epoch:17(801/1034) loss:0.698 
[2020-08-18 22:18:59,292][trainer.py][INFO]  Epoch:17(901/1034) loss:0.485 
[2020-08-18 22:20:13,094][trainer.py][INFO]  Epoch:17(1001/1034) loss:0.611 
[2020-08-18 22:20:37,987][trainer.py][INFO]  Epoch:17(1035/1034) loss:0.014 
[2020-08-18 22:23:43,222][trainer.py][INFO] 各类单独F1:{'畅通': 0.9089089089089089, '缓行': 0.227027027027027, '拥堵': 0.5857885615251299}  各类F加权:0.5786603241022651
[2020-08-18 22:23:43,223][trainer.py][INFO] val_size: 1380  valLoss: 0.6062 valAcc: 0.7957
[2020-08-18 22:26:39,650][trainer.py][INFO] efficient-b5-w 第17 epoch 预测结果:{'畅通': 446, '缓行': 14, '拥堵': 140}
[2020-08-18 22:26:39,650][trainer.py][INFO] 69.json 预测结果:{'畅通': 454, '缓行': 15, '拥堵': 131}
[2020-08-18 22:26:39,650][trainer.py][INFO] efficient-b5-w 和 69.json 的 f1:[0.96       0.4137931  0.87822878] 加权f1:0.8016958900623488 
[2020-08-18 22:26:39,651][trainer.py][INFO] efficient-b5-w 和 69.json 的 Acc:0.9283333333333333 Precision:[0.96860987 0.42857143 0.85      ] Recall:[0.95154185 0.4        0.90839695]
[2020-08-18 22:26:39,655][trainer.py][INFO] Epoch:[17/29]	 Loss=0.28083	 Acc=0.888 epoch_Time:12.754838438828786 min:
[2020-08-18 22:26:40,150][trainer.py][INFO] ----------
[2020-08-18 22:26:40,150][trainer.py][INFO] Epoch 18/29
[2020-08-18 22:26:40,150][trainer.py][INFO] learning rate:0.0013831208428076588
[2020-08-18 22:26:40,150][trainer.py][INFO] ----------
[2020-08-18 22:26:42,247][trainer.py][INFO]  Epoch:18(1/1034) loss:0.132 
[2020-08-18 22:27:54,719][trainer.py][INFO]  Epoch:18(101/1034) loss:0.088 
[2020-08-18 22:29:09,483][trainer.py][INFO]  Epoch:18(201/1034) loss:0.698 
[2020-08-18 22:30:22,670][trainer.py][INFO]  Epoch:18(301/1034) loss:0.560 
[2020-08-18 22:31:35,880][trainer.py][INFO]  Epoch:18(401/1034) loss:0.064 
[2020-08-18 22:32:48,610][trainer.py][INFO]  Epoch:18(501/1034) loss:0.080 
[2020-08-18 22:34:02,108][trainer.py][INFO]  Epoch:18(601/1034) loss:0.355 
[2020-08-18 22:35:16,217][trainer.py][INFO]  Epoch:18(701/1034) loss:0.124 
[2020-08-18 22:36:29,358][trainer.py][INFO]  Epoch:18(801/1034) loss:0.089 
[2020-08-18 22:37:42,753][trainer.py][INFO]  Epoch:18(901/1034) loss:0.163 
[2020-08-18 22:38:57,269][trainer.py][INFO]  Epoch:18(1001/1034) loss:0.346 
[2020-08-18 22:39:21,777][trainer.py][INFO]  Epoch:18(1035/1034) loss:0.036 
[2020-08-18 22:42:24,862][trainer.py][INFO] 各类单独F1:{'畅通': 0.9111223971559167, '缓行': 0.22797927461139894, '拥堵': 0.5852842809364549}  各类F加权:0.5789909029153362
[2020-08-18 22:42:24,863][trainer.py][INFO] val_size: 1380  valLoss: 0.7332 valAcc: 0.7928
[2020-08-18 22:45:20,579][trainer.py][INFO] efficient-b5-w 第18 epoch 预测结果:{'畅通': 448, '缓行': 13, '拥堵': 139}
[2020-08-18 22:45:20,579][trainer.py][INFO] 69.json 预测结果:{'畅通': 454, '缓行': 15, '拥堵': 131}
[2020-08-18 22:45:20,580][trainer.py][INFO] efficient-b5-w 和 69.json 的 f1:[0.96008869 0.42857143 0.88888889] 加权f1:0.8110653574068208 
[2020-08-18 22:45:20,580][trainer.py][INFO] efficient-b5-w 和 69.json 的 Acc:0.9316666666666666 Precision:[0.96651786 0.46153846 0.86330935] Recall:[0.95374449 0.4        0.91603053]
[2020-08-18 22:45:20,584][trainer.py][INFO] Epoch:[18/29]	 Loss=0.21022	 Acc=0.919 epoch_Time:12.6942116300265 min:
[2020-08-18 22:45:21,394][trainer.py][INFO] ----------
[2020-08-18 22:45:21,394][trainer.py][INFO] Epoch 19/29
[2020-08-18 22:45:21,394][trainer.py][INFO] learning rate:0.000382679964171259
[2020-08-18 22:45:21,394][trainer.py][INFO] ----------
[2020-08-18 22:45:23,561][trainer.py][INFO]  Epoch:19(1/1034) loss:0.267 
[2020-08-18 22:46:36,287][trainer.py][INFO]  Epoch:19(101/1034) loss:0.034 
[2020-08-18 22:47:50,287][trainer.py][INFO]  Epoch:19(201/1034) loss:0.342 
[2020-08-18 22:49:04,304][trainer.py][INFO]  Epoch:19(301/1034) loss:0.140 
[2020-08-18 22:50:18,099][trainer.py][INFO]  Epoch:19(401/1034) loss:0.151 
[2020-08-18 22:51:31,367][trainer.py][INFO]  Epoch:19(501/1034) loss:0.101 
[2020-08-18 22:52:45,853][trainer.py][INFO]  Epoch:19(601/1034) loss:0.170 
[2020-08-18 22:53:59,476][trainer.py][INFO]  Epoch:19(701/1034) loss:0.076 
[2020-08-18 22:55:14,544][trainer.py][INFO]  Epoch:19(801/1034) loss:0.024 
[2020-08-18 22:56:29,371][trainer.py][INFO]  Epoch:19(901/1034) loss:0.357 
[2020-08-18 22:57:43,936][trainer.py][INFO]  Epoch:19(1001/1034) loss:0.413 
[2020-08-18 22:58:08,136][trainer.py][INFO]  Epoch:19(1035/1034) loss:0.148 
[2020-08-18 23:01:11,582][trainer.py][INFO] 各类单独F1:{'畅通': 0.9159622078567876, '缓行': 0.23404255319148937, '拥堵': 0.6096256684491979}  各类F加权:0.5957763532791741
[2020-08-18 23:01:11,583][trainer.py][INFO] val_size: 1380  valLoss: 0.7481 valAcc: 0.8072
[2020-08-18 23:04:00,780][trainer.py][INFO] efficient-b5-w 第19 epoch 预测结果:{'畅通': 449, '缓行': 14, '拥堵': 137}
[2020-08-18 23:04:00,780][trainer.py][INFO] 69.json 预测结果:{'畅通': 454, '缓行': 15, '拥堵': 131}
[2020-08-18 23:04:00,781][trainer.py][INFO] efficient-b5-w 和 69.json 的 f1:[0.95902547 0.4137931  0.88059701] 加权f1:0.8029219237755545 
[2020-08-18 23:04:00,781][trainer.py][INFO] efficient-b5-w 和 69.json 的 Acc:0.9283333333333333 Precision:[0.96436526 0.42857143 0.86131387] Recall:[0.95374449 0.4        0.90076336]
[2020-08-18 23:04:00,785][trainer.py][INFO] Epoch:[19/29]	 Loss=0.16074	 Acc=0.937 epoch_Time:12.779641874631245 min:
[2020-08-18 23:04:01,845][trainer.py][INFO] ----------
[2020-08-18 23:04:01,845][trainer.py][INFO] Epoch 20/29
[2020-08-18 23:04:01,845][trainer.py][INFO] learning rate:3.685352414350973e-10
[2020-08-18 23:04:01,845][trainer.py][INFO] ----------
[2020-08-18 23:04:03,949][trainer.py][INFO]  Epoch:20(1/1034) loss:0.140 
[2020-08-18 23:05:17,396][trainer.py][INFO]  Epoch:20(101/1034) loss:0.323 
[2020-08-18 23:06:30,781][trainer.py][INFO]  Epoch:20(201/1034) loss:0.221 
[2020-08-18 23:07:42,985][trainer.py][INFO]  Epoch:20(301/1034) loss:0.072 
[2020-08-18 23:08:55,437][trainer.py][INFO]  Epoch:20(401/1034) loss:0.020 
[2020-08-18 23:10:08,358][trainer.py][INFO]  Epoch:20(501/1034) loss:0.055 
[2020-08-18 23:11:22,007][trainer.py][INFO]  Epoch:20(601/1034) loss:0.167 
[2020-08-18 23:12:35,126][trainer.py][INFO]  Epoch:20(701/1034) loss:0.018 
[2020-08-18 23:13:47,447][trainer.py][INFO]  Epoch:20(801/1034) loss:0.083 
[2020-08-18 23:14:59,801][trainer.py][INFO]  Epoch:20(901/1034) loss:0.033 
[2020-08-18 23:16:13,160][trainer.py][INFO]  Epoch:20(1001/1034) loss:0.019 
[2020-08-18 23:16:37,339][trainer.py][INFO]  Epoch:20(1035/1034) loss:0.045 
[2020-08-18 23:19:38,097][trainer.py][INFO] 各类单独F1:{'畅通': 0.9159622078567876, '缓行': 0.23404255319148937, '拥堵': 0.6096256684491979}  各类F加权:0.5957763532791741
[2020-08-18 23:19:38,099][trainer.py][INFO] val_size: 1380  valLoss: 0.7481 valAcc: 0.8072
[2020-08-18 23:22:36,350][trainer.py][INFO] efficient-b5-w 第20 epoch 预测结果:{'畅通': 449, '缓行': 14, '拥堵': 137}
[2020-08-18 23:22:36,351][trainer.py][INFO] 69.json 预测结果:{'畅通': 454, '缓行': 15, '拥堵': 131}
[2020-08-18 23:22:36,351][trainer.py][INFO] efficient-b5-w 和 69.json 的 f1:[0.95902547 0.4137931  0.88059701] 加权f1:0.8029219237755545 
[2020-08-18 23:22:36,352][trainer.py][INFO] efficient-b5-w 和 69.json 的 Acc:0.9283333333333333 Precision:[0.96436526 0.42857143 0.86131387] Recall:[0.95374449 0.4        0.90076336]
[2020-08-18 23:22:36,356][trainer.py][INFO] Epoch:[20/29]	 Loss=0.14833	 Acc=0.949 epoch_Time:12.592447884877522 min:
[2020-08-18 23:22:37,614][trainer.py][INFO] ----------
[2020-08-18 23:22:37,614][trainer.py][INFO] Epoch 21/29
[2020-08-18 23:22:37,614][trainer.py][INFO] learning rate:0.0036187473453685027
[2020-08-18 23:22:37,614][trainer.py][INFO] ----------
[2020-08-18 23:22:40,248][trainer.py][INFO]  Epoch:21(1/1034) loss:0.048 
[2020-08-18 23:23:52,594][trainer.py][INFO]  Epoch:21(101/1034) loss:0.095 
[2020-08-18 23:25:06,535][trainer.py][INFO]  Epoch:21(201/1034) loss:0.136 
[2020-08-18 23:26:20,768][trainer.py][INFO]  Epoch:21(301/1034) loss:0.272 
[2020-08-18 23:27:35,236][trainer.py][INFO]  Epoch:21(401/1034) loss:0.127 
[2020-08-18 23:28:50,059][trainer.py][INFO]  Epoch:21(501/1034) loss:0.423 
[2020-08-18 23:30:03,823][trainer.py][INFO]  Epoch:21(601/1034) loss:0.540 
[2020-08-18 23:31:17,581][trainer.py][INFO]  Epoch:21(701/1034) loss:0.180 
[2020-08-18 23:32:32,293][trainer.py][INFO]  Epoch:21(801/1034) loss:0.121 
[2020-08-18 23:33:46,918][trainer.py][INFO]  Epoch:21(901/1034) loss:0.565 
[2020-08-18 23:35:00,142][trainer.py][INFO]  Epoch:21(1001/1034) loss:0.245 
[2020-08-18 23:35:24,407][trainer.py][INFO]  Epoch:21(1035/1034) loss:0.010 
[2020-08-18 23:38:29,209][trainer.py][INFO] 各类单独F1:{'畅通': 0.895711500974659, '缓行': 0.16666666666666666, '拥堵': 0.5798611111111112}  各类F加权:0.5603923001949318
[2020-08-18 23:38:29,209][trainer.py][INFO] val_size: 1380  valLoss: 0.6693 valAcc: 0.7949
[2020-08-18 23:41:19,157][trainer.py][INFO] efficient-b5-w 第21 epoch 预测结果:{'畅通': 454, '缓行': 8, '拥堵': 138}
[2020-08-18 23:41:19,157][trainer.py][INFO] 69.json 预测结果:{'畅通': 454, '缓行': 15, '拥堵': 131}
[2020-08-18 23:41:19,158][trainer.py][INFO] efficient-b5-w 和 69.json 的 f1:[0.95594714 0.43478261 0.86245353] 加权f1:0.7956180680110136 
[2020-08-18 23:41:19,159][trainer.py][INFO] efficient-b5-w 和 69.json 的 Acc:0.925 Precision:[0.95594714 0.625      0.84057971] Recall:[0.95594714 0.33333333 0.88549618]
[2020-08-18 23:41:19,164][trainer.py][INFO] Epoch:[21/29]	 Loss=0.31022	 Acc=0.886 epoch_Time:12.780289940039317 min:
[2020-08-18 23:41:20,054][trainer.py][INFO] ----------
[2020-08-18 23:41:20,054][trainer.py][INFO] Epoch 22/29
[2020-08-18 23:41:20,054][trainer.py][INFO] learning rate:0.002619188592540143
[2020-08-18 23:41:20,054][trainer.py][INFO] ----------
[2020-08-18 23:41:22,399][trainer.py][INFO]  Epoch:22(1/1034) loss:0.325 
[2020-08-18 23:42:35,780][trainer.py][INFO]  Epoch:22(101/1034) loss:0.337 
[2020-08-18 23:43:49,318][trainer.py][INFO]  Epoch:22(201/1034) loss:0.248 
[2020-08-18 23:45:03,540][trainer.py][INFO]  Epoch:22(301/1034) loss:0.130 
[2020-08-18 23:46:18,061][trainer.py][INFO]  Epoch:22(401/1034) loss:0.132 
[2020-08-18 23:47:31,018][trainer.py][INFO]  Epoch:22(501/1034) loss:0.248 
[2020-08-18 23:48:45,930][trainer.py][INFO]  Epoch:22(601/1034) loss:0.104 
[2020-08-18 23:50:00,049][trainer.py][INFO]  Epoch:22(701/1034) loss:0.315 
[2020-08-18 23:51:14,067][trainer.py][INFO]  Epoch:22(801/1034) loss:0.341 
[2020-08-18 23:52:28,969][trainer.py][INFO]  Epoch:22(901/1034) loss:0.025 
[2020-08-18 23:53:43,249][trainer.py][INFO]  Epoch:22(1001/1034) loss:0.564 
[2020-08-18 23:54:07,808][trainer.py][INFO]  Epoch:22(1035/1034) loss:0.058 
[2020-08-18 23:57:15,367][trainer.py][INFO] 各类单独F1:{'畅通': 0.9070929070929071, '缓行': 0.13445378151260504, '拥堵': 0.6541471048513302}  各类F加权:0.6007976006319006
[2020-08-18 23:57:15,368][trainer.py][INFO] val_size: 1380  valLoss: 0.8016 valAcc: 0.8152
[2020-08-19 00:00:04,419][trainer.py][INFO] efficient-b5-w 第22 epoch 预测结果:{'畅通': 448, '缓行': 7, '拥堵': 145}
[2020-08-19 00:00:04,419][trainer.py][INFO] 69.json 预测结果:{'畅通': 454, '缓行': 15, '拥堵': 131}
[2020-08-19 00:00:04,419][trainer.py][INFO] efficient-b5-w 和 69.json 的 f1:[0.9578714  0.27272727 0.86956522] 加权f1:0.7678588643593944 
[2020-08-19 00:00:04,420][trainer.py][INFO] efficient-b5-w 和 69.json 的 Acc:0.925 Precision:[0.96428571 0.42857143 0.82758621] Recall:[0.95154185 0.2        0.91603053]
[2020-08-19 00:00:04,423][trainer.py][INFO] Epoch:[22/29]	 Loss=0.25521	 Acc=0.905 epoch_Time:12.796326629320781 min:
[2020-08-19 00:00:05,262][trainer.py][INFO] ----------
[2020-08-19 00:00:05,262][trainer.py][INFO] Epoch 23/29
[2020-08-19 00:00:05,262][trainer.py][INFO] learning rate:0.0013831208428076588
[2020-08-19 00:00:05,262][trainer.py][INFO] ----------
[2020-08-19 00:00:07,896][trainer.py][INFO]  Epoch:23(1/1034) loss:0.113 
[2020-08-19 00:01:19,872][trainer.py][INFO]  Epoch:23(101/1034) loss:0.142 
[2020-08-19 00:02:32,261][trainer.py][INFO]  Epoch:23(201/1034) loss:0.032 
[2020-08-19 00:03:44,963][trainer.py][INFO]  Epoch:23(301/1034) loss:0.301 
[2020-08-19 00:04:57,749][trainer.py][INFO]  Epoch:23(401/1034) loss:0.029 
[2020-08-19 00:06:09,762][trainer.py][INFO]  Epoch:23(501/1034) loss:0.160 
[2020-08-19 00:07:22,913][trainer.py][INFO]  Epoch:23(601/1034) loss:0.054 
[2020-08-19 00:08:38,053][trainer.py][INFO]  Epoch:23(701/1034) loss:0.187 
[2020-08-19 00:09:52,012][trainer.py][INFO]  Epoch:23(801/1034) loss:0.067 
[2020-08-19 00:11:05,472][trainer.py][INFO]  Epoch:23(901/1034) loss:0.090 
[2020-08-19 00:12:20,185][trainer.py][INFO]  Epoch:23(1001/1034) loss:0.109 
[2020-08-19 00:12:43,775][trainer.py][INFO]  Epoch:23(1035/1034) loss:0.051 
[2020-08-19 00:15:44,800][trainer.py][INFO] 各类单独F1:{'畅通': 0.9116325511732402, '缓行': 0.2051282051282051, '拥堵': 0.6123128119800333}  各类F加权:0.590739838448309
[2020-08-19 00:15:44,800][trainer.py][INFO] val_size: 1380  valLoss: 0.8311 valAcc: 0.8065
[2020-08-19 00:18:49,556][trainer.py][INFO] efficient-b5-w 第23 epoch 预测结果:{'畅通': 446, '缓行': 14, '拥堵': 140}
[2020-08-19 00:18:49,556][trainer.py][INFO] 69.json 预测结果:{'畅通': 454, '缓行': 15, '拥堵': 131}
[2020-08-19 00:18:49,557][trainer.py][INFO] efficient-b5-w 和 69.json 的 f1:[0.95555556 0.4137931  0.87084871] 加权f1:0.7963789568930172 
[2020-08-19 00:18:49,557][trainer.py][INFO] efficient-b5-w 和 69.json 的 Acc:0.9233333333333333 Precision:[0.96412556 0.42857143 0.84285714] Recall:[0.94713656 0.4        0.90076336]
[2020-08-19 00:18:49,562][trainer.py][INFO] Epoch:[23/29]	 Loss=0.19037	 Acc=0.927 epoch_Time:12.642287067572276 min:
[2020-08-19 00:18:50,205][trainer.py][INFO] ----------
[2020-08-19 00:18:50,205][trainer.py][INFO] Epoch 24/29
[2020-08-19 00:18:50,205][trainer.py][INFO] learning rate:0.000382679964171259
[2020-08-19 00:18:50,205][trainer.py][INFO] ----------
[2020-08-19 00:18:52,753][trainer.py][INFO]  Epoch:24(1/1034) loss:0.159 
[2020-08-19 00:20:04,236][trainer.py][INFO]  Epoch:24(101/1034) loss:0.411 
[2020-08-19 00:21:17,437][trainer.py][INFO]  Epoch:24(201/1034) loss:0.121 
[2020-08-19 00:22:32,180][trainer.py][INFO]  Epoch:24(301/1034) loss:0.139 
[2020-08-19 00:23:43,173][trainer.py][INFO]  Epoch:24(401/1034) loss:0.021 
[2020-08-19 00:24:54,334][trainer.py][INFO]  Epoch:24(501/1034) loss:0.190 
[2020-08-19 00:26:05,913][trainer.py][INFO]  Epoch:24(601/1034) loss:0.046 
[2020-08-19 00:27:17,981][trainer.py][INFO]  Epoch:24(701/1034) loss:0.010 
[2020-08-19 00:28:29,714][trainer.py][INFO]  Epoch:24(801/1034) loss:0.153 
[2020-08-19 00:29:41,410][trainer.py][INFO]  Epoch:24(901/1034) loss:0.028 
[2020-08-19 00:30:52,948][trainer.py][INFO]  Epoch:24(1001/1034) loss:0.001 
[2020-08-19 00:31:16,909][trainer.py][INFO]  Epoch:24(1035/1034) loss:0.175 
[2020-08-19 00:34:19,792][trainer.py][INFO] 各类单独F1:{'畅通': 0.912280701754386, '缓行': 0.22598870056497172, '拥堵': 0.5986394557823129}  各类F加权:0.5868375539332593
[2020-08-19 00:34:19,792][trainer.py][INFO] val_size: 1380  valLoss: 0.8465 valAcc: 0.8014
[2020-08-19 00:37:07,900][trainer.py][INFO] efficient-b5-w 第24 epoch 预测结果:{'畅通': 449, '缓行': 14, '拥堵': 137}
[2020-08-19 00:37:07,901][trainer.py][INFO] 69.json 预测结果:{'畅通': 454, '缓行': 15, '拥堵': 131}
[2020-08-19 00:37:07,901][trainer.py][INFO] efficient-b5-w 和 69.json 的 f1:[0.95902547 0.4137931  0.88059701] 加权f1:0.8029219237755545 
[2020-08-19 00:37:07,901][trainer.py][INFO] efficient-b5-w 和 69.json 的 Acc:0.9283333333333333 Precision:[0.96436526 0.42857143 0.86131387] Recall:[0.95374449 0.4        0.90076336]
[2020-08-19 00:37:07,905][trainer.py][INFO] Epoch:[24/29]	 Loss=0.15109	 Acc=0.944 epoch_Time:12.445567524433136 min:
[2020-08-19 00:37:09,195][trainer.py][INFO] ----------
[2020-08-19 00:37:09,195][trainer.py][INFO] Epoch 25/29
[2020-08-19 00:37:09,195][trainer.py][INFO] learning rate:3.685352414350973e-10
[2020-08-19 00:37:09,195][trainer.py][INFO] ----------
[2020-08-19 00:37:11,480][trainer.py][INFO]  Epoch:25(1/1034) loss:0.171 
[2020-08-19 00:38:22,333][trainer.py][INFO]  Epoch:25(101/1034) loss:0.022 
[2020-08-19 00:39:33,525][trainer.py][INFO]  Epoch:25(201/1034) loss:0.008 
[2020-08-19 00:40:44,505][trainer.py][INFO]  Epoch:25(301/1034) loss:0.013 
[2020-08-19 00:41:59,445][trainer.py][INFO]  Epoch:25(401/1034) loss:0.211 
[2020-08-19 00:43:12,110][trainer.py][INFO]  Epoch:25(501/1034) loss:0.219 
[2020-08-19 00:44:23,380][trainer.py][INFO]  Epoch:25(601/1034) loss:0.350 
[2020-08-19 00:45:36,474][trainer.py][INFO]  Epoch:25(701/1034) loss:0.022 
[2020-08-19 00:46:49,592][trainer.py][INFO]  Epoch:25(801/1034) loss:0.015 
[2020-08-19 00:48:01,075][trainer.py][INFO]  Epoch:25(901/1034) loss:0.134 
[2020-08-19 00:49:13,435][trainer.py][INFO]  Epoch:25(1001/1034) loss:0.024 
[2020-08-19 00:49:37,129][trainer.py][INFO]  Epoch:25(1035/1034) loss:0.012 
[2020-08-19 00:52:43,893][trainer.py][INFO] 各类单独F1:{'畅通': 0.912280701754386, '缓行': 0.22598870056497172, '拥堵': 0.5986394557823129}  各类F加权:0.5868375539332593
[2020-08-19 00:52:43,901][trainer.py][INFO] val_size: 1380  valLoss: 0.8465 valAcc: 0.8014
[2020-08-19 00:55:32,811][trainer.py][INFO] efficient-b5-w 第25 epoch 预测结果:{'畅通': 449, '缓行': 14, '拥堵': 137}
[2020-08-19 00:55:32,811][trainer.py][INFO] 69.json 预测结果:{'畅通': 454, '缓行': 15, '拥堵': 131}
[2020-08-19 00:55:32,811][trainer.py][INFO] efficient-b5-w 和 69.json 的 f1:[0.95902547 0.4137931  0.88059701] 加权f1:0.8029219237755545 
[2020-08-19 00:55:32,812][trainer.py][INFO] efficient-b5-w 和 69.json 的 Acc:0.9283333333333333 Precision:[0.96436526 0.42857143 0.86131387] Recall:[0.95374449 0.4        0.90076336]
[2020-08-19 00:55:32,816][trainer.py][INFO] Epoch:[25/29]	 Loss=0.14292	 Acc=0.946 epoch_Time:12.466326065858205 min:
[2020-08-19 00:55:33,743][trainer.py][INFO] ----------
[2020-08-19 00:55:33,744][trainer.py][INFO] Epoch 26/29
[2020-08-19 00:55:33,744][trainer.py][INFO] learning rate:0.0036187473453685027
[2020-08-19 00:55:33,744][trainer.py][INFO] ----------
[2020-08-19 00:55:35,705][trainer.py][INFO]  Epoch:26(1/1034) loss:0.251 
[2020-08-19 00:56:46,457][trainer.py][INFO]  Epoch:26(101/1034) loss:0.505 
[2020-08-19 00:57:57,421][trainer.py][INFO]  Epoch:26(201/1034) loss:0.170 
[2020-08-19 00:59:09,224][trainer.py][INFO]  Epoch:26(301/1034) loss:0.022 
[2020-08-19 01:00:24,118][trainer.py][INFO]  Epoch:26(401/1034) loss:0.701 
[2020-08-19 01:01:35,250][trainer.py][INFO]  Epoch:26(501/1034) loss:0.216 
[2020-08-19 01:02:45,927][trainer.py][INFO]  Epoch:26(601/1034) loss:0.719 
[2020-08-19 01:03:57,253][trainer.py][INFO]  Epoch:26(701/1034) loss:0.149 
[2020-08-19 01:05:08,120][trainer.py][INFO]  Epoch:26(801/1034) loss:0.101 
[2020-08-19 01:06:19,052][trainer.py][INFO]  Epoch:26(901/1034) loss:0.905 
[2020-08-19 01:07:31,738][trainer.py][INFO]  Epoch:26(1001/1034) loss:0.057 
[2020-08-19 01:07:55,749][trainer.py][INFO]  Epoch:26(1035/1034) loss:1.937 
[2020-08-19 01:10:59,065][trainer.py][INFO] 各类单独F1:{'畅通': 0.9199798691494715, '缓行': 0.21476510067114093, '拥堵': 0.6858974358974359}  各类F加权:0.638487455502584
[2020-08-19 01:10:59,065][trainer.py][INFO] val_size: 1380  valLoss: 0.7323 valAcc: 0.8290
[2020-08-19 01:13:51,244][trainer.py][INFO] efficient-b5-w 第26 epoch 预测结果:{'畅通': 445, '缓行': 14, '拥堵': 141}
[2020-08-19 01:13:51,244][trainer.py][INFO] 69.json 预测结果:{'畅通': 454, '缓行': 15, '拥堵': 131}
[2020-08-19 01:13:51,245][trainer.py][INFO] efficient-b5-w 和 69.json 的 f1:[0.95884316 0.4137931  0.875     ] 加权f1:0.799527252502781 
[2020-08-19 01:13:51,245][trainer.py][INFO] efficient-b5-w 和 69.json 的 Acc:0.9266666666666666 Precision:[0.96853933 0.42857143 0.84397163] Recall:[0.94933921 0.4        0.90839695]
[2020-08-19 01:13:51,249][trainer.py][INFO] Epoch:[26/29]	 Loss=0.28701	 Acc=0.891 epoch_Time:12.367339968681335 min:
[2020-08-19 01:13:51,695][trainer.py][INFO] ----------
[2020-08-19 01:13:51,695][trainer.py][INFO] Epoch 27/29
[2020-08-19 01:13:51,695][trainer.py][INFO] learning rate:0.002619188592540143
[2020-08-19 01:13:51,695][trainer.py][INFO] ----------
[2020-08-19 01:13:54,057][trainer.py][INFO]  Epoch:27(1/1034) loss:0.441 
[2020-08-19 01:15:06,532][trainer.py][INFO]  Epoch:27(101/1034) loss:0.059 
[2020-08-19 01:16:18,976][trainer.py][INFO]  Epoch:27(201/1034) loss:0.011 
[2020-08-19 01:17:30,057][trainer.py][INFO]  Epoch:27(301/1034) loss:0.151 
[2020-08-19 01:18:42,533][trainer.py][INFO]  Epoch:27(401/1034) loss:0.251 
[2020-08-19 01:19:53,854][trainer.py][INFO]  Epoch:27(501/1034) loss:0.339 
[2020-08-19 01:21:05,311][trainer.py][INFO]  Epoch:27(601/1034) loss:0.323 
[2020-08-19 01:22:17,083][trainer.py][INFO]  Epoch:27(701/1034) loss:0.315 
[2020-08-19 01:23:29,159][trainer.py][INFO]  Epoch:27(801/1034) loss:0.124 
[2020-08-19 01:24:41,603][trainer.py][INFO]  Epoch:27(901/1034) loss:0.161 
[2020-08-19 01:25:52,834][trainer.py][INFO]  Epoch:27(1001/1034) loss:0.187 
[2020-08-19 01:26:16,820][trainer.py][INFO]  Epoch:27(1035/1034) loss:0.127 
[2020-08-19 01:29:21,045][trainer.py][INFO] 各类单独F1:{'畅通': 0.8969823100936524, '缓行': 0.2619047619047619, '拥堵': 0.6358208955223881}  各类F加权:0.6132699517131157
[2020-08-19 01:29:21,046][trainer.py][INFO] val_size: 1380  valLoss: 0.7169 valAcc: 0.7949
[2020-08-19 01:32:08,090][trainer.py][INFO] efficient-b5-w 第27 epoch 预测结果:{'畅通': 433, '缓行': 13, '拥堵': 154}
[2020-08-19 01:32:08,090][trainer.py][INFO] 69.json 预测结果:{'畅通': 454, '缓行': 15, '拥堵': 131}
[2020-08-19 01:32:08,090][trainer.py][INFO] efficient-b5-w 和 69.json 的 f1:[0.9470124  0.42857143 0.84912281] 加权f1:0.784590450195387 
[2020-08-19 01:32:08,091][trainer.py][INFO] efficient-b5-w 和 69.json 的 Acc:0.9116666666666666 Precision:[0.96997691 0.46153846 0.78571429] Recall:[0.92511013 0.4        0.92366412]
[2020-08-19 01:32:08,094][trainer.py][INFO] Epoch:[27/29]	 Loss=0.24750	 Acc=0.906 epoch_Time:12.419279265403748 min:
[2020-08-19 01:32:09,136][trainer.py][INFO] ----------
[2020-08-19 01:32:09,136][trainer.py][INFO] Epoch 28/29
[2020-08-19 01:32:09,136][trainer.py][INFO] learning rate:0.0013831208428076588
[2020-08-19 01:32:09,136][trainer.py][INFO] ----------
[2020-08-19 01:32:11,424][trainer.py][INFO]  Epoch:28(1/1034) loss:0.345 
[2020-08-19 01:33:23,690][trainer.py][INFO]  Epoch:28(101/1034) loss:0.051 
[2020-08-19 01:34:35,712][trainer.py][INFO]  Epoch:28(201/1034) loss:0.247 
[2020-08-19 01:35:48,561][trainer.py][INFO]  Epoch:28(301/1034) loss:0.090 
[2020-08-19 01:37:00,430][trainer.py][INFO]  Epoch:28(401/1034) loss:0.188 
[2020-08-19 01:38:12,841][trainer.py][INFO]  Epoch:28(501/1034) loss:0.219 
[2020-08-19 01:39:24,222][trainer.py][INFO]  Epoch:28(601/1034) loss:0.314 
[2020-08-19 01:40:35,925][trainer.py][INFO]  Epoch:28(701/1034) loss:0.112 
[2020-08-19 01:41:47,635][trainer.py][INFO]  Epoch:28(801/1034) loss:0.318 
[2020-08-19 01:42:59,586][trainer.py][INFO]  Epoch:28(901/1034) loss:0.161 
[2020-08-19 01:44:11,924][trainer.py][INFO]  Epoch:28(1001/1034) loss:0.036 
[2020-08-19 01:44:36,208][trainer.py][INFO]  Epoch:28(1035/1034) loss:0.060 
[2020-08-19 01:47:41,164][trainer.py][INFO] 各类单独F1:{'畅通': 0.9067307692307691, '缓行': 0.18300653594771243, '拥堵': 0.6148007590132828}  各类F加权:0.5868279164436659
[2020-08-19 01:47:41,165][trainer.py][INFO] val_size: 1380  valLoss: 0.7752 valAcc: 0.8109
[2020-08-19 01:50:22,600][trainer.py][INFO] efficient-b5-w 第28 epoch 预测结果:{'畅通': 454, '缓行': 13, '拥堵': 133}
[2020-08-19 01:50:22,601][trainer.py][INFO] 69.json 预测结果:{'畅通': 454, '缓行': 15, '拥堵': 131}
[2020-08-19 01:50:22,602][trainer.py][INFO] efficient-b5-w 和 69.json 的 f1:[0.95594714 0.42857143 0.86363636] 加权f1:0.7950855312088791 
[2020-08-19 01:50:22,602][trainer.py][INFO] efficient-b5-w 和 69.json 的 Acc:0.9233333333333333 Precision:[0.95594714 0.46153846 0.85714286] Recall:[0.95594714 0.4        0.87022901]
[2020-08-19 01:50:22,609][trainer.py][INFO] Epoch:[28/29]	 Loss=0.18940	 Acc=0.930 epoch_Time:12.451627175013224 min:
[2020-08-19 01:50:23,923][trainer.py][INFO] ----------
[2020-08-19 01:50:23,923][trainer.py][INFO] Epoch 29/29
[2020-08-19 01:50:23,923][trainer.py][INFO] learning rate:0.000382679964171259
[2020-08-19 01:50:23,923][trainer.py][INFO] ----------
[2020-08-19 01:50:26,568][trainer.py][INFO]  Epoch:29(1/1034) loss:0.033 
[2020-08-19 01:51:41,634][trainer.py][INFO]  Epoch:29(101/1034) loss:0.106 
[2020-08-19 01:52:54,104][trainer.py][INFO]  Epoch:29(201/1034) loss:0.362 
[2020-08-19 01:54:06,895][trainer.py][INFO]  Epoch:29(301/1034) loss:0.205 
[2020-08-19 01:55:18,774][trainer.py][INFO]  Epoch:29(401/1034) loss:0.464 
[2020-08-19 01:56:32,106][trainer.py][INFO]  Epoch:29(501/1034) loss:0.019 
[2020-08-19 01:57:42,912][trainer.py][INFO]  Epoch:29(601/1034) loss:0.698 
[2020-08-19 01:58:55,545][trainer.py][INFO]  Epoch:29(701/1034) loss:0.147 
[2020-08-19 02:00:07,731][trainer.py][INFO]  Epoch:29(801/1034) loss:0.910 
[2020-08-19 02:01:19,094][trainer.py][INFO]  Epoch:29(901/1034) loss:0.091 
[2020-08-19 02:02:31,233][trainer.py][INFO]  Epoch:29(1001/1034) loss:0.063 
[2020-08-19 02:02:55,798][trainer.py][INFO]  Epoch:29(1035/1034) loss:0.010 
[2020-08-19 02:05:58,329][trainer.py][INFO] 各类单独F1:{'畅通': 0.9148629148629149, '缓行': 0.23448275862068965, '拥堵': 0.6119402985074628}  各类F加权:0.5970333138011986
[2020-08-19 02:05:58,329][trainer.py][INFO] val_size: 1380  valLoss: 0.8955 valAcc: 0.8203
[2020-08-19 02:08:38,251][trainer.py][INFO] efficient-b5-w 第29 epoch 预测结果:{'畅通': 449, '缓行': 14, '拥堵': 137}
[2020-08-19 02:08:38,251][trainer.py][INFO] 69.json 预测结果:{'畅通': 454, '缓行': 15, '拥堵': 131}
[2020-08-19 02:08:38,252][trainer.py][INFO] efficient-b5-w 和 69.json 的 f1:[0.95902547 0.4137931  0.88059701] 加权f1:0.8029219237755545 
[2020-08-19 02:08:38,252][trainer.py][INFO] efficient-b5-w 和 69.json 的 Acc:0.9283333333333333 Precision:[0.96436526 0.42857143 0.86131387] Recall:[0.95374449 0.4        0.90076336]
[2020-08-19 02:08:38,256][trainer.py][INFO] Epoch:[29/29]	 Loss=0.15930	 Acc=0.940 epoch_Time:12.531691046555837 min:
[2020-08-19 02:08:39,051][trainer.py][INFO] Best Accuracy: 0.651
[2020-08-19 02:08:39,925][trainer.py][INFO] Training complete in 554m 54s
