[2020-09-14 12:03:13,318][trainer.py][INFO] Using: efficient-b5-final-solo
[2020-09-14 12:03:13,319][trainer.py][INFO] Using the GPU: (6, 7, 8, 9)
[2020-09-14 12:03:13,319][trainer.py][INFO] start training...
[2020-09-14 12:03:13,343][trainer.py][INFO] ----------
[2020-09-14 12:03:13,343][trainer.py][INFO] Epoch 0/29
[2020-09-14 12:03:13,343][trainer.py][INFO] learning rate:0.002
[2020-09-14 12:03:13,344][trainer.py][INFO] ----------
[2020-09-14 12:03:31,183][trainer.py][INFO]  Epoch:0(1/428) loss:1.432 
[2020-09-14 12:04:30,919][trainer.py][INFO]  Epoch:0(101/428) loss:0.762 
[2020-09-14 12:05:28,839][trainer.py][INFO]  Epoch:0(201/428) loss:0.725 
[2020-09-14 12:06:24,867][trainer.py][INFO]  Epoch:0(301/428) loss:0.876 
[2020-09-14 12:07:18,497][trainer.py][INFO]  Epoch:0(401/428) loss:0.381 
[2020-09-14 12:07:32,794][trainer.py][INFO]  Epoch:0(429/428) loss:0.718 
[2020-09-14 12:08:24,336][trainer.py][INFO] 各类单独F1:{'畅通': 0.22176591375770016, '缓行': 0.126984126984127, '拥堵': 0.13138686131386862, '封闭': 0.45733788395904434}  各类F加权:0.26992462875037376
[2020-09-14 12:08:24,337][trainer.py][INFO] val_size: 857  valLoss: 1.4552 valAcc: 0.2672
[2020-09-14 12:08:24,340][trainer.py][INFO] Epoch:[0/29] Loss=0.81697  Acc=0.522 Epoch_Time:4.324481471379598 min: ETA: 2.162240735689799 hours
[2020-09-14 12:08:24,650][trainer.py][INFO] ----------
[2020-09-14 12:08:24,650][trainer.py][INFO] Epoch 1/29
[2020-09-14 12:08:24,653][trainer.py][INFO] learning rate:0.0018098770036711772
[2020-09-14 12:08:24,653][trainer.py][INFO] ----------
[2020-09-14 12:08:26,919][trainer.py][INFO]  Epoch:1(1/428) loss:1.037 
[2020-09-14 12:09:16,305][trainer.py][INFO]  Epoch:1(101/428) loss:1.023 
[2020-09-14 12:10:05,536][trainer.py][INFO]  Epoch:1(201/428) loss:1.046 
[2020-09-14 12:10:54,816][trainer.py][INFO]  Epoch:1(301/428) loss:0.723 
[2020-09-14 12:11:43,493][trainer.py][INFO]  Epoch:1(401/428) loss:0.215 
[2020-09-14 12:11:57,009][trainer.py][INFO]  Epoch:1(429/428) loss:0.216 
[2020-09-14 12:12:54,164][trainer.py][INFO] 各类单独F1:{'畅通': 0.8181818181818181, '缓行': 0.0, '拥堵': 0.49765258215962443, '封闭': 0.9484304932735426}  各类F加权:0.6104861537754862
[2020-09-14 12:12:54,164][trainer.py][INFO] val_size: 857  valLoss: 0.4859 valAcc: 0.8285
[2020-09-14 12:12:54,167][trainer.py][INFO] Epoch:[1/29] Loss=0.58506  Acc=0.674 Epoch_Time:3.5397573471069337 min: ETA: 1.7108827177683512 hours
[2020-09-14 12:12:54,376][trainer.py][INFO] ----------
[2020-09-14 12:12:54,386][trainer.py][INFO] Epoch 2/29
[2020-09-14 12:12:54,386][trainer.py][INFO] learning rate:0.0013104095911907927
[2020-09-14 12:12:54,386][trainer.py][INFO] ----------
[2020-09-14 12:12:56,793][trainer.py][INFO]  Epoch:2(1/428) loss:0.424 
[2020-09-14 12:13:49,824][trainer.py][INFO]  Epoch:2(101/428) loss:0.402 
[2020-09-14 12:14:40,082][trainer.py][INFO]  Epoch:2(201/428) loss:0.495 
[2020-09-14 12:15:30,547][trainer.py][INFO]  Epoch:2(301/428) loss:0.565 
[2020-09-14 12:16:26,360][trainer.py][INFO]  Epoch:2(401/428) loss:0.470 
[2020-09-14 12:16:41,761][trainer.py][INFO]  Epoch:2(429/428) loss:0.666 
[2020-09-14 12:17:42,022][trainer.py][INFO] 各类单独F1:{'畅通': 0.8601823708206686, '缓行': 0.0, '拥堵': 0.6174496644295301, '封闭': 0.9448275862068964}  各类F加权:0.6491841708936845
[2020-09-14 12:17:42,023][trainer.py][INFO] val_size: 857  valLoss: 0.3736 valAcc: 0.8635
[2020-09-14 12:17:42,025][trainer.py][INFO] Epoch:[2/29] Loss=0.42974  Acc=0.772 Epoch_Time:3.790070144335429 min: ETA: 1.7686994006898669 hours
[2020-09-14 12:17:42,210][trainer.py][INFO] ----------
[2020-09-14 12:17:42,210][trainer.py][INFO] Epoch 3/29
[2020-09-14 12:17:42,210][trainer.py][INFO] learning rate:0.0006923762653094854
[2020-09-14 12:17:42,210][trainer.py][INFO] ----------
[2020-09-14 12:17:44,583][trainer.py][INFO]  Epoch:3(1/428) loss:0.171 
[2020-09-14 12:18:41,084][trainer.py][INFO]  Epoch:3(101/428) loss:0.393 
[2020-09-14 12:19:38,049][trainer.py][INFO]  Epoch:3(201/428) loss:0.247 
[2020-09-14 12:20:34,420][trainer.py][INFO]  Epoch:3(301/428) loss:0.222 
[2020-09-14 12:21:32,108][trainer.py][INFO]  Epoch:3(401/428) loss:0.076 
[2020-09-14 12:21:47,385][trainer.py][INFO]  Epoch:3(429/428) loss:0.739 
[2020-09-14 12:22:49,666][trainer.py][INFO] 各类单独F1:{'畅通': 0.8164464023494862, '缓行': 0.0, '拥堵': 0.56353591160221, '封闭': 0.8957055214723927}  各类F加权:0.6089876223045687
[2020-09-14 12:22:49,666][trainer.py][INFO] val_size: 857  valLoss: 0.4750 valAcc: 0.8098
[2020-09-14 12:22:49,669][trainer.py][INFO] Epoch:[3/29] Loss=0.37328  Acc=0.800 Epoch_Time:4.086413280169169 min: ETA: 1.838885976076126 hours
[2020-09-14 12:22:49,889][trainer.py][INFO] ----------
[2020-09-14 12:22:49,889][trainer.py][INFO] Epoch 4/29
[2020-09-14 12:22:49,890][trainer.py][INFO] learning rate:0.00019184475033377446
[2020-09-14 12:22:49,890][trainer.py][INFO] ----------
[2020-09-14 12:22:51,920][trainer.py][INFO]  Epoch:4(1/428) loss:0.112 
[2020-09-14 12:23:50,248][trainer.py][INFO]  Epoch:4(101/428) loss:0.102 
[2020-09-14 12:24:47,167][trainer.py][INFO]  Epoch:4(201/428) loss:0.272 
[2020-09-14 12:25:43,971][trainer.py][INFO]  Epoch:4(301/428) loss:0.307 
[2020-09-14 12:26:41,637][trainer.py][INFO]  Epoch:4(401/428) loss:0.761 
[2020-09-14 12:26:56,840][trainer.py][INFO]  Epoch:4(429/428) loss:0.313 
[2020-09-14 12:27:58,883][trainer.py][INFO] 各类单独F1:{'畅通': 0.8382352941176471, '缓行': 0.0, '拥堵': 0.5975609756097561, '封闭': 0.9195678271308523}  各类F加权:0.6309189529470325
[2020-09-14 12:27:58,883][trainer.py][INFO] val_size: 857  valLoss: 0.4301 valAcc: 0.8366
[2020-09-14 12:27:58,886][trainer.py][INFO] Epoch:[4/29] Loss=0.32865  Acc=0.826 Epoch_Time:4.116228528817495 min: ETA: 1.7836990291542476 hours
[2020-09-14 12:27:59,087][trainer.py][INFO] ----------
[2020-09-14 12:27:59,088][trainer.py][INFO] Epoch 5/29
[2020-09-14 12:27:59,088][trainer.py][INFO] learning rate:1.0725439045788931e-09
[2020-09-14 12:27:59,088][trainer.py][INFO] ----------
[2020-09-14 12:28:01,889][trainer.py][INFO]  Epoch:5(1/428) loss:0.555 
[2020-09-14 12:28:56,388][trainer.py][INFO]  Epoch:5(101/428) loss:0.490 
[2020-09-14 12:29:49,691][trainer.py][INFO]  Epoch:5(201/428) loss:0.134 
[2020-09-14 12:30:43,497][trainer.py][INFO]  Epoch:5(301/428) loss:0.218 
[2020-09-14 12:31:37,225][trainer.py][INFO]  Epoch:5(401/428) loss:0.143 
[2020-09-14 12:31:51,513][trainer.py][INFO]  Epoch:5(429/428) loss:0.781 
[2020-09-14 12:32:53,404][trainer.py][INFO] 各类单独F1:{'畅通': 0.8382352941176471, '缓行': 0.0, '拥堵': 0.5975609756097561, '封闭': 0.9195678271308523}  各类F加权:0.6309189529470325
[2020-09-14 12:32:53,404][trainer.py][INFO] val_size: 857  valLoss: 0.4301 valAcc: 0.8366
[2020-09-14 12:32:53,407][trainer.py][INFO] Epoch:[5/29] Loss=0.33443  Acc=0.822 Epoch_Time:3.8740664958953857 min: ETA: 1.6141943732897441 hours
[2020-09-14 12:32:53,618][trainer.py][INFO] ----------
[2020-09-14 12:32:53,619][trainer.py][INFO] Epoch 6/29
[2020-09-14 12:32:53,619][trainer.py][INFO] learning rate:0.0018098770036711774
[2020-09-14 12:32:53,619][trainer.py][INFO] ----------
[2020-09-14 12:32:55,577][trainer.py][INFO]  Epoch:6(1/428) loss:0.199 
[2020-09-14 12:33:50,646][trainer.py][INFO]  Epoch:6(101/428) loss:0.265 
[2020-09-14 12:34:44,005][trainer.py][INFO]  Epoch:6(201/428) loss:0.147 
[2020-09-14 12:35:38,345][trainer.py][INFO]  Epoch:6(301/428) loss:0.718 
[2020-09-14 12:36:32,814][trainer.py][INFO]  Epoch:6(401/428) loss:0.358 
[2020-09-14 12:36:47,961][trainer.py][INFO]  Epoch:6(429/428) loss:0.344 
[2020-09-14 12:37:49,618][trainer.py][INFO] 各类单独F1:{'畅通': 0.8372093023255814, '缓行': 0.0, '拥堵': 0.5090909090909091, '封闭': 0.9}  各类F加权:0.5964482029598309
[2020-09-14 12:37:49,619][trainer.py][INFO] val_size: 857  valLoss: 0.4709 valAcc: 0.8156
[2020-09-14 12:37:49,621][trainer.py][INFO] Epoch:[6/29] Loss=0.38890  Acc=0.797 Epoch_Time:3.9060282945632934 min: ETA: 1.5624113178253174 hours
[2020-09-14 12:37:49,830][trainer.py][INFO] ----------
[2020-09-14 12:37:49,830][trainer.py][INFO] Epoch 7/29
[2020-09-14 12:37:49,830][trainer.py][INFO] learning rate:0.0013104095911907927
[2020-09-14 12:37:49,831][trainer.py][INFO] ----------
[2020-09-14 12:37:51,792][trainer.py][INFO]  Epoch:7(1/428) loss:0.396 
[2020-09-14 12:38:45,880][trainer.py][INFO]  Epoch:7(101/428) loss:0.765 
[2020-09-14 12:39:39,687][trainer.py][INFO]  Epoch:7(201/428) loss:0.231 
[2020-09-14 12:40:32,822][trainer.py][INFO]  Epoch:7(301/428) loss:0.381 
[2020-09-14 12:41:26,700][trainer.py][INFO]  Epoch:7(401/428) loss:0.198 
[2020-09-14 12:41:41,414][trainer.py][INFO]  Epoch:7(429/428) loss:0.141 
[2020-09-14 12:42:43,481][trainer.py][INFO] 各类单独F1:{'畅通': 0.8436018957345971, '缓行': 0.0, '拥堵': 0.56, '封闭': 0.9289099526066351}  各类F加权:0.6239241706161138
[2020-09-14 12:42:43,482][trainer.py][INFO] val_size: 857  valLoss: 0.4294 valAcc: 0.8343
[2020-09-14 12:42:43,484][trainer.py][INFO] Epoch:[7/29] Loss=0.33923  Acc=0.819 Epoch_Time:3.8600351214408875 min: ETA: 1.4796801298856734 hours
[2020-09-14 12:42:43,689][trainer.py][INFO] ----------
[2020-09-14 12:42:43,690][trainer.py][INFO] Epoch 8/29
[2020-09-14 12:42:43,690][trainer.py][INFO] learning rate:0.0006923762653094856
[2020-09-14 12:42:43,690][trainer.py][INFO] ----------
[2020-09-14 12:42:46,033][trainer.py][INFO]  Epoch:8(1/428) loss:1.061 
[2020-09-14 12:43:40,460][trainer.py][INFO]  Epoch:8(101/428) loss:0.329 
[2020-09-14 12:44:35,871][trainer.py][INFO]  Epoch:8(201/428) loss:0.396 
[2020-09-14 12:45:30,983][trainer.py][INFO]  Epoch:8(301/428) loss:0.228 
[2020-09-14 12:46:25,135][trainer.py][INFO]  Epoch:8(401/428) loss:0.452 
[2020-09-14 12:46:39,694][trainer.py][INFO]  Epoch:8(429/428) loss:0.233 
[2020-09-14 12:47:42,661][trainer.py][INFO] 各类单独F1:{'畅通': 0.8320000000000001, '缓行': 0.0, '拥堵': 0.548076923076923, '封闭': 0.924170616113744}  各类F加权:0.6172913233685745
[2020-09-14 12:47:42,662][trainer.py][INFO] val_size: 857  valLoss: 0.4427 valAcc: 0.8250
[2020-09-14 12:47:42,666][trainer.py][INFO] Epoch:[8/29] Loss=0.29900  Acc=0.839 Epoch_Time:3.9337682485580445 min: ETA: 1.4423816911379497 hours
[2020-09-14 12:47:42,936][trainer.py][INFO] ----------
[2020-09-14 12:47:42,936][trainer.py][INFO] Epoch 9/29
[2020-09-14 12:47:42,936][trainer.py][INFO] learning rate:0.00019184475033377467
[2020-09-14 12:47:42,936][trainer.py][INFO] ----------
[2020-09-14 12:47:45,076][trainer.py][INFO]  Epoch:9(1/428) loss:0.243 
[2020-09-14 12:48:39,241][trainer.py][INFO]  Epoch:9(101/428) loss:0.098 
[2020-09-14 12:49:33,878][trainer.py][INFO]  Epoch:9(201/428) loss:0.395 
[2020-09-14 12:50:36,702][trainer.py][INFO]  Epoch:9(301/428) loss:0.512 
[2020-09-14 12:51:33,241][trainer.py][INFO]  Epoch:9(401/428) loss:0.157 
[2020-09-14 12:51:47,279][trainer.py][INFO]  Epoch:9(429/428) loss:0.061 
[2020-09-14 12:52:49,634][trainer.py][INFO] 各类单独F1:{'畅通': 0.8454545454545455, '缓行': 0.0, '拥堵': 0.6136363636363636, '封闭': 0.9261904761904762}  各类F加权:0.6391125541125542
[2020-09-14 12:52:49,655][trainer.py][INFO] val_size: 857  valLoss: 0.4036 valAcc: 0.8425
[2020-09-14 12:52:49,666][trainer.py][INFO] Epoch:[9/29] Loss=0.27940  Acc=0.850 Epoch_Time:4.072540930906931 min: ETA: 1.425389325817426 hours
[2020-09-14 12:52:49,928][trainer.py][INFO] ----------
[2020-09-14 12:52:49,929][trainer.py][INFO] Epoch 10/29
[2020-09-14 12:52:49,929][trainer.py][INFO] learning rate:1.0725439045788931e-09
[2020-09-14 12:52:49,929][trainer.py][INFO] ----------
[2020-09-14 12:52:52,086][trainer.py][INFO]  Epoch:10(1/428) loss:0.360 
[2020-09-14 12:53:46,356][trainer.py][INFO]  Epoch:10(101/428) loss:0.092 
[2020-09-14 12:54:40,532][trainer.py][INFO]  Epoch:10(201/428) loss:0.053 
[2020-09-14 12:55:34,552][trainer.py][INFO]  Epoch:10(301/428) loss:0.093 
[2020-09-14 12:56:28,243][trainer.py][INFO]  Epoch:10(401/428) loss:0.383 
[2020-09-14 12:56:43,029][trainer.py][INFO]  Epoch:10(429/428) loss:0.341 
[2020-09-14 12:57:44,923][trainer.py][INFO] 各类单独F1:{'畅通': 0.8454545454545455, '缓行': 0.0, '拥堵': 0.6136363636363636, '封闭': 0.9261904761904762}  各类F加权:0.6391125541125542
[2020-09-14 12:57:44,924][trainer.py][INFO] val_size: 857  valLoss: 0.4036 valAcc: 0.8425
[2020-09-14 12:57:44,926][trainer.py][INFO] Epoch:[10/29] Loss=0.26419  Acc=0.848 Epoch_Time:3.885196061929067 min: ETA: 1.2950653539763557 hours
[2020-09-14 12:57:45,109][trainer.py][INFO] ----------
[2020-09-14 12:57:45,109][trainer.py][INFO] Epoch 11/29
[2020-09-14 12:57:45,109][trainer.py][INFO] learning rate:0.0018098770036711774
[2020-09-14 12:57:45,109][trainer.py][INFO] ----------
[2020-09-14 12:57:48,195][trainer.py][INFO]  Epoch:11(1/428) loss:0.337 
[2020-09-14 12:58:42,981][trainer.py][INFO]  Epoch:11(101/428) loss:0.579 
[2020-09-14 12:59:37,258][trainer.py][INFO]  Epoch:11(201/428) loss:0.672 
[2020-09-14 13:00:31,337][trainer.py][INFO]  Epoch:11(301/428) loss:0.087 
[2020-09-14 13:01:24,704][trainer.py][INFO]  Epoch:11(401/428) loss:0.241 
[2020-09-14 13:01:39,061][trainer.py][INFO]  Epoch:11(429/428) loss:0.504 
[2020-09-14 13:02:41,204][trainer.py][INFO] 各类单独F1:{'畅通': 0.8842443729903537, '缓行': 0.0, '拥堵': 0.6580645161290324, '封闭': 0.9711111111111111}  各类F加权:0.6742882365821896
[2020-09-14 13:02:41,204][trainer.py][INFO] val_size: 857  valLoss: 0.2967 valAcc: 0.8903
[2020-09-14 13:02:41,207][trainer.py][INFO] Epoch:[11/29] Loss=0.31320  Acc=0.832 Epoch_Time:3.899378546079 min: ETA: 1.23480320625835 hours
[2020-09-14 13:02:41,456][trainer.py][INFO] ----------
[2020-09-14 13:02:41,457][trainer.py][INFO] Epoch 12/29
[2020-09-14 13:02:41,458][trainer.py][INFO] learning rate:0.0013104095911907927
[2020-09-14 13:02:41,458][trainer.py][INFO] ----------
[2020-09-14 13:02:43,645][trainer.py][INFO]  Epoch:12(1/428) loss:0.320 
[2020-09-14 13:03:38,370][trainer.py][INFO]  Epoch:12(101/428) loss:0.148 
[2020-09-14 13:04:32,639][trainer.py][INFO]  Epoch:12(201/428) loss:0.247 
[2020-09-14 13:05:25,219][trainer.py][INFO]  Epoch:12(301/428) loss:0.356 
[2020-09-14 13:06:19,693][trainer.py][INFO]  Epoch:12(401/428) loss:0.146 
[2020-09-14 13:06:34,503][trainer.py][INFO]  Epoch:12(429/428) loss:0.512 
[2020-09-14 13:07:36,099][trainer.py][INFO] 各类单独F1:{'畅通': 0.8424778761061947, '缓行': 0.14814814814814817, '拥堵': 0.5654450261780105, '封闭': 0.9668141592920354}  各类F加权:0.6702365888104664
[2020-09-14 13:07:36,099][trainer.py][INFO] val_size: 857  valLoss: 0.3521 valAcc: 0.8553
[2020-09-14 13:07:36,102][trainer.py][INFO] Epoch:[12/29] Loss=0.30020  Acc=0.838 Epoch_Time:3.8844261288642885 min: ETA: 1.1653278386592865 hours
[2020-09-14 13:07:36,342][trainer.py][INFO] ----------
[2020-09-14 13:07:36,343][trainer.py][INFO] Epoch 13/29
[2020-09-14 13:07:36,343][trainer.py][INFO] learning rate:0.0006923762653094856
[2020-09-14 13:07:36,343][trainer.py][INFO] ----------
[2020-09-14 13:07:39,525][trainer.py][INFO]  Epoch:13(1/428) loss:0.238 
[2020-09-14 13:08:33,107][trainer.py][INFO]  Epoch:13(101/428) loss:0.045 
[2020-09-14 13:09:26,921][trainer.py][INFO]  Epoch:13(201/428) loss:0.563 
[2020-09-14 13:10:21,312][trainer.py][INFO]  Epoch:13(301/428) loss:0.162 
[2020-09-14 13:11:14,982][trainer.py][INFO]  Epoch:13(401/428) loss:0.289 
[2020-09-14 13:11:29,405][trainer.py][INFO]  Epoch:13(429/428) loss:0.090 
[2020-09-14 13:12:31,740][trainer.py][INFO] 各类单独F1:{'畅通': 0.8757763975155278, '缓行': 0.0, '拥堵': 0.641025641025641, '封闭': 0.9576174112256586}  各类F加权:0.6629322965495086
[2020-09-14 13:12:31,741][trainer.py][INFO] val_size: 857  valLoss: 0.3134 valAcc: 0.8751
[2020-09-14 13:12:31,748][trainer.py][INFO] Epoch:[13/29] Loss=0.27462  Acc=0.851 Epoch_Time:3.8846784432729087 min: ETA: 1.1006588922606575 hours
[2020-09-14 13:12:31,989][trainer.py][INFO] ----------
[2020-09-14 13:12:31,990][trainer.py][INFO] Epoch 14/29
[2020-09-14 13:12:31,991][trainer.py][INFO] learning rate:0.00019184475033377467
[2020-09-14 13:12:31,991][trainer.py][INFO] ----------
[2020-09-14 13:12:34,084][trainer.py][INFO]  Epoch:14(1/428) loss:0.207 
[2020-09-14 13:13:28,983][trainer.py][INFO]  Epoch:14(101/428) loss:0.033 
[2020-09-14 13:14:23,408][trainer.py][INFO]  Epoch:14(201/428) loss:0.041 
[2020-09-14 13:15:17,519][trainer.py][INFO]  Epoch:14(301/428) loss:0.181 
[2020-09-14 13:16:12,184][trainer.py][INFO]  Epoch:14(401/428) loss:0.008 
[2020-09-14 13:16:26,725][trainer.py][INFO]  Epoch:14(429/428) loss:0.371 
[2020-09-14 13:17:29,115][trainer.py][INFO] 各类单独F1:{'畅通': 0.8301886792452832, '缓行': 0.08888888888888889, '拥堵': 0.6134969325153374, '封闭': 0.8984088127294981}  各类F加权:0.6442092505487066
[2020-09-14 13:17:29,116][trainer.py][INFO] val_size: 857  valLoss: 0.4466 valAcc: 0.8226
[2020-09-14 13:17:29,118][trainer.py][INFO] Epoch:[14/29] Loss=0.22760  Acc=0.872 Epoch_Time:3.9125839710235595 min: ETA: 1.0433557256062826 hours
[2020-09-14 13:17:29,376][trainer.py][INFO] ----------
[2020-09-14 13:17:29,376][trainer.py][INFO] Epoch 15/29
[2020-09-14 13:17:29,376][trainer.py][INFO] learning rate:1.0725439045788931e-09
[2020-09-14 13:17:29,376][trainer.py][INFO] ----------
[2020-09-14 13:17:31,723][trainer.py][INFO]  Epoch:15(1/428) loss:0.282 
[2020-09-14 13:18:26,441][trainer.py][INFO]  Epoch:15(101/428) loss:0.121 
[2020-09-14 13:19:20,747][trainer.py][INFO]  Epoch:15(201/428) loss:0.754 
[2020-09-14 13:20:15,395][trainer.py][INFO]  Epoch:15(301/428) loss:0.056 
[2020-09-14 13:21:09,018][trainer.py][INFO]  Epoch:15(401/428) loss:0.135 
[2020-09-14 13:21:23,691][trainer.py][INFO]  Epoch:15(429/428) loss:0.443 
[2020-09-14 13:22:25,270][trainer.py][INFO] 各类单独F1:{'畅通': 0.8301886792452832, '缓行': 0.08888888888888889, '拥堵': 0.6134969325153374, '封闭': 0.8984088127294981}  各类F加权:0.6442092505487066
[2020-09-14 13:22:25,271][trainer.py][INFO] val_size: 857  valLoss: 0.4466 valAcc: 0.8226
[2020-09-14 13:22:25,275][trainer.py][INFO] Epoch:[15/29] Loss=0.24135  Acc=0.870 Epoch_Time:3.9055254260698953 min: ETA: 0.9763813565174738 hours
[2020-09-14 13:22:25,582][trainer.py][INFO] ----------
[2020-09-14 13:22:25,582][trainer.py][INFO] Epoch 16/29
[2020-09-14 13:22:25,582][trainer.py][INFO] learning rate:0.0018098770036711774
[2020-09-14 13:22:25,582][trainer.py][INFO] ----------
[2020-09-14 13:22:28,488][trainer.py][INFO]  Epoch:16(1/428) loss:0.151 
[2020-09-14 13:23:21,778][trainer.py][INFO]  Epoch:16(101/428) loss:0.291 
[2020-09-14 13:24:15,549][trainer.py][INFO]  Epoch:16(201/428) loss:0.310 
[2020-09-14 13:25:10,005][trainer.py][INFO]  Epoch:16(301/428) loss:0.562 
[2020-09-14 13:26:04,739][trainer.py][INFO]  Epoch:16(401/428) loss:0.223 
[2020-09-14 13:26:19,590][trainer.py][INFO]  Epoch:16(429/428) loss:0.031 
[2020-09-14 13:27:21,576][trainer.py][INFO] 各类单独F1:{'畅通': 0.8320000000000001, '缓行': 0.0, '拥堵': 0.5728643216080402, '封闭': 0.9306698002350177}  各类F加权:0.6273272165764192
[2020-09-14 13:27:21,577][trainer.py][INFO] val_size: 857  valLoss: 0.4300 valAcc: 0.8320
[2020-09-14 13:27:21,580][trainer.py][INFO] Epoch:[16/29] Loss=0.29185  Acc=0.846 Epoch_Time:3.900315030415853 min: ETA: 0.9100735070970324 hours
[2020-09-14 13:27:21,838][trainer.py][INFO] ----------
[2020-09-14 13:27:21,838][trainer.py][INFO] Epoch 17/29
[2020-09-14 13:27:21,838][trainer.py][INFO] learning rate:0.0013104095911907919
[2020-09-14 13:27:21,838][trainer.py][INFO] ----------
[2020-09-14 13:27:24,014][trainer.py][INFO]  Epoch:17(1/428) loss:0.485 
[2020-09-14 13:28:18,826][trainer.py][INFO]  Epoch:17(101/428) loss:0.028 
[2020-09-14 13:29:13,453][trainer.py][INFO]  Epoch:17(201/428) loss:0.182 
[2020-09-14 13:30:07,347][trainer.py][INFO]  Epoch:17(301/428) loss:0.177 
[2020-09-14 13:31:03,251][trainer.py][INFO]  Epoch:17(401/428) loss:0.615 
[2020-09-14 13:31:18,501][trainer.py][INFO]  Epoch:17(429/428) loss:0.146 
[2020-09-14 13:32:20,833][trainer.py][INFO] 各类单独F1:{'畅通': 0.8770370370370372, '缓行': 0.0, '拥堵': 0.6814814814814815, '封闭': 0.9502890173410403}  各类F加权:0.6722637550845643
[2020-09-14 13:32:20,834][trainer.py][INFO] val_size: 857  valLoss: 0.3089 valAcc: 0.8786
[2020-09-14 13:32:20,837][trainer.py][INFO] Epoch:[17/29] Loss=0.27176  Acc=0.853 Epoch_Time:3.9445530732472736 min: ETA: 0.8546531658702426 hours
[2020-09-14 13:32:21,019][trainer.py][INFO] ----------
[2020-09-14 13:32:21,019][trainer.py][INFO] Epoch 18/29
[2020-09-14 13:32:21,019][trainer.py][INFO] learning rate:0.0006923762653094843
[2020-09-14 13:32:21,019][trainer.py][INFO] ----------
[2020-09-14 13:32:23,670][trainer.py][INFO]  Epoch:18(1/428) loss:0.364 
[2020-09-14 13:33:20,476][trainer.py][INFO]  Epoch:18(101/428) loss:0.075 
[2020-09-14 13:34:15,501][trainer.py][INFO]  Epoch:18(201/428) loss:0.168 
[2020-09-14 13:35:10,288][trainer.py][INFO]  Epoch:18(301/428) loss:0.254 
[2020-09-14 13:36:04,120][trainer.py][INFO]  Epoch:18(401/428) loss:0.297 
[2020-09-14 13:36:18,620][trainer.py][INFO]  Epoch:18(429/428) loss:0.070 
[2020-09-14 13:37:20,537][trainer.py][INFO] 各类单独F1:{'畅通': 0.8750000000000001, '缓行': 0.0, '拥堵': 0.6400000000000001, '封闭': 0.9642058165548099}  各类F加权:0.6651823266219241
[2020-09-14 13:37:20,539][trainer.py][INFO] val_size: 857  valLoss: 0.3112 valAcc: 0.8786
[2020-09-14 13:37:20,553][trainer.py][INFO] Epoch:[18/29] Loss=0.24910  Acc=0.863 Epoch_Time:3.9601894497871397 min: ETA: 0.792037889957428 hours
[2020-09-14 13:37:20,766][trainer.py][INFO] ----------
[2020-09-14 13:37:20,767][trainer.py][INFO] Epoch 19/29
[2020-09-14 13:37:20,767][trainer.py][INFO] learning rate:0.0001918447503337737
[2020-09-14 13:37:20,767][trainer.py][INFO] ----------
[2020-09-14 13:37:22,985][trainer.py][INFO]  Epoch:19(1/428) loss:0.396 
[2020-09-14 13:38:17,433][trainer.py][INFO]  Epoch:19(101/428) loss:0.156 
[2020-09-14 13:39:11,126][trainer.py][INFO]  Epoch:19(201/428) loss:0.167 
[2020-09-14 13:40:03,974][trainer.py][INFO]  Epoch:19(301/428) loss:0.386 
[2020-09-14 13:40:57,595][trainer.py][INFO]  Epoch:19(401/428) loss:0.184 
[2020-09-14 13:41:12,259][trainer.py][INFO]  Epoch:19(429/428) loss:0.088 
[2020-09-14 13:42:14,374][trainer.py][INFO] 各类单独F1:{'畅通': 0.8549382716049383, '缓行': 0.0, '拥堵': 0.6432748538011696, '封闭': 0.945029239766082}  各类F加权:0.6564879792072775
[2020-09-14 13:42:14,375][trainer.py][INFO] val_size: 857  valLoss: 0.3602 valAcc: 0.8588
[2020-09-14 13:42:14,378][trainer.py][INFO] Epoch:[19/29] Loss=0.22006  Acc=0.885 Epoch_Time:3.8583717743555703 min: ETA: 0.7073681586318545 hours
[2020-09-14 13:42:14,601][trainer.py][INFO] ----------
[2020-09-14 13:42:14,601][trainer.py][INFO] Epoch 20/29
[2020-09-14 13:42:14,601][trainer.py][INFO] learning rate:1.0725439045788931e-09
[2020-09-14 13:42:14,601][trainer.py][INFO] ----------
[2020-09-14 13:42:16,921][trainer.py][INFO]  Epoch:20(1/428) loss:0.066 
[2020-09-14 13:43:11,819][trainer.py][INFO]  Epoch:20(101/428) loss:0.064 
[2020-09-14 13:44:06,422][trainer.py][INFO]  Epoch:20(201/428) loss:0.320 
[2020-09-14 13:45:00,028][trainer.py][INFO]  Epoch:20(301/428) loss:0.035 
[2020-09-14 13:45:54,845][trainer.py][INFO]  Epoch:20(401/428) loss:0.262 
[2020-09-14 13:46:09,431][trainer.py][INFO]  Epoch:20(429/428) loss:0.253 
[2020-09-14 13:47:11,177][trainer.py][INFO] 各类单独F1:{'畅通': 0.8549382716049383, '缓行': 0.0, '拥堵': 0.6432748538011696, '封闭': 0.945029239766082}  各类F加权:0.6564879792072775
[2020-09-14 13:47:11,178][trainer.py][INFO] val_size: 857  valLoss: 0.3602 valAcc: 0.8588
[2020-09-14 13:47:11,180][trainer.py][INFO] Epoch:[20/29] Loss=0.21161  Acc=0.883 Epoch_Time:3.913997840881348 min: ETA: 0.6523329734802246 hours
[2020-09-14 13:47:11,379][trainer.py][INFO] ----------
[2020-09-14 13:47:11,379][trainer.py][INFO] Epoch 21/29
[2020-09-14 13:47:11,379][trainer.py][INFO] learning rate:0.0018098770036711767
[2020-09-14 13:47:11,379][trainer.py][INFO] ----------
[2020-09-14 13:47:14,013][trainer.py][INFO]  Epoch:21(1/428) loss:0.084 
[2020-09-14 13:48:09,059][trainer.py][INFO]  Epoch:21(101/428) loss:0.287 
[2020-09-14 13:49:03,049][trainer.py][INFO]  Epoch:21(201/428) loss:0.638 
[2020-09-14 13:49:58,124][trainer.py][INFO]  Epoch:21(301/428) loss:0.907 
[2020-09-14 13:50:54,349][trainer.py][INFO]  Epoch:21(401/428) loss:0.199 
[2020-09-14 13:51:09,662][trainer.py][INFO]  Epoch:21(429/428) loss:0.040 
[2020-09-14 13:52:11,580][trainer.py][INFO] 各类单独F1:{'畅通': 0.8408759124087591, '缓行': 0.21276595744680854, '拥堵': 0.6163522012578617, '封闭': 0.9064398541919807}  各类F加权:0.6741223847843885
[2020-09-14 13:52:11,581][trainer.py][INFO] val_size: 857  valLoss: 0.4599 valAcc: 0.8343
[2020-09-14 13:52:11,584][trainer.py][INFO] Epoch:[21/29] Loss=0.27406  Acc=0.855 Epoch_Time:3.9717023015022277 min: ETA: 0.5957553452253341 hours
[2020-09-14 13:52:11,884][trainer.py][INFO] ----------
[2020-09-14 13:52:11,884][trainer.py][INFO] Epoch 22/29
[2020-09-14 13:52:11,884][trainer.py][INFO] learning rate:0.0013104095911907919
[2020-09-14 13:52:11,884][trainer.py][INFO] ----------
[2020-09-14 13:52:15,190][trainer.py][INFO]  Epoch:22(1/428) loss:0.161 
[2020-09-14 13:53:11,550][trainer.py][INFO]  Epoch:22(101/428) loss:0.300 
[2020-09-14 13:54:07,590][trainer.py][INFO]  Epoch:22(201/428) loss:1.387 
[2020-09-14 13:55:03,009][trainer.py][INFO]  Epoch:22(301/428) loss:0.440 
[2020-09-14 13:55:57,735][trainer.py][INFO]  Epoch:22(401/428) loss:0.051 
[2020-09-14 13:56:12,679][trainer.py][INFO]  Epoch:22(429/428) loss:0.095 
[2020-09-14 13:57:14,426][trainer.py][INFO] 各类单独F1:{'畅通': 0.8199121522693997, '缓行': 0.25352112676056343, '拥堵': 0.5655172413793104, '封闭': 0.8932515337423312}  各类F加权:0.6596512264897783
[2020-09-14 13:57:14,426][trainer.py][INFO] val_size: 857  valLoss: 0.4638 valAcc: 0.8098
[2020-09-14 13:57:14,429][trainer.py][INFO] Epoch:[22/29] Loss=0.26690  Acc=0.865 Epoch_Time:4.013419715563456 min: ETA: 0.5351226287417942 hours
[2020-09-14 13:57:14,617][trainer.py][INFO] ----------
[2020-09-14 13:57:14,618][trainer.py][INFO] Epoch 23/29
[2020-09-14 13:57:14,618][trainer.py][INFO] learning rate:0.0006923762653094843
[2020-09-14 13:57:14,618][trainer.py][INFO] ----------
[2020-09-14 13:57:17,639][trainer.py][INFO]  Epoch:23(1/428) loss:0.581 
[2020-09-14 13:58:11,821][trainer.py][INFO]  Epoch:23(101/428) loss:0.021 
[2020-09-14 13:59:07,186][trainer.py][INFO]  Epoch:23(201/428) loss:0.113 
[2020-09-14 13:59:59,056][trainer.py][INFO]  Epoch:23(301/428) loss:0.373 
[2020-09-14 14:00:49,117][trainer.py][INFO]  Epoch:23(401/428) loss:0.268 
[2020-09-14 14:01:02,640][trainer.py][INFO]  Epoch:23(429/428) loss:0.095 
[2020-09-14 14:01:59,243][trainer.py][INFO] 各类单独F1:{'畅通': 0.8571428571428571, '缓行': 0.047619047619047616, '拥堵': 0.6134969325153374, '封闭': 0.9400705052878965}  各类F加权:0.655315377107855
[2020-09-14 14:01:59,243][trainer.py][INFO] val_size: 857  valLoss: 0.3569 valAcc: 0.8553
[2020-09-14 14:01:59,246][trainer.py][INFO] Epoch:[23/29] Loss=0.21691  Acc=0.878 Epoch_Time:3.800557887554169 min: ETA: 0.44339842021465303 hours
[2020-09-14 14:01:59,433][trainer.py][INFO] ----------
[2020-09-14 14:01:59,433][trainer.py][INFO] Epoch 24/29
[2020-09-14 14:01:59,433][trainer.py][INFO] learning rate:0.0001918447503337737
[2020-09-14 14:01:59,433][trainer.py][INFO] ----------
[2020-09-14 14:02:01,529][trainer.py][INFO]  Epoch:24(1/428) loss:0.235 
[2020-09-14 14:02:51,448][trainer.py][INFO]  Epoch:24(101/428) loss:0.023 
[2020-09-14 14:03:41,897][trainer.py][INFO]  Epoch:24(201/428) loss:0.340 
[2020-09-14 14:04:31,823][trainer.py][INFO]  Epoch:24(301/428) loss:0.296 
[2020-09-14 14:05:20,562][trainer.py][INFO]  Epoch:24(401/428) loss:0.167 
[2020-09-14 14:05:33,783][trainer.py][INFO]  Epoch:24(429/428) loss:0.396 
[2020-09-14 14:06:30,850][trainer.py][INFO] 各类单独F1:{'畅通': 0.8807631160572338, '缓行': 0.25531914893617025, '拥堵': 0.6181818181818182, '封闭': 0.9621993127147765}  各类F加权:0.7094744119334135
[2020-09-14 14:06:30,850][trainer.py][INFO] val_size: 857  valLoss: 0.3179 valAcc: 0.8798
[2020-09-14 14:06:30,853][trainer.py][INFO] Epoch:[24/29] Loss=0.18825  Acc=0.893 Epoch_Time:3.5726840774218243 min: ETA: 0.35726840774218244 hours
[2020-09-14 14:06:31,043][trainer.py][INFO] ----------
[2020-09-14 14:06:31,043][trainer.py][INFO] Epoch 25/29
[2020-09-14 14:06:31,043][trainer.py][INFO] learning rate:1.0725439045788931e-09
[2020-09-14 14:06:31,043][trainer.py][INFO] ----------
[2020-09-14 14:06:32,772][trainer.py][INFO]  Epoch:25(1/428) loss:0.024 
[2020-09-14 14:07:22,506][trainer.py][INFO]  Epoch:25(101/428) loss:1.164 
[2020-09-14 14:08:12,819][trainer.py][INFO]  Epoch:25(201/428) loss:0.515 
[2020-09-14 14:09:01,565][trainer.py][INFO]  Epoch:25(301/428) loss:0.330 
[2020-09-14 14:09:51,780][trainer.py][INFO]  Epoch:25(401/428) loss:0.199 
[2020-09-14 14:10:05,315][trainer.py][INFO]  Epoch:25(429/428) loss:0.002 
[2020-09-14 14:11:01,927][trainer.py][INFO] 各类单独F1:{'畅通': 0.8807631160572338, '缓行': 0.25531914893617025, '拥堵': 0.6181818181818182, '封闭': 0.9621993127147765}  各类F加权:0.7094744119334135
[2020-09-14 14:11:01,928][trainer.py][INFO] val_size: 857  valLoss: 0.3179 valAcc: 0.8798
[2020-09-14 14:11:01,930][trainer.py][INFO] Epoch:[25/29] Loss=0.20084  Acc=0.879 Epoch_Time:3.571362388134003 min: ETA: 0.2976135323445002 hours
[2020-09-14 14:11:02,111][trainer.py][INFO] ----------
[2020-09-14 14:11:02,111][trainer.py][INFO] Epoch 26/29
[2020-09-14 14:11:02,111][trainer.py][INFO] learning rate:0.0018098770036711767
[2020-09-14 14:11:02,111][trainer.py][INFO] ----------
[2020-09-14 14:11:04,200][trainer.py][INFO]  Epoch:26(1/428) loss:0.056 
[2020-09-14 14:11:54,006][trainer.py][INFO]  Epoch:26(101/428) loss:0.288 
[2020-09-14 14:12:43,819][trainer.py][INFO]  Epoch:26(201/428) loss:0.026 
[2020-09-14 14:13:33,103][trainer.py][INFO]  Epoch:26(301/428) loss:0.072 
[2020-09-14 14:14:22,960][trainer.py][INFO]  Epoch:26(401/428) loss:0.166 
[2020-09-14 14:14:36,106][trainer.py][INFO]  Epoch:26(429/428) loss:0.535 
[2020-09-14 14:15:33,330][trainer.py][INFO] 各类单独F1:{'畅通': 0.8548387096774194, '缓行': 0.25396825396825395, '拥堵': 0.5838509316770185, '封闭': 0.960919540229885}  各类F加权:0.6958006173564524
[2020-09-14 14:15:33,330][trainer.py][INFO] val_size: 857  valLoss: 0.3279 valAcc: 0.8611
[2020-09-14 14:15:33,333][trainer.py][INFO] Epoch:[26/29] Loss=0.25289  Acc=0.862 Epoch_Time:3.5667646487553912 min: ETA: 0.2377843099170261 hours
[2020-09-14 14:15:33,539][trainer.py][INFO] ----------
[2020-09-14 14:15:33,539][trainer.py][INFO] Epoch 27/29
[2020-09-14 14:15:33,539][trainer.py][INFO] learning rate:0.0013104095911907919
[2020-09-14 14:15:33,539][trainer.py][INFO] ----------
[2020-09-14 14:15:35,859][trainer.py][INFO]  Epoch:27(1/428) loss:0.124 
[2020-09-14 14:16:24,957][trainer.py][INFO]  Epoch:27(101/428) loss:0.295 
[2020-09-14 14:17:14,412][trainer.py][INFO]  Epoch:27(201/428) loss:0.164 
[2020-09-14 14:18:03,871][trainer.py][INFO]  Epoch:27(301/428) loss:0.164 
[2020-09-14 14:18:54,016][trainer.py][INFO]  Epoch:27(401/428) loss:0.062 
[2020-09-14 14:19:07,554][trainer.py][INFO]  Epoch:27(429/428) loss:0.060 
[2020-09-14 14:20:03,809][trainer.py][INFO] 各类单独F1:{'畅通': 0.8345120226308346, '缓行': 0.13636363636363638, '拥堵': 0.611111111111111, '封闭': 0.9035409035409036}  各类F加权:0.6554736242855055
[2020-09-14 14:20:03,810][trainer.py][INFO] val_size: 857  valLoss: 0.4608 valAcc: 0.8308
[2020-09-14 14:20:03,813][trainer.py][INFO] Epoch:[27/29] Loss=0.22770  Acc=0.875 Epoch_Time:3.5670854250590005 min: ETA: 0.17835427125295003 hours
[2020-09-14 14:20:04,005][trainer.py][INFO] ----------
[2020-09-14 14:20:04,005][trainer.py][INFO] Epoch 28/29
[2020-09-14 14:20:04,005][trainer.py][INFO] learning rate:0.0006923762653094843
[2020-09-14 14:20:04,005][trainer.py][INFO] ----------
[2020-09-14 14:20:05,970][trainer.py][INFO]  Epoch:28(1/428) loss:0.534 
[2020-09-14 14:20:54,803][trainer.py][INFO]  Epoch:28(101/428) loss:0.666 
[2020-09-14 14:21:44,362][trainer.py][INFO]  Epoch:28(201/428) loss:0.158 
[2020-09-14 14:22:32,471][trainer.py][INFO]  Epoch:28(301/428) loss:0.371 
[2020-09-14 14:23:21,955][trainer.py][INFO]  Epoch:28(401/428) loss:0.180 
[2020-09-14 14:23:35,323][trainer.py][INFO]  Epoch:28(429/428) loss:0.006 
[2020-09-14 14:24:32,386][trainer.py][INFO] 各类单独F1:{'畅通': 0.8614008941877793, '缓行': 0.047619047619047616, '拥堵': 0.6027397260273973, '封闭': 0.945029239766082}  各类F加权:0.6544975126572394
[2020-09-14 14:24:32,386][trainer.py][INFO] val_size: 857  valLoss: 0.3740 valAcc: 0.8611
[2020-09-14 14:24:32,389][trainer.py][INFO] Epoch:[28/29] Loss=0.19960  Acc=0.896 Epoch_Time:3.5221516529719037 min: ETA: 0.11740505509906345 hours
[2020-09-14 14:24:32,567][trainer.py][INFO] ----------
[2020-09-14 14:24:32,567][trainer.py][INFO] Epoch 29/29
[2020-09-14 14:24:32,567][trainer.py][INFO] learning rate:0.0001918447503337737
[2020-09-14 14:24:32,567][trainer.py][INFO] ----------
[2020-09-14 14:24:34,462][trainer.py][INFO]  Epoch:29(1/428) loss:0.090 
[2020-09-14 14:25:24,834][trainer.py][INFO]  Epoch:29(101/428) loss:0.111 
[2020-09-14 14:26:14,198][trainer.py][INFO]  Epoch:29(201/428) loss:0.392 
[2020-09-14 14:27:03,699][trainer.py][INFO]  Epoch:29(301/428) loss:0.578 
[2020-09-14 14:27:52,815][trainer.py][INFO]  Epoch:29(401/428) loss:0.277 
[2020-09-14 14:28:06,235][trainer.py][INFO]  Epoch:29(429/428) loss:0.161 
[2020-09-14 14:29:02,913][trainer.py][INFO] 各类单独F1:{'畅通': 0.8179347826086957, '缓行': 0.20833333333333334, '拥堵': 0.6212121212121213, '封闭': 0.8771929824561404}  各类F加权:0.6607009742736288
[2020-09-14 14:29:02,913][trainer.py][INFO] val_size: 857  valLoss: 0.5102 valAcc: 0.8133
[2020-09-14 14:29:02,916][trainer.py][INFO] Epoch:[29/29] Loss=0.17940  Acc=0.897 Epoch_Time:3.5612959464391074 min: ETA: 0.059354932440651785 hours
[2020-09-14 14:29:03,090][trainer.py][INFO] Best Accuracy: 0.709
[2020-09-14 14:29:03,341][trainer.py][INFO] Training complete in 145m 50s
