[2020-09-17 19:00:34,186][trainer.py][INFO] Using: efficient-b5-final-c
[2020-09-17 19:00:34,187][trainer.py][INFO] Using the GPU: (2, 3, 4, 5)
[2020-09-17 19:00:34,187][trainer.py][INFO] start training...
[2020-09-17 19:00:34,254][trainer.py][INFO] ----------
[2020-09-17 19:00:34,254][trainer.py][INFO] Epoch 0/29
[2020-09-17 19:00:34,254][trainer.py][INFO] learning rate:0.002
[2020-09-17 19:00:34,254][trainer.py][INFO] ----------
[2020-09-17 19:02:40,662][trainer.py][INFO]  Epoch:0(1/842) loss:1.400 
[2020-09-17 19:04:44,877][trainer.py][INFO]  Epoch:0(101/842) loss:0.727 
[2020-09-17 19:06:03,554][trainer.py][INFO]  Epoch:0(201/842) loss:0.933 
[2020-09-17 19:07:22,287][trainer.py][INFO]  Epoch:0(301/842) loss:0.915 
[2020-09-17 19:08:42,298][trainer.py][INFO]  Epoch:0(401/842) loss:0.368 
[2020-09-17 19:10:03,319][trainer.py][INFO]  Epoch:0(501/842) loss:0.532 
[2020-09-17 19:11:25,810][trainer.py][INFO]  Epoch:0(601/842) loss:1.097 
[2020-09-17 19:12:43,088][trainer.py][INFO]  Epoch:0(701/842) loss:1.283 
[2020-09-17 19:13:58,434][trainer.py][INFO]  Epoch:0(801/842) loss:0.646 
[2020-09-17 19:14:35,774][trainer.py][INFO]  Epoch:0(843/842) loss:0.730 
[2020-09-17 19:18:04,034][trainer.py][INFO] 各类单独F1:{'畅通': 0.7821884708318951, '缓行': 0.0, '拥堵': 0.42317822651448644, '封闭': 0.8048192771084337}  各类F加权:0.527100025880909
[2020-09-17 19:18:04,034][trainer.py][INFO] val_size: 3349  valLoss: 0.7993 valAcc: 0.7095
[2020-09-17 19:18:04,038][trainer.py][INFO] Epoch:[0/29] Loss=0.78605  Acc=0.565 Epoch_Time:14.02633086045583 min: ETA: 7.013165430227915 hours
[2020-09-17 19:18:04,265][trainer.py][INFO] ----------
[2020-09-17 19:18:04,265][trainer.py][INFO] Epoch 1/29
[2020-09-17 19:18:04,265][trainer.py][INFO] learning rate:0.0018094548673252347
[2020-09-17 19:18:04,265][trainer.py][INFO] ----------
[2020-09-17 19:18:06,775][trainer.py][INFO]  Epoch:1(1/842) loss:0.435 
[2020-09-17 19:19:19,945][trainer.py][INFO]  Epoch:1(101/842) loss:1.178 
[2020-09-17 19:20:34,271][trainer.py][INFO]  Epoch:1(201/842) loss:0.330 
[2020-09-17 19:21:48,280][trainer.py][INFO]  Epoch:1(301/842) loss:0.138 
[2020-09-17 19:23:02,365][trainer.py][INFO]  Epoch:1(401/842) loss:0.537 
[2020-09-17 19:24:16,800][trainer.py][INFO]  Epoch:1(501/842) loss:0.164 
[2020-09-17 19:25:31,001][trainer.py][INFO]  Epoch:1(601/842) loss:0.755 
[2020-09-17 19:26:45,744][trainer.py][INFO]  Epoch:1(701/842) loss:0.550 
[2020-09-17 19:28:00,521][trainer.py][INFO]  Epoch:1(801/842) loss:1.020 
[2020-09-17 19:28:31,397][trainer.py][INFO]  Epoch:1(843/842) loss:0.395 
[2020-09-17 19:32:22,337][trainer.py][INFO] 各类单独F1:{'畅通': 0.8512341561040693, '缓行': 0.0, '拥堵': 0.5679314565483476, '封闭': 0.9052010328292144}  各类F加权:0.6175832657065969
[2020-09-17 19:32:22,338][trainer.py][INFO] val_size: 3349  valLoss: 0.4703 valAcc: 0.8167
[2020-09-17 19:32:22,342][trainer.py][INFO] Epoch:[1/29] Loss=0.51855  Acc=0.731 Epoch_Time:10.452808475494384 min: ETA: 5.052190763155619 hours
[2020-09-17 19:32:22,600][trainer.py][INFO] ----------
[2020-09-17 19:32:22,600][trainer.py][INFO] Epoch 2/29
[2020-09-17 19:32:22,600][trainer.py][INFO] learning rate:0.0013097257654543797
[2020-09-17 19:32:22,600][trainer.py][INFO] ----------
[2020-09-17 19:32:26,134][trainer.py][INFO]  Epoch:2(1/842) loss:0.319 
[2020-09-17 19:33:43,916][trainer.py][INFO]  Epoch:2(101/842) loss:0.128 
[2020-09-17 19:34:58,086][trainer.py][INFO]  Epoch:2(201/842) loss:0.314 
[2020-09-17 19:36:11,430][trainer.py][INFO]  Epoch:2(301/842) loss:0.470 
[2020-09-17 19:37:25,293][trainer.py][INFO]  Epoch:2(401/842) loss:0.048 
[2020-09-17 19:38:38,893][trainer.py][INFO]  Epoch:2(501/842) loss:0.237 
[2020-09-17 19:39:53,158][trainer.py][INFO]  Epoch:2(601/842) loss:0.553 
[2020-09-17 19:41:07,101][trainer.py][INFO]  Epoch:2(701/842) loss:0.223 
[2020-09-17 19:42:20,822][trainer.py][INFO]  Epoch:2(801/842) loss:0.529 
[2020-09-17 19:42:51,279][trainer.py][INFO]  Epoch:2(843/842) loss:0.182 
[2020-09-17 19:46:12,652][trainer.py][INFO] 各类单独F1:{'畅通': 0.839014512318596, '缓行': 0.0, '拥堵': 0.5622222222222222, '封闭': 0.8959819752159219}  各类F加权:0.6109609079848951
[2020-09-17 19:46:12,653][trainer.py][INFO] val_size: 3349  valLoss: 0.5123 valAcc: 0.8029
[2020-09-17 19:46:12,656][trainer.py][INFO] Epoch:[2/29] Loss=0.40738  Acc=0.789 Epoch_Time:10.478670394420623 min: ETA: 4.890046184062958 hours
[2020-09-17 19:46:12,918][trainer.py][INFO] ----------
[2020-09-17 19:46:12,918][trainer.py][INFO] Epoch 3/29
[2020-09-17 19:46:12,918][trainer.py][INFO] learning rate:0.0006916919483715299
[2020-09-17 19:46:12,918][trainer.py][INFO] ----------
[2020-09-17 19:46:15,921][trainer.py][INFO]  Epoch:3(1/842) loss:0.306 
[2020-09-17 19:47:28,038][trainer.py][INFO]  Epoch:3(101/842) loss:0.481 
[2020-09-17 19:48:40,537][trainer.py][INFO]  Epoch:3(201/842) loss:0.188 
[2020-09-17 19:49:52,989][trainer.py][INFO]  Epoch:3(301/842) loss:0.213 
[2020-09-17 19:51:05,342][trainer.py][INFO]  Epoch:3(401/842) loss:0.385 
[2020-09-17 19:52:18,830][trainer.py][INFO]  Epoch:3(501/842) loss:0.303 
[2020-09-17 19:53:31,897][trainer.py][INFO]  Epoch:3(601/842) loss:0.515 
[2020-09-17 19:54:44,724][trainer.py][INFO]  Epoch:3(701/842) loss:0.211 
[2020-09-17 19:55:57,338][trainer.py][INFO]  Epoch:3(801/842) loss:0.569 
[2020-09-17 19:56:27,965][trainer.py][INFO]  Epoch:3(843/842) loss:0.948 
[2020-09-17 19:59:44,830][trainer.py][INFO] 各类单独F1:{'畅通': 0.8378290542736432, '缓行': 0.0, '拥堵': 0.5875299760191847, '封闭': 0.8780114722753346}  各类F加权:0.6112464871432536
[2020-09-17 19:59:44,830][trainer.py][INFO] val_size: 3349  valLoss: 0.5150 valAcc: 0.8008
[2020-09-17 19:59:44,833][trainer.py][INFO] Epoch:[3/29] Loss=0.35882  Acc=0.810 Epoch_Time:10.251512428124746 min: ETA: 4.613180592656136 hours
[2020-09-17 19:59:45,046][trainer.py][INFO] ----------
[2020-09-17 19:59:45,046][trainer.py][INFO] Epoch 4/29
[2020-09-17 19:59:45,046][trainer.py][INFO] learning rate:0.00019142132800549838
[2020-09-17 19:59:45,046][trainer.py][INFO] ----------
[2020-09-17 19:59:48,439][trainer.py][INFO]  Epoch:4(1/842) loss:0.133 
[2020-09-17 20:01:01,468][trainer.py][INFO]  Epoch:4(101/842) loss:0.433 
[2020-09-17 20:02:15,209][trainer.py][INFO]  Epoch:4(201/842) loss:0.344 
[2020-09-17 20:03:28,537][trainer.py][INFO]  Epoch:4(301/842) loss:0.296 
[2020-09-17 20:04:42,137][trainer.py][INFO]  Epoch:4(401/842) loss:0.584 
[2020-09-17 20:05:56,549][trainer.py][INFO]  Epoch:4(501/842) loss:0.523 
[2020-09-17 20:07:09,480][trainer.py][INFO]  Epoch:4(601/842) loss:0.072 
[2020-09-17 20:08:23,199][trainer.py][INFO]  Epoch:4(701/842) loss:0.376 
[2020-09-17 20:09:35,802][trainer.py][INFO]  Epoch:4(801/842) loss:0.547 
[2020-09-17 20:10:06,212][trainer.py][INFO]  Epoch:4(843/842) loss:0.079 
[2020-09-17 20:13:42,660][trainer.py][INFO] 各类单独F1:{'畅通': 0.8307086614173228, '缓行': 0.0, '拥堵': 0.5649717514124294, '封闭': 0.8684920940994987}  各类F加权:0.5999592292052607
[2020-09-17 20:13:42,661][trainer.py][INFO] val_size: 3349  valLoss: 0.5456 valAcc: 0.7889
[2020-09-17 20:13:42,664][trainer.py][INFO] Epoch:[4/29] Loss=0.34244  Acc=0.825 Epoch_Time:10.353377691904704 min: ETA: 4.486463666492038 hours
[2020-09-17 20:13:42,902][trainer.py][INFO] ----------
[2020-09-17 20:13:42,902][trainer.py][INFO] Epoch 5/29
[2020-09-17 20:13:42,902][trainer.py][INFO] learning rate:2.7776311350979913e-10
[2020-09-17 20:13:42,902][trainer.py][INFO] ----------
[2020-09-17 20:13:45,986][trainer.py][INFO]  Epoch:5(1/842) loss:0.497 
[2020-09-17 20:15:01,948][trainer.py][INFO]  Epoch:5(101/842) loss:0.787 
[2020-09-17 20:16:17,514][trainer.py][INFO]  Epoch:5(201/842) loss:0.423 
[2020-09-17 20:17:33,138][trainer.py][INFO]  Epoch:5(301/842) loss:0.545 
[2020-09-17 20:18:48,680][trainer.py][INFO]  Epoch:5(401/842) loss:0.913 
[2020-09-17 20:20:05,220][trainer.py][INFO]  Epoch:5(501/842) loss:0.172 
[2020-09-17 20:21:20,669][trainer.py][INFO]  Epoch:5(601/842) loss:0.627 
[2020-09-17 20:22:36,370][trainer.py][INFO]  Epoch:5(701/842) loss:0.430 
[2020-09-17 20:23:52,182][trainer.py][INFO]  Epoch:5(801/842) loss:0.870 
[2020-09-17 20:24:23,560][trainer.py][INFO]  Epoch:5(843/842) loss:0.149 
[2020-09-17 20:28:25,986][trainer.py][INFO] 各类单独F1:{'畅通': 0.8901329601119665, '缓行': 0.0, '拥堵': 0.6136363636363636, '封闭': 0.9620605638705186}  各类F加权:0.6579284306503133
[2020-09-17 20:28:25,986][trainer.py][INFO] val_size: 3349  valLoss: 0.3527 valAcc: 0.8650
[2020-09-17 20:28:25,989][trainer.py][INFO] Epoch:[5/29] Loss=0.37678  Acc=0.804 Epoch_Time:10.67834347486496 min: ETA: 4.449309781193733 hours
[2020-09-17 20:28:26,209][trainer.py][INFO] ----------
[2020-09-17 20:28:26,209][trainer.py][INFO] Epoch 6/29
[2020-09-17 20:28:26,209][trainer.py][INFO] learning rate:0.0018094548673252345
[2020-09-17 20:28:26,209][trainer.py][INFO] ----------
[2020-09-17 20:28:29,339][trainer.py][INFO]  Epoch:6(1/842) loss:0.658 
[2020-09-17 20:29:45,991][trainer.py][INFO]  Epoch:6(101/842) loss:0.441 
[2020-09-17 20:31:02,275][trainer.py][INFO]  Epoch:6(201/842) loss:0.107 
[2020-09-17 20:32:18,686][trainer.py][INFO]  Epoch:6(301/842) loss:0.609 
[2020-09-17 20:33:34,236][trainer.py][INFO]  Epoch:6(401/842) loss:0.793 
[2020-09-17 20:34:49,770][trainer.py][INFO]  Epoch:6(501/842) loss:0.407 
[2020-09-17 20:36:05,786][trainer.py][INFO]  Epoch:6(601/842) loss:0.188 
[2020-09-17 20:37:22,076][trainer.py][INFO]  Epoch:6(701/842) loss:0.491 
[2020-09-17 20:38:38,687][trainer.py][INFO]  Epoch:6(801/842) loss:0.234 
[2020-09-17 20:39:10,350][trainer.py][INFO]  Epoch:6(843/842) loss:1.536 
[2020-09-17 20:43:09,923][trainer.py][INFO] 各类单独F1:{'畅通': 0.8092447916666666, '缓行': 0.050505050505050504, '拥堵': 0.5625, '封闭': 0.8404423380726699}  各类F加权:0.5959524244967447
[2020-09-17 20:43:09,924][trainer.py][INFO] val_size: 3349  valLoss: 0.6274 valAcc: 0.7656
[2020-09-17 20:43:09,930][trainer.py][INFO] Epoch:[6/29] Loss=0.34013  Acc=0.820 Epoch_Time:10.736344448725383 min: ETA: 4.294537779490153 hours
[2020-09-17 20:43:10,353][trainer.py][INFO] ----------
[2020-09-17 20:43:10,353][trainer.py][INFO] Epoch 7/29
[2020-09-17 20:43:10,354][trainer.py][INFO] learning rate:0.0013097257654543797
[2020-09-17 20:43:10,354][trainer.py][INFO] ----------
[2020-09-17 20:43:14,081][trainer.py][INFO]  Epoch:7(1/842) loss:0.268 
[2020-09-17 20:45:01,509][trainer.py][INFO]  Epoch:7(101/842) loss:0.046 
[2020-09-17 20:46:17,095][trainer.py][INFO]  Epoch:7(201/842) loss:0.338 
[2020-09-17 20:47:33,376][trainer.py][INFO]  Epoch:7(301/842) loss:0.365 
[2020-09-17 20:48:50,038][trainer.py][INFO]  Epoch:7(401/842) loss:0.403 
[2020-09-17 20:50:05,758][trainer.py][INFO]  Epoch:7(501/842) loss:0.756 
[2020-09-17 20:51:22,144][trainer.py][INFO]  Epoch:7(601/842) loss:0.272 
[2020-09-17 20:52:38,742][trainer.py][INFO]  Epoch:7(701/842) loss:0.248 
[2020-09-17 20:53:54,852][trainer.py][INFO]  Epoch:7(801/842) loss:0.526 
[2020-09-17 20:54:26,823][trainer.py][INFO]  Epoch:7(843/842) loss:0.221 
[2020-09-17 20:58:24,805][trainer.py][INFO] 各类单独F1:{'畅通': 0.8654931916306875, '缓行': 0.05154639175257731, '拥堵': 0.6288798920377867, '封闭': 0.9295058139534884}  各类F加权:0.6573248907063156
[2020-09-17 20:58:24,806][trainer.py][INFO] val_size: 3349  valLoss: 0.3958 valAcc: 0.8420
[2020-09-17 20:58:24,811][trainer.py][INFO] Epoch:[7/29] Loss=0.31199  Acc=0.836 Epoch_Time:11.275965917110444 min: ETA: 4.322453601559003 hours
[2020-09-17 20:58:25,119][trainer.py][INFO] ----------
[2020-09-17 20:58:25,120][trainer.py][INFO] Epoch 8/29
[2020-09-17 20:58:25,120][trainer.py][INFO] learning rate:0.0006916919483715299
[2020-09-17 20:58:25,120][trainer.py][INFO] ----------
[2020-09-17 20:58:28,852][trainer.py][INFO]  Epoch:8(1/842) loss:0.163 
[2020-09-17 20:59:47,772][trainer.py][INFO]  Epoch:8(101/842) loss:0.269 
[2020-09-17 21:01:05,247][trainer.py][INFO]  Epoch:8(201/842) loss:0.312 
[2020-09-17 21:02:21,682][trainer.py][INFO]  Epoch:8(301/842) loss:0.275 
[2020-09-17 21:03:38,422][trainer.py][INFO]  Epoch:8(401/842) loss:0.468 
[2020-09-17 21:04:55,489][trainer.py][INFO]  Epoch:8(501/842) loss:0.350 
[2020-09-17 21:06:12,225][trainer.py][INFO]  Epoch:8(601/842) loss:0.233 
[2020-09-17 21:07:28,254][trainer.py][INFO]  Epoch:8(701/842) loss:0.132 
[2020-09-17 21:08:45,142][trainer.py][INFO]  Epoch:8(801/842) loss:0.112 
[2020-09-17 21:09:16,722][trainer.py][INFO]  Epoch:8(843/842) loss:0.652 
[2020-09-17 21:13:12,738][trainer.py][INFO] 各类单独F1:{'畅通': 0.8521031207598372, '缓行': 0.0641711229946524, '拥堵': 0.5865724381625442, '封闭': 0.9174649963154017}  各类F加权:0.6410022666498382
[2020-09-17 21:13:12,738][trainer.py][INFO] val_size: 3349  valLoss: 0.4571 valAcc: 0.8229
[2020-09-17 21:13:12,742][trainer.py][INFO] Epoch:[8/29] Loss=0.28530  Acc=0.848 Epoch_Time:10.860984981060028 min: ETA: 3.9823611597220103 hours
[2020-09-17 21:13:13,066][trainer.py][INFO] ----------
[2020-09-17 21:13:13,067][trainer.py][INFO] Epoch 9/29
[2020-09-17 21:13:13,067][trainer.py][INFO] learning rate:0.0001914213280054987
[2020-09-17 21:13:13,067][trainer.py][INFO] ----------
[2020-09-17 21:13:16,195][trainer.py][INFO]  Epoch:9(1/842) loss:0.182 
[2020-09-17 21:14:34,841][trainer.py][INFO]  Epoch:9(101/842) loss:0.337 
[2020-09-17 21:15:52,990][trainer.py][INFO]  Epoch:9(201/842) loss:0.268 
[2020-09-17 21:17:10,474][trainer.py][INFO]  Epoch:9(301/842) loss:0.250 
[2020-09-17 21:18:26,067][trainer.py][INFO]  Epoch:9(401/842) loss:0.135 
[2020-09-17 21:19:42,908][trainer.py][INFO]  Epoch:9(501/842) loss:0.188 
[2020-09-17 21:20:58,811][trainer.py][INFO]  Epoch:9(601/842) loss:0.257 
[2020-09-17 21:22:14,847][trainer.py][INFO]  Epoch:9(701/842) loss:0.193 
[2020-09-17 21:23:30,072][trainer.py][INFO]  Epoch:9(801/842) loss:0.165 
[2020-09-17 21:24:01,598][trainer.py][INFO]  Epoch:9(843/842) loss:0.112 
[2020-09-17 21:27:52,806][trainer.py][INFO] 各类单独F1:{'畅通': 0.842212419409569, '缓行': 0.04371584699453552, '拥堵': 0.5789473684210527, '封闭': 0.9094283593170008}  各类F加权:0.6304199655929802
[2020-09-17 21:27:52,806][trainer.py][INFO] val_size: 3349  valLoss: 0.4860 valAcc: 0.8131
[2020-09-17 21:27:52,810][trainer.py][INFO] Epoch:[9/29] Loss=0.26920  Acc=0.854 Epoch_Time:10.81000104745229 min: ETA: 3.7835003666083016 hours
[2020-09-17 21:27:53,504][trainer.py][INFO] ----------
[2020-09-17 21:27:53,504][trainer.py][INFO] Epoch 10/29
[2020-09-17 21:27:53,504][trainer.py][INFO] learning rate:2.7776311350979913e-10
[2020-09-17 21:27:53,504][trainer.py][INFO] ----------
[2020-09-17 21:27:56,840][trainer.py][INFO]  Epoch:10(1/842) loss:0.203 
[2020-09-17 21:29:13,165][trainer.py][INFO]  Epoch:10(101/842) loss:0.214 
[2020-09-17 21:30:29,672][trainer.py][INFO]  Epoch:10(201/842) loss:0.194 
[2020-09-17 21:31:46,941][trainer.py][INFO]  Epoch:10(301/842) loss:0.314 
[2020-09-17 21:33:03,788][trainer.py][INFO]  Epoch:10(401/842) loss:0.162 
[2020-09-17 21:34:19,816][trainer.py][INFO]  Epoch:10(501/842) loss:0.326 
[2020-09-17 21:35:36,676][trainer.py][INFO]  Epoch:10(601/842) loss:0.244 
[2020-09-17 21:36:52,514][trainer.py][INFO]  Epoch:10(701/842) loss:0.368 
[2020-09-17 21:38:08,205][trainer.py][INFO]  Epoch:10(801/842) loss:0.291 
[2020-09-17 21:38:39,420][trainer.py][INFO]  Epoch:10(843/842) loss:0.822 
[2020-09-17 21:42:21,529][trainer.py][INFO] 各类单独F1:{'畅通': 0.8508143322475571, '缓行': 0.09045226130653267, '拥堵': 0.6080206985769728, '封闭': 0.8915662650602411}  各类F加权:0.6422046010832505
[2020-09-17 21:42:21,529][trainer.py][INFO] val_size: 3349  valLoss: 0.4965 valAcc: 0.8164
[2020-09-17 21:42:21,532][trainer.py][INFO] Epoch:[10/29] Loss=0.31363  Acc=0.832 Epoch_Time:10.773309787114462 min: ETA: 3.591103262371487 hours
[2020-09-17 21:42:22,247][trainer.py][INFO] ----------
[2020-09-17 21:42:22,248][trainer.py][INFO] Epoch 11/29
[2020-09-17 21:42:22,248][trainer.py][INFO] learning rate:0.001809454867325235
[2020-09-17 21:42:22,248][trainer.py][INFO] ----------
[2020-09-17 21:42:25,623][trainer.py][INFO]  Epoch:11(1/842) loss:0.520 
[2020-09-17 21:43:41,231][trainer.py][INFO]  Epoch:11(101/842) loss:0.527 
[2020-09-17 21:44:56,981][trainer.py][INFO]  Epoch:11(201/842) loss:0.427 
[2020-09-17 21:46:13,863][trainer.py][INFO]  Epoch:11(301/842) loss:0.233 
[2020-09-17 21:47:30,570][trainer.py][INFO]  Epoch:11(401/842) loss:0.126 
[2020-09-17 21:48:46,111][trainer.py][INFO]  Epoch:11(501/842) loss:0.405 
[2020-09-17 21:50:01,643][trainer.py][INFO]  Epoch:11(601/842) loss:0.260 
[2020-09-17 21:51:17,064][trainer.py][INFO]  Epoch:11(701/842) loss:0.171 
[2020-09-17 21:52:32,443][trainer.py][INFO]  Epoch:11(801/842) loss:0.360 
[2020-09-17 21:53:03,730][trainer.py][INFO]  Epoch:11(843/842) loss:0.230 
[2020-09-17 21:56:51,172][trainer.py][INFO] 各类单独F1:{'畅通': 0.8248587570621468, '缓行': 0.1352657004830918, '拥堵': 0.581218274111675, '封闭': 0.8343265792610249}  各类F加权:0.6176351297407455
[2020-09-17 21:56:51,173][trainer.py][INFO] val_size: 3349  valLoss: 0.6303 valAcc: 0.7784
[2020-09-17 21:56:51,176][trainer.py][INFO] Epoch:[11/29] Loss=0.29145  Acc=0.846 Epoch_Time:10.700183296203614 min: ETA: 3.388391377131144 hours
[2020-09-17 21:56:51,446][trainer.py][INFO] ----------
[2020-09-17 21:56:51,446][trainer.py][INFO] Epoch 12/29
[2020-09-17 21:56:51,446][trainer.py][INFO] learning rate:0.0013097257654543803
[2020-09-17 21:56:51,446][trainer.py][INFO] ----------
[2020-09-17 21:56:56,103][trainer.py][INFO]  Epoch:12(1/842) loss:0.591 
[2020-09-17 21:58:12,526][trainer.py][INFO]  Epoch:12(101/842) loss:0.241 
[2020-09-17 21:59:28,840][trainer.py][INFO]  Epoch:12(201/842) loss:0.522 
[2020-09-17 22:00:45,378][trainer.py][INFO]  Epoch:12(301/842) loss:0.101 
[2020-09-17 22:02:00,558][trainer.py][INFO]  Epoch:12(401/842) loss:0.287 
[2020-09-17 22:03:15,910][trainer.py][INFO]  Epoch:12(501/842) loss:0.262 
[2020-09-17 22:04:31,971][trainer.py][INFO]  Epoch:12(601/842) loss:0.254 
[2020-09-17 22:05:47,077][trainer.py][INFO]  Epoch:12(701/842) loss:0.338 
[2020-09-17 22:07:02,502][trainer.py][INFO]  Epoch:12(801/842) loss:0.295 
[2020-09-17 22:07:34,225][trainer.py][INFO]  Epoch:12(843/842) loss:0.030 
[2020-09-17 22:11:21,205][trainer.py][INFO] 各类单独F1:{'畅通': 0.8726884779516358, '缓行': 0.1188118811881188, '拥堵': 0.5912240184757506, '封闭': 0.9545777146912704}  各类F加权:0.6702295154520207
[2020-09-17 22:11:21,206][trainer.py][INFO] val_size: 3349  valLoss: 0.4076 valAcc: 0.8480
[2020-09-17 22:11:21,210][trainer.py][INFO] Epoch:[12/29] Loss=0.25726  Acc=0.865 Epoch_Time:10.713642950852712 min: ETA: 3.2140928852558135 hours
[2020-09-17 22:11:21,448][trainer.py][INFO] ----------
[2020-09-17 22:11:21,448][trainer.py][INFO] Epoch 13/29
[2020-09-17 22:11:21,448][trainer.py][INFO] learning rate:0.0006916919483715306
[2020-09-17 22:11:21,448][trainer.py][INFO] ----------
[2020-09-17 22:11:25,874][trainer.py][INFO]  Epoch:13(1/842) loss:0.367 
[2020-09-17 22:12:41,534][trainer.py][INFO]  Epoch:13(101/842) loss:0.276 
[2020-09-17 22:13:56,056][trainer.py][INFO]  Epoch:13(201/842) loss:0.266 
[2020-09-17 22:15:11,562][trainer.py][INFO]  Epoch:13(301/842) loss:0.443 
[2020-09-17 22:16:26,526][trainer.py][INFO]  Epoch:13(401/842) loss:0.277 
[2020-09-17 22:17:41,494][trainer.py][INFO]  Epoch:13(501/842) loss:0.240 
[2020-09-17 22:18:57,960][trainer.py][INFO]  Epoch:13(601/842) loss:0.065 
[2020-09-17 22:20:15,340][trainer.py][INFO]  Epoch:13(701/842) loss:0.329 
[2020-09-17 22:21:35,081][trainer.py][INFO]  Epoch:13(801/842) loss:0.022 
[2020-09-17 22:22:07,366][trainer.py][INFO]  Epoch:13(843/842) loss:0.272 
[2020-09-17 22:25:46,925][trainer.py][INFO] 各类单独F1:{'畅通': 0.8411214953271029, '缓行': 0.21145374449339208, '拥堵': 0.6113416320885201, '封闭': 0.8914933837429111}  各类F加权:0.6664027415551093
[2020-09-17 22:25:46,926][trainer.py][INFO] val_size: 3349  valLoss: 0.5344 valAcc: 0.8149
[2020-09-17 22:25:46,930][trainer.py][INFO] Epoch:[13/29] Loss=0.22687  Acc=0.879 Epoch_Time:10.765986879666647 min: ETA: 3.0503629492388833 hours
[2020-09-17 22:25:47,182][trainer.py][INFO] ----------
[2020-09-17 22:25:47,182][trainer.py][INFO] Epoch 14/29
[2020-09-17 22:25:47,182][trainer.py][INFO] learning rate:0.0001914213280054987
[2020-09-17 22:25:47,182][trainer.py][INFO] ----------
[2020-09-17 22:25:51,561][trainer.py][INFO]  Epoch:14(1/842) loss:0.071 
[2020-09-17 22:27:06,700][trainer.py][INFO]  Epoch:14(101/842) loss:0.085 
[2020-09-17 22:28:21,783][trainer.py][INFO]  Epoch:14(201/842) loss:0.208 
[2020-09-17 22:29:36,341][trainer.py][INFO]  Epoch:14(301/842) loss:0.288 
[2020-09-17 22:30:51,829][trainer.py][INFO]  Epoch:14(401/842) loss:0.521 
[2020-09-17 22:32:07,073][trainer.py][INFO]  Epoch:14(501/842) loss:0.204 
[2020-09-17 22:33:23,035][trainer.py][INFO]  Epoch:14(601/842) loss:0.148 
[2020-09-17 22:34:39,314][trainer.py][INFO]  Epoch:14(701/842) loss:0.396 
[2020-09-17 22:35:55,679][trainer.py][INFO]  Epoch:14(801/842) loss:0.225 
[2020-09-17 22:36:27,129][trainer.py][INFO]  Epoch:14(843/842) loss:0.146 
[2020-09-17 22:40:10,179][trainer.py][INFO] 各类单独F1:{'畅通': 0.8533872598584429, '缓行': 0.2060085836909871, '拥堵': 0.5989717223650385, '封闭': 0.9198529411764707}  各类F加权:0.6741731359041415
[2020-09-17 22:40:10,179][trainer.py][INFO] val_size: 3349  valLoss: 0.4811 valAcc: 0.8283
[2020-09-17 22:40:10,184][trainer.py][INFO] Epoch:[14/29] Loss=0.21606  Acc=0.884 Epoch_Time:10.666449666023254 min: ETA: 2.844386577606201 hours
[2020-09-17 22:40:10,417][trainer.py][INFO] ----------
[2020-09-17 22:40:10,417][trainer.py][INFO] Epoch 15/29
[2020-09-17 22:40:10,417][trainer.py][INFO] learning rate:2.7776311350979913e-10
[2020-09-17 22:40:10,417][trainer.py][INFO] ----------
[2020-09-17 22:40:14,478][trainer.py][INFO]  Epoch:15(1/842) loss:0.173 
[2020-09-17 22:41:30,128][trainer.py][INFO]  Epoch:15(101/842) loss:0.110 
[2020-09-17 22:42:45,530][trainer.py][INFO]  Epoch:15(201/842) loss:0.243 
[2020-09-17 22:44:00,823][trainer.py][INFO]  Epoch:15(301/842) loss:0.449 
[2020-09-17 22:45:16,389][trainer.py][INFO]  Epoch:15(401/842) loss:0.282 
[2020-09-17 22:46:31,912][trainer.py][INFO]  Epoch:15(501/842) loss:0.115 
[2020-09-17 22:47:47,448][trainer.py][INFO]  Epoch:15(601/842) loss:0.268 
[2020-09-17 22:49:02,530][trainer.py][INFO]  Epoch:15(701/842) loss:0.123 
[2020-09-17 22:50:17,741][trainer.py][INFO]  Epoch:15(801/842) loss:0.153 
[2020-09-17 22:50:49,205][trainer.py][INFO]  Epoch:15(843/842) loss:0.389 
[2020-09-17 22:54:43,061][trainer.py][INFO] 各类单独F1:{'畅通': 0.8314259201979586, '缓行': 0.14492753623188406, '拥堵': 0.6149341142020498, '封闭': 0.8613592233009708}  各类F加权:0.641152022847176
[2020-09-17 22:54:43,062][trainer.py][INFO] val_size: 3349  valLoss: 0.5958 valAcc: 0.7996
[2020-09-17 22:54:43,068][trainer.py][INFO] Epoch:[15/29] Loss=0.27933  Acc=0.853 Epoch_Time:10.647152133782704 min: ETA: 2.661788033445676 hours
[2020-09-17 22:54:43,318][trainer.py][INFO] ----------
[2020-09-17 22:54:43,319][trainer.py][INFO] Epoch 16/29
[2020-09-17 22:54:43,319][trainer.py][INFO] learning rate:0.001809454867325235
[2020-09-17 22:54:43,319][trainer.py][INFO] ----------
[2020-09-17 22:54:47,377][trainer.py][INFO]  Epoch:16(1/842) loss:0.251 
[2020-09-17 22:56:02,117][trainer.py][INFO]  Epoch:16(101/842) loss:0.364 
[2020-09-17 22:57:16,136][trainer.py][INFO]  Epoch:16(201/842) loss:0.339 
[2020-09-17 22:58:30,514][trainer.py][INFO]  Epoch:16(301/842) loss:0.406 
[2020-09-17 22:59:45,345][trainer.py][INFO]  Epoch:16(401/842) loss:0.190 
[2020-09-17 23:00:59,436][trainer.py][INFO]  Epoch:16(501/842) loss:0.089 
[2020-09-17 23:02:13,991][trainer.py][INFO]  Epoch:16(601/842) loss:0.265 
[2020-09-17 23:03:29,597][trainer.py][INFO]  Epoch:16(701/842) loss:0.147 
[2020-09-17 23:04:44,406][trainer.py][INFO]  Epoch:16(801/842) loss:0.309 
[2020-09-17 23:05:15,473][trainer.py][INFO]  Epoch:16(843/842) loss:0.203 
[2020-09-17 23:08:59,694][trainer.py][INFO] 各类单独F1:{'畅通': 0.8317659352142112, '缓行': 0.19591836734693877, '拥堵': 0.5333333333333333, '封闭': 0.8906485671191554}  各类F加权:0.6386196938384711
[2020-09-17 23:08:59,694][trainer.py][INFO] val_size: 3349  valLoss: 0.6232 valAcc: 0.7904
[2020-09-17 23:08:59,697][trainer.py][INFO] Epoch:[16/29] Loss=0.25601  Acc=0.864 Epoch_Time:10.536582112312317 min: ETA: 2.4585358262062074 hours
[2020-09-17 23:08:59,962][trainer.py][INFO] ----------
[2020-09-17 23:08:59,962][trainer.py][INFO] Epoch 17/29
[2020-09-17 23:08:59,962][trainer.py][INFO] learning rate:0.0013097257654543792
[2020-09-17 23:08:59,962][trainer.py][INFO] ----------
[2020-09-17 23:09:03,263][trainer.py][INFO]  Epoch:17(1/842) loss:0.203 
[2020-09-17 23:10:17,574][trainer.py][INFO]  Epoch:17(101/842) loss:0.094 
[2020-09-17 23:11:31,479][trainer.py][INFO]  Epoch:17(201/842) loss:0.164 
[2020-09-17 23:12:45,912][trainer.py][INFO]  Epoch:17(301/842) loss:0.203 
[2020-09-17 23:13:59,970][trainer.py][INFO]  Epoch:17(401/842) loss:0.195 
[2020-09-17 23:15:13,699][trainer.py][INFO]  Epoch:17(501/842) loss:0.100 
[2020-09-17 23:16:28,413][trainer.py][INFO]  Epoch:17(601/842) loss:0.075 
[2020-09-17 23:17:42,537][trainer.py][INFO]  Epoch:17(701/842) loss:0.293 
[2020-09-17 23:18:57,645][trainer.py][INFO]  Epoch:17(801/842) loss:0.262 
[2020-09-17 23:19:28,338][trainer.py][INFO]  Epoch:17(843/842) loss:0.177 
[2020-09-17 23:23:15,315][trainer.py][INFO] 各类单独F1:{'畅通': 0.8828956706884316, '缓行': 0.2815884476534296, '拥堵': 0.5733333333333334, '封闭': 0.9660007010164738}  各类F加权:0.7030075370061186
[2020-09-17 23:23:15,315][trainer.py][INFO] val_size: 3349  valLoss: 0.3896 valAcc: 0.8588
[2020-09-17 23:23:15,318][trainer.py][INFO] Epoch:[17/29] Loss=0.21431  Acc=0.887 Epoch_Time:10.47357322772344 min: ETA: 2.2692741993400785 hours
[2020-09-17 23:23:15,580][trainer.py][INFO] ----------
[2020-09-17 23:23:15,580][trainer.py][INFO] Epoch 18/29
[2020-09-17 23:23:15,580][trainer.py][INFO] learning rate:0.0006916919483715293
[2020-09-17 23:23:15,580][trainer.py][INFO] ----------
[2020-09-17 23:23:19,800][trainer.py][INFO]  Epoch:18(1/842) loss:0.207 
[2020-09-17 23:24:34,573][trainer.py][INFO]  Epoch:18(101/842) loss:0.037 
[2020-09-17 23:25:48,841][trainer.py][INFO]  Epoch:18(201/842) loss:0.246 
[2020-09-17 23:27:03,429][trainer.py][INFO]  Epoch:18(301/842) loss:0.077 
[2020-09-17 23:28:18,023][trainer.py][INFO]  Epoch:18(401/842) loss:0.058 
[2020-09-17 23:29:32,905][trainer.py][INFO]  Epoch:18(501/842) loss:0.040 
[2020-09-17 23:30:49,158][trainer.py][INFO]  Epoch:18(601/842) loss:0.221 
[2020-09-17 23:32:04,263][trainer.py][INFO]  Epoch:18(701/842) loss:0.083 
[2020-09-17 23:33:18,847][trainer.py][INFO]  Epoch:18(801/842) loss:0.447 
[2020-09-17 23:33:49,793][trainer.py][INFO]  Epoch:18(843/842) loss:0.042 
[2020-09-17 23:37:25,863][trainer.py][INFO] 各类单独F1:{'畅通': 0.8788083953960731, '缓行': 0.30864197530864196, '拥堵': 0.564516129032258, '封闭': 0.9485714285714285}  各类F加权:0.6983926447395845
[2020-09-17 23:37:25,867][trainer.py][INFO] val_size: 3349  valLoss: 0.4366 valAcc: 0.8513
[2020-09-17 23:37:25,871][trainer.py][INFO] Epoch:[18/29] Loss=0.17982  Acc=0.903 Epoch_Time:10.571049869060516 min: ETA: 2.114209973812103 hours
[2020-09-17 23:37:26,143][trainer.py][INFO] ----------
[2020-09-17 23:37:26,143][trainer.py][INFO] Epoch 19/29
[2020-09-17 23:37:26,143][trainer.py][INFO] learning rate:0.00019142132800549795
[2020-09-17 23:37:26,143][trainer.py][INFO] ----------
[2020-09-17 23:37:30,022][trainer.py][INFO]  Epoch:19(1/842) loss:0.141 
[2020-09-17 23:38:46,273][trainer.py][INFO]  Epoch:19(101/842) loss:0.122 
[2020-09-17 23:40:01,468][trainer.py][INFO]  Epoch:19(201/842) loss:0.734 
[2020-09-17 23:41:15,992][trainer.py][INFO]  Epoch:19(301/842) loss:0.341 
[2020-09-17 23:42:31,296][trainer.py][INFO]  Epoch:19(401/842) loss:0.410 
[2020-09-17 23:43:45,739][trainer.py][INFO]  Epoch:19(501/842) loss:0.331 
[2020-09-17 23:45:00,139][trainer.py][INFO]  Epoch:19(601/842) loss:0.224 
[2020-09-17 23:46:14,348][trainer.py][INFO]  Epoch:19(701/842) loss:0.141 
[2020-09-17 23:47:29,640][trainer.py][INFO]  Epoch:19(801/842) loss:0.149 
[2020-09-17 23:48:00,780][trainer.py][INFO]  Epoch:19(843/842) loss:0.187 
[2020-09-17 23:51:35,901][trainer.py][INFO] 各类单独F1:{'畅通': 0.8735945485519592, '缓行': 0.259927797833935, '拥堵': 0.5783475783475783, '封闭': 0.9432471264367817}  各类F加权:0.6901481385009691
[2020-09-17 23:51:35,901][trainer.py][INFO] val_size: 3349  valLoss: 0.4752 valAcc: 0.8462
[2020-09-17 23:51:35,904][trainer.py][INFO] Epoch:[19/29] Loss=0.17189  Acc=0.910 Epoch_Time:10.57821078300476 min: ETA: 1.9393386435508728 hours
[2020-09-17 23:51:36,118][trainer.py][INFO] ----------
[2020-09-17 23:51:36,119][trainer.py][INFO] Epoch 20/29
[2020-09-17 23:51:36,119][trainer.py][INFO] learning rate:2.7776311350979913e-10
[2020-09-17 23:51:36,119][trainer.py][INFO] ----------
[2020-09-17 23:51:39,070][trainer.py][INFO]  Epoch:20(1/842) loss:0.279 
[2020-09-17 23:52:54,220][trainer.py][INFO]  Epoch:20(101/842) loss:0.255 
[2020-09-17 23:54:09,276][trainer.py][INFO]  Epoch:20(201/842) loss:0.457 
[2020-09-17 23:55:24,255][trainer.py][INFO]  Epoch:20(301/842) loss:0.236 
[2020-09-17 23:56:40,059][trainer.py][INFO]  Epoch:20(401/842) loss:0.167 
[2020-09-17 23:57:54,843][trainer.py][INFO]  Epoch:20(501/842) loss:0.096 
[2020-09-17 23:59:10,024][trainer.py][INFO]  Epoch:20(601/842) loss:0.483 
[2020-09-18 00:00:24,528][trainer.py][INFO]  Epoch:20(701/842) loss:0.156 
[2020-09-18 00:01:40,371][trainer.py][INFO]  Epoch:20(801/842) loss:0.277 
[2020-09-18 00:02:10,620][trainer.py][INFO]  Epoch:20(843/842) loss:0.549 
[2020-09-18 00:05:51,031][trainer.py][INFO] 各类单独F1:{'畅通': 0.8426717315606205, '缓行': 0.19047619047619047, '拥堵': 0.5945945945945946, '封闭': 0.886449659348978}  各类F加权:0.6553206533692697
[2020-09-18 00:05:51,032][trainer.py][INFO] val_size: 3349  valLoss: 0.6302 valAcc: 0.8128
[2020-09-18 00:05:51,035][trainer.py][INFO] Epoch:[20/29] Loss=0.23197  Acc=0.877 Epoch_Time:10.575674347082774 min: ETA: 1.7626123911804623 hours
[2020-09-18 00:05:51,252][trainer.py][INFO] ----------
[2020-09-18 00:05:51,252][trainer.py][INFO] Epoch 21/29
[2020-09-18 00:05:51,252][trainer.py][INFO] learning rate:0.0018094548673252345
[2020-09-18 00:05:51,252][trainer.py][INFO] ----------
[2020-09-18 00:05:54,531][trainer.py][INFO]  Epoch:21(1/842) loss:0.061 
[2020-09-18 00:07:08,733][trainer.py][INFO]  Epoch:21(101/842) loss:0.237 
[2020-09-18 00:08:24,044][trainer.py][INFO]  Epoch:21(201/842) loss:0.416 
[2020-09-18 00:09:39,508][trainer.py][INFO]  Epoch:21(301/842) loss:0.050 
[2020-09-18 00:10:53,953][trainer.py][INFO]  Epoch:21(401/842) loss:0.242 
[2020-09-18 00:12:08,971][trainer.py][INFO]  Epoch:21(501/842) loss:0.090 
[2020-09-18 00:13:24,134][trainer.py][INFO]  Epoch:21(601/842) loss:0.126 
[2020-09-18 00:14:39,104][trainer.py][INFO]  Epoch:21(701/842) loss:0.087 
[2020-09-18 00:15:53,901][trainer.py][INFO]  Epoch:21(801/842) loss:0.165 
[2020-09-18 00:16:25,077][trainer.py][INFO]  Epoch:21(843/842) loss:0.728 
[2020-09-18 00:20:03,624][trainer.py][INFO] 各类单独F1:{'畅通': 0.8185030517185993, '缓行': 0.19531250000000003, '拥堵': 0.5714285714285714, '封闭': 0.8463654223968566}  各类F加权:0.630887545559174
[2020-09-18 00:20:03,624][trainer.py][INFO] val_size: 3349  valLoss: 0.6842 valAcc: 0.7764
[2020-09-18 00:20:03,627][trainer.py][INFO] Epoch:[21/29] Loss=0.21634  Acc=0.884 Epoch_Time:10.564433487256368 min: ETA: 1.5846650230884551 hours
[2020-09-18 00:20:03,840][trainer.py][INFO] ----------
[2020-09-18 00:20:03,840][trainer.py][INFO] Epoch 22/29
[2020-09-18 00:20:03,841][trainer.py][INFO] learning rate:0.0013097257654543792
[2020-09-18 00:20:03,841][trainer.py][INFO] ----------
[2020-09-18 00:20:07,762][trainer.py][INFO]  Epoch:22(1/842) loss:0.141 
[2020-09-18 00:21:22,344][trainer.py][INFO]  Epoch:22(101/842) loss:0.292 
[2020-09-18 00:22:37,199][trainer.py][INFO]  Epoch:22(201/842) loss:0.049 
[2020-09-18 00:23:51,814][trainer.py][INFO]  Epoch:22(301/842) loss:0.131 
[2020-09-18 00:25:06,690][trainer.py][INFO]  Epoch:22(401/842) loss:0.143 
[2020-09-18 00:26:21,629][trainer.py][INFO]  Epoch:22(501/842) loss:0.264 
[2020-09-18 00:27:36,254][trainer.py][INFO]  Epoch:22(601/842) loss:0.202 
[2020-09-18 00:28:51,056][trainer.py][INFO]  Epoch:22(701/842) loss:0.376 
[2020-09-18 00:30:05,590][trainer.py][INFO]  Epoch:22(801/842) loss:0.417 
[2020-09-18 00:30:36,661][trainer.py][INFO]  Epoch:22(843/842) loss:0.001 
[2020-09-18 00:34:21,051][trainer.py][INFO] 各类单独F1:{'畅通': 0.8582549464807006, '缓行': 0.2134387351778656, '拥堵': 0.6175115207373272, '封闭': 0.914791589819255}  各类F加权:0.6796833338325434
[2020-09-18 00:34:21,052][trainer.py][INFO] val_size: 3349  valLoss: 0.5871 valAcc: 0.8334
[2020-09-18 00:34:21,056][trainer.py][INFO] Epoch:[22/29] Loss=0.18286  Acc=0.903 Epoch_Time:10.54764765103658 min: ETA: 1.4063530201382106 hours
[2020-09-18 00:34:21,350][trainer.py][INFO] ----------
[2020-09-18 00:34:21,350][trainer.py][INFO] Epoch 23/29
[2020-09-18 00:34:21,350][trainer.py][INFO] learning rate:0.0006916919483715293
[2020-09-18 00:34:21,351][trainer.py][INFO] ----------
[2020-09-18 00:34:25,050][trainer.py][INFO]  Epoch:23(1/842) loss:0.036 
[2020-09-18 00:35:41,420][trainer.py][INFO]  Epoch:23(101/842) loss:0.143 
[2020-09-18 00:36:57,902][trainer.py][INFO]  Epoch:23(201/842) loss:0.031 
[2020-09-18 00:38:13,601][trainer.py][INFO]  Epoch:23(301/842) loss:0.139 
[2020-09-18 00:39:30,777][trainer.py][INFO]  Epoch:23(401/842) loss:0.127 
[2020-09-18 00:40:50,013][trainer.py][INFO]  Epoch:23(501/842) loss:0.115 
[2020-09-18 00:42:09,509][trainer.py][INFO]  Epoch:23(601/842) loss:0.102 
[2020-09-18 00:43:25,029][trainer.py][INFO]  Epoch:23(701/842) loss:0.105 
[2020-09-18 00:44:41,187][trainer.py][INFO]  Epoch:23(801/842) loss:0.205 
[2020-09-18 00:45:12,628][trainer.py][INFO]  Epoch:23(843/842) loss:0.167 
[2020-09-18 00:48:57,419][trainer.py][INFO] 各类单独F1:{'畅通': 0.8650265957446808, '缓行': 0.22302158273381295, '拥堵': 0.5985185185185186, '封闭': 0.9258312020460359}  各类F加权:0.6809950124952007
[2020-09-18 00:48:57,419][trainer.py][INFO] val_size: 3349  valLoss: 0.5849 valAcc: 0.8364
[2020-09-18 00:48:57,422][trainer.py][INFO] Epoch:[23/29] Loss=0.15108  Acc=0.919 Epoch_Time:10.855827363332113 min: ETA: 1.2665131923887465 hours
[2020-09-18 00:48:57,648][trainer.py][INFO] ----------
[2020-09-18 00:48:57,648][trainer.py][INFO] Epoch 24/29
[2020-09-18 00:48:57,648][trainer.py][INFO] learning rate:0.00019142132800549795
[2020-09-18 00:48:57,648][trainer.py][INFO] ----------
[2020-09-18 00:49:02,232][trainer.py][INFO]  Epoch:24(1/842) loss:0.009 
[2020-09-18 00:50:18,219][trainer.py][INFO]  Epoch:24(101/842) loss:0.050 
[2020-09-18 00:51:34,682][trainer.py][INFO]  Epoch:24(201/842) loss:0.026 
[2020-09-18 00:52:49,750][trainer.py][INFO]  Epoch:24(301/842) loss:0.171 
[2020-09-18 00:54:05,866][trainer.py][INFO]  Epoch:24(401/842) loss:0.065 
[2020-09-18 00:55:22,787][trainer.py][INFO]  Epoch:24(501/842) loss:0.101 
[2020-09-18 00:56:42,198][trainer.py][INFO]  Epoch:24(601/842) loss:0.564 
[2020-09-18 00:58:03,825][trainer.py][INFO]  Epoch:24(701/842) loss:0.161 
[2020-09-18 00:59:20,410][trainer.py][INFO]  Epoch:24(801/842) loss:0.269 
[2020-09-18 00:59:56,934][trainer.py][INFO]  Epoch:24(843/842) loss:0.747 
[2020-09-18 01:03:31,234][trainer.py][INFO] 各类单独F1:{'畅通': 0.871777703381319, '缓行': 0.21722846441947566, '拥堵': 0.6045112781954888, '封闭': 0.939906441165887}  各类F加权:0.6879394231470284
[2020-09-18 01:03:31,234][trainer.py][INFO] val_size: 3349  valLoss: 0.5539 valAcc: 0.8474
[2020-09-18 01:03:31,237][trainer.py][INFO] Epoch:[24/29] Loss=0.12946  Acc=0.931 Epoch_Time:10.988779330253601 min: ETA: 1.0988779330253602 hours
[2020-09-18 01:03:31,460][trainer.py][INFO] ----------
[2020-09-18 01:03:31,460][trainer.py][INFO] Epoch 25/29
[2020-09-18 01:03:31,460][trainer.py][INFO] learning rate:2.7776311350979913e-10
[2020-09-18 01:03:31,460][trainer.py][INFO] ----------
[2020-09-18 01:03:36,282][trainer.py][INFO]  Epoch:25(1/842) loss:0.024 
[2020-09-18 01:04:53,576][trainer.py][INFO]  Epoch:25(101/842) loss:0.270 
[2020-09-18 01:06:12,793][trainer.py][INFO]  Epoch:25(201/842) loss:0.174 
[2020-09-18 01:07:32,136][trainer.py][INFO]  Epoch:25(301/842) loss:0.163 
[2020-09-18 01:08:50,341][trainer.py][INFO]  Epoch:25(401/842) loss:0.394 
[2020-09-18 01:10:06,214][trainer.py][INFO]  Epoch:25(501/842) loss:0.187 
[2020-09-18 01:11:27,013][trainer.py][INFO]  Epoch:25(601/842) loss:0.294 
[2020-09-18 01:12:46,590][trainer.py][INFO]  Epoch:25(701/842) loss:0.265 
[2020-09-18 01:14:04,153][trainer.py][INFO]  Epoch:25(801/842) loss:0.456 
[2020-09-18 01:14:35,608][trainer.py][INFO]  Epoch:25(843/842) loss:0.023 
[2020-09-18 01:18:17,156][trainer.py][INFO] 各类单独F1:{'畅通': 0.8519012675116745, '缓行': 0.17699115044247787, '拥堵': 0.5747422680412371, '封闭': 0.9103039288361748}  各类F加权:0.6571326087865041
[2020-09-18 01:18:17,157][trainer.py][INFO] val_size: 3349  valLoss: 0.6462 valAcc: 0.8205
[2020-09-18 01:18:17,160][trainer.py][INFO] Epoch:[25/29] Loss=0.20290  Acc=0.889 Epoch_Time:11.069815961519877 min: ETA: 0.9224846634599898 hours
[2020-09-18 01:18:17,392][trainer.py][INFO] ----------
[2020-09-18 01:18:17,392][trainer.py][INFO] Epoch 26/29
[2020-09-18 01:18:17,392][trainer.py][INFO] learning rate:0.0018094548673252345
[2020-09-18 01:18:17,392][trainer.py][INFO] ----------
[2020-09-18 01:18:22,609][trainer.py][INFO]  Epoch:26(1/842) loss:0.052 
[2020-09-18 01:19:40,586][trainer.py][INFO]  Epoch:26(101/842) loss:0.136 
[2020-09-18 01:20:57,615][trainer.py][INFO]  Epoch:26(201/842) loss:0.199 
[2020-09-18 01:22:14,354][trainer.py][INFO]  Epoch:26(301/842) loss:0.346 
[2020-09-18 01:23:32,524][trainer.py][INFO]  Epoch:26(401/842) loss:0.091 
[2020-09-18 01:24:54,350][trainer.py][INFO]  Epoch:26(501/842) loss:0.015 
[2020-09-18 01:26:12,136][trainer.py][INFO]  Epoch:26(601/842) loss:0.093 
[2020-09-18 01:27:31,806][trainer.py][INFO]  Epoch:26(701/842) loss:0.115 
[2020-09-18 01:28:51,608][trainer.py][INFO]  Epoch:26(801/842) loss:0.026 
[2020-09-18 01:29:24,516][trainer.py][INFO]  Epoch:26(843/842) loss:0.703 
[2020-09-18 01:33:01,941][trainer.py][INFO] 各类单独F1:{'畅通': 0.800268997982515, '缓行': 0.23384615384615387, '拥堵': 0.538647342995169, '封闭': 0.8588098016336054}  各类F加权:0.6319142541194751
[2020-09-18 01:33:01,942][trainer.py][INFO] val_size: 3349  valLoss: 0.8389 valAcc: 0.7629
[2020-09-18 01:33:01,944][trainer.py][INFO] Epoch:[26/29] Loss=0.17724  Acc=0.905 Epoch_Time:11.119360363483429 min: ETA: 0.7412906908988952 hours
[2020-09-18 01:33:02,192][trainer.py][INFO] ----------
[2020-09-18 01:33:02,193][trainer.py][INFO] Epoch 27/29
[2020-09-18 01:33:02,193][trainer.py][INFO] learning rate:0.0013097257654543792
[2020-09-18 01:33:02,193][trainer.py][INFO] ----------
[2020-09-18 01:33:05,472][trainer.py][INFO]  Epoch:27(1/842) loss:0.033 
[2020-09-18 01:34:25,450][trainer.py][INFO]  Epoch:27(101/842) loss:0.428 
[2020-09-18 01:35:42,974][trainer.py][INFO]  Epoch:27(201/842) loss:0.161 
[2020-09-18 01:37:00,695][trainer.py][INFO]  Epoch:27(301/842) loss:0.232 
[2020-09-18 01:38:18,075][trainer.py][INFO]  Epoch:27(401/842) loss:0.140 
[2020-09-18 01:39:35,178][trainer.py][INFO]  Epoch:27(501/842) loss:0.176 
[2020-09-18 01:40:53,000][trainer.py][INFO]  Epoch:27(601/842) loss:0.081 
[2020-09-18 01:42:10,249][trainer.py][INFO]  Epoch:27(701/842) loss:0.128 
[2020-09-18 01:43:29,878][trainer.py][INFO]  Epoch:27(801/842) loss:0.176 
[2020-09-18 01:44:02,687][trainer.py][INFO]  Epoch:27(843/842) loss:0.007 
[2020-09-18 01:47:52,297][trainer.py][INFO] 各类单独F1:{'畅通': 0.8816979819067502, '缓行': 0.24806201550387594, '拥堵': 0.6124137931034482, '封闭': 0.9588173178458289}  各类F加权:0.7050332663608163
[2020-09-18 01:47:52,297][trainer.py][INFO] val_size: 3349  valLoss: 0.5204 valAcc: 0.8609
[2020-09-18 01:47:52,301][trainer.py][INFO] Epoch:[27/29] Loss=0.15576  Acc=0.914 Epoch_Time:11.009295658270519 min: ETA: 0.5504647829135259 hours
[2020-09-18 01:47:52,546][trainer.py][INFO] ----------
[2020-09-18 01:47:52,547][trainer.py][INFO] Epoch 28/29
[2020-09-18 01:47:52,549][trainer.py][INFO] learning rate:0.0006916919483715293
[2020-09-18 01:47:52,549][trainer.py][INFO] ----------
[2020-09-18 01:47:57,858][trainer.py][INFO]  Epoch:28(1/842) loss:0.052 
[2020-09-18 01:49:16,323][trainer.py][INFO]  Epoch:28(101/842) loss:0.071 
[2020-09-18 01:50:35,901][trainer.py][INFO]  Epoch:28(201/842) loss:0.215 
[2020-09-18 01:51:53,885][trainer.py][INFO]  Epoch:28(301/842) loss:0.101 
[2020-09-18 01:53:10,396][trainer.py][INFO]  Epoch:28(401/842) loss:0.023 
[2020-09-18 01:54:27,622][trainer.py][INFO]  Epoch:28(501/842) loss:0.181 
[2020-09-18 01:55:44,901][trainer.py][INFO]  Epoch:28(601/842) loss:0.069 
[2020-09-18 01:57:02,856][trainer.py][INFO]  Epoch:28(701/842) loss:0.037 
[2020-09-18 01:58:20,154][trainer.py][INFO]  Epoch:28(801/842) loss:0.083 
[2020-09-18 01:58:52,233][trainer.py][INFO]  Epoch:28(843/842) loss:0.006 
[2020-09-18 02:02:38,042][trainer.py][INFO] 各类单独F1:{'畅通': 0.8618266978922716, '缓行': 0.21224489795918366, '拥堵': 0.6138613861386139, '封闭': 0.9299963728690605}  各类F加权:0.6847886143702723
[2020-09-18 02:02:38,042][trainer.py][INFO] val_size: 3349  valLoss: 0.6505 valAcc: 0.8400
[2020-09-18 02:02:38,045][trainer.py][INFO] Epoch:[28/29] Loss=0.12410  Acc=0.936 Epoch_Time:10.995514150460561 min: ETA: 0.3665171383486854 hours
[2020-09-18 02:02:38,256][trainer.py][INFO] ----------
[2020-09-18 02:02:38,256][trainer.py][INFO] Epoch 29/29
[2020-09-18 02:02:38,256][trainer.py][INFO] learning rate:0.00019142132800549795
[2020-09-18 02:02:38,256][trainer.py][INFO] ----------
[2020-09-18 02:02:42,827][trainer.py][INFO]  Epoch:29(1/842) loss:0.205 
[2020-09-18 02:04:01,284][trainer.py][INFO]  Epoch:29(101/842) loss:0.144 
[2020-09-18 02:05:20,915][trainer.py][INFO]  Epoch:29(201/842) loss:0.109 
[2020-09-18 02:06:40,923][trainer.py][INFO]  Epoch:29(301/842) loss:0.055 
[2020-09-18 02:07:57,908][trainer.py][INFO]  Epoch:29(401/842) loss:0.040 
[2020-09-18 02:09:16,032][trainer.py][INFO]  Epoch:29(501/842) loss:0.053 
[2020-09-18 02:10:34,039][trainer.py][INFO]  Epoch:29(601/842) loss:0.003 
[2020-09-18 02:11:51,612][trainer.py][INFO]  Epoch:29(701/842) loss:0.019 
[2020-09-18 02:13:07,781][trainer.py][INFO]  Epoch:29(801/842) loss:0.032 
[2020-09-18 02:13:40,425][trainer.py][INFO]  Epoch:29(843/842) loss:0.012 
[2020-09-18 02:17:30,020][trainer.py][INFO] 各类单独F1:{'畅通': 0.8689384010484927, '缓行': 0.2068965517241379, '拥堵': 0.62557781201849, '封闭': 0.9330922242314648}  各类F加权:0.6891833837478099
[2020-09-18 02:17:30,021][trainer.py][INFO] val_size: 3349  valLoss: 0.6448 valAcc: 0.8489
[2020-09-18 02:17:30,024][trainer.py][INFO] Epoch:[29/29] Loss=0.11183  Acc=0.938 Epoch_Time:11.036786897977192 min: ETA: 0.1839464482996199 hours
[2020-09-18 02:17:30,263][trainer.py][INFO] Best Accuracy: 0.705
[2020-09-18 02:17:30,599][trainer.py][INFO] Training complete in 436m 56s
