[2020-09-12 12:29:12,235][trainer.py][INFO] Using: efficient-b5-final
[2020-09-12 12:29:12,236][trainer.py][INFO] Using the GPU: (6, 7, 8, 9)
[2020-09-12 12:29:12,236][trainer.py][INFO] start training...
[2020-09-12 12:29:12,282][trainer.py][INFO] ----------
[2020-09-12 12:29:12,283][trainer.py][INFO] Epoch 0/29
[2020-09-12 12:29:12,283][trainer.py][INFO] learning rate:0.002
[2020-09-12 12:29:12,283][trainer.py][INFO] ----------
[2020-09-12 12:29:26,714][trainer.py][INFO]  Epoch:0(1/1684) loss:1.440 
[2020-09-12 12:30:20,535][trainer.py][INFO]  Epoch:0(101/1684) loss:0.843 
[2020-09-12 12:31:13,998][trainer.py][INFO]  Epoch:0(201/1684) loss:0.812 
[2020-09-12 12:32:06,294][trainer.py][INFO]  Epoch:0(301/1684) loss:0.790 
[2020-09-12 12:32:59,214][trainer.py][INFO]  Epoch:0(401/1684) loss:0.691 
[2020-09-12 12:33:53,247][trainer.py][INFO]  Epoch:0(501/1684) loss:1.127 
[2020-09-12 12:34:47,217][trainer.py][INFO]  Epoch:0(601/1684) loss:0.615 
[2020-09-12 12:35:40,980][trainer.py][INFO]  Epoch:0(701/1684) loss:1.078 
[2020-09-12 12:36:34,824][trainer.py][INFO]  Epoch:0(801/1684) loss:1.002 
[2020-09-12 12:37:29,866][trainer.py][INFO]  Epoch:0(901/1684) loss:0.751 
[2020-09-12 12:38:24,449][trainer.py][INFO]  Epoch:0(1001/1684) loss:0.715 
[2020-09-12 12:39:18,511][trainer.py][INFO]  Epoch:0(1101/1684) loss:0.734 
[2020-09-12 12:40:12,389][trainer.py][INFO]  Epoch:0(1201/1684) loss:0.718 
[2020-09-12 12:41:06,481][trainer.py][INFO]  Epoch:0(1301/1684) loss:1.380 
[2020-09-12 12:42:00,079][trainer.py][INFO]  Epoch:0(1401/1684) loss:0.995 
[2020-09-12 12:42:54,797][trainer.py][INFO]  Epoch:0(1501/1684) loss:0.890 
[2020-09-12 12:43:48,813][trainer.py][INFO]  Epoch:0(1601/1684) loss:0.923 
[2020-09-12 12:44:34,118][trainer.py][INFO]  Epoch:0(1685/1684) loss:0.413 
[2020-09-12 12:47:57,147][trainer.py][INFO] 各类单独F1:{'畅通': 0.6841487279843445, '缓行': 0.0, '拥堵': 0.3496042216358839, '封闭': 0.7681632653061223}  各类F加权:0.4805614454116486
[2020-09-12 12:47:57,150][trainer.py][INFO] val_size: 3349  valLoss: 0.9562 valAcc: 0.6211
[2020-09-12 12:47:57,153][trainer.py][INFO] Epoch:[0/29] Loss=0.84030  Acc=0.533 Epoch_Time:15.364629503091177 min: ETA: 7.682314751545588 hours
[2020-09-12 12:47:57,407][trainer.py][INFO] ----------
[2020-09-12 12:47:57,407][trainer.py][INFO] Epoch 1/29
[2020-09-12 12:47:57,408][trainer.py][INFO] learning rate:0.0018092361169766793
[2020-09-12 12:47:57,408][trainer.py][INFO] ----------
[2020-09-12 12:47:59,406][trainer.py][INFO]  Epoch:1(1/1684) loss:0.648 
[2020-09-12 12:48:47,032][trainer.py][INFO]  Epoch:1(101/1684) loss:0.397 
[2020-09-12 12:49:34,663][trainer.py][INFO]  Epoch:1(201/1684) loss:0.932 
[2020-09-12 12:50:23,293][trainer.py][INFO]  Epoch:1(301/1684) loss:0.433 
[2020-09-12 12:51:12,000][trainer.py][INFO]  Epoch:1(401/1684) loss:0.537 
[2020-09-12 12:52:00,562][trainer.py][INFO]  Epoch:1(501/1684) loss:0.355 
[2020-09-12 12:52:49,547][trainer.py][INFO]  Epoch:1(601/1684) loss:0.871 
[2020-09-12 12:53:38,365][trainer.py][INFO]  Epoch:1(701/1684) loss:0.474 
[2020-09-12 12:54:27,496][trainer.py][INFO]  Epoch:1(801/1684) loss:1.147 
[2020-09-12 12:55:16,312][trainer.py][INFO]  Epoch:1(901/1684) loss:0.378 
[2020-09-12 12:56:05,331][trainer.py][INFO]  Epoch:1(1001/1684) loss:0.098 
[2020-09-12 12:56:54,424][trainer.py][INFO]  Epoch:1(1101/1684) loss:0.290 
[2020-09-12 12:57:43,241][trainer.py][INFO]  Epoch:1(1201/1684) loss:0.473 
[2020-09-12 12:58:31,924][trainer.py][INFO]  Epoch:1(1301/1684) loss:0.839 
[2020-09-12 12:59:20,481][trainer.py][INFO]  Epoch:1(1401/1684) loss:0.327 
[2020-09-12 13:00:09,505][trainer.py][INFO]  Epoch:1(1501/1684) loss:0.574 
[2020-09-12 13:00:58,054][trainer.py][INFO]  Epoch:1(1601/1684) loss:0.468 
[2020-09-12 13:01:39,470][trainer.py][INFO]  Epoch:1(1685/1684) loss:0.153 
[2020-09-12 13:05:02,181][trainer.py][INFO] 各类单独F1:{'畅通': 0.7869382476559974, '缓行': 0.0, '拥堵': 0.4970873786407767, '封闭': 0.7748647523928422}  各类F加权:0.5377659393149696
[2020-09-12 13:05:02,182][trainer.py][INFO] val_size: 3349  valLoss: 0.7659 valAcc: 0.7178
[2020-09-12 13:05:02,187][trainer.py][INFO] Epoch:[1/29] Loss=0.52689  Acc=0.731 Epoch_Time:13.701751148700714 min: ETA: 6.622513055205345 hours
[2020-09-12 13:05:02,495][trainer.py][INFO] ----------
[2020-09-12 13:05:02,496][trainer.py][INFO] Epoch 2/29
[2020-09-12 13:05:02,496][trainer.py][INFO] learning rate:0.0013093716117154803
[2020-09-12 13:05:02,496][trainer.py][INFO] ----------
[2020-09-12 13:05:04,941][trainer.py][INFO]  Epoch:2(1/1684) loss:0.171 
[2020-09-12 13:05:52,503][trainer.py][INFO]  Epoch:2(101/1684) loss:0.360 
[2020-09-12 13:06:40,655][trainer.py][INFO]  Epoch:2(201/1684) loss:0.402 
[2020-09-12 13:07:28,954][trainer.py][INFO]  Epoch:2(301/1684) loss:0.150 
[2020-09-12 13:08:17,100][trainer.py][INFO]  Epoch:2(401/1684) loss:0.581 
[2020-09-12 13:09:04,933][trainer.py][INFO]  Epoch:2(501/1684) loss:0.457 
[2020-09-12 13:09:53,128][trainer.py][INFO]  Epoch:2(601/1684) loss:0.034 
[2020-09-12 13:10:41,039][trainer.py][INFO]  Epoch:2(701/1684) loss:0.279 
[2020-09-12 13:11:29,493][trainer.py][INFO]  Epoch:2(801/1684) loss:0.681 
[2020-09-12 13:12:18,014][trainer.py][INFO]  Epoch:2(901/1684) loss:1.190 
[2020-09-12 13:13:06,011][trainer.py][INFO]  Epoch:2(1001/1684) loss:0.160 
[2020-09-12 13:13:54,516][trainer.py][INFO]  Epoch:2(1101/1684) loss:0.459 
[2020-09-12 13:14:43,006][trainer.py][INFO]  Epoch:2(1201/1684) loss:0.320 
[2020-09-12 13:15:31,345][trainer.py][INFO]  Epoch:2(1301/1684) loss:0.330 
[2020-09-12 13:16:20,386][trainer.py][INFO]  Epoch:2(1401/1684) loss:0.209 
[2020-09-12 13:17:08,874][trainer.py][INFO]  Epoch:2(1501/1684) loss:0.093 
[2020-09-12 13:17:57,274][trainer.py][INFO]  Epoch:2(1601/1684) loss:0.267 
[2020-09-12 13:18:38,757][trainer.py][INFO]  Epoch:2(1685/1684) loss:1.140 
[2020-09-12 13:22:04,228][trainer.py][INFO] 各类单独F1:{'畅通': 0.8297800338409476, '缓行': 0.0, '拥堵': 0.4995121951219512, '封闭': 0.8442171518489378}  各类F加权:0.5705185226602552
[2020-09-12 13:22:04,229][trainer.py][INFO] val_size: 3349  valLoss: 0.6482 valAcc: 0.7629
[2020-09-12 13:22:04,233][trainer.py][INFO] Epoch:[2/29] Loss=0.39851  Acc=0.799 Epoch_Time:13.60530248483022 min: ETA: 6.349141159587436 hours
[2020-09-12 13:22:04,553][trainer.py][INFO] ----------
[2020-09-12 13:22:04,554][trainer.py][INFO] Epoch 3/29
[2020-09-12 13:22:04,554][trainer.py][INFO] learning rate:0.0006913376659333031
[2020-09-12 13:22:04,554][trainer.py][INFO] ----------
[2020-09-12 13:22:06,723][trainer.py][INFO]  Epoch:3(1/1684) loss:0.356 
[2020-09-12 13:22:55,786][trainer.py][INFO]  Epoch:3(101/1684) loss:0.226 
[2020-09-12 13:23:44,136][trainer.py][INFO]  Epoch:3(201/1684) loss:0.436 
[2020-09-12 13:24:33,401][trainer.py][INFO]  Epoch:3(301/1684) loss:0.825 
[2020-09-12 13:25:22,361][trainer.py][INFO]  Epoch:3(401/1684) loss:0.474 
[2020-09-12 13:26:11,872][trainer.py][INFO]  Epoch:3(501/1684) loss:0.149 
[2020-09-12 13:27:01,624][trainer.py][INFO]  Epoch:3(601/1684) loss:0.211 
[2020-09-12 13:27:51,499][trainer.py][INFO]  Epoch:3(701/1684) loss:0.554 
[2020-09-12 13:28:40,833][trainer.py][INFO]  Epoch:3(801/1684) loss:0.519 
[2020-09-12 13:29:30,257][trainer.py][INFO]  Epoch:3(901/1684) loss:0.079 
[2020-09-12 13:30:19,826][trainer.py][INFO]  Epoch:3(1001/1684) loss:0.239 
[2020-09-12 13:31:09,895][trainer.py][INFO]  Epoch:3(1101/1684) loss:0.324 
[2020-09-12 13:31:59,667][trainer.py][INFO]  Epoch:3(1201/1684) loss:0.140 
[2020-09-12 13:32:49,202][trainer.py][INFO]  Epoch:3(1301/1684) loss:0.636 
[2020-09-12 13:33:38,650][trainer.py][INFO]  Epoch:3(1401/1684) loss:0.034 
[2020-09-12 13:34:27,865][trainer.py][INFO]  Epoch:3(1501/1684) loss:1.183 
[2020-09-12 13:35:16,586][trainer.py][INFO]  Epoch:3(1601/1684) loss:0.139 
[2020-09-12 13:35:57,200][trainer.py][INFO]  Epoch:3(1685/1684) loss:0.251 
[2020-09-12 13:39:11,983][trainer.py][INFO] 各类单独F1:{'畅通': 0.8724453840732912, '缓行': 0.0, '拥堵': 0.562363238512035, '封闭': 0.9379956741167988}  各类F加权:0.6311517796076591
[2020-09-12 13:39:11,983][trainer.py][INFO] val_size: 3349  valLoss: 0.4202 valAcc: 0.8349
[2020-09-12 13:39:11,987][trainer.py][INFO] Epoch:[3/29] Loss=0.34605  Acc=0.827 Epoch_Time:13.878149461746215 min: ETA: 6.2451672577857975 hours
[2020-09-12 13:39:12,222][trainer.py][INFO] ----------
[2020-09-12 13:39:12,222][trainer.py][INFO] Epoch 4/29
[2020-09-12 13:39:12,222][trainer.py][INFO] learning rate:0.0001912022407177295
[2020-09-12 13:39:12,222][trainer.py][INFO] ----------
[2020-09-12 13:39:14,183][trainer.py][INFO]  Epoch:4(1/1684) loss:0.257 
[2020-09-12 13:40:03,411][trainer.py][INFO]  Epoch:4(101/1684) loss:0.043 
[2020-09-12 13:40:52,545][trainer.py][INFO]  Epoch:4(201/1684) loss:0.308 
[2020-09-12 13:41:42,594][trainer.py][INFO]  Epoch:4(301/1684) loss:0.203 
[2020-09-12 13:42:31,698][trainer.py][INFO]  Epoch:4(401/1684) loss:0.162 
[2020-09-12 13:43:21,515][trainer.py][INFO]  Epoch:4(501/1684) loss:0.266 
[2020-09-12 13:44:11,345][trainer.py][INFO]  Epoch:4(601/1684) loss:0.329 
[2020-09-12 13:45:00,367][trainer.py][INFO]  Epoch:4(701/1684) loss:0.287 
[2020-09-12 13:45:50,719][trainer.py][INFO]  Epoch:4(801/1684) loss:0.446 
[2020-09-12 13:46:40,284][trainer.py][INFO]  Epoch:4(901/1684) loss:0.298 
[2020-09-12 13:47:30,564][trainer.py][INFO]  Epoch:4(1001/1684) loss:0.892 
[2020-09-12 13:48:20,692][trainer.py][INFO]  Epoch:4(1101/1684) loss:0.452 
[2020-09-12 13:49:11,044][trainer.py][INFO]  Epoch:4(1201/1684) loss:0.398 
[2020-09-12 13:50:01,102][trainer.py][INFO]  Epoch:4(1301/1684) loss:0.302 
[2020-09-12 13:50:50,084][trainer.py][INFO]  Epoch:4(1401/1684) loss:0.042 
[2020-09-12 13:51:39,196][trainer.py][INFO]  Epoch:4(1501/1684) loss:0.453 
[2020-09-12 13:52:29,470][trainer.py][INFO]  Epoch:4(1601/1684) loss:0.194 
[2020-09-12 13:53:11,647][trainer.py][INFO]  Epoch:4(1685/1684) loss:0.127 
[2020-09-12 13:56:30,553][trainer.py][INFO] 各类单独F1:{'畅通': 0.8472584856396866, '缓行': 0.0, '拥堵': 0.6017052375152253, '封闭': 0.8871212121212122}  各类F加权:0.6200859046670212
[2020-09-12 13:56:30,554][trainer.py][INFO] val_size: 3349  valLoss: 0.5146 valAcc: 0.8110
[2020-09-12 13:56:30,557][trainer.py][INFO] Epoch:[4/29] Loss=0.31485  Acc=0.838 Epoch_Time:13.991157507896423 min: ETA: 6.06283492008845 hours
[2020-09-12 13:56:30,774][trainer.py][INFO] ----------
[2020-09-12 13:56:30,774][trainer.py][INFO] Epoch 5/29
[2020-09-12 13:56:30,774][trainer.py][INFO] learning rate:6.952322750830575e-11
[2020-09-12 13:56:30,774][trainer.py][INFO] ----------
[2020-09-12 13:56:33,502][trainer.py][INFO]  Epoch:5(1/1684) loss:0.166 
[2020-09-12 13:57:21,788][trainer.py][INFO]  Epoch:5(101/1684) loss:0.298 
[2020-09-12 13:58:11,240][trainer.py][INFO]  Epoch:5(201/1684) loss:0.299 
[2020-09-12 13:59:00,475][trainer.py][INFO]  Epoch:5(301/1684) loss:0.105 
[2020-09-12 13:59:49,614][trainer.py][INFO]  Epoch:5(401/1684) loss:0.310 
[2020-09-12 14:00:37,997][trainer.py][INFO]  Epoch:5(501/1684) loss:0.193 
[2020-09-12 14:01:26,222][trainer.py][INFO]  Epoch:5(601/1684) loss:0.184 
[2020-09-12 14:02:14,719][trainer.py][INFO]  Epoch:5(701/1684) loss:0.202 
[2020-09-12 14:03:03,477][trainer.py][INFO]  Epoch:5(801/1684) loss:0.412 
[2020-09-12 14:03:53,442][trainer.py][INFO]  Epoch:5(901/1684) loss:0.404 
[2020-09-12 14:04:42,819][trainer.py][INFO]  Epoch:5(1001/1684) loss:0.064 
[2020-09-12 14:05:31,956][trainer.py][INFO]  Epoch:5(1101/1684) loss:0.122 
[2020-09-12 14:06:21,170][trainer.py][INFO]  Epoch:5(1201/1684) loss:0.249 
[2020-09-12 14:07:10,349][trainer.py][INFO]  Epoch:5(1301/1684) loss:0.361 
[2020-09-12 14:07:59,519][trainer.py][INFO]  Epoch:5(1401/1684) loss:0.052 
[2020-09-12 14:08:48,082][trainer.py][INFO]  Epoch:5(1501/1684) loss:0.433 
[2020-09-12 14:09:36,609][trainer.py][INFO]  Epoch:5(1601/1684) loss:0.169 
[2020-09-12 14:10:17,544][trainer.py][INFO]  Epoch:5(1685/1684) loss:0.078 
[2020-09-12 14:13:42,010][trainer.py][INFO] 各类单独F1:{'畅通': 0.8472584856396866, '缓行': 0.0, '拥堵': 0.6017052375152253, '封闭': 0.8871212121212122}  各类F加权:0.6200859046670212
[2020-09-12 14:13:42,011][trainer.py][INFO] val_size: 3349  valLoss: 0.5146 valAcc: 0.8110
[2020-09-12 14:13:42,020][trainer.py][INFO] Epoch:[5/29] Loss=0.30650  Acc=0.849 Epoch_Time:13.780135122934977 min: ETA: 5.741722967889574 hours
[2020-09-12 14:13:42,332][trainer.py][INFO] ----------
[2020-09-12 14:13:42,332][trainer.py][INFO] Epoch 6/29
[2020-09-12 14:13:42,332][trainer.py][INFO] learning rate:0.0018092361169766793
[2020-09-12 14:13:42,332][trainer.py][INFO] ----------
[2020-09-12 14:13:44,410][trainer.py][INFO]  Epoch:6(1/1684) loss:0.783 
[2020-09-12 14:14:33,073][trainer.py][INFO]  Epoch:6(101/1684) loss:0.306 
[2020-09-12 14:15:21,765][trainer.py][INFO]  Epoch:6(201/1684) loss:0.424 
[2020-09-12 14:16:11,087][trainer.py][INFO]  Epoch:6(301/1684) loss:0.804 
[2020-09-12 14:17:00,581][trainer.py][INFO]  Epoch:6(401/1684) loss:0.282 
[2020-09-12 14:17:50,375][trainer.py][INFO]  Epoch:6(501/1684) loss:0.400 
[2020-09-12 14:18:39,613][trainer.py][INFO]  Epoch:6(601/1684) loss:0.320 
[2020-09-12 14:19:28,639][trainer.py][INFO]  Epoch:6(701/1684) loss:0.676 
[2020-09-12 14:20:17,964][trainer.py][INFO]  Epoch:6(801/1684) loss:0.097 
[2020-09-12 14:21:07,703][trainer.py][INFO]  Epoch:6(901/1684) loss:0.092 
[2020-09-12 14:21:56,682][trainer.py][INFO]  Epoch:6(1001/1684) loss:0.183 
[2020-09-12 14:22:45,470][trainer.py][INFO]  Epoch:6(1101/1684) loss:0.824 
[2020-09-12 14:23:33,367][trainer.py][INFO]  Epoch:6(1201/1684) loss:0.196 
[2020-09-12 14:24:22,309][trainer.py][INFO]  Epoch:6(1301/1684) loss:0.267 
[2020-09-12 14:25:10,869][trainer.py][INFO]  Epoch:6(1401/1684) loss:0.811 
[2020-09-12 14:25:59,714][trainer.py][INFO]  Epoch:6(1501/1684) loss:0.090 
[2020-09-12 14:26:49,190][trainer.py][INFO]  Epoch:6(1601/1684) loss:0.225 
[2020-09-12 14:27:30,777][trainer.py][INFO]  Epoch:6(1685/1684) loss:0.387 
[2020-09-12 14:30:50,570][trainer.py][INFO] 各类单独F1:{'畅通': 0.863253402462735, '缓行': 0.04371584699453552, '拥堵': 0.6456908344733241, '封闭': 0.9103039288361748}  各类F加权:0.6528973315216478
[2020-09-12 14:30:50,571][trainer.py][INFO] val_size: 3349  valLoss: 0.4337 valAcc: 0.8361
[2020-09-12 14:30:50,577][trainer.py][INFO] Epoch:[6/29] Loss=0.36745  Acc=0.812 Epoch_Time:13.808118224143982 min: ETA: 5.523247289657593 hours
[2020-09-12 14:30:50,815][trainer.py][INFO] ----------
[2020-09-12 14:30:50,815][trainer.py][INFO] Epoch 7/29
[2020-09-12 14:30:50,815][trainer.py][INFO] learning rate:0.0013093716117154803
[2020-09-12 14:30:50,815][trainer.py][INFO] ----------
[2020-09-12 14:30:53,332][trainer.py][INFO]  Epoch:7(1/1684) loss:1.081 
[2020-09-12 14:31:42,034][trainer.py][INFO]  Epoch:7(101/1684) loss:0.036 
[2020-09-12 14:32:30,336][trainer.py][INFO]  Epoch:7(201/1684) loss:0.160 
[2020-09-12 14:33:19,230][trainer.py][INFO]  Epoch:7(301/1684) loss:0.255 
[2020-09-12 14:34:07,871][trainer.py][INFO]  Epoch:7(401/1684) loss:0.076 
[2020-09-12 14:34:55,855][trainer.py][INFO]  Epoch:7(501/1684) loss:0.291 
[2020-09-12 14:35:45,049][trainer.py][INFO]  Epoch:7(601/1684) loss:0.388 
[2020-09-12 14:36:33,625][trainer.py][INFO]  Epoch:7(701/1684) loss:0.750 
[2020-09-12 14:37:22,058][trainer.py][INFO]  Epoch:7(801/1684) loss:0.332 
[2020-09-12 14:38:11,187][trainer.py][INFO]  Epoch:7(901/1684) loss:0.543 
[2020-09-12 14:39:00,099][trainer.py][INFO]  Epoch:7(1001/1684) loss:0.049 
[2020-09-12 14:39:49,378][trainer.py][INFO]  Epoch:7(1101/1684) loss:0.315 
[2020-09-12 14:40:38,091][trainer.py][INFO]  Epoch:7(1201/1684) loss:0.358 
[2020-09-12 14:41:27,061][trainer.py][INFO]  Epoch:7(1301/1684) loss:0.234 
[2020-09-12 14:42:15,219][trainer.py][INFO]  Epoch:7(1401/1684) loss:0.399 
[2020-09-12 14:43:04,043][trainer.py][INFO]  Epoch:7(1501/1684) loss:0.135 
[2020-09-12 14:43:52,524][trainer.py][INFO]  Epoch:7(1601/1684) loss:0.197 
[2020-09-12 14:44:33,490][trainer.py][INFO]  Epoch:7(1685/1684) loss:0.384 
[2020-09-12 14:47:52,154][trainer.py][INFO] 各类单独F1:{'畅通': 0.820380522412125, '缓行': 0.1708185053380783, '拥堵': 0.5825503355704698, '封闭': 0.8595877090626215}  各类F加权:0.6348019376050178
[2020-09-12 14:47:52,154][trainer.py][INFO] val_size: 3349  valLoss: 0.5732 valAcc: 0.7817
[2020-09-12 14:47:52,158][trainer.py][INFO] Epoch:[7/29] Loss=0.32693  Acc=0.833 Epoch_Time:13.711929833889007 min: ETA: 5.256239769657453 hours
[2020-09-12 14:47:52,395][trainer.py][INFO] ----------
[2020-09-12 14:47:52,395][trainer.py][INFO] Epoch 8/29
[2020-09-12 14:47:52,395][trainer.py][INFO] learning rate:0.0006913376659333031
[2020-09-12 14:47:52,395][trainer.py][INFO] ----------
[2020-09-12 14:47:54,524][trainer.py][INFO]  Epoch:8(1/1684) loss:0.068 
[2020-09-12 14:48:43,281][trainer.py][INFO]  Epoch:8(101/1684) loss:0.037 
[2020-09-12 14:49:31,908][trainer.py][INFO]  Epoch:8(201/1684) loss:0.245 
[2020-09-12 14:50:21,437][trainer.py][INFO]  Epoch:8(301/1684) loss:0.307 
[2020-09-12 14:51:10,410][trainer.py][INFO]  Epoch:8(401/1684) loss:0.375 
[2020-09-12 14:52:00,281][trainer.py][INFO]  Epoch:8(501/1684) loss:0.294 
[2020-09-12 14:52:49,714][trainer.py][INFO]  Epoch:8(601/1684) loss:0.088 
[2020-09-12 14:53:39,441][trainer.py][INFO]  Epoch:8(701/1684) loss:0.051 
[2020-09-12 14:54:29,844][trainer.py][INFO]  Epoch:8(801/1684) loss:0.506 
[2020-09-12 14:55:20,274][trainer.py][INFO]  Epoch:8(901/1684) loss:0.154 
[2020-09-12 14:56:10,386][trainer.py][INFO]  Epoch:8(1001/1684) loss:0.107 
[2020-09-12 14:56:59,721][trainer.py][INFO]  Epoch:8(1101/1684) loss:0.164 
[2020-09-12 14:57:49,471][trainer.py][INFO]  Epoch:8(1201/1684) loss:0.015 
[2020-09-12 14:58:38,822][trainer.py][INFO]  Epoch:8(1301/1684) loss:0.463 
[2020-09-12 14:59:28,258][trainer.py][INFO]  Epoch:8(1401/1684) loss:0.173 
[2020-09-12 15:00:18,283][trainer.py][INFO]  Epoch:8(1501/1684) loss:0.040 
[2020-09-12 15:01:08,231][trainer.py][INFO]  Epoch:8(1601/1684) loss:0.285 
[2020-09-12 15:01:49,552][trainer.py][INFO]  Epoch:8(1685/1684) loss:0.035 
[2020-09-12 15:05:08,794][trainer.py][INFO] 各类单独F1:{'畅通': 0.841854124062713, '缓行': 0.12931034482758622, '拥堵': 0.5710784313725491, '封闭': 0.9175257731958762}  各类F加权:0.6483813200619039
[2020-09-12 15:05:08,794][trainer.py][INFO] val_size: 3349  valLoss: 0.4732 valAcc: 0.8149
[2020-09-12 15:05:08,798][trainer.py][INFO] Epoch:[8/29] Loss=0.28365  Acc=0.858 Epoch_Time:13.953306969006857 min: ETA: 5.116212555302514 hours
[2020-09-12 15:05:09,024][trainer.py][INFO] ----------
[2020-09-12 15:05:09,024][trainer.py][INFO] Epoch 9/29
[2020-09-12 15:05:09,024][trainer.py][INFO] learning rate:0.0001912022407177293
[2020-09-12 15:05:09,024][trainer.py][INFO] ----------
[2020-09-12 15:05:11,721][trainer.py][INFO]  Epoch:9(1/1684) loss:0.045 
[2020-09-12 15:06:00,153][trainer.py][INFO]  Epoch:9(101/1684) loss:0.380 
[2020-09-12 15:06:48,478][trainer.py][INFO]  Epoch:9(201/1684) loss:0.078 
[2020-09-12 15:07:36,509][trainer.py][INFO]  Epoch:9(301/1684) loss:0.323 
[2020-09-12 15:08:25,060][trainer.py][INFO]  Epoch:9(401/1684) loss:0.187 
[2020-09-12 15:09:13,849][trainer.py][INFO]  Epoch:9(501/1684) loss:0.129 
[2020-09-12 15:10:02,785][trainer.py][INFO]  Epoch:9(601/1684) loss:0.281 
[2020-09-12 15:10:51,825][trainer.py][INFO]  Epoch:9(701/1684) loss:0.091 
[2020-09-12 15:11:40,238][trainer.py][INFO]  Epoch:9(801/1684) loss:0.251 
[2020-09-12 15:12:29,736][trainer.py][INFO]  Epoch:9(901/1684) loss:0.069 
[2020-09-12 15:13:19,002][trainer.py][INFO]  Epoch:9(1001/1684) loss:0.089 
[2020-09-12 15:14:08,118][trainer.py][INFO]  Epoch:9(1101/1684) loss:0.104 
[2020-09-12 15:14:56,850][trainer.py][INFO]  Epoch:9(1201/1684) loss:0.157 
[2020-09-12 15:15:45,679][trainer.py][INFO]  Epoch:9(1301/1684) loss:0.223 
[2020-09-12 15:16:35,027][trainer.py][INFO]  Epoch:9(1401/1684) loss:0.296 
[2020-09-12 15:17:23,922][trainer.py][INFO]  Epoch:9(1501/1684) loss:0.240 
[2020-09-12 15:18:12,824][trainer.py][INFO]  Epoch:9(1601/1684) loss:0.011 
[2020-09-12 15:18:53,789][trainer.py][INFO]  Epoch:9(1685/1684) loss:0.018 
[2020-09-12 15:22:19,047][trainer.py][INFO] 各类单独F1:{'畅通': 0.8603314169766656, '缓行': 0.11320754716981132, '拥堵': 0.6165413533834587, '封闭': 0.9234712559502014}  各类F加权:0.663025559526747
[2020-09-12 15:22:19,048][trainer.py][INFO] val_size: 3349  valLoss: 0.4596 valAcc: 0.8334
[2020-09-12 15:22:19,053][trainer.py][INFO] Epoch:[9/29] Loss=0.24814  Acc=0.870 Epoch_Time:13.746765653292337 min: ETA: 4.811367978652318 hours
[2020-09-12 15:22:19,331][trainer.py][INFO] ----------
[2020-09-12 15:22:19,331][trainer.py][INFO] Epoch 10/29
[2020-09-12 15:22:19,331][trainer.py][INFO] learning rate:6.952322750830575e-11
[2020-09-12 15:22:19,331][trainer.py][INFO] ----------
[2020-09-12 15:22:21,840][trainer.py][INFO]  Epoch:10(1/1684) loss:0.178 
[2020-09-12 15:23:10,819][trainer.py][INFO]  Epoch:10(101/1684) loss:0.269 
[2020-09-12 15:23:59,530][trainer.py][INFO]  Epoch:10(201/1684) loss:0.187 
[2020-09-12 15:24:48,200][trainer.py][INFO]  Epoch:10(301/1684) loss:0.762 
[2020-09-12 15:25:36,761][trainer.py][INFO]  Epoch:10(401/1684) loss:0.326 
[2020-09-12 15:26:24,734][trainer.py][INFO]  Epoch:10(501/1684) loss:0.020 
[2020-09-12 15:27:13,042][trainer.py][INFO]  Epoch:10(601/1684) loss:0.746 
[2020-09-12 15:28:02,185][trainer.py][INFO]  Epoch:10(701/1684) loss:0.640 
[2020-09-12 15:28:50,576][trainer.py][INFO]  Epoch:10(801/1684) loss:0.186 
[2020-09-12 15:29:39,005][trainer.py][INFO]  Epoch:10(901/1684) loss:0.146 
[2020-09-12 15:30:27,591][trainer.py][INFO]  Epoch:10(1001/1684) loss:0.099 
[2020-09-12 15:31:16,776][trainer.py][INFO]  Epoch:10(1101/1684) loss:0.077 
[2020-09-12 15:32:05,803][trainer.py][INFO]  Epoch:10(1201/1684) loss:0.028 
[2020-09-12 15:32:55,109][trainer.py][INFO]  Epoch:10(1301/1684) loss:0.602 
[2020-09-12 15:33:44,518][trainer.py][INFO]  Epoch:10(1401/1684) loss:0.187 
[2020-09-12 15:34:33,082][trainer.py][INFO]  Epoch:10(1501/1684) loss:0.104 
[2020-09-12 15:35:22,956][trainer.py][INFO]  Epoch:10(1601/1684) loss:0.302 
[2020-09-12 15:36:04,218][trainer.py][INFO]  Epoch:10(1685/1684) loss:0.393 
[2020-09-12 15:39:24,569][trainer.py][INFO] 各类单独F1:{'畅通': 0.8603314169766656, '缓行': 0.11320754716981132, '拥堵': 0.6165413533834587, '封闭': 0.9234712559502014}  各类F加权:0.663025559526747
[2020-09-12 15:39:24,570][trainer.py][INFO] val_size: 3349  valLoss: 0.4596 valAcc: 0.8334
[2020-09-12 15:39:24,579][trainer.py][INFO] Epoch:[10/29] Loss=0.25085  Acc=0.876 Epoch_Time:13.748759098847707 min: ETA: 4.5829196996159025 hours
[2020-09-12 15:39:24,829][trainer.py][INFO] ----------
[2020-09-12 15:39:24,829][trainer.py][INFO] Epoch 11/29
[2020-09-12 15:39:24,829][trainer.py][INFO] learning rate:0.0018092361169766789
[2020-09-12 15:39:24,829][trainer.py][INFO] ----------
[2020-09-12 15:39:27,247][trainer.py][INFO]  Epoch:11(1/1684) loss:0.184 
[2020-09-12 15:40:15,384][trainer.py][INFO]  Epoch:11(101/1684) loss:0.173 
[2020-09-12 15:41:04,265][trainer.py][INFO]  Epoch:11(201/1684) loss:0.122 
[2020-09-12 15:41:53,388][trainer.py][INFO]  Epoch:11(301/1684) loss:0.366 
[2020-09-12 15:42:42,439][trainer.py][INFO]  Epoch:11(401/1684) loss:0.051 
[2020-09-12 15:43:31,174][trainer.py][INFO]  Epoch:11(501/1684) loss:0.425 
[2020-09-12 15:44:19,658][trainer.py][INFO]  Epoch:11(601/1684) loss:0.930 
[2020-09-12 15:45:08,503][trainer.py][INFO]  Epoch:11(701/1684) loss:0.199 
[2020-09-12 15:45:57,634][trainer.py][INFO]  Epoch:11(801/1684) loss:0.511 
[2020-09-12 15:46:46,363][trainer.py][INFO]  Epoch:11(901/1684) loss:0.150 
[2020-09-12 15:47:35,226][trainer.py][INFO]  Epoch:11(1001/1684) loss:0.528 
[2020-09-12 15:48:24,010][trainer.py][INFO]  Epoch:11(1101/1684) loss:0.372 
[2020-09-12 15:49:12,577][trainer.py][INFO]  Epoch:11(1201/1684) loss:0.262 
[2020-09-12 15:50:01,758][trainer.py][INFO]  Epoch:11(1301/1684) loss:0.066 
[2020-09-12 15:50:51,195][trainer.py][INFO]  Epoch:11(1401/1684) loss:0.351 
[2020-09-12 15:51:40,591][trainer.py][INFO]  Epoch:11(1501/1684) loss:0.198 
[2020-09-12 15:52:29,353][trainer.py][INFO]  Epoch:11(1601/1684) loss:0.149 
[2020-09-12 15:53:09,864][trainer.py][INFO]  Epoch:11(1685/1684) loss:0.023 
[2020-09-12 15:56:30,326][trainer.py][INFO] 各类单独F1:{'畅通': 0.8733979368552673, '缓行': 0.16964285714285715, '拥堵': 0.5884861407249466, '封闭': 0.9444048467569494}  各类F加权:0.6755761460343619
[2020-09-12 15:56:30,327][trainer.py][INFO] val_size: 3349  valLoss: 0.3682 valAcc: 0.8597
[2020-09-12 15:56:30,332][trainer.py][INFO] Epoch:[11/29] Loss=0.31303  Acc=0.841 Epoch_Time:13.751311588287354 min: ETA: 4.354582002957662 hours
[2020-09-12 15:56:30,597][trainer.py][INFO] ----------
[2020-09-12 15:56:30,597][trainer.py][INFO] Epoch 12/29
[2020-09-12 15:56:30,597][trainer.py][INFO] learning rate:0.0013093716117154798
[2020-09-12 15:56:30,597][trainer.py][INFO] ----------
[2020-09-12 15:56:32,853][trainer.py][INFO]  Epoch:12(1/1684) loss:0.362 
[2020-09-12 15:57:21,626][trainer.py][INFO]  Epoch:12(101/1684) loss:0.192 
[2020-09-12 15:58:11,023][trainer.py][INFO]  Epoch:12(201/1684) loss:0.612 
[2020-09-12 15:59:00,417][trainer.py][INFO]  Epoch:12(301/1684) loss:0.231 
[2020-09-12 15:59:49,881][trainer.py][INFO]  Epoch:12(401/1684) loss:0.111 
[2020-09-12 16:00:39,772][trainer.py][INFO]  Epoch:12(501/1684) loss:0.366 
[2020-09-12 16:01:28,974][trainer.py][INFO]  Epoch:12(601/1684) loss:0.045 
[2020-09-12 16:02:18,734][trainer.py][INFO]  Epoch:12(701/1684) loss:0.516 
[2020-09-12 16:03:07,711][trainer.py][INFO]  Epoch:12(801/1684) loss:0.377 
[2020-09-12 16:03:57,448][trainer.py][INFO]  Epoch:12(901/1684) loss:0.291 
[2020-09-12 16:04:47,086][trainer.py][INFO]  Epoch:12(1001/1684) loss:0.306 
[2020-09-12 16:05:37,017][trainer.py][INFO]  Epoch:12(1101/1684) loss:0.147 
[2020-09-12 16:06:27,046][trainer.py][INFO]  Epoch:12(1201/1684) loss:0.513 
[2020-09-12 16:07:16,569][trainer.py][INFO]  Epoch:12(1301/1684) loss:0.404 
[2020-09-12 16:08:06,573][trainer.py][INFO]  Epoch:12(1401/1684) loss:0.197 
[2020-09-12 16:08:56,234][trainer.py][INFO]  Epoch:12(1501/1684) loss:0.048 
[2020-09-12 16:09:45,617][trainer.py][INFO]  Epoch:12(1601/1684) loss:0.038 
[2020-09-12 16:10:27,411][trainer.py][INFO]  Epoch:12(1685/1684) loss:0.502 
[2020-09-12 16:13:47,458][trainer.py][INFO] 各类单独F1:{'畅通': 0.8918433345310816, '缓行': 0.06382978723404255, '拥堵': 0.6159509202453988, '封闭': 0.9725274725274724}  各类F加权:0.6757465559845253
[2020-09-12 16:13:47,459][trainer.py][INFO] val_size: 3349  valLoss: 0.3933 valAcc: 0.8701
[2020-09-12 16:13:47,464][trainer.py][INFO] Epoch:[12/29] Loss=0.27749  Acc=0.860 Epoch_Time:13.94750075340271 min: ETA: 4.184250226020813 hours
[2020-09-12 16:13:47,744][trainer.py][INFO] ----------
[2020-09-12 16:13:47,744][trainer.py][INFO] Epoch 13/29
[2020-09-12 16:13:47,744][trainer.py][INFO] learning rate:0.0006913376659333028
[2020-09-12 16:13:47,744][trainer.py][INFO] ----------
[2020-09-12 16:13:50,171][trainer.py][INFO]  Epoch:13(1/1684) loss:0.548 
[2020-09-12 16:14:39,405][trainer.py][INFO]  Epoch:13(101/1684) loss:0.099 
[2020-09-12 16:15:28,099][trainer.py][INFO]  Epoch:13(201/1684) loss:0.277 
[2020-09-12 16:16:17,201][trainer.py][INFO]  Epoch:13(301/1684) loss:0.087 
[2020-09-12 16:17:06,567][trainer.py][INFO]  Epoch:13(401/1684) loss:0.131 
[2020-09-12 16:17:55,124][trainer.py][INFO]  Epoch:13(501/1684) loss:0.040 
[2020-09-12 16:18:44,388][trainer.py][INFO]  Epoch:13(601/1684) loss:0.518 
[2020-09-12 16:19:33,473][trainer.py][INFO]  Epoch:13(701/1684) loss:0.043 
[2020-09-12 16:20:22,844][trainer.py][INFO]  Epoch:13(801/1684) loss:0.033 
[2020-09-12 16:21:12,193][trainer.py][INFO]  Epoch:13(901/1684) loss:0.183 
[2020-09-12 16:22:01,151][trainer.py][INFO]  Epoch:13(1001/1684) loss:0.049 
[2020-09-12 16:22:50,153][trainer.py][INFO]  Epoch:13(1101/1684) loss:0.133 
[2020-09-12 16:23:38,425][trainer.py][INFO]  Epoch:13(1201/1684) loss:0.425 
[2020-09-12 16:24:27,758][trainer.py][INFO]  Epoch:13(1301/1684) loss:0.018 
[2020-09-12 16:25:16,752][trainer.py][INFO]  Epoch:13(1401/1684) loss:0.385 
[2020-09-12 16:26:05,668][trainer.py][INFO]  Epoch:13(1501/1684) loss:0.184 
[2020-09-12 16:26:53,985][trainer.py][INFO]  Epoch:13(1601/1684) loss:0.421 
[2020-09-12 16:27:34,565][trainer.py][INFO]  Epoch:13(1685/1684) loss:0.022 
[2020-09-12 16:30:56,040][trainer.py][INFO] 各类单独F1:{'畅通': 0.8669527896995708, '缓行': 0.25, '拥堵': 0.5965463108320251, '封闭': 0.9302325581395349}  各类F加权:0.6877521954753786
[2020-09-12 16:30:56,041][trainer.py][INFO] val_size: 3349  valLoss: 0.4316 valAcc: 0.8414
[2020-09-12 16:30:56,044][trainer.py][INFO] Epoch:[13/29] Loss=0.22779  Acc=0.887 Epoch_Time:13.781043342749278 min: ETA: 3.9046289471122955 hours
[2020-09-12 16:30:56,274][trainer.py][INFO] ----------
[2020-09-12 16:30:56,274][trainer.py][INFO] Epoch 14/29
[2020-09-12 16:30:56,275][trainer.py][INFO] learning rate:0.0001912022407177293
[2020-09-12 16:30:56,275][trainer.py][INFO] ----------
[2020-09-12 16:30:58,934][trainer.py][INFO]  Epoch:14(1/1684) loss:0.131 
[2020-09-12 16:31:47,991][trainer.py][INFO]  Epoch:14(101/1684) loss:0.058 
[2020-09-12 16:32:37,428][trainer.py][INFO]  Epoch:14(201/1684) loss:0.021 
[2020-09-12 16:33:26,823][trainer.py][INFO]  Epoch:14(301/1684) loss:0.021 
[2020-09-12 16:34:16,111][trainer.py][INFO]  Epoch:14(401/1684) loss:0.339 
[2020-09-12 16:35:05,103][trainer.py][INFO]  Epoch:14(501/1684) loss:0.107 
[2020-09-12 16:35:53,959][trainer.py][INFO]  Epoch:14(601/1684) loss:0.117 
[2020-09-12 16:36:43,285][trainer.py][INFO]  Epoch:14(701/1684) loss:0.129 
[2020-09-12 16:37:33,001][trainer.py][INFO]  Epoch:14(801/1684) loss:0.111 
[2020-09-12 16:38:22,530][trainer.py][INFO]  Epoch:14(901/1684) loss:0.882 
[2020-09-12 16:39:12,157][trainer.py][INFO]  Epoch:14(1001/1684) loss:0.222 
[2020-09-12 16:40:01,420][trainer.py][INFO]  Epoch:14(1101/1684) loss:0.092 
[2020-09-12 16:40:50,946][trainer.py][INFO]  Epoch:14(1201/1684) loss:0.368 
[2020-09-12 16:41:40,920][trainer.py][INFO]  Epoch:14(1301/1684) loss:0.025 
[2020-09-12 16:42:30,951][trainer.py][INFO]  Epoch:14(1401/1684) loss:0.283 
[2020-09-12 16:43:20,651][trainer.py][INFO]  Epoch:14(1501/1684) loss:0.315 
[2020-09-12 16:44:09,894][trainer.py][INFO]  Epoch:14(1601/1684) loss:0.144 
[2020-09-12 16:44:51,477][trainer.py][INFO]  Epoch:14(1685/1684) loss:0.055 
[2020-09-12 16:48:15,284][trainer.py][INFO] 各类单独F1:{'畅通': 0.8603950451958486, '缓行': 0.24615384615384617, '拥堵': 0.5919778699861686, '封闭': 0.9244868035190615}  各类F加权:0.6826583561538293
[2020-09-12 16:48:15,285][trainer.py][INFO] val_size: 3349  valLoss: 0.4987 valAcc: 0.8337
[2020-09-12 16:48:15,289][trainer.py][INFO] Epoch:[14/29] Loss=0.20252  Acc=0.898 Epoch_Time:13.920766580104829 min: ETA: 3.7122044213612875 hours
[2020-09-12 16:48:15,526][trainer.py][INFO] ----------
[2020-09-12 16:48:15,527][trainer.py][INFO] Epoch 15/29
[2020-09-12 16:48:15,527][trainer.py][INFO] learning rate:6.952322750830575e-11
[2020-09-12 16:48:15,527][trainer.py][INFO] ----------
[2020-09-12 16:48:17,581][trainer.py][INFO]  Epoch:15(1/1684) loss:0.520 
[2020-09-12 16:49:06,050][trainer.py][INFO]  Epoch:15(101/1684) loss:0.966 
[2020-09-12 16:49:54,761][trainer.py][INFO]  Epoch:15(201/1684) loss:0.013 
[2020-09-12 16:50:44,673][trainer.py][INFO]  Epoch:15(301/1684) loss:0.034 
[2020-09-12 16:51:33,897][trainer.py][INFO]  Epoch:15(401/1684) loss:0.020 
[2020-09-12 16:52:23,921][trainer.py][INFO]  Epoch:15(501/1684) loss:0.027 
[2020-09-12 16:53:13,570][trainer.py][INFO]  Epoch:15(601/1684) loss:0.009 
[2020-09-12 16:54:02,853][trainer.py][INFO]  Epoch:15(701/1684) loss:0.368 
[2020-09-12 16:54:52,298][trainer.py][INFO]  Epoch:15(801/1684) loss:0.328 
[2020-09-12 16:55:42,422][trainer.py][INFO]  Epoch:15(901/1684) loss:0.130 
[2020-09-12 16:56:32,374][trainer.py][INFO]  Epoch:15(1001/1684) loss:0.038 
[2020-09-12 16:57:22,031][trainer.py][INFO]  Epoch:15(1101/1684) loss:0.033 
[2020-09-12 16:58:11,488][trainer.py][INFO]  Epoch:15(1201/1684) loss:0.034 
[2020-09-12 16:59:01,287][trainer.py][INFO]  Epoch:15(1301/1684) loss:0.262 
[2020-09-12 16:59:50,994][trainer.py][INFO]  Epoch:15(1401/1684) loss:0.039 
[2020-09-12 17:00:40,544][trainer.py][INFO]  Epoch:15(1501/1684) loss:0.089 
[2020-09-12 17:01:29,768][trainer.py][INFO]  Epoch:15(1601/1684) loss:0.235 
[2020-09-12 17:02:11,390][trainer.py][INFO]  Epoch:15(1685/1684) loss:0.051 
[2020-09-12 17:05:30,385][trainer.py][INFO] 各类单独F1:{'畅通': 0.8603950451958486, '缓行': 0.24615384615384617, '拥堵': 0.5919778699861686, '封闭': 0.9244868035190615}  各类F加权:0.6826583561538293
[2020-09-12 17:05:30,385][trainer.py][INFO] val_size: 3349  valLoss: 0.4987 valAcc: 0.8337
[2020-09-12 17:05:30,390][trainer.py][INFO] Epoch:[15/29] Loss=0.18959  Acc=0.903 Epoch_Time:13.931741086641948 min: ETA: 3.482935271660487 hours
[2020-09-12 17:05:30,619][trainer.py][INFO] ----------
[2020-09-12 17:05:30,619][trainer.py][INFO] Epoch 16/29
[2020-09-12 17:05:30,619][trainer.py][INFO] learning rate:0.0018092361169766789
[2020-09-12 17:05:30,619][trainer.py][INFO] ----------
[2020-09-12 17:05:33,522][trainer.py][INFO]  Epoch:16(1/1684) loss:0.054 
[2020-09-12 17:06:21,711][trainer.py][INFO]  Epoch:16(101/1684) loss:0.262 
[2020-09-12 17:07:10,995][trainer.py][INFO]  Epoch:16(201/1684) loss:0.328 
[2020-09-12 17:08:00,000][trainer.py][INFO]  Epoch:16(301/1684) loss:0.674 
[2020-09-12 17:08:48,537][trainer.py][INFO]  Epoch:16(401/1684) loss:0.602 
[2020-09-12 17:09:38,064][trainer.py][INFO]  Epoch:16(501/1684) loss:0.025 
[2020-09-12 17:10:27,292][trainer.py][INFO]  Epoch:16(601/1684) loss:0.590 
[2020-09-12 17:11:16,689][trainer.py][INFO]  Epoch:16(701/1684) loss:0.174 
[2020-09-12 17:12:05,767][trainer.py][INFO]  Epoch:16(801/1684) loss:0.106 
[2020-09-12 17:12:55,296][trainer.py][INFO]  Epoch:16(901/1684) loss:0.233 
[2020-09-12 17:13:43,946][trainer.py][INFO]  Epoch:16(1001/1684) loss:0.687 
[2020-09-12 17:14:33,344][trainer.py][INFO]  Epoch:16(1101/1684) loss:0.369 
[2020-09-12 17:15:22,852][trainer.py][INFO]  Epoch:16(1201/1684) loss:0.226 
[2020-09-12 17:16:12,425][trainer.py][INFO]  Epoch:16(1301/1684) loss:0.153 
[2020-09-12 17:17:01,846][trainer.py][INFO]  Epoch:16(1401/1684) loss:0.006 
[2020-09-12 17:17:50,553][trainer.py][INFO]  Epoch:16(1501/1684) loss:0.408 
[2020-09-12 17:18:39,710][trainer.py][INFO]  Epoch:16(1601/1684) loss:0.452 
[2020-09-12 17:19:21,541][trainer.py][INFO]  Epoch:16(1685/1684) loss:0.178 
[2020-09-12 17:22:42,628][trainer.py][INFO] 各类单独F1:{'畅通': 0.8591691995947316, '缓行': 0.26366559485530544, '拥堵': 0.5640287769784174, '封闭': 0.9198095935554742}  各类F加权:0.6757825094462492
[2020-09-12 17:22:42,629][trainer.py][INFO] val_size: 3349  valLoss: 0.4478 valAcc: 0.8256
[2020-09-12 17:22:42,633][trainer.py][INFO] Epoch:[16/29] Loss=0.28450  Acc=0.854 Epoch_Time:13.849374202887217 min: ETA: 3.231520647340351 hours
[2020-09-12 17:22:42,928][trainer.py][INFO] ----------
[2020-09-12 17:22:42,928][trainer.py][INFO] Epoch 17/29
[2020-09-12 17:22:42,929][trainer.py][INFO] learning rate:0.0013093716117154798
[2020-09-12 17:22:42,929][trainer.py][INFO] ----------
[2020-09-12 17:22:45,243][trainer.py][INFO]  Epoch:17(1/1684) loss:0.143 
[2020-09-12 17:23:34,328][trainer.py][INFO]  Epoch:17(101/1684) loss:0.125 
[2020-09-12 17:24:24,800][trainer.py][INFO]  Epoch:17(201/1684) loss:0.009 
[2020-09-12 17:25:16,025][trainer.py][INFO]  Epoch:17(301/1684) loss:0.516 
[2020-09-12 17:26:08,014][trainer.py][INFO]  Epoch:17(401/1684) loss:0.243 
[2020-09-12 17:26:58,627][trainer.py][INFO]  Epoch:17(501/1684) loss:0.290 
[2020-09-12 17:27:48,967][trainer.py][INFO]  Epoch:17(601/1684) loss:0.072 
[2020-09-12 17:28:40,008][trainer.py][INFO]  Epoch:17(701/1684) loss:0.062 
[2020-09-12 17:29:30,372][trainer.py][INFO]  Epoch:17(801/1684) loss:0.091 
[2020-09-12 17:30:20,405][trainer.py][INFO]  Epoch:17(901/1684) loss:0.407 
[2020-09-12 17:31:10,759][trainer.py][INFO]  Epoch:17(1001/1684) loss:0.571 
[2020-09-12 17:32:01,184][trainer.py][INFO]  Epoch:17(1101/1684) loss:0.322 
[2020-09-12 17:32:51,718][trainer.py][INFO]  Epoch:17(1201/1684) loss:0.287 
[2020-09-12 17:33:41,227][trainer.py][INFO]  Epoch:17(1301/1684) loss:0.020 
[2020-09-12 17:34:31,085][trainer.py][INFO]  Epoch:17(1401/1684) loss:0.087 
[2020-09-12 17:35:20,419][trainer.py][INFO]  Epoch:17(1501/1684) loss:0.327 
[2020-09-12 17:36:10,142][trainer.py][INFO]  Epoch:17(1601/1684) loss:0.183 
[2020-09-12 17:36:52,037][trainer.py][INFO]  Epoch:17(1685/1684) loss:0.058 
[2020-09-12 17:40:16,745][trainer.py][INFO] 各类单独F1:{'畅通': 0.8746684350132625, '缓行': 0.2442748091603054, '拥堵': 0.6304675716440422, '封闭': 0.9343489299963729}  各类F加权:0.6992016488251491
[2020-09-12 17:40:16,746][trainer.py][INFO] val_size: 3349  valLoss: 0.4739 valAcc: 0.8504
[2020-09-12 17:40:16,751][trainer.py][INFO] Epoch:[17/29] Loss=0.24484  Acc=0.876 Epoch_Time:14.152417528629304 min: ETA: 3.0663571312030156 hours
[2020-09-12 17:40:17,027][trainer.py][INFO] ----------
[2020-09-12 17:40:17,027][trainer.py][INFO] Epoch 18/29
[2020-09-12 17:40:17,027][trainer.py][INFO] learning rate:0.0006913376659333028
[2020-09-12 17:40:17,027][trainer.py][INFO] ----------
[2020-09-12 17:40:19,021][trainer.py][INFO]  Epoch:18(1/1684) loss:0.343 
[2020-09-12 17:41:08,857][trainer.py][INFO]  Epoch:18(101/1684) loss:0.297 
[2020-09-12 17:41:58,768][trainer.py][INFO]  Epoch:18(201/1684) loss:0.254 
[2020-09-12 17:42:48,747][trainer.py][INFO]  Epoch:18(301/1684) loss:0.209 
[2020-09-12 17:43:39,260][trainer.py][INFO]  Epoch:18(401/1684) loss:0.108 
[2020-09-12 17:44:29,409][trainer.py][INFO]  Epoch:18(501/1684) loss:0.177 
[2020-09-12 17:45:19,543][trainer.py][INFO]  Epoch:18(601/1684) loss:0.427 
[2020-09-12 17:46:09,934][trainer.py][INFO]  Epoch:18(701/1684) loss:0.255 
[2020-09-12 17:47:00,017][trainer.py][INFO]  Epoch:18(801/1684) loss:0.127 
[2020-09-12 17:47:49,737][trainer.py][INFO]  Epoch:18(901/1684) loss:0.146 
[2020-09-12 17:48:39,920][trainer.py][INFO]  Epoch:18(1001/1684) loss:0.203 
[2020-09-12 17:49:30,596][trainer.py][INFO]  Epoch:18(1101/1684) loss:0.164 
[2020-09-12 17:50:21,196][trainer.py][INFO]  Epoch:18(1201/1684) loss:0.014 
[2020-09-12 17:51:11,305][trainer.py][INFO]  Epoch:18(1301/1684) loss:0.005 
[2020-09-12 17:52:01,834][trainer.py][INFO]  Epoch:18(1401/1684) loss:0.201 
[2020-09-12 17:52:52,354][trainer.py][INFO]  Epoch:18(1501/1684) loss:0.408 
[2020-09-12 17:53:43,018][trainer.py][INFO]  Epoch:18(1601/1684) loss:0.014 
[2020-09-12 17:54:24,669][trainer.py][INFO]  Epoch:18(1685/1684) loss:0.356 
[2020-09-12 17:57:46,448][trainer.py][INFO] 各类单独F1:{'畅通': 0.8844459505252457, '缓行': 0.3254437869822485, '拥堵': 0.6169154228855721, '封闭': 0.9501069137562366}  各类F加权:0.7186507448171406
[2020-09-12 17:57:46,449][trainer.py][INFO] val_size: 3349  valLoss: 0.4068 valAcc: 0.8597
[2020-09-12 17:57:46,454][trainer.py][INFO] Epoch:[18/29] Loss=0.19160  Acc=0.901 Epoch_Time:14.128071165084839 min: ETA: 2.825614233016968 hours
[2020-09-12 17:57:46,744][trainer.py][INFO] ----------
[2020-09-12 17:57:46,744][trainer.py][INFO] Epoch 19/29
[2020-09-12 17:57:46,744][trainer.py][INFO] learning rate:0.0001912022407177293
[2020-09-12 17:57:46,744][trainer.py][INFO] ----------
[2020-09-12 17:57:49,383][trainer.py][INFO]  Epoch:19(1/1684) loss:0.048 
[2020-09-12 17:58:36,987][trainer.py][INFO]  Epoch:19(101/1684) loss:0.260 
[2020-09-12 17:59:25,154][trainer.py][INFO]  Epoch:19(201/1684) loss:0.176 
[2020-09-12 18:00:13,845][trainer.py][INFO]  Epoch:19(301/1684) loss:0.018 
[2020-09-12 18:01:02,220][trainer.py][INFO]  Epoch:19(401/1684) loss:0.176 
[2020-09-12 18:01:50,845][trainer.py][INFO]  Epoch:19(501/1684) loss:0.156 
[2020-09-12 18:02:40,135][trainer.py][INFO]  Epoch:19(601/1684) loss:0.002 
[2020-09-12 18:03:29,249][trainer.py][INFO]  Epoch:19(701/1684) loss:0.794 
[2020-09-12 18:04:18,164][trainer.py][INFO]  Epoch:19(801/1684) loss:0.039 
[2020-09-12 18:05:06,599][trainer.py][INFO]  Epoch:19(901/1684) loss:0.186 
[2020-09-12 18:05:55,831][trainer.py][INFO]  Epoch:19(1001/1684) loss:0.208 
[2020-09-12 18:06:44,835][trainer.py][INFO]  Epoch:19(1101/1684) loss:0.236 
[2020-09-12 18:07:33,558][trainer.py][INFO]  Epoch:19(1201/1684) loss:0.039 
[2020-09-12 18:08:22,814][trainer.py][INFO]  Epoch:19(1301/1684) loss:0.137 
[2020-09-12 18:09:11,473][trainer.py][INFO]  Epoch:19(1401/1684) loss:0.438 
[2020-09-12 18:10:00,382][trainer.py][INFO]  Epoch:19(1501/1684) loss:0.071 
[2020-09-12 18:10:49,153][trainer.py][INFO]  Epoch:19(1601/1684) loss:0.026 
[2020-09-12 18:11:30,317][trainer.py][INFO]  Epoch:19(1685/1684) loss:0.027 
[2020-09-12 18:14:50,512][trainer.py][INFO] 各类单独F1:{'畅通': 0.8674778033541599, '缓行': 0.2738853503184713, '拥堵': 0.6006600660066007, '封闭': 0.9265619291194739}  各类F加权:0.6923476418488801
[2020-09-12 18:14:50,513][trainer.py][INFO] val_size: 3349  valLoss: 0.5130 valAcc: 0.8397
[2020-09-12 18:14:50,518][trainer.py][INFO] Epoch:[19/29] Loss=0.16508  Acc=0.918 Epoch_Time:13.726812088489533 min: ETA: 2.516582216223081 hours
[2020-09-12 18:14:50,795][trainer.py][INFO] ----------
[2020-09-12 18:14:50,795][trainer.py][INFO] Epoch 20/29
[2020-09-12 18:14:50,796][trainer.py][INFO] learning rate:6.952322750830575e-11
[2020-09-12 18:14:50,796][trainer.py][INFO] ----------
[2020-09-12 18:14:53,016][trainer.py][INFO]  Epoch:20(1/1684) loss:0.037 
[2020-09-12 18:15:42,579][trainer.py][INFO]  Epoch:20(101/1684) loss:0.135 
[2020-09-12 18:16:31,728][trainer.py][INFO]  Epoch:20(201/1684) loss:0.014 
[2020-09-12 18:17:21,688][trainer.py][INFO]  Epoch:20(301/1684) loss:0.038 
[2020-09-12 18:18:11,487][trainer.py][INFO]  Epoch:20(401/1684) loss:0.086 
[2020-09-12 18:19:01,253][trainer.py][INFO]  Epoch:20(501/1684) loss:0.360 
[2020-09-12 18:19:51,337][trainer.py][INFO]  Epoch:20(601/1684) loss:0.103 
[2020-09-12 18:20:41,478][trainer.py][INFO]  Epoch:20(701/1684) loss:0.419 
[2020-09-12 18:21:31,388][trainer.py][INFO]  Epoch:20(801/1684) loss:0.655 
[2020-09-12 18:22:20,578][trainer.py][INFO]  Epoch:20(901/1684) loss:0.126 
[2020-09-12 18:23:10,613][trainer.py][INFO]  Epoch:20(1001/1684) loss:0.090 
[2020-09-12 18:24:00,197][trainer.py][INFO]  Epoch:20(1101/1684) loss:0.116 
[2020-09-12 18:24:49,499][trainer.py][INFO]  Epoch:20(1201/1684) loss:0.103 
[2020-09-12 18:25:39,823][trainer.py][INFO]  Epoch:20(1301/1684) loss:0.006 
[2020-09-12 18:26:29,778][trainer.py][INFO]  Epoch:20(1401/1684) loss:0.063 
[2020-09-12 18:27:19,688][trainer.py][INFO]  Epoch:20(1501/1684) loss:0.056 
[2020-09-12 18:28:09,340][trainer.py][INFO]  Epoch:20(1601/1684) loss:1.213 
[2020-09-12 18:28:51,429][trainer.py][INFO]  Epoch:20(1685/1684) loss:0.075 
[2020-09-12 18:32:16,260][trainer.py][INFO] 各类单独F1:{'畅通': 0.8674778033541599, '缓行': 0.2738853503184713, '拥堵': 0.6006600660066007, '封闭': 0.9265619291194739}  各类F加权:0.6923476418488801
[2020-09-12 18:32:16,261][trainer.py][INFO] val_size: 3349  valLoss: 0.5130 valAcc: 0.8397
[2020-09-12 18:32:16,264][trainer.py][INFO] Epoch:[20/29] Loss=0.16222  Acc=0.919 Epoch_Time:14.011163210868835 min: ETA: 2.335193868478139 hours
[2020-09-12 18:32:16,493][trainer.py][INFO] ----------
[2020-09-12 18:32:16,493][trainer.py][INFO] Epoch 21/29
[2020-09-12 18:32:16,493][trainer.py][INFO] learning rate:0.0018092361169766789
[2020-09-12 18:32:16,493][trainer.py][INFO] ----------
[2020-09-12 18:32:19,575][trainer.py][INFO]  Epoch:21(1/1684) loss:0.031 
[2020-09-12 18:33:07,191][trainer.py][INFO]  Epoch:21(101/1684) loss:0.475 
[2020-09-12 18:33:55,195][trainer.py][INFO]  Epoch:21(201/1684) loss:0.141 
[2020-09-12 18:34:43,686][trainer.py][INFO]  Epoch:21(301/1684) loss:0.241 
[2020-09-12 18:35:31,474][trainer.py][INFO]  Epoch:21(401/1684) loss:0.212 
[2020-09-12 18:36:20,480][trainer.py][INFO]  Epoch:21(501/1684) loss:0.232 
[2020-09-12 18:37:09,237][trainer.py][INFO]  Epoch:21(601/1684) loss:0.639 
[2020-09-12 18:37:58,594][trainer.py][INFO]  Epoch:21(701/1684) loss:0.196 
[2020-09-12 18:38:48,242][trainer.py][INFO]  Epoch:21(801/1684) loss:0.233 
[2020-09-12 18:39:36,967][trainer.py][INFO]  Epoch:21(901/1684) loss:0.239 
[2020-09-12 18:40:26,274][trainer.py][INFO]  Epoch:21(1001/1684) loss:0.375 
[2020-09-12 18:41:14,634][trainer.py][INFO]  Epoch:21(1101/1684) loss:0.373 
[2020-09-12 18:42:03,391][trainer.py][INFO]  Epoch:21(1201/1684) loss:0.124 
[2020-09-12 18:42:52,301][trainer.py][INFO]  Epoch:21(1301/1684) loss:0.021 
[2020-09-12 18:43:41,983][trainer.py][INFO]  Epoch:21(1401/1684) loss:0.287 
[2020-09-12 18:44:31,435][trainer.py][INFO]  Epoch:21(1501/1684) loss:0.020 
[2020-09-12 18:45:20,076][trainer.py][INFO]  Epoch:21(1601/1684) loss:0.018 
[2020-09-12 18:46:01,094][trainer.py][INFO]  Epoch:21(1685/1684) loss:0.126 
[2020-09-12 18:49:22,098][trainer.py][INFO] 各类单独F1:{'畅通': 0.8827996038296467, '缓行': 0.14, '拥堵': 0.6334841628959276, '封闭': 0.9515324305060585}  各类F加权:0.6869381814541664
[2020-09-12 18:49:22,099][trainer.py][INFO] val_size: 3349  valLoss: 0.4209 valAcc: 0.8647
[2020-09-12 18:49:22,102][trainer.py][INFO] Epoch:[21/29] Loss=0.25363  Acc=0.871 Epoch_Time:13.74404388666153 min: ETA: 2.0616065829992296 hours
[2020-09-12 18:49:22,350][trainer.py][INFO] ----------
[2020-09-12 18:49:22,350][trainer.py][INFO] Epoch 22/29
[2020-09-12 18:49:22,350][trainer.py][INFO] learning rate:0.0013093716117154798
[2020-09-12 18:49:22,350][trainer.py][INFO] ----------
[2020-09-12 18:49:24,925][trainer.py][INFO]  Epoch:22(1/1684) loss:0.019 
[2020-09-12 18:50:13,230][trainer.py][INFO]  Epoch:22(101/1684) loss:0.112 
[2020-09-12 18:51:02,348][trainer.py][INFO]  Epoch:22(201/1684) loss:0.006 
[2020-09-12 18:51:50,862][trainer.py][INFO]  Epoch:22(301/1684) loss:0.170 
[2020-09-12 18:52:39,082][trainer.py][INFO]  Epoch:22(401/1684) loss:0.141 
[2020-09-12 18:53:27,724][trainer.py][INFO]  Epoch:22(501/1684) loss:0.394 
[2020-09-12 18:54:16,703][trainer.py][INFO]  Epoch:22(601/1684) loss:0.033 
[2020-09-12 18:55:05,174][trainer.py][INFO]  Epoch:22(701/1684) loss:0.109 
[2020-09-12 18:55:54,291][trainer.py][INFO]  Epoch:22(801/1684) loss:0.036 
[2020-09-12 18:56:43,523][trainer.py][INFO]  Epoch:22(901/1684) loss:0.042 
[2020-09-12 18:57:31,851][trainer.py][INFO]  Epoch:22(1001/1684) loss:0.452 
[2020-09-12 18:58:19,848][trainer.py][INFO]  Epoch:22(1101/1684) loss:0.182 
[2020-09-12 18:59:08,978][trainer.py][INFO]  Epoch:22(1201/1684) loss:0.323 
[2020-09-12 18:59:58,064][trainer.py][INFO]  Epoch:22(1301/1684) loss:0.236 
[2020-09-12 19:00:46,648][trainer.py][INFO]  Epoch:22(1401/1684) loss:0.187 
[2020-09-12 19:01:35,792][trainer.py][INFO]  Epoch:22(1501/1684) loss:0.004 
[2020-09-12 19:02:24,841][trainer.py][INFO]  Epoch:22(1601/1684) loss:0.142 
[2020-09-12 19:03:06,106][trainer.py][INFO]  Epoch:22(1685/1684) loss:0.139 
[2020-09-12 19:06:29,192][trainer.py][INFO] 各类单独F1:{'畅通': 0.8891156462585034, '缓行': 0.23343848580441642, '拥堵': 0.5869565217391305, '封闭': 0.9733471789546556}  各类F加权:0.701025089890335
[2020-09-12 19:06:29,192][trainer.py][INFO] val_size: 3349  valLoss: 0.3613 valAcc: 0.8695
[2020-09-12 19:06:29,196][trainer.py][INFO] Epoch:[22/29] Loss=0.21573  Acc=0.892 Epoch_Time:13.729877483844756 min: ETA: 1.830650331179301 hours
[2020-09-12 19:06:29,458][trainer.py][INFO] ----------
[2020-09-12 19:06:29,458][trainer.py][INFO] Epoch 23/29
[2020-09-12 19:06:29,458][trainer.py][INFO] learning rate:0.0006913376659333028
[2020-09-12 19:06:29,458][trainer.py][INFO] ----------
[2020-09-12 19:06:31,764][trainer.py][INFO]  Epoch:23(1/1684) loss:0.082 
[2020-09-12 19:07:20,857][trainer.py][INFO]  Epoch:23(101/1684) loss:0.236 
[2020-09-12 19:08:09,277][trainer.py][INFO]  Epoch:23(201/1684) loss:0.095 
[2020-09-12 19:08:57,827][trainer.py][INFO]  Epoch:23(301/1684) loss:0.056 
[2020-09-12 19:09:46,718][trainer.py][INFO]  Epoch:23(401/1684) loss:0.505 
[2020-09-12 19:10:35,605][trainer.py][INFO]  Epoch:23(501/1684) loss:0.098 
[2020-09-12 19:11:24,097][trainer.py][INFO]  Epoch:23(601/1684) loss:0.231 
[2020-09-12 19:12:12,621][trainer.py][INFO]  Epoch:23(701/1684) loss:0.145 
[2020-09-12 19:13:00,895][trainer.py][INFO]  Epoch:23(801/1684) loss:0.084 
[2020-09-12 19:13:49,397][trainer.py][INFO]  Epoch:23(901/1684) loss:0.041 
[2020-09-12 19:14:38,142][trainer.py][INFO]  Epoch:23(1001/1684) loss:0.135 
[2020-09-12 19:15:27,091][trainer.py][INFO]  Epoch:23(1101/1684) loss:0.049 
[2020-09-12 19:16:16,055][trainer.py][INFO]  Epoch:23(1201/1684) loss:0.225 
[2020-09-12 19:17:05,146][trainer.py][INFO]  Epoch:23(1301/1684) loss:0.039 
[2020-09-12 19:17:54,192][trainer.py][INFO]  Epoch:23(1401/1684) loss:0.010 
[2020-09-12 19:18:43,215][trainer.py][INFO]  Epoch:23(1501/1684) loss:0.015 
[2020-09-12 19:19:32,119][trainer.py][INFO]  Epoch:23(1601/1684) loss:0.626 
[2020-09-12 19:20:13,391][trainer.py][INFO]  Epoch:23(1685/1684) loss:0.036 
[2020-09-12 19:23:36,527][trainer.py][INFO] 各类单独F1:{'畅通': 0.8782996229002398, '缓行': 0.1825726141078838, '拥堵': 0.6078431372549019, '封闭': 0.9568294409058741}  各类F加权:0.689429202650421
[2020-09-12 19:23:36,530][trainer.py][INFO] val_size: 3349  valLoss: 0.4928 valAcc: 0.8576
[2020-09-12 19:23:36,533][trainer.py][INFO] Epoch:[23/29] Loss=0.17563  Acc=0.911 Epoch_Time:13.732863076527913 min: ETA: 1.6021673589282566 hours
[2020-09-12 19:23:36,740][trainer.py][INFO] ----------
[2020-09-12 19:23:36,741][trainer.py][INFO] Epoch 24/29
[2020-09-12 19:23:36,741][trainer.py][INFO] learning rate:0.0001912022407177293
[2020-09-12 19:23:36,741][trainer.py][INFO] ----------
[2020-09-12 19:23:38,839][trainer.py][INFO]  Epoch:24(1/1684) loss:0.313 
[2020-09-12 19:24:29,711][trainer.py][INFO]  Epoch:24(101/1684) loss:0.086 
[2020-09-12 19:25:19,656][trainer.py][INFO]  Epoch:24(201/1684) loss:0.007 
[2020-09-12 19:26:09,643][trainer.py][INFO]  Epoch:24(301/1684) loss:0.054 
[2020-09-12 19:27:00,602][trainer.py][INFO]  Epoch:24(401/1684) loss:0.164 
[2020-09-12 19:27:50,738][trainer.py][INFO]  Epoch:24(501/1684) loss:0.171 
[2020-09-12 19:28:41,034][trainer.py][INFO]  Epoch:24(601/1684) loss:0.400 
[2020-09-12 19:29:31,004][trainer.py][INFO]  Epoch:24(701/1684) loss:0.030 
[2020-09-12 19:30:20,668][trainer.py][INFO]  Epoch:24(801/1684) loss:0.002 
[2020-09-12 19:31:10,992][trainer.py][INFO]  Epoch:24(901/1684) loss:0.092 
[2020-09-12 19:32:01,123][trainer.py][INFO]  Epoch:24(1001/1684) loss:0.046 
[2020-09-12 19:32:51,202][trainer.py][INFO]  Epoch:24(1101/1684) loss:0.006 
[2020-09-12 19:33:42,411][trainer.py][INFO]  Epoch:24(1201/1684) loss:0.010 
[2020-09-12 19:34:32,934][trainer.py][INFO]  Epoch:24(1301/1684) loss:0.494 
[2020-09-12 19:35:23,137][trainer.py][INFO]  Epoch:24(1401/1684) loss:0.167 
[2020-09-12 19:36:12,705][trainer.py][INFO]  Epoch:24(1501/1684) loss:0.193 
[2020-09-12 19:37:03,038][trainer.py][INFO]  Epoch:24(1601/1684) loss:0.062 
[2020-09-12 19:37:44,896][trainer.py][INFO]  Epoch:24(1685/1684) loss:0.180 
[2020-09-12 19:41:03,356][trainer.py][INFO] 各类单独F1:{'畅通': 0.8861517976031958, '缓行': 0.2421875, '拥堵': 0.6283891547049442, '封闭': 0.951974386339381}  各类F加权:0.7063591807075553
[2020-09-12 19:41:03,357][trainer.py][INFO] val_size: 3349  valLoss: 0.5182 valAcc: 0.8650
[2020-09-12 19:41:03,362][trainer.py][INFO] Epoch:[24/29] Loss=0.14200  Acc=0.931 Epoch_Time:14.136524001757303 min: ETA: 1.4136524001757305 hours
[2020-09-12 19:41:03,639][trainer.py][INFO] ----------
[2020-09-12 19:41:03,640][trainer.py][INFO] Epoch 25/29
[2020-09-12 19:41:03,640][trainer.py][INFO] learning rate:6.952322750830575e-11
[2020-09-12 19:41:03,640][trainer.py][INFO] ----------
[2020-09-12 19:41:05,226][trainer.py][INFO]  Epoch:25(1/1684) loss:0.100 
[2020-09-12 19:41:53,196][trainer.py][INFO]  Epoch:25(101/1684) loss:0.063 
[2020-09-12 19:42:40,919][trainer.py][INFO]  Epoch:25(201/1684) loss:0.216 
[2020-09-12 19:43:29,033][trainer.py][INFO]  Epoch:25(301/1684) loss:0.087 
[2020-09-12 19:44:17,067][trainer.py][INFO]  Epoch:25(401/1684) loss:0.020 
[2020-09-12 19:45:04,969][trainer.py][INFO]  Epoch:25(501/1684) loss:0.041 
[2020-09-12 19:45:54,424][trainer.py][INFO]  Epoch:25(601/1684) loss:0.008 
[2020-09-12 19:46:43,404][trainer.py][INFO]  Epoch:25(701/1684) loss:0.117 
[2020-09-12 19:47:31,762][trainer.py][INFO]  Epoch:25(801/1684) loss:0.147 
[2020-09-12 19:48:20,203][trainer.py][INFO]  Epoch:25(901/1684) loss:0.169 
[2020-09-12 19:49:09,223][trainer.py][INFO]  Epoch:25(1001/1684) loss:0.182 
[2020-09-12 19:49:57,516][trainer.py][INFO]  Epoch:25(1101/1684) loss:0.010 
[2020-09-12 19:50:45,770][trainer.py][INFO]  Epoch:25(1201/1684) loss:0.001 
[2020-09-12 19:51:34,434][trainer.py][INFO]  Epoch:25(1301/1684) loss:0.021 
[2020-09-12 19:52:23,280][trainer.py][INFO]  Epoch:25(1401/1684) loss:0.056 
[2020-09-12 19:53:12,725][trainer.py][INFO]  Epoch:25(1501/1684) loss:0.134 
[2020-09-12 19:54:01,836][trainer.py][INFO]  Epoch:25(1601/1684) loss:0.192 
[2020-09-12 19:54:42,806][trainer.py][INFO]  Epoch:25(1685/1684) loss:0.218 
[2020-09-12 19:58:06,326][trainer.py][INFO] 各类单独F1:{'畅通': 0.8861517976031958, '缓行': 0.2421875, '拥堵': 0.6283891547049442, '封闭': 0.951974386339381}  各类F加权:0.7063591807075553
[2020-09-12 19:58:06,327][trainer.py][INFO] val_size: 3349  valLoss: 0.5182 valAcc: 0.8650
[2020-09-12 19:58:06,332][trainer.py][INFO] Epoch:[25/29] Loss=0.13665  Acc=0.929 Epoch_Time:13.653413490454357 min: ETA: 1.137784457537863 hours
[2020-09-12 19:58:06,578][trainer.py][INFO] ----------
[2020-09-12 19:58:06,578][trainer.py][INFO] Epoch 26/29
[2020-09-12 19:58:06,578][trainer.py][INFO] learning rate:0.0018092361169766789
[2020-09-12 19:58:06,578][trainer.py][INFO] ----------
[2020-09-12 19:58:08,607][trainer.py][INFO]  Epoch:26(1/1684) loss:0.007 
[2020-09-12 19:58:55,876][trainer.py][INFO]  Epoch:26(101/1684) loss:0.029 
[2020-09-12 19:59:43,298][trainer.py][INFO]  Epoch:26(201/1684) loss:0.226 
[2020-09-12 20:00:31,629][trainer.py][INFO]  Epoch:26(301/1684) loss:0.061 
[2020-09-12 20:01:20,241][trainer.py][INFO]  Epoch:26(401/1684) loss:0.124 
[2020-09-12 20:02:08,826][trainer.py][INFO]  Epoch:26(501/1684) loss:0.284 
[2020-09-12 20:02:56,945][trainer.py][INFO]  Epoch:26(601/1684) loss:0.040 
[2020-09-12 20:03:45,452][trainer.py][INFO]  Epoch:26(701/1684) loss:0.077 
[2020-09-12 20:04:33,936][trainer.py][INFO]  Epoch:26(801/1684) loss:0.018 
[2020-09-12 20:05:22,821][trainer.py][INFO]  Epoch:26(901/1684) loss:0.187 
[2020-09-12 20:06:11,369][trainer.py][INFO]  Epoch:26(1001/1684) loss:0.025 
[2020-09-12 20:06:59,785][trainer.py][INFO]  Epoch:26(1101/1684) loss:0.014 
[2020-09-12 20:07:48,072][trainer.py][INFO]  Epoch:26(1201/1684) loss:0.076 
[2020-09-12 20:08:36,767][trainer.py][INFO]  Epoch:26(1301/1684) loss:0.334 
[2020-09-12 20:09:25,654][trainer.py][INFO]  Epoch:26(1401/1684) loss:0.558 
[2020-09-12 20:10:14,626][trainer.py][INFO]  Epoch:26(1501/1684) loss:0.668 
[2020-09-12 20:11:02,804][trainer.py][INFO]  Epoch:26(1601/1684) loss:0.028 
[2020-09-12 20:11:43,211][trainer.py][INFO]  Epoch:26(1685/1684) loss:0.173 
[2020-09-12 20:14:59,670][trainer.py][INFO] 各类单独F1:{'畅通': 0.7781908302354399, '缓行': 0.16260162601626016, '拥堵': 0.44750430292598975, '封闭': 0.9578250261415128}  各类F加权:0.6277207095611981
[2020-09-12 20:14:59,671][trainer.py][INFO] val_size: 3349  valLoss: 0.6599 valAcc: 0.7752
[2020-09-12 20:14:59,674][trainer.py][INFO] Epoch:[26/29] Loss=0.22945  Acc=0.882 Epoch_Time:13.611158617337544 min: ETA: 0.9074105744891696 hours
[2020-09-12 20:14:59,927][trainer.py][INFO] ----------
[2020-09-12 20:14:59,927][trainer.py][INFO] Epoch 27/29
[2020-09-12 20:14:59,927][trainer.py][INFO] learning rate:0.0013093716117154798
[2020-09-12 20:14:59,927][trainer.py][INFO] ----------
[2020-09-12 20:15:02,184][trainer.py][INFO]  Epoch:27(1/1684) loss:0.384 
[2020-09-12 20:15:52,630][trainer.py][INFO]  Epoch:27(101/1684) loss:0.709 
[2020-09-12 20:16:42,974][trainer.py][INFO]  Epoch:27(201/1684) loss:0.827 
[2020-09-12 20:17:32,031][trainer.py][INFO]  Epoch:27(301/1684) loss:0.232 
[2020-09-12 20:18:20,930][trainer.py][INFO]  Epoch:27(401/1684) loss:0.070 
[2020-09-12 20:19:11,013][trainer.py][INFO]  Epoch:27(501/1684) loss:0.056 
[2020-09-12 20:20:00,237][trainer.py][INFO]  Epoch:27(601/1684) loss:0.210 
[2020-09-12 20:20:50,946][trainer.py][INFO]  Epoch:27(701/1684) loss:0.114 
[2020-09-12 20:21:40,854][trainer.py][INFO]  Epoch:27(801/1684) loss:0.040 
[2020-09-12 20:22:31,331][trainer.py][INFO]  Epoch:27(901/1684) loss:0.651 
[2020-09-12 20:23:20,849][trainer.py][INFO]  Epoch:27(1001/1684) loss:0.824 
[2020-09-12 20:24:10,115][trainer.py][INFO]  Epoch:27(1101/1684) loss:0.549 
[2020-09-12 20:24:59,961][trainer.py][INFO]  Epoch:27(1201/1684) loss:0.060 
[2020-09-12 20:25:49,373][trainer.py][INFO]  Epoch:27(1301/1684) loss:0.140 
[2020-09-12 20:26:40,526][trainer.py][INFO]  Epoch:27(1401/1684) loss:0.024 
[2020-09-12 20:27:30,526][trainer.py][INFO]  Epoch:27(1501/1684) loss:0.037 
[2020-09-12 20:28:21,014][trainer.py][INFO]  Epoch:27(1601/1684) loss:0.102 
[2020-09-12 20:29:04,077][trainer.py][INFO]  Epoch:27(1685/1684) loss:0.164 
[2020-09-12 20:32:24,213][trainer.py][INFO] 各类单独F1:{'畅通': 0.8884367582231266, '缓行': 0.20711974110032363, '拥堵': 0.5428109854604201, '封闭': 0.9493087557603687}  各类F加权:0.6728344219846509
[2020-09-12 20:32:24,214][trainer.py][INFO] val_size: 3349  valLoss: 0.5119 valAcc: 0.8507
[2020-09-12 20:32:24,219][trainer.py][INFO] Epoch:[27/29] Loss=0.20067  Acc=0.900 Epoch_Time:14.069884260495504 min: ETA: 0.7034942130247752 hours
[2020-09-12 20:32:24,481][trainer.py][INFO] ----------
[2020-09-12 20:32:24,481][trainer.py][INFO] Epoch 28/29
[2020-09-12 20:32:24,481][trainer.py][INFO] learning rate:0.0006913376659333028
[2020-09-12 20:32:24,481][trainer.py][INFO] ----------
[2020-09-12 20:32:26,737][trainer.py][INFO]  Epoch:28(1/1684) loss:0.472 
[2020-09-12 20:33:15,826][trainer.py][INFO]  Epoch:28(101/1684) loss:0.031 
[2020-09-12 20:34:05,166][trainer.py][INFO]  Epoch:28(201/1684) loss:0.033 
[2020-09-12 20:34:55,956][trainer.py][INFO]  Epoch:28(301/1684) loss:0.110 
[2020-09-12 20:35:47,058][trainer.py][INFO]  Epoch:28(401/1684) loss:0.257 
[2020-09-12 20:36:37,876][trainer.py][INFO]  Epoch:28(501/1684) loss:0.001 
[2020-09-12 20:37:28,748][trainer.py][INFO]  Epoch:28(601/1684) loss:0.337 
[2020-09-12 20:38:19,851][trainer.py][INFO]  Epoch:28(701/1684) loss:0.252 
[2020-09-12 20:39:10,250][trainer.py][INFO]  Epoch:28(801/1684) loss:0.032 
[2020-09-12 20:40:01,584][trainer.py][INFO]  Epoch:28(901/1684) loss:0.007 
[2020-09-12 20:40:52,199][trainer.py][INFO]  Epoch:28(1001/1684) loss:0.012 
[2020-09-12 20:41:42,562][trainer.py][INFO]  Epoch:28(1101/1684) loss:0.258 
[2020-09-12 20:42:33,460][trainer.py][INFO]  Epoch:28(1201/1684) loss:0.022 
[2020-09-12 20:43:23,646][trainer.py][INFO]  Epoch:28(1301/1684) loss:0.027 
[2020-09-12 20:44:14,484][trainer.py][INFO]  Epoch:28(1401/1684) loss:0.236 
[2020-09-12 20:45:05,324][trainer.py][INFO]  Epoch:28(1501/1684) loss:0.179 
[2020-09-12 20:45:55,613][trainer.py][INFO]  Epoch:28(1601/1684) loss:0.413 
[2020-09-12 20:46:37,789][trainer.py][INFO]  Epoch:28(1685/1684) loss:0.002 
[2020-09-12 20:50:00,051][trainer.py][INFO] 各类单独F1:{'畅通': 0.8802117802779617, '缓行': 0.22222222222222224, '拥堵': 0.5850746268656717, '封闭': 0.9344914947520812}  各类F加权:0.6817846084327746
[2020-09-12 20:50:00,052][trainer.py][INFO] val_size: 3349  valLoss: 0.5572 valAcc: 0.8492
[2020-09-12 20:50:00,057][trainer.py][INFO] Epoch:[28/29] Loss=0.16257  Acc=0.918 Epoch_Time:14.222397247950235 min: ETA: 0.47407990826500784 hours
[2020-09-12 20:50:00,341][trainer.py][INFO] ----------
[2020-09-12 20:50:00,341][trainer.py][INFO] Epoch 29/29
[2020-09-12 20:50:00,341][trainer.py][INFO] learning rate:0.0001912022407177293
[2020-09-12 20:50:00,341][trainer.py][INFO] ----------
[2020-09-12 20:50:03,358][trainer.py][INFO]  Epoch:29(1/1684) loss:0.319 
[2020-09-12 20:50:52,790][trainer.py][INFO]  Epoch:29(101/1684) loss:0.203 
[2020-09-12 20:51:42,432][trainer.py][INFO]  Epoch:29(201/1684) loss:0.201 
[2020-09-12 20:52:32,019][trainer.py][INFO]  Epoch:29(301/1684) loss:0.031 
[2020-09-12 20:53:21,695][trainer.py][INFO]  Epoch:29(401/1684) loss:0.001 
[2020-09-12 20:54:11,700][trainer.py][INFO]  Epoch:29(501/1684) loss:0.020 
[2020-09-12 20:55:01,723][trainer.py][INFO]  Epoch:29(601/1684) loss:0.061 
[2020-09-12 20:55:51,103][trainer.py][INFO]  Epoch:29(701/1684) loss:0.121 
[2020-09-12 20:56:40,474][trainer.py][INFO]  Epoch:29(801/1684) loss:0.155 
[2020-09-12 20:57:30,497][trainer.py][INFO]  Epoch:29(901/1684) loss:0.157 
[2020-09-12 20:58:20,625][trainer.py][INFO]  Epoch:29(1001/1684) loss:0.017 
[2020-09-12 20:59:10,516][trainer.py][INFO]  Epoch:29(1101/1684) loss:0.403 
[2020-09-12 21:00:00,290][trainer.py][INFO]  Epoch:29(1201/1684) loss:0.145 
[2020-09-12 21:00:50,905][trainer.py][INFO]  Epoch:29(1301/1684) loss:0.010 
[2020-09-12 21:01:40,804][trainer.py][INFO]  Epoch:29(1401/1684) loss:0.048 
[2020-09-12 21:02:31,127][trainer.py][INFO]  Epoch:29(1501/1684) loss:0.001 
[2020-09-12 21:03:20,985][trainer.py][INFO]  Epoch:29(1601/1684) loss:0.025 
[2020-09-12 21:04:03,134][trainer.py][INFO]  Epoch:29(1685/1684) loss:0.222 
[2020-09-12 21:07:25,036][trainer.py][INFO] 各类单独F1:{'畅通': 0.8806262230919765, '缓行': 0.2113821138211382, '拥堵': 0.6003316749585407, '封闭': 0.9421487603305785}  各类F加权:0.6872980516932189
[2020-09-12 21:07:25,036][trainer.py][INFO] val_size: 3349  valLoss: 0.5853 valAcc: 0.8564
[2020-09-12 21:07:25,041][trainer.py][INFO] Epoch:[29/29] Loss=0.12239  Acc=0.939 Epoch_Time:14.047207868099212 min: ETA: 0.23412013113498686 hours
[2020-09-12 21:07:25,280][trainer.py][INFO] Best Accuracy: 0.719
[2020-09-12 21:07:25,531][trainer.py][INFO] Training complete in 518m 13s
