[2020-08-09 18:01:19,309][trainer_dd.py][INFO] Using: xception
[2020-08-09 18:01:19,312][trainer_dd.py][INFO] Using the GPU: (8, 9)
[2020-08-09 18:01:19,312][trainer_dd.py][INFO] start training...
[2020-08-09 18:01:19,407][trainer_dd.py][INFO] ----------
[2020-08-09 18:01:19,407][trainer_dd.py][INFO] Epoch 0/29
[2020-08-09 18:01:19,407][trainer_dd.py][INFO] learning rate:0.002
[2020-08-09 18:01:19,408][trainer_dd.py][INFO] ----------
[2020-08-09 18:01:27,638][trainer_dd.py][INFO]  Epoch:0(1/688) loss:1.050 
[2020-08-09 18:02:48,979][trainer_dd.py][INFO]  Epoch:0(101/688) loss:2.149 
[2020-08-09 18:04:07,856][trainer_dd.py][INFO]  Epoch:0(201/688) loss:1.779 
[2020-08-09 18:05:27,915][trainer_dd.py][INFO]  Epoch:0(301/688) loss:0.790 
[2020-08-09 18:06:00,859][trainer_dd.py][INFO]  Epoch:0(345/688) loss:1.228 
[2020-08-09 18:06:33,071][trainer_dd.py][INFO] 各类单独F1:{'畅通': 0.5304465493910689, '缓行': 0.07643312101910829, '拥堵': 0.5382262996941896}  各类F加权:0.4443117138985492
[2020-08-09 18:06:33,072][trainer_dd.py][INFO] val_size: 1380  valLoss: 0.4923 valAcc: 0.2145
[2020-08-09 18:08:27,134][trainer_dd.py][INFO] xception 第0 epoch 预测结果:{'畅通': 212, '缓行': 207, '拥堵': 181}
[2020-08-09 18:08:27,138][trainer_dd.py][INFO] 69.json 预测结果:{'畅通': 454, '缓行': 15, '拥堵': 131}
[2020-08-09 18:08:27,139][trainer_dd.py][INFO] xception 和 69.json 的 f1:[0.55855856 0.03603604 0.6474359 ] 加权f1:0.5073804573804573 
[2020-08-09 18:08:27,141][trainer_dd.py][INFO] xception 和 69.json 的 Acc:0.485 Precision:[0.87735849 0.01932367 0.55801105] Recall:[0.40969163 0.26666667 0.77099237]
[2020-08-09 18:08:27,168][trainer_dd.py][INFO] Epoch:[0/29]	 Loss=0.55372	 Acc=0.302 epoch_Time:4.6899145921071375 min:[2020-08-09 18:08:28,366][trainer_dd.py][INFO] ----------
[2020-08-09 18:08:28,377][trainer_dd.py][INFO] Epoch 1/29
[2020-08-09 18:08:28,378][trainer_dd.py][INFO] learning rate:0.001810086134323356
[2020-08-09 18:08:28,379][trainer_dd.py][INFO] ----------
[2020-08-09 18:08:32,389][trainer_dd.py][INFO]  Epoch:1(1/688) loss:1.503 
[[2020-08-09 18:09:53,021][trainer_dd.py][INFO]  Epoch:1(101/688) loss:0.573 [2020-08-09 18:11:12,798][trainer_dd.py][INFO]  Epoch:1(201/688) loss:1.465 
[2020-08-09 18:12:32,338][trainer_dd.py][INFO]  Epoch:1(301/688) loss:0.729 
[2020-08-09 18:13:08,509][trainer_dd.py][INFO]  Epoch:1(345/688) loss:1.727 
[[2020-08-09 18:13:40,354][trainer_dd.py][INFO] 各类单独F1:{'畅通': 0.8800690250215704, '缓行': 0.0, '拥堵': 0.40476190476190477}  各类F加权:0.41887094786145695
[2020-08-09 18:13:40,356][trainer_dd.py][INFO] val_size: 1380  valLoss: 0.4199 valAcc: 0.394[2[2020-08-09 18:15:28,540][trainer_dd.py][INFO] xception 第1 epoch 预测结果:{'畅通': 569, '缓行': 0, '拥堵': 31}
[2020-08-09 18:15:28,541][trainer_dd.py][INFO] 69.json 预测结果:{'畅通': 454, '缓行': 15, '拥堵': 131}
[2020-08-09 18:15:28,543][trainer_dd.py][INFO] xception 和 69.json 的 f1:[0.88758553 0.         0.37037037] 加权f1:0.3997393287715868 
[2020-08-09 18:15:28,543][trainer_dd.py][INFO] xception 和 69.json 的 Acc:0.8066666666666666 Precision:[0.79789104 0.         0.96774194] Recall:[1.         0.         0.22900763]
[2020-08-09 18:15:28,548][trainer_dd.py][INFO] Epoch:[1/29]	 Loss=0.41827	 Acc=0.341 epoch_Time:4.670008786519369 min[2020-08-09 18:15:29,009][trainer_dd.py][INFO] ----------
[2020-08-09 18:15:29,009][trainer_dd.py][INFO] Epoch 2/29
[2020-08-09 18:15:29,009][trainer_dd.py][INFO] learning rate:0.0013107485575583812
[2020-08-09 18:15:29,009][trainer_dd.py][INFO] ----------
[2[2020-08-09 18:15:32,500][trainer_dd.py][INFO]  Epoch:2(1/688) loss:0.923[2020-08-09 18:16:46,207][trainer_dd.py][INFO]  Epoch:2(101/688) loss:2.783 
[2[2020-08-09 18:17:58,278][trainer_dd.py][INFO]  Epoch:2(201/688) loss:0.443[2[2020-08-09 18:19:11,458][trainer_dd.py][INFO]  Epoch:2(301/688) loss:1.120[2020-08-09 18:19:41,890][trainer_dd.py][INFO]  Epoch:2(345/688) loss:0.348 
[2[2020-08-09 18:20:13,455][trainer_dd.py][INFO] 各类单独F1:{'畅通': 0.9092575618698442, '缓行': 0.0, '拥堵': 0.6186440677966102}  各类F加权:0.5530379530519349
[2020-08-09 18:20:13,457][trainer_dd.py][INFO] val_size: 1380  valLoss: 0.2976 valAcc: 0.412[2[2020-08-09 18:21:57,371][trainer_dd.py][INFO] xception 第2 epoch 预测结果:{'畅通': 521, '缓行': 0, '拥堵': 79}
[2020-08-09 18:21:57,380][trainer_dd.py][INFO] 69.json 预测结果:{'畅通': 454, '缓行': 15, '拥堵': 131}
[2020-08-09 18:21:57,381][trainer_dd.py][INFO] xception 和 69.json 的 f1:[0.92512821 0.         0.6952381 ] 加权f1:0.6021684981684983 
[2020-08-09 18:21:57,388][trainer_dd.py][INFO] xception 和 69.json 的 Acc:0.8733333333333333 Precision:[0.86564299 0.         0.92405063] Recall:[0.99339207 0.         0.55725191]
[2020-08-09 18:21:57,398][trainer_dd.py][INFO] Epoch:[2/29]	 Loss=0.39842	 Acc=0.356 epoch_Time:4.213899036248525 min[2[2020-08-09 18:21:57,843][trainer_dd.py][INFO] ----------
[2020-08-09 18:21:57,844][trainer_dd.py][INFO] Epoch 3/29
[2020-08-09 18:21:57,844][trainer_dd.py][INFO] learning rate:0.0006927155937611081
[2020-08-09 18:21:57,845][trainer_dd.py][INFO] ---------[2[2020-08-09 18:22:03,548][trainer_dd.py][INFO]  Epoch:3(1/688) loss:0.833[2[2020-08-09 18:23:14,150][trainer_dd.py][INFO]  Epoch:3(101/688) loss:0.681[2[2020-08-09 18:24:25,380][trainer_dd.py][INFO]  Epoch:3(201/688) loss:0.686[2020-08-09 18:25:38,889][trainer_dd.py][INFO]  Epoch:3(301/688) loss:0.351 
[2020-08-09 18:26:10,617][trainer_dd.py][INFO]  Epoch:3(345/688) loss:0.136 
[2[2020-08-09 18:26:42,242][trainer_dd.py][INFO] 各类单独F1:{'畅通': 0.9104761904761904, '缓行': 0.0, '拥堵': 0.6209386281588448}  各类F加权:0.5546584149905449
[2020-08-09 18:26:42,244][trainer_dd.py][INFO] val_size: 1380  valLoss: 0.2658 valAcc: 0.40[20[2020-08-09 18:28:28,841][trainer_dd.py][INFO] xception 第3 epoch 预测结果:{'畅通': 476, '缓行': 0, '拥堵': 124}
[2020-08-09 18:28:28,849][trainer_dd.py][INFO] 69.json 预测结果:{'畅通': 454, '缓行': 15, '拥堵': 131}
[2020-08-09 18:28:28,850][trainer_dd.py][INFO] xception 和 69.json 的 f1:[0.95053763 0.         0.82352941] 加权f1:0.6842251739405439 
[2020-08-09 18:28:28,852][trainer_dd.py][INFO] xception 和 69.json 的 Acc:0.9116666666666666 Precision:[0.92857143 0.         0.84677419] Recall:[0.97356828 0.         0.80152672]
[2020-08-09 18:28:28,859][trainer_dd.py][INFO] Epoch:[3/29]	 Loss=0.33679	 Acc=0.377 epoch_Time:4.211087516943613 min[2020-08-09 18:28:29,272][trainer_dd.py][INFO] ----------
[2020-08-09 18:28:29,288][trainer_dd.py][INFO] Epoch 4/29
[2020-08-09 18:28:29,289][trainer_dd.py][INFO] learning rate:0.00019205482893426128
[2020-08-09 18:28:29,289][trainer_dd.py][INFO] ----------
[2020-08-09 18:28:33,518][trainer_dd.py][INFO]  Epoch:4(1/688) loss:0.692 
[2020-08-09 18:29:46,022][trainer_dd.py][INFO]  Epoch:4(101/688) loss:0.794 
[2[2020-08-09 18:30:57,981][trainer_dd.py][INFO]  Epoch:4(201/688) loss:0.209[2020-08-09 18:32:10,388][trainer_dd.py][INFO]  Epoch:4(301/688) loss:0.332 
[2020-08-09 18:32:42,269][trainer_dd.py][INFO]  Epoch:4(345/688) loss:0.579 
[2[2020-08-09 18:33:13,776][trainer_dd.py][INFO] 各类单独F1:{'畅通': 0.9057692307692309, '缓行': 0.0, '拥堵': 0.627177700348432}  各类F加权:0.5574604663629054
[2020-08-09 18:33:13,777][trainer_dd.py][INFO] val_size: 1380  valLoss: 0.2693 valAcc: 0.4065[2020-08-09 18:34:59,901][trainer_dd.py][INFO] xception 第4 epoch 预测结果:{'畅通': 466, '缓行': 0, '拥堵': 134}
[2020-08-09 18:34:59,901][trainer_dd.py][INFO] 69.json 预测结果:{'畅通': 454, '缓行': 15, '拥堵': 131}
[2020-08-09 18:34:59,902][trainer_dd.py][INFO] xception 和 69.json 的 f1:[0.94782609 0.         0.81509434] 加权f1:0.6786218211648892 
[2020-08-09 18:34:59,903][trainer_dd.py][INFO] xception 和 69.json 的 Acc:0.9066666666666666 Precision:[0.93562232 0.         0.80597015] Recall:[0.96035242 0.         0.82442748]
[2020-08-09 18:34:59,914][trainer_dd.py][INFO] Epoch:[4/29]	 Loss=0.30346	 Acc=0.381 epoch_Time:4.21563792626063 min:
[2020-08-09 18:35:00,418][trainer_dd.py][INFO] ----------
[2020-08-09 18:35:00,419][trainer_dd.py][INFO] Epoch 5/29
[2020-08-09 18:35:00,419][trainer_dd.py][INFO] learning rate:1.658408178673021e-09
[2020-08-09 18:35:00,419][trainer_dd.py][INFO] ----------
[2020-08-09 18:35:04,987][trainer_dd.py][INFO]  Epoch:5(1/688) loss:1.070 
[2020-08-09 18:36:18,814][trainer_dd.py][INFO]  Epoch:5(101/688) loss:0.705 
[2[2020-08-09 18:37:32,183][trainer_dd.py][INFO]  Epoch:5(201/688) loss:0.932[2[2020-08-09 18:38:45,282][trainer_dd.py][INFO]  Epoch:5(301/688) loss:0.438[2[2020-08-09 18:39:15,833][trainer_dd.py][INFO]  Epoch:5(345/688) loss:1.087[2020-08-09 18:39:46,845][trainer_dd.py][INFO] 各类单独F1:{'畅通': 0.9042448173741362, '缓行': 0.0, '拥堵': 0.6645569620253166}  各类F加权:0.5795831406900172
[2020-08-09 18:39:46,846][trainer_dd.py][INFO] val_size: 1380  valLoss: 0.2643 valAcc: 0[2020-08-09 18:41:32,958][trainer_dd.py][INFO] xception 第5 epoch 预测结果:{'畅通': 459, '缓行': 0, '拥堵': 141}
[2020-08-09 18:41:32,959][trainer_dd.py][INFO] 69.json 预测结果:{'畅通': 454, '缓行': 15, '拥堵': 131}
[2020-08-09 18:41:32,960][trainer_dd.py][INFO] xception 和 69.json 的 f1:[0.95290252 0.         0.83823529] 加权f1:0.6935216803041041 
[2020-08-09 18:41:32,962][trainer_dd.py][INFO] xception 和 69.json 的 Acc:0.915 Precision:[0.94771242 0.         0.80851064] Recall:[0.95814978 0.         0.87022901]
[2020-08-09 18:41:32,967][trainer_dd.py][INFO] Epoch:[5/29]	 Loss=0.30597	 Acc=0.385 epoch_Time:4.2617125630378725 min:
[2020-08-09 18:41:33,367][trainer_dd.py][INFO] ----------
[2020-08-09 18:41:33,368][trainer_dd.py][INFO] Epoch 6/29
[2020-08-09 18:41:33,370][trainer_dd.py][INFO] learning rate:0.0018100861343233559
[2020-08-09 18:41:33,371][trainer_dd.py][INFO] ----------
[2020[2020-08-09 18:41:37,463][trainer_dd.py][INFO]  Epoch:6(1/688) loss:0.[2020-08-09 18:42:50,704][trainer_dd.py][INFO]  Epoch:6(101/688) loss:0.313 
[2020-08-09 18:44:00,915][trainer_dd.py][INFO]  Epoch:6(201/688) loss:0.719 
[2020[2020-08-09 18:45:10,821][trainer_dd.py][INFO]  Epoch:6(301/688) loss:0.[2020[2020-08-09 18:45:40,502][trainer_dd.py][INFO]  Epoch:6(345/688) loss:0.[2020-08-09 18:46:07,811][trainer_dd.py][INFO] 各类单独F1:{'畅通': 0.8691189050470487, '缓行': 0.07142857142857142, '拥堵': 0.2967741935483871}  各类F加权:0.3661740114241563
[2020-08-09 18:46:07,813][trainer_dd.py][INFO] val_size: 1380  valLoss: 0.5480 valAc[2020-08-0[2020-08-09 18:47:43,218][trainer_dd.py][INFO] xception 第6 epoch 预测结果:{'畅通': 580, '缓行': 0, '拥堵': 20}
[2020-08-09 18:47:43,219][trainer_dd.py][INFO] 69.json 预测结果:{'畅通': 454, '缓行': 15, '拥堵': 131}
[2020-08-09 18:47:43,221][trainer_dd.py][INFO] xception 和 69.json 的 f1:[0.87814313 0.         0.26490066] 加权f1:0.3345690240434499 
[2020-08-09 18:47:43,225][trainer_dd.py][INFO] xception 和 69.json 的 Acc:0.79 Precision:[0.78275862 0.         1.        ] Recall:[1.         0.         0.15267176]
[2020-08-09 18:47:43,233][trainer_dd.py][INFO] Epoch:[6/29]	 Loss=0.39018	 Acc=0.363 epoch_Time:4.11749368111[2020-08-0[2020-08-09 18:47:44,013][trainer_dd.py][INFO] ----------
[2020-08-09 18:47:44,027][trainer_dd.py][INFO] Epoch 7/29
[2020-08-09 18:47:44,028][trainer_dd.py][INFO] learning rate:0.0013107485575583812
[2020-08-09 18:47:44,029][trainer_dd.py][INFO] -[2020-08-09 18:47:47,165][trainer_dd.py][INFO]  Epoch:7(1/688) loss:0.739 
[2020-08-0[2020-08-09 18:48:56,577][trainer_dd.py][INFO]  Epoch:7(101/688) lo[2020-08-09 18:50:05,634][trainer_dd.py][INFO]  Epoch:7(201/688) loss:0.911 
[2020-08-0[2020-08-09 18:51:14,168][trainer_dd.py][INFO]  Epoch:7(301/688) lo[2020-08-0[2020-08-09 18:51:44,070][trainer_dd.py][INFO]  Epoch:7(345/688) lo[2020-08-0[2020-08-09 18:52:10,140][trainer_dd.py][INFO] 各类单独F1:{'畅通': 0.8968609865470851, '缓行': 0.034482758620689655, '拥堵': 0.502415458937198}  各类F加权:0.4877180243958737
[2020-08-09 18:52:10,140][trainer_dd.py][INFO] val_size: 1380  valLoss: 0.3473 val[2020-08-09 [2020-08-09 18:53:40,529][trainer_dd.py][INFO] xception 第7 epoch 预测结果:{'畅通': 543, '缓行': 0, '拥堵': 57}
[2020-08-09 18:53:40,529][trainer_dd.py][INFO] 69.json 预测结果:{'畅通': 454, '缓行': 15, '拥堵': 131}
[2020-08-09 18:53:40,530][trainer_dd.py][INFO] xception 和 69.json 的 f1:[0.9107322  0.         0.59574468] 加权f1:0.5395932478285921 
[2020-08-09 18:53:40,531][trainer_dd.py][INFO] xception 和 69.json 的 Acc:0.85 Precision:[0.83609576 0.         0.98245614] Recall:[1.         0.         [2020-08-09 [2020-08-09 18:53:40,536][trainer_dd.py][INFO] Epoch:[7/29]	 Loss=0.32773	 Acc=0.381 epoch_Time:4.000427146[2020-08-09 18:53:41,252][trainer_dd.py][INFO] ----------
[2020-08-09 [2020-08-09 18:53:41,260][trainer_dd.py][INFO] Epoch 8/29
[2020-08-09 18:53:41,260][trainer_dd.py][INFO] learning rate:0.0006927155937611081
[2020-08-09 18:53:41,260][trainer_dd.py][INFO][2020-08-09 18:53:44,042][trainer_dd.py][INFO]  Epoch:8(1/688) loss:0.676 
[2020-08-09 18:54:53,045][trainer_dd.py][INFO]  Epoch:8(101/688) loss:1.141 
[2020-08-09 18:56:02,922][trainer_dd.py][INFO]  Epoch:8(201/688) loss:1.120 
[2020-08-09 [2020-08-09 18:57:11,194][trainer_dd.py][INFO]  Epoch:8(301/688) [2020-08-09 18:57:41,028][trainer_dd.py][INFO]  Epoch:8(345/688) loss:1.111 
[2020-08-09 [2020-08-09 18:58:07,845][trainer_dd.py][INFO] 各类单独F1:{'畅通': 0.8510182207931405, '缓行': 0.0, '拥堵': 0.5677083333333334}  各类F加权:0.510828644158628
[2020-08-09 18:58:07,845][trainer_dd.py][INFO] val_size: 1380  valLoss: 0.2999 valAcc: 0.3667
[202[2020-08-09 18:59:38,922][trainer_dd.py][INFO] xception 第8 epoch 预测结果:{'畅通': 390, '缓行': 3, '拥堵': 207}
[2020-08-09 18:59:38,924][trainer_dd.py][INFO] 69.json 预测结果:{'畅通': 454, '缓行': 15, '拥堵': 131}
[2020-08-09 18:59:38,925][trainer_dd.py][INFO] xception 和 69.json 的 f1:[0.91232227 0.         0.76331361] 加权f1:0.6404526206567767 
[2020-08-09 18:59:38,926][trainer_dd.py][INFO] xception 和 69.json 的 Acc:0.8566666666666667 Precision:[0.98717949 0.         0.62318841] Recall:[0.84801762 0.         0.98473282]
[2020-08-09 18:59:38,931][trainer_dd.py][INFO] Epoch:[8/29]	 Loss=0.28933	 Acc=0.387 epoch_Time:3.995339500904083 m[202[2020-08-09 18:59:39,292][trainer_dd.py][INFO] ----------
[2020-08-09 18:59:39,295][trainer_dd.py][INFO] Epoch 9/29
[2020-08-09 18:59:39,295][trainer_dd.py][INFO] learning rate:0.00019205482893426128
[2020-08-09 18:59:39,295][trainer_dd.py][INFO] -------[2020-08-09 18:59:42,650][trainer_dd.py][INFO]  Epoch:9(1/688) loss:0.389 
[202[2020-08-09 19:00:51,084][trainer_dd.py][INFO]  Epoch:9(101/688) loss:0.8[202[2020-08-09 19:02:00,149][trainer_dd.py][INFO]  Epoch:9(201/688) loss:0.7[202[2020-08-09 19:03:10,040][trainer_dd.py][INFO]  Epoch:9(301/688) loss:0.5[2020-08-09 19:03:40,187][trainer_dd.py][INFO]  Epoch:9(345/688) loss:0.933 
[202[2020-08-09 19:04:06,578][trainer_dd.py][INFO] 各类单独F1:{'畅通': 0.8918640576725025, '缓行': 0.0, '拥堵': 0.6629526462395543}  各类F加权:0.5761443992782331
[2020-08-09 19:04:06,579][trainer_dd.py][INFO] val_size: 1380  valLoss: 0.2713 valAcc: 0.4[2020-08-09 19:05:40,296][trainer_dd.py][INFO] xception 第9 epoch 预测结果:{'畅通': 418, '缓行': 1, '拥堵': 181}
[2020-08-09 19:05:40,302][trainer_dd.py][INFO] 69.json 预测结果:{'畅通': 454, '缓行': 15, '拥堵': 131}
[2020-08-09 19:05:40,327][trainer_dd.py][INFO] xception 和 69.json 的 f1:[0.93807339 0.         0.81410256] 加权f1:0.676076217360621 
[2020-08-09 19:05:40,327][trainer_dd.py][INFO] xception 和 69.json 的 Acc:0.8933333333333333 Precision:[0.9784689  0.         0.70165746] Recall:[0.90088106 0.         0.96946565]
[2020-08-09 19:05:40,331][trainer_dd.py][INFO] Epoch:[9/29]	 Loss=0.27925	 Acc=0.391 epoch_Time:4.017054041226705 min:
[2020-08-09 19:05:41,526][trainer_dd.py][INFO] ----------
[2020-08-09 19:05:41,528][trainer_dd.py][INFO] Epoch 10/29
[2020-08-09 19:05:41,529][trainer_dd.py][INFO] learning rate:1.658408178673021e-09
[2020-08-09 19:05:41,529][trainer_dd.py][INFO] ----------
[2020[2020-08-09 19:05:45,158][trainer_dd.py][INFO]  Epoch:10(1/688) loss:0.[2020-08-09 19:06:52,173][trainer_dd.py][INFO]  Epoch:10(101/688) loss:0.733 
[2020-08-09 19:07:59,799][trainer_dd.py][INFO]  Epoch:10(201/688) loss:0.769 
[2020-08-09 19:09:08,015][trainer_dd.py][INFO]  Epoch:10(301/688) loss:0.461 
[2020[2020-08-09 19:09:37,654][trainer_dd.py][INFO]  Epoch:10(345/688) loss:0.[2020[2020-08-09 19:10:02,039][trainer_dd.py][INFO] 各类单独F1:{'畅通': 0.8929663608562692, '缓行': 0.0392156862745098, '拥堵': 0.6609195402298852}  各类F加权:0.582988133564087
[2020-08-09 19:10:02,039][trainer_dd.py][INFO] val_size: 1380  valLoss: 0.2671 valAcc: 0.[2020-08-09 19:11:30,773][trainer_dd.py][INFO] xception 第10 epoch 预测结果:{'畅通': 421, '缓行': 1, '拥堵': 178}
[2020-08-09 19:11:30,773][trainer_dd.py][INFO] 69.json 预测结果:{'畅通': 454, '缓行': 15, '拥堵': 131}
[2020-08-09 19:11:30,774][trainer_dd.py][INFO] xception 和 69.json 的 f1:[0.94171429 0.         0.82847896] 加权f1:0.6854302357836337 
[2020-08-09 19:11:30,775][trainer_dd.py][INFO] xception 和 69.json 的 Acc:0.9 Precision:[0.97862233 0.         0.71910112] Recall:[0.90748899 0.         0.97709924]
[2020-08-09 19:11:30,784][trainer_dd.py][INFO] Epoch:[10/29]	 Loss=0.27562	 Acc=0.398 epoch_Time:3.9335946798324586 min:
[2020-08-09 19:11:31,424][trainer_dd.py][INFO] ----------
[2020-08-09 19:11:31,425][trainer_dd.py][INFO] Epoch 11/29
[2020-08-09 19:11:31,426][trainer_dd.py][INFO] learning rate:0.0018100861343233559
[2020-08-09 19:11:31,426][trainer_dd.py][INFO] ----------
[2020[2020-08-09 19:11:34,408][trainer_dd.py][INFO]  Epoch:11(1/688) loss:0.[2020[2020-08-09 19:12:42,757][trainer_dd.py][INFO]  Epoch:11(101/688) loss:2.[2020[2020-08-09 19:13:52,082][trainer_dd.py][INFO]  Epoch:11(201/688) loss:0.[2020[2020-08-09 19:15:01,430][trainer_dd.py][INFO]  Epoch:11(301/688) loss:0.[2020-08-09 19:15:31,129][trainer_dd.py][INFO]  Epoch:11(345/688) loss:0.834 
[2020-08-09 19:15:57,925][trainer_dd.py][INFO] 各类单独F1:{'畅通': 0.8847184986595175, '缓行': 0.13114754098360656, '拥堵': 0.48999999999999994}  各类F加权:0.49717320792862474
[2020-08-09 19:15:57,926][trainer_dd.py][INFO] val_size: 1380  valLoss: 0.4244 valAcc: 0.3971
[2020-08-09 19:17:29,525][trainer_dd.py][INFO] xception 第11 epoch 预测结果:{'畅通': 543, '缓行': 1, '拥堵': 56}
[2020-08-09 19:17:29,526][trainer_dd.py][INFO] 69.json 预测结果:{'畅通': 454, '缓行': 15, '拥堵': 131}
[2020-08-09 19:17:29,527][trainer_dd.py][INFO] xception 和 69.json 的 f1:[0.90471414 0.         0.54545455] 加权f1:0.5082155557581836 
[2020-08-09 19:17:29,528][trainer_dd.py][INFO] xception 和 69.json 的 Acc:0.8366666666666667 Precision:[0.8305709  0.         0.91071429] Recall:[0.99339207 0.         0.38931298]
[2020-08-09 19:17:29,533][trainer_dd.py][INFO] Epoch:[11/29]	 Loss=0.35854	 Acc=0.376 epoch_Time:3.993400251865387 min:
[2020-08-09 19:17:30,346][trainer_dd.py][INFO] ----------
[2020-08-09 19:17:30,347][trainer_dd.py][INFO] Epoch 12/29
[2020-08-09 19:17:30,348][trainer_dd.py][INFO] learning rate:0.0013107485575583812
[2020-08-09 19:17:30,348][trainer_dd.py][INFO] ----------
