[2020-08-05 20:59:42,621][get_feature_trainer_merge.py][INFO] Using: efficient-b5
[2020-08-05 20:59:42,622][get_feature_trainer_merge.py][INFO] Using the GPU: (6, 7)
[2020-08-05 20:59:42,622][get_feature_trainer_merge.py][INFO] start training...
[2020-08-05 20:59:42,633][get_feature_trainer_merge.py][INFO] ----------
[2020-08-05 20:59:42,633][get_feature_trainer_merge.py][INFO] Epoch 0/29
[2020-08-05 20:59:42,633][get_feature_trainer_merge.py][INFO] learning rate:0.002
[2020-08-05 20:59:42,633][get_feature_trainer_merge.py][INFO] ----------
[2020-08-05 21:00:16,044][get_feature_trainer_merge.py][INFO]  Epoch:0(1/337) loss:1.112 
[2020-08-05 21:00:52,337][get_feature_trainer_merge.py][INFO]  Epoch:0(101/337) loss:0.628 
[2020-08-05 21:01:27,694][get_feature_trainer_merge.py][INFO]  Epoch:0(201/337) loss:1.182 
[2020-08-05 21:02:02,677][get_feature_trainer_merge.py][INFO]  Epoch:0(301/337) loss:0.618 
[2020-08-05 21:02:15,985][get_feature_trainer_merge.py][INFO]  Epoch:0(338/337) loss:0.403 
[2020-08-05 21:02:35,892][get_feature_trainer_merge.py][INFO] 各类单独F1:{'畅通': 0.6496815286624203, '缓行': 0.07017543859649122, '拥堵': 0.5581395348837209}  各类F加权:0.4788551143820149
[2020-08-05 21:02:35,893][get_feature_trainer_merge.py][INFO] val_size: 150  valLoss: 1.0486 valAcc: 0.5133
[2020-08-05 21:03:17,533][get_feature_trainer_merge.py][INFO] efficient-b5 第0 epoch 预测结果:{'畅通': 230, '缓行': 190, '拥堵': 180}
[2020-08-05 21:03:17,533][get_feature_trainer_merge.py][INFO] 71.json 预测结果:{'畅通': 467, '缓行': 20, '拥堵': 113}
[2020-08-05 21:03:17,534][get_feature_trainer_merge.py][INFO] efficient-b5 和 71.json 的 f1:[0.65423242 0.12380952 0.55290102] 加权f1:0.48734900403181336 
[2020-08-05 21:03:17,534][get_feature_trainer_merge.py][INFO] efficient-b5 和 71.json 的 Acc:0.5366666666666666 Precision:[0.99130435 0.06842105 0.45      ] Recall:[0.4882227  0.65       0.71681416]
[2020-08-05 21:03:17,540][get_feature_trainer_merge.py][INFO] Epoch:[0/29]	 Loss=0.80449	 Acc=0.719 epoch_Time:2.555971042315165 min:
[2020-08-05 21:03:17,735][get_feature_trainer_merge.py][INFO] ----------
[2020-08-05 21:03:17,735][get_feature_trainer_merge.py][INFO] Epoch 1/29
[2020-08-05 21:03:17,736][get_feature_trainer_merge.py][INFO] learning rate:0.0018101082478879527
[2020-08-05 21:03:17,736][get_feature_trainer_merge.py][INFO] ----------
[2020-08-05 21:03:19,037][get_feature_trainer_merge.py][INFO]  Epoch:1(1/337) loss:0.794 
[2020-08-05 21:03:52,074][get_feature_trainer_merge.py][INFO]  Epoch:1(101/337) loss:0.163 
[2020-08-05 21:04:40,769][get_feature_trainer_merge.py][INFO]  Epoch:1(201/337) loss:0.087 
[2020-08-05 21:05:29,013][get_feature_trainer_merge.py][INFO]  Epoch:1(301/337) loss:0.497 
[2020-08-05 21:05:47,767][get_feature_trainer_merge.py][INFO]  Epoch:1(338/337) loss:2.335 
[2020-08-05 21:06:07,552][get_feature_trainer_merge.py][INFO] 各类单独F1:{'畅通': 0.9142857142857143, '缓行': 0.0, '拥堵': 0.6753246753246752}  各类F加权:0.5880519480519479
[2020-08-05 21:06:07,553][get_feature_trainer_merge.py][INFO] val_size: 150  valLoss: 0.5061 valAcc: 0.8133
[2020-08-05 21:07:10,701][get_feature_trainer_merge.py][INFO] efficient-b5 第1 epoch 预测结果:{'畅通': 469, '缓行': 0, '拥堵': 131}
[2020-08-05 21:07:10,702][get_feature_trainer_merge.py][INFO] 71.json 预测结果:{'畅通': 467, '缓行': 20, '拥堵': 113}
[2020-08-05 21:07:10,703][get_feature_trainer_merge.py][INFO] efficient-b5 和 71.json 的 f1:[0.93376068 0.         0.76229508] 加权f1:0.6441291859324646 
[2020-08-05 21:07:10,703][get_feature_trainer_merge.py][INFO] efficient-b5 和 71.json 的 Acc:0.8833333333333333 Precision:[0.93176972 0.         0.70992366] Recall:[0.93576017 0.         0.82300885]
[2020-08-05 21:07:10,713][get_feature_trainer_merge.py][INFO] Epoch:[1/29]	 Loss=0.68194	 Acc=0.733 epoch_Time:2.500598931312561 min:
[2020-08-05 21:07:10,972][get_feature_trainer_merge.py][INFO] ----------
[2020-08-05 21:07:10,972][get_feature_trainer_merge.py][INFO] Epoch 2/29
[2020-08-05 21:07:10,972][get_feature_trainer_merge.py][INFO] learning rate:0.0013107844074602567
[2020-08-05 21:07:10,972][get_feature_trainer_merge.py][INFO] ----------
[2020-08-05 21:07:11,933][get_feature_trainer_merge.py][INFO]  Epoch:2(1/337) loss:0.562 
[2020-08-05 21:07:48,465][get_feature_trainer_merge.py][INFO]  Epoch:2(101/337) loss:0.188 
[2020-08-05 21:08:34,767][get_feature_trainer_merge.py][INFO]  Epoch:2(201/337) loss:1.475 
[2020-08-05 21:09:23,734][get_feature_trainer_merge.py][INFO]  Epoch:2(301/337) loss:0.055 
[2020-08-05 21:09:41,004][get_feature_trainer_merge.py][INFO]  Epoch:2(338/337) loss:1.302 
[2020-08-05 21:09:54,401][get_feature_trainer_merge.py][INFO] 各类单独F1:{'畅通': 0.9201877934272301, '缓行': 0.0, '拥堵': 0.7297297297297298}  各类F加权:0.6218753965232839
[2020-08-05 21:09:54,402][get_feature_trainer_merge.py][INFO] val_size: 150  valLoss: 0.4842 valAcc: 0.8333
[2020-08-05 21:10:36,090][get_feature_trainer_merge.py][INFO] efficient-b5 第2 epoch 预测结果:{'畅通': 458, '缓行': 0, '拥堵': 142}
[2020-08-05 21:10:36,090][get_feature_trainer_merge.py][INFO] 71.json 预测结果:{'畅通': 467, '缓行': 20, '拥堵': 113}
[2020-08-05 21:10:36,091][get_feature_trainer_merge.py][INFO] efficient-b5 和 71.json 的 f1:[0.94918919 0.         0.82352941] 加权f1:0.6839554848966614 
[2020-08-05 21:10:36,091][get_feature_trainer_merge.py][INFO] efficient-b5 和 71.json 的 Acc:0.9066666666666666 Precision:[0.95851528 0.         0.73943662] Recall:[0.94004283 0.         0.92920354]
[2020-08-05 21:10:36,096][get_feature_trainer_merge.py][INFO] Epoch:[2/29]	 Loss=0.52807	 Acc=0.819 epoch_Time:2.500604299704234 min:
[2020-08-05 21:10:36,281][get_feature_trainer_merge.py][INFO] ----------
[2020-08-05 21:10:36,281][get_feature_trainer_merge.py][INFO] Epoch 3/29
[2020-08-05 21:10:36,281][get_feature_trainer_merge.py][INFO] learning rate:0.0006927514865562387
[2020-08-05 21:10:36,281][get_feature_trainer_merge.py][INFO] ----------
[2020-08-05 21:10:37,459][get_feature_trainer_merge.py][INFO]  Epoch:3(1/337) loss:0.801 
[2020-08-05 21:11:15,252][get_feature_trainer_merge.py][INFO]  Epoch:3(101/337) loss:0.126 
[2020-08-05 21:11:52,342][get_feature_trainer_merge.py][INFO]  Epoch:3(201/337) loss:0.187 
[2020-08-05 21:12:29,439][get_feature_trainer_merge.py][INFO]  Epoch:3(301/337) loss:0.628 
[2020-08-05 21:12:42,046][get_feature_trainer_merge.py][INFO]  Epoch:3(338/337) loss:0.257 
[2020-08-05 21:12:54,588][get_feature_trainer_merge.py][INFO] 各类单独F1:{'畅通': 0.9090909090909091, '缓行': 0.0, '拥堵': 0.717948717948718}  各类F加权:0.6125874125874126
[2020-08-05 21:12:54,589][get_feature_trainer_merge.py][INFO] val_size: 150  valLoss: 0.4825 valAcc: 0.8200
[2020-08-05 21:13:37,966][get_feature_trainer_merge.py][INFO] efficient-b5 第3 epoch 预测结果:{'畅通': 445, '缓行': 0, '拥堵': 155}
[2020-08-05 21:13:37,966][get_feature_trainer_merge.py][INFO] 71.json 预测结果:{'畅通': 467, '缓行': 20, '拥堵': 113}
[2020-08-05 21:13:37,966][get_feature_trainer_merge.py][INFO] efficient-b5 和 71.json 的 f1:[0.94298246 0.         0.79850746] 加权f1:0.6677009688400104 
[2020-08-05 21:13:37,967][get_feature_trainer_merge.py][INFO] efficient-b5 和 71.json 的 Acc:0.895 Precision:[0.96629213 0.         0.69032258] Recall:[0.92077088 0.         0.94690265]
[2020-08-05 21:13:37,974][get_feature_trainer_merge.py][INFO] Epoch:[3/29]	 Loss=0.47835	 Acc=0.819 epoch_Time:2.0961583892504376 min:
[2020-08-05 21:13:38,176][get_feature_trainer_merge.py][INFO] ----------
[2020-08-05 21:13:38,177][get_feature_trainer_merge.py][INFO] Epoch 4/29
[2020-08-05 21:13:38,177][get_feature_trainer_merge.py][INFO] learning rate:0.0001920770547948588
[2020-08-05 21:13:38,177][get_feature_trainer_merge.py][INFO] ----------
[2020-08-05 21:13:39,421][get_feature_trainer_merge.py][INFO]  Epoch:4(1/337) loss:0.092 
[2020-08-05 21:14:13,074][get_feature_trainer_merge.py][INFO]  Epoch:4(101/337) loss:0.104 
[2020-08-05 21:14:47,660][get_feature_trainer_merge.py][INFO]  Epoch:4(201/337) loss:0.446 
[2020-08-05 21:15:21,872][get_feature_trainer_merge.py][INFO]  Epoch:4(301/337) loss:0.369 
[2020-08-05 21:15:34,783][get_feature_trainer_merge.py][INFO]  Epoch:4(338/337) loss:0.285 
[2020-08-05 21:15:47,869][get_feature_trainer_merge.py][INFO] 各类单独F1:{'畅通': 0.9090909090909091, '缓行': 0.0, '拥堵': 0.717948717948718}  各类F加权:0.6125874125874126
[2020-08-05 21:15:47,870][get_feature_trainer_merge.py][INFO] val_size: 150  valLoss: 0.4931 valAcc: 0.8200
[2020-08-05 21:16:31,390][get_feature_trainer_merge.py][INFO] efficient-b5 第4 epoch 预测结果:{'畅通': 447, '缓行': 0, '拥堵': 153}
[2020-08-05 21:16:31,390][get_feature_trainer_merge.py][INFO] 71.json 预测结果:{'畅通': 467, '缓行': 20, '拥堵': 113}
[2020-08-05 21:16:31,391][get_feature_trainer_merge.py][INFO] efficient-b5 和 71.json 的 f1:[0.94967177 0.         0.81203008] 加权f1:0.6771523995985588 
[2020-08-05 21:16:31,391][get_feature_trainer_merge.py][INFO] efficient-b5 和 71.json 的 Acc:0.9033333333333333 Precision:[0.97091723 0.         0.70588235] Recall:[0.92933619 0.         0.95575221]
[2020-08-05 21:16:31,397][get_feature_trainer_merge.py][INFO] Epoch:[4/29]	 Loss=0.43849	 Acc=0.839 epoch_Time:1.9435156186421711 min:
[2020-08-05 21:16:31,594][get_feature_trainer_merge.py][INFO] ----------
[2020-08-05 21:16:31,594][get_feature_trainer_merge.py][INFO] Epoch 5/29
[2020-08-05 21:16:31,594][get_feature_trainer_merge.py][INFO] learning rate:1.7278109237794937e-09
[2020-08-05 21:16:31,594][get_feature_trainer_merge.py][INFO] ----------
[2020-08-05 21:16:32,835][get_feature_trainer_merge.py][INFO]  Epoch:5(1/337) loss:0.185 
[2020-08-05 21:17:07,401][get_feature_trainer_merge.py][INFO]  Epoch:5(101/337) loss:0.252 
[2020-08-05 21:17:41,384][get_feature_trainer_merge.py][INFO]  Epoch:5(201/337) loss:0.523 
[2020-08-05 21:18:15,953][get_feature_trainer_merge.py][INFO]  Epoch:5(301/337) loss:0.693 
[2020-08-05 21:18:28,326][get_feature_trainer_merge.py][INFO]  Epoch:5(338/337) loss:0.278 
[2020-08-05 21:18:40,831][get_feature_trainer_merge.py][INFO] 各类单独F1:{'畅通': 0.9090909090909091, '缓行': 0.0, '拥堵': 0.717948717948718}  各类F加权:0.6125874125874126
[2020-08-05 21:18:40,831][get_feature_trainer_merge.py][INFO] val_size: 150  valLoss: 0.4931 valAcc: 0.8200
[2020-08-05 21:19:24,518][get_feature_trainer_merge.py][INFO] efficient-b5 第5 epoch 预测结果:{'畅通': 447, '缓行': 0, '拥堵': 153}
[2020-08-05 21:19:24,518][get_feature_trainer_merge.py][INFO] 71.json 预测结果:{'畅通': 467, '缓行': 20, '拥堵': 113}
[2020-08-05 21:19:24,519][get_feature_trainer_merge.py][INFO] efficient-b5 和 71.json 的 f1:[0.94967177 0.         0.81203008] 加权f1:0.6771523995985588 
[2020-08-05 21:19:24,519][get_feature_trainer_merge.py][INFO] efficient-b5 和 71.json 的 Acc:0.9033333333333333 Precision:[0.97091723 0.         0.70588235] Recall:[0.92933619 0.         0.95575221]
[2020-08-05 21:19:24,526][get_feature_trainer_merge.py][INFO] Epoch:[5/29]	 Loss=0.39780	 Acc=0.846 epoch_Time:1.9456064263979593 min:
[2020-08-05 21:19:24,728][get_feature_trainer_merge.py][INFO] ----------
[2020-08-05 21:19:24,728][get_feature_trainer_merge.py][INFO] Epoch 6/29
[2020-08-05 21:19:24,728][get_feature_trainer_merge.py][INFO] learning rate:0.0018101082478879527
[2020-08-05 21:19:24,728][get_feature_trainer_merge.py][INFO] ----------
[2020-08-05 21:19:26,027][get_feature_trainer_merge.py][INFO]  Epoch:6(1/337) loss:0.088 
[2020-08-05 21:20:00,294][get_feature_trainer_merge.py][INFO]  Epoch:6(101/337) loss:0.317 
[2020-08-05 21:20:34,414][get_feature_trainer_merge.py][INFO]  Epoch:6(201/337) loss:0.610 
[2020-08-05 21:21:08,925][get_feature_trainer_merge.py][INFO]  Epoch:6(301/337) loss:0.154 
[2020-08-05 21:21:21,657][get_feature_trainer_merge.py][INFO]  Epoch:6(338/337) loss:0.506 
[2020-08-05 21:21:34,303][get_feature_trainer_merge.py][INFO] 各类单独F1:{'畅通': 0.9064039408866995, '缓行': 0.0, '拥堵': 0.6904761904761905}  各类F加权:0.5955665024630542
[2020-08-05 21:21:34,304][get_feature_trainer_merge.py][INFO] val_size: 150  valLoss: 0.5524 valAcc: 0.8067
[2020-08-05 21:22:18,197][get_feature_trainer_merge.py][INFO] efficient-b5 第6 epoch 预测结果:{'畅通': 430, '缓行': 0, '拥堵': 170}
[2020-08-05 21:22:18,198][get_feature_trainer_merge.py][INFO] 71.json 预测结果:{'畅通': 467, '缓行': 20, '拥堵': 113}
[2020-08-05 21:22:18,198][get_feature_trainer_merge.py][INFO] efficient-b5 和 71.json 的 f1:[0.93199554 0.         0.74911661] 加权f1:0.6358690728025496 
[2020-08-05 21:22:18,198][get_feature_trainer_merge.py][INFO] efficient-b5 和 71.json 的 Acc:0.8733333333333333 Precision:[0.97209302 0.         0.62352941] Recall:[0.89507495 0.         0.9380531 ]
[2020-08-05 21:22:18,204][get_feature_trainer_merge.py][INFO] Epoch:[6/29]	 Loss=0.49468	 Acc=0.817 epoch_Time:1.9488970081011454 min:
[2020-08-05 21:22:18,405][get_feature_trainer_merge.py][INFO] ----------
[2020-08-05 21:22:18,405][get_feature_trainer_merge.py][INFO] Epoch 7/29
[2020-08-05 21:22:18,405][get_feature_trainer_merge.py][INFO] learning rate:0.0013107844074602567
[2020-08-05 21:22:18,405][get_feature_trainer_merge.py][INFO] ----------
[2020-08-05 21:22:19,588][get_feature_trainer_merge.py][INFO]  Epoch:7(1/337) loss:0.800 
[2020-08-05 21:22:53,411][get_feature_trainer_merge.py][INFO]  Epoch:7(101/337) loss:0.491 
[2020-08-05 21:23:26,694][get_feature_trainer_merge.py][INFO]  Epoch:7(201/337) loss:0.050 
[2020-08-05 21:24:00,277][get_feature_trainer_merge.py][INFO]  Epoch:7(301/337) loss:1.216 
[2020-08-05 21:24:12,446][get_feature_trainer_merge.py][INFO]  Epoch:7(338/337) loss:0.095 
[2020-08-05 21:24:24,776][get_feature_trainer_merge.py][INFO] 各类单独F1:{'畅通': 0.9142857142857143, '缓行': 0.0, '拥堵': 0.7012987012987012}  各类F加权:0.6036363636363635
[2020-08-05 21:24:24,777][get_feature_trainer_merge.py][INFO] val_size: 150  valLoss: 0.4774 valAcc: 0.8200
[2020-08-05 21:25:06,939][get_feature_trainer_merge.py][INFO] efficient-b5 第7 epoch 预测结果:{'畅通': 459, '缓行': 3, '拥堵': 138}
[2020-08-05 21:25:06,939][get_feature_trainer_merge.py][INFO] 71.json 预测结果:{'畅通': 467, '缓行': 20, '拥堵': 113}
[2020-08-05 21:25:06,939][get_feature_trainer_merge.py][INFO] efficient-b5 和 71.json 的 f1:[0.95032397 0.08695652 0.82868526] 加权f1:0.7046672545427269 
[2020-08-05 21:25:06,940][get_feature_trainer_merge.py][INFO] efficient-b5 和 71.json 的 Acc:0.9083333333333333 Precision:[0.95860566 0.33333333 0.75362319] Recall:[0.94218415 0.05       0.92035398]
[2020-08-05 21:25:06,947][get_feature_trainer_merge.py][INFO] Epoch:[7/29]	 Loss=0.45906	 Acc=0.833 epoch_Time:1.900769583384196 min:
[2020-08-05 21:25:07,160][get_feature_trainer_merge.py][INFO] ----------
[2020-08-05 21:25:07,160][get_feature_trainer_merge.py][INFO] Epoch 8/29
[2020-08-05 21:25:07,161][get_feature_trainer_merge.py][INFO] learning rate:0.0006927514865562387
[2020-08-05 21:25:07,161][get_feature_trainer_merge.py][INFO] ----------
[2020-08-05 21:25:08,444][get_feature_trainer_merge.py][INFO]  Epoch:8(1/337) loss:0.192 
[2020-08-05 21:25:41,849][get_feature_trainer_merge.py][INFO]  Epoch:8(101/337) loss:0.872 
[2020-08-05 21:26:15,803][get_feature_trainer_merge.py][INFO]  Epoch:8(201/337) loss:0.078 
[2020-08-05 21:26:49,660][get_feature_trainer_merge.py][INFO]  Epoch:8(301/337) loss:0.092 
[2020-08-05 21:27:03,115][get_feature_trainer_merge.py][INFO]  Epoch:8(338/337) loss:0.089 
[2020-08-05 21:27:18,552][get_feature_trainer_merge.py][INFO] 各类单独F1:{'畅通': 0.9090909090909091, '缓行': 0.0, '拥堵': 0.717948717948718}  各类F加权:0.6125874125874126
[2020-08-05 21:27:18,553][get_feature_trainer_merge.py][INFO] val_size: 150  valLoss: 0.5379 valAcc: 0.8200
[2020-08-05 21:27:58,553][get_feature_trainer_merge.py][INFO] efficient-b5 第8 epoch 预测结果:{'畅通': 452, '缓行': 1, '拥堵': 147}
[2020-08-05 21:27:58,553][get_feature_trainer_merge.py][INFO] 71.json 预测结果:{'畅通': 467, '缓行': 20, '拥堵': 113}
[2020-08-05 21:27:58,554][get_feature_trainer_merge.py][INFO] efficient-b5 和 71.json 的 f1:[0.95538629 0.         0.83076923] 加权f1:0.6895387963505483 
[2020-08-05 21:27:58,554][get_feature_trainer_merge.py][INFO] efficient-b5 和 71.json 的 Acc:0.9116666666666666 Precision:[0.97123894 0.         0.73469388] Recall:[0.94004283 0.         0.95575221]
[2020-08-05 21:27:58,561][get_feature_trainer_merge.py][INFO] Epoch:[8/29]	 Loss=0.39970	 Acc=0.851 epoch_Time:1.9326478997866312 min:
[2020-08-05 21:27:58,836][get_feature_trainer_merge.py][INFO] ----------
[2020-08-05 21:27:58,836][get_feature_trainer_merge.py][INFO] Epoch 9/29
[2020-08-05 21:27:58,836][get_feature_trainer_merge.py][INFO] learning rate:0.0001920770547948588
[2020-08-05 21:27:58,836][get_feature_trainer_merge.py][INFO] ----------
[2020-08-05 21:28:00,349][get_feature_trainer_merge.py][INFO]  Epoch:9(1/337) loss:0.070 
[2020-08-05 21:28:38,430][get_feature_trainer_merge.py][INFO]  Epoch:9(101/337) loss:0.612 
[2020-08-05 21:29:11,807][get_feature_trainer_merge.py][INFO]  Epoch:9(201/337) loss:0.140 
[2020-08-05 21:29:45,873][get_feature_trainer_merge.py][INFO]  Epoch:9(301/337) loss:0.273 
[2020-08-05 21:29:58,570][get_feature_trainer_merge.py][INFO]  Epoch:9(338/337) loss:0.211 
[2020-08-05 21:30:11,141][get_feature_trainer_merge.py][INFO] 各类单独F1:{'畅通': 0.9245283018867924, '缓行': 0.0, '拥堵': 0.7567567567567567}  各类F加权:0.6389597144314124
[2020-08-05 21:30:11,142][get_feature_trainer_merge.py][INFO] val_size: 150  valLoss: 0.5032 valAcc: 0.8400
[2020-08-05 21:30:54,635][get_feature_trainer_merge.py][INFO] efficient-b5 第9 epoch 预测结果:{'畅通': 473, '缓行': 3, '拥堵': 124}
[2020-08-05 21:30:54,636][get_feature_trainer_merge.py][INFO] 71.json 预测结果:{'畅通': 467, '缓行': 20, '拥堵': 113}
[2020-08-05 21:30:54,636][get_feature_trainer_merge.py][INFO] efficient-b5 和 71.json 的 f1:[0.96595745 0.17391304 0.86919831] 加权f1:0.7494930853991264 
[2020-08-05 21:30:54,637][get_feature_trainer_merge.py][INFO] efficient-b5 和 71.json 的 Acc:0.9316666666666666 Precision:[0.95983087 0.66666667 0.83064516] Recall:[0.97216274 0.1        0.91150442]
[2020-08-05 21:30:54,644][get_feature_trainer_merge.py][INFO] Epoch:[9/29]	 Loss=0.37424	 Acc=0.858 epoch_Time:1.9956854343414308 min:
[2020-08-05 21:30:54,865][get_feature_trainer_merge.py][INFO] ----------
[2020-08-05 21:30:54,866][get_feature_trainer_merge.py][INFO] Epoch 10/29
[2020-08-05 21:30:54,866][get_feature_trainer_merge.py][INFO] learning rate:1.7278109237794937e-09
[2020-08-05 21:30:54,866][get_feature_trainer_merge.py][INFO] ----------
[2020-08-05 21:30:55,981][get_feature_trainer_merge.py][INFO]  Epoch:10(1/337) loss:0.508 
[2020-08-05 21:31:29,801][get_feature_trainer_merge.py][INFO]  Epoch:10(101/337) loss:0.596 
[2020-08-05 21:32:03,617][get_feature_trainer_merge.py][INFO]  Epoch:10(201/337) loss:0.674 
[2020-08-05 21:32:37,912][get_feature_trainer_merge.py][INFO]  Epoch:10(301/337) loss:0.179 
[2020-08-05 21:32:49,879][get_feature_trainer_merge.py][INFO]  Epoch:10(338/337) loss:1.282 
[2020-08-05 21:33:02,640][get_feature_trainer_merge.py][INFO] 各类单独F1:{'畅通': 0.9245283018867924, '缓行': 0.0, '拥堵': 0.7567567567567567}  各类F加权:0.6389597144314124
[2020-08-05 21:33:02,641][get_feature_trainer_merge.py][INFO] val_size: 150  valLoss: 0.5032 valAcc: 0.8400
[2020-08-05 21:33:44,502][get_feature_trainer_merge.py][INFO] efficient-b5 第10 epoch 预测结果:{'畅通': 473, '缓行': 3, '拥堵': 124}
[2020-08-05 21:33:44,502][get_feature_trainer_merge.py][INFO] 71.json 预测结果:{'畅通': 467, '缓行': 20, '拥堵': 113}
[2020-08-05 21:33:44,503][get_feature_trainer_merge.py][INFO] efficient-b5 和 71.json 的 f1:[0.96595745 0.17391304 0.86919831] 加权f1:0.7494930853991264 
[2020-08-05 21:33:44,503][get_feature_trainer_merge.py][INFO] efficient-b5 和 71.json 的 Acc:0.9316666666666666 Precision:[0.95983087 0.66666667 0.83064516] Recall:[0.97216274 0.1        0.91150442]
[2020-08-05 21:33:44,509][get_feature_trainer_merge.py][INFO] Epoch:[10/29]	 Loss=0.34988	 Acc=0.858 epoch_Time:1.916966768105825 min:
[2020-08-05 21:33:44,703][get_feature_trainer_merge.py][INFO] ----------
[2020-08-05 21:33:44,703][get_feature_trainer_merge.py][INFO] Epoch 11/29
[2020-08-05 21:33:44,703][get_feature_trainer_merge.py][INFO] learning rate:0.0018101082478879527
[2020-08-05 21:33:44,704][get_feature_trainer_merge.py][INFO] ----------
[2020-08-05 21:33:46,048][get_feature_trainer_merge.py][INFO]  Epoch:11(1/337) loss:0.351 
[2020-08-05 21:34:20,273][get_feature_trainer_merge.py][INFO]  Epoch:11(101/337) loss:0.663 
[2020-08-05 21:34:54,483][get_feature_trainer_merge.py][INFO]  Epoch:11(201/337) loss:1.129 
[2020-08-05 21:35:28,494][get_feature_trainer_merge.py][INFO]  Epoch:11(301/337) loss:0.123 
[2020-08-05 21:35:41,214][get_feature_trainer_merge.py][INFO]  Epoch:11(338/337) loss:1.928 
[2020-08-05 21:35:54,160][get_feature_trainer_merge.py][INFO] 各类单独F1:{'畅通': 0.8700000000000001, '缓行': 0.0, '拥堵': 0.6666666666666665}  各类F加权:0.574
[2020-08-05 21:35:54,161][get_feature_trainer_merge.py][INFO] val_size: 150  valLoss: 0.5779 valAcc: 0.7733
[2020-08-05 21:36:33,735][get_feature_trainer_merge.py][INFO] efficient-b5 第11 epoch 预测结果:{'畅通': 418, '缓行': 8, '拥堵': 174}
[2020-08-05 21:36:33,735][get_feature_trainer_merge.py][INFO] 71.json 预测结果:{'畅通': 467, '缓行': 20, '拥堵': 113}
[2020-08-05 21:36:33,736][get_feature_trainer_merge.py][INFO] efficient-b5 和 71.json 的 f1:[0.93107345 0.14285714 0.76655052] 加权f1:0.6747164314258154 
[2020-08-05 21:36:33,737][get_feature_trainer_merge.py][INFO] efficient-b5 和 71.json 的 Acc:0.8733333333333333 Precision:[0.98564593 0.25       0.63218391] Recall:[0.88222698 0.1        0.97345133]
[2020-08-05 21:36:33,744][get_feature_trainer_merge.py][INFO] Epoch:[11/29]	 Loss=0.42866	 Acc=0.846 epoch_Time:1.941923733552297 min:
[2020-08-05 21:36:33,971][get_feature_trainer_merge.py][INFO] ----------
[2020-08-05 21:36:33,971][get_feature_trainer_merge.py][INFO] Epoch 12/29
[2020-08-05 21:36:33,971][get_feature_trainer_merge.py][INFO] learning rate:0.0013107844074602567
[2020-08-05 21:36:33,971][get_feature_trainer_merge.py][INFO] ----------
[2020-08-05 21:36:35,262][get_feature_trainer_merge.py][INFO]  Epoch:12(1/337) loss:0.646 
[2020-08-05 21:37:09,545][get_feature_trainer_merge.py][INFO]  Epoch:12(101/337) loss:0.006 
[2020-08-05 21:37:43,927][get_feature_trainer_merge.py][INFO]  Epoch:12(201/337) loss:0.008 
[2020-08-05 21:38:17,876][get_feature_trainer_merge.py][INFO]  Epoch:12(301/337) loss:0.708 
[2020-08-05 21:38:30,719][get_feature_trainer_merge.py][INFO]  Epoch:12(338/337) loss:0.093 
[2020-08-05 21:38:43,678][get_feature_trainer_merge.py][INFO] 各类单独F1:{'畅通': 0.9134615384615385, '缓行': 0.0, '拥堵': 0.7088607594936708}  各类F加权:0.6080087633885102
[2020-08-05 21:38:43,679][get_feature_trainer_merge.py][INFO] val_size: 150  valLoss: 0.5128 valAcc: 0.8200
[2020-08-05 21:39:25,481][get_feature_trainer_merge.py][INFO] efficient-b5 第12 epoch 预测结果:{'畅通': 438, '缓行': 11, '拥堵': 151}
[2020-08-05 21:39:25,481][get_feature_trainer_merge.py][INFO] 71.json 预测结果:{'畅通': 467, '缓行': 20, '拥堵': 113}
[2020-08-05 21:39:25,481][get_feature_trainer_merge.py][INFO] efficient-b5 和 71.json 的 f1:[0.95027624 0.19354839 0.81818182] 加权f1:0.7196740169472302 
[2020-08-05 21:39:25,482][get_feature_trainer_merge.py][INFO] efficient-b5 和 71.json 的 Acc:0.9016666666666666 Precision:[0.98173516 0.27272727 0.71523179] Recall:[0.92077088 0.15       0.95575221]
[2020-08-05 21:39:25,487][get_feature_trainer_merge.py][INFO] Epoch:[12/29]	 Loss=0.38836	 Acc=0.857 epoch_Time:1.945874309539795 min:
[2020-08-05 21:39:25,680][get_feature_trainer_merge.py][INFO] ----------
[2020-08-05 21:39:25,681][get_feature_trainer_merge.py][INFO] Epoch 13/29
[2020-08-05 21:39:25,681][get_feature_trainer_merge.py][INFO] learning rate:0.0006927514865562387
[2020-08-05 21:39:25,681][get_feature_trainer_merge.py][INFO] ----------
[2020-08-05 21:39:26,948][get_feature_trainer_merge.py][INFO]  Epoch:13(1/337) loss:0.275 
[2020-08-05 21:40:00,864][get_feature_trainer_merge.py][INFO]  Epoch:13(101/337) loss:0.388 
[2020-08-05 21:40:35,489][get_feature_trainer_merge.py][INFO]  Epoch:13(201/337) loss:0.124 
[2020-08-05 21:41:09,520][get_feature_trainer_merge.py][INFO]  Epoch:13(301/337) loss:0.007 
[2020-08-05 21:41:22,052][get_feature_trainer_merge.py][INFO]  Epoch:13(338/337) loss:0.540 
[2020-08-05 21:41:35,335][get_feature_trainer_merge.py][INFO] 各类单独F1:{'畅通': 0.9090909090909091, '缓行': 0.0, '拥堵': 0.7466666666666667}  各类F加权:0.6298181818181818
[2020-08-05 21:41:35,335][get_feature_trainer_merge.py][INFO] val_size: 150  valLoss: 0.5383 valAcc: 0.8200
[2020-08-05 21:42:16,119][get_feature_trainer_merge.py][INFO] efficient-b5 第13 epoch 预测结果:{'畅通': 445, '缓行': 22, '拥堵': 133}
[2020-08-05 21:42:16,119][get_feature_trainer_merge.py][INFO] 71.json 预测结果:{'畅通': 467, '缓行': 20, '拥堵': 113}
[2020-08-05 21:42:16,120][get_feature_trainer_merge.py][INFO] efficient-b5 和 71.json 的 f1:[0.95394737 0.23809524 0.8699187 ] 加权f1:0.7603597408154533 
[2020-08-05 21:42:16,120][get_feature_trainer_merge.py][INFO] efficient-b5 和 71.json 的 Acc:0.9116666666666666 Precision:[0.97752809 0.22727273 0.80451128] Recall:[0.93147752 0.25       0.94690265]
[2020-08-05 21:42:16,126][get_feature_trainer_merge.py][INFO] Epoch:[13/29]	 Loss=0.32866	 Acc=0.876 epoch_Time:1.9396037101745605 min:
[2020-08-05 21:42:16,323][get_feature_trainer_merge.py][INFO] ----------
[2020-08-05 21:42:16,323][get_feature_trainer_merge.py][INFO] Epoch 14/29
[2020-08-05 21:42:16,323][get_feature_trainer_merge.py][INFO] learning rate:0.0001920770547948588
[2020-08-05 21:42:16,323][get_feature_trainer_merge.py][INFO] ----------
[2020-08-05 21:42:17,461][get_feature_trainer_merge.py][INFO]  Epoch:14(1/337) loss:0.096 
[2020-08-05 21:42:52,018][get_feature_trainer_merge.py][INFO]  Epoch:14(101/337) loss:0.687 
[2020-08-05 21:43:26,692][get_feature_trainer_merge.py][INFO]  Epoch:14(201/337) loss:0.015 
[2020-08-05 21:44:01,647][get_feature_trainer_merge.py][INFO]  Epoch:14(301/337) loss:0.039 
[2020-08-05 21:44:14,100][get_feature_trainer_merge.py][INFO]  Epoch:14(338/337) loss:0.005 
[2020-08-05 21:44:27,338][get_feature_trainer_merge.py][INFO] 各类单独F1:{'畅通': 0.9201877934272301, '缓行': 0.0, '拥堵': 0.7605633802816902}  各类F加权:0.6403755868544602
[2020-08-05 21:44:27,339][get_feature_trainer_merge.py][INFO] val_size: 150  valLoss: 0.5170 valAcc: 0.8333
[2020-08-05 21:45:08,790][get_feature_trainer_merge.py][INFO] efficient-b5 第14 epoch 预测结果:{'畅通': 451, '缓行': 29, '拥堵': 120}
[2020-08-05 21:45:08,790][get_feature_trainer_merge.py][INFO] 71.json 预测结果:{'畅通': 467, '缓行': 20, '拥堵': 113}
[2020-08-05 21:45:08,791][get_feature_trainer_merge.py][INFO] efficient-b5 和 71.json 的 f1:[0.95642702 0.32653061 0.86695279] 加权f1:0.7767631993188311 
[2020-08-05 21:45:08,791][get_feature_trainer_merge.py][INFO] efficient-b5 和 71.json 的 Acc:0.9133333333333333 Precision:[0.97339246 0.27586207 0.84166667] Recall:[0.94004283 0.4        0.89380531]
[2020-08-05 21:45:08,798][get_feature_trainer_merge.py][INFO] Epoch:[14/29]	 Loss=0.28729	 Acc=0.888 epoch_Time:1.9630231499671935 min:
[2020-08-05 21:45:09,010][get_feature_trainer_merge.py][INFO] ----------
[2020-08-05 21:45:09,010][get_feature_trainer_merge.py][INFO] Epoch 15/29
[2020-08-05 21:45:09,010][get_feature_trainer_merge.py][INFO] learning rate:1.7278109237794937e-09
[2020-08-05 21:45:09,010][get_feature_trainer_merge.py][INFO] ----------
[2020-08-05 21:45:10,165][get_feature_trainer_merge.py][INFO]  Epoch:15(1/337) loss:0.298 
[2020-08-05 21:45:44,085][get_feature_trainer_merge.py][INFO]  Epoch:15(101/337) loss:0.127 
[2020-08-05 21:46:17,874][get_feature_trainer_merge.py][INFO]  Epoch:15(201/337) loss:0.150 
[2020-08-05 21:46:52,767][get_feature_trainer_merge.py][INFO]  Epoch:15(301/337) loss:0.039 
[2020-08-05 21:47:05,651][get_feature_trainer_merge.py][INFO]  Epoch:15(338/337) loss:0.144 
[2020-08-05 21:47:18,060][get_feature_trainer_merge.py][INFO] 各类单独F1:{'畅通': 0.9201877934272301, '缓行': 0.0, '拥堵': 0.7605633802816902}  各类F加权:0.6403755868544602
[2020-08-05 21:47:18,061][get_feature_trainer_merge.py][INFO] val_size: 150  valLoss: 0.5170 valAcc: 0.8333
[2020-08-05 21:48:01,425][get_feature_trainer_merge.py][INFO] efficient-b5 第15 epoch 预测结果:{'畅通': 451, '缓行': 29, '拥堵': 120}
[2020-08-05 21:48:01,426][get_feature_trainer_merge.py][INFO] 71.json 预测结果:{'畅通': 467, '缓行': 20, '拥堵': 113}
[2020-08-05 21:48:01,426][get_feature_trainer_merge.py][INFO] efficient-b5 和 71.json 的 f1:[0.95642702 0.32653061 0.86695279] 加权f1:0.7767631993188311 
[2020-08-05 21:48:01,426][get_feature_trainer_merge.py][INFO] efficient-b5 和 71.json 的 Acc:0.9133333333333333 Precision:[0.97339246 0.27586207 0.84166667] Recall:[0.94004283 0.4        0.89380531]
[2020-08-05 21:48:01,432][get_feature_trainer_merge.py][INFO] Epoch:[15/29]	 Loss=0.27641	 Acc=0.899 epoch_Time:1.9440912127494812 min:
[2020-08-05 21:48:01,649][get_feature_trainer_merge.py][INFO] ----------
[2020-08-05 21:48:01,649][get_feature_trainer_merge.py][INFO] Epoch 16/29
[2020-08-05 21:48:01,649][get_feature_trainer_merge.py][INFO] learning rate:0.0018101082478879527
[2020-08-05 21:48:01,649][get_feature_trainer_merge.py][INFO] ----------
[2020-08-05 21:48:02,786][get_feature_trainer_merge.py][INFO]  Epoch:16(1/337) loss:0.494 
[2020-08-05 21:48:36,982][get_feature_trainer_merge.py][INFO]  Epoch:16(101/337) loss:0.142 
[2020-08-05 21:49:11,142][get_feature_trainer_merge.py][INFO]  Epoch:16(201/337) loss:0.225 
[2020-08-05 21:49:45,414][get_feature_trainer_merge.py][INFO]  Epoch:16(301/337) loss:0.440 
[2020-08-05 21:49:57,796][get_feature_trainer_merge.py][INFO]  Epoch:16(338/337) loss:0.083 
[2020-08-05 21:50:10,980][get_feature_trainer_merge.py][INFO] 各类单独F1:{'畅通': 0.8955223880597014, '缓行': 0.0, '拥堵': 0.6976744186046512}  各类F加权:0.597709128774731
[2020-08-05 21:50:10,981][get_feature_trainer_merge.py][INFO] val_size: 150  valLoss: 0.6007 valAcc: 0.8000
[2020-08-05 21:50:55,256][get_feature_trainer_merge.py][INFO] efficient-b5 第16 epoch 预测结果:{'畅通': 424, '缓行': 7, '拥堵': 169}
[2020-08-05 21:50:55,256][get_feature_trainer_merge.py][INFO] 71.json 预测结果:{'畅通': 467, '缓行': 20, '拥堵': 113}
[2020-08-05 21:50:55,257][get_feature_trainer_merge.py][INFO] efficient-b5 和 71.json 的 f1:[0.9382716  0.07407407 0.77304965] 加权f1:0.6662989230365117 
[2020-08-05 21:50:55,257][get_feature_trainer_merge.py][INFO] efficient-b5 和 71.json 的 Acc:0.88 Precision:[0.98584906 0.14285714 0.64497041] Recall:[0.89507495 0.05       0.96460177]
[2020-08-05 21:50:55,263][get_feature_trainer_merge.py][INFO] Epoch:[16/29]	 Loss=0.37946	 Acc=0.850 epoch_Time:1.9358576575915019 min:
[2020-08-05 21:50:55,443][get_feature_trainer_merge.py][INFO] ----------
[2020-08-05 21:50:55,443][get_feature_trainer_merge.py][INFO] Epoch 17/29
[2020-08-05 21:50:55,443][get_feature_trainer_merge.py][INFO] learning rate:0.0013107844074602567
[2020-08-05 21:50:55,443][get_feature_trainer_merge.py][INFO] ----------
[2020-08-05 21:50:56,497][get_feature_trainer_merge.py][INFO]  Epoch:17(1/337) loss:0.059 
[2020-08-05 21:51:30,730][get_feature_trainer_merge.py][INFO]  Epoch:17(101/337) loss:0.113 
[2020-08-05 21:52:05,049][get_feature_trainer_merge.py][INFO]  Epoch:17(201/337) loss:0.302 
[2020-08-05 21:52:39,530][get_feature_trainer_merge.py][INFO]  Epoch:17(301/337) loss:0.069 
[2020-08-05 21:52:52,061][get_feature_trainer_merge.py][INFO]  Epoch:17(338/337) loss:0.226 
[2020-08-05 21:53:05,077][get_feature_trainer_merge.py][INFO] 各类单独F1:{'畅通': 0.9201877934272301, '缓行': 0.0, '拥堵': 0.7297297297297298}  各类F加权:0.6218753965232839
[2020-08-05 21:53:05,078][get_feature_trainer_merge.py][INFO] val_size: 150  valLoss: 0.5678 valAcc: 0.8333
[2020-08-05 21:53:49,076][get_feature_trainer_merge.py][INFO] efficient-b5 第17 epoch 预测结果:{'畅通': 465, '缓行': 1, '拥堵': 134}
[2020-08-05 21:53:49,076][get_feature_trainer_merge.py][INFO] 71.json 预测结果:{'畅通': 467, '缓行': 20, '拥堵': 113}
[2020-08-05 21:53:49,077][get_feature_trainer_merge.py][INFO] efficient-b5 和 71.json 的 f1:[0.95708155 0.         0.8340081 ] 加权f1:0.6918211673124707 
[2020-08-05 21:53:49,077][get_feature_trainer_merge.py][INFO] efficient-b5 和 71.json 的 Acc:0.915 Precision:[0.95913978 0.         0.76865672] Recall:[0.95503212 0.         0.91150442]
[2020-08-05 21:53:49,084][get_feature_trainer_merge.py][INFO] Epoch:[17/29]	 Loss=0.34748	 Acc=0.872 epoch_Time:1.943700166543325 min:
[2020-08-05 21:53:49,289][get_feature_trainer_merge.py][INFO] ----------
[2020-08-05 21:53:49,289][get_feature_trainer_merge.py][INFO] Epoch 18/29
[2020-08-05 21:53:49,289][get_feature_trainer_merge.py][INFO] learning rate:0.0006927514865562387
[2020-08-05 21:53:49,289][get_feature_trainer_merge.py][INFO] ----------
[2020-08-05 21:53:50,485][get_feature_trainer_merge.py][INFO]  Epoch:18(1/337) loss:0.191 
[2020-08-05 21:54:24,200][get_feature_trainer_merge.py][INFO]  Epoch:18(101/337) loss:0.053 
[2020-08-05 21:54:58,267][get_feature_trainer_merge.py][INFO]  Epoch:18(201/337) loss:0.192 
[2020-08-05 21:55:32,906][get_feature_trainer_merge.py][INFO]  Epoch:18(301/337) loss:0.934 
[2020-08-05 21:55:45,267][get_feature_trainer_merge.py][INFO]  Epoch:18(338/337) loss:0.007 
[2020-08-05 21:55:58,311][get_feature_trainer_merge.py][INFO] 各类单独F1:{'畅通': 0.9174311926605505, '缓行': 0.0, '拥堵': 0.676923076923077}  各类F加权:0.5896400846859562
[2020-08-05 21:55:58,312][get_feature_trainer_merge.py][INFO] val_size: 150  valLoss: 0.5963 valAcc: 0.8133
[2020-08-05 21:56:40,745][get_feature_trainer_merge.py][INFO] efficient-b5 第18 epoch 预测结果:{'畅通': 481, '缓行': 16, '拥堵': 103}
[2020-08-05 21:56:40,745][get_feature_trainer_merge.py][INFO] 71.json 预测结果:{'畅通': 467, '缓行': 20, '拥堵': 113}
[2020-08-05 21:56:40,746][get_feature_trainer_merge.py][INFO] efficient-b5 和 71.json 的 f1:[0.95147679 0.16666667 0.84259259] 加权f1:0.7291842475386778 
[2020-08-05 21:56:40,746][get_feature_trainer_merge.py][INFO] efficient-b5 和 71.json 的 Acc:0.9083333333333333 Precision:[0.93762994 0.1875     0.88349515] Recall:[0.96573876 0.15       0.80530973]
[2020-08-05 21:56:40,753][get_feature_trainer_merge.py][INFO] Epoch:[18/29]	 Loss=0.27218	 Acc=0.896 epoch_Time:1.9330323656400046 min:
[2020-08-05 21:56:40,970][get_feature_trainer_merge.py][INFO] ----------
[2020-08-05 21:56:40,970][get_feature_trainer_merge.py][INFO] Epoch 19/29
[2020-08-05 21:56:40,970][get_feature_trainer_merge.py][INFO] learning rate:0.0001920770547948588
[2020-08-05 21:56:40,970][get_feature_trainer_merge.py][INFO] ----------
[2020-08-05 21:56:42,047][get_feature_trainer_merge.py][INFO]  Epoch:19(1/337) loss:0.015 
[2020-08-05 21:57:17,063][get_feature_trainer_merge.py][INFO]  Epoch:19(101/337) loss:0.043 
[2020-08-05 21:57:50,884][get_feature_trainer_merge.py][INFO]  Epoch:19(201/337) loss:0.232 
[2020-08-05 21:58:25,262][get_feature_trainer_merge.py][INFO]  Epoch:19(301/337) loss:0.005 
[2020-08-05 21:58:37,910][get_feature_trainer_merge.py][INFO]  Epoch:19(338/337) loss:0.004 
[2020-08-05 21:58:51,176][get_feature_trainer_merge.py][INFO] 各类单独F1:{'畅通': 0.9158878504672897, '缓行': 0.0, '拥堵': 0.7142857142857143}  各类F加权:0.6117489986648865
[2020-08-05 21:58:51,176][get_feature_trainer_merge.py][INFO] val_size: 150  valLoss: 0.6027 valAcc: 0.8200
[2020-08-05 21:59:35,957][get_feature_trainer_merge.py][INFO] efficient-b5 第19 epoch 预测结果:{'畅通': 465, '缓行': 27, '拥堵': 108}
[2020-08-05 21:59:35,957][get_feature_trainer_merge.py][INFO] 71.json 预测结果:{'畅通': 467, '缓行': 20, '拥堵': 113}
[2020-08-05 21:59:35,958][get_feature_trainer_merge.py][INFO] efficient-b5 和 71.json 的 f1:[0.94849785 0.34042553 0.84162896] 加权f1:0.7627620527640402 
[2020-08-05 21:59:35,958][get_feature_trainer_merge.py][INFO] efficient-b5 和 71.json 的 Acc:0.905 Precision:[0.95053763 0.2962963  0.86111111] Recall:[0.94646681 0.4        0.82300885]
[2020-08-05 21:59:35,964][get_feature_trainer_merge.py][INFO] Epoch:[19/29]	 Loss=0.23192	 Acc=0.909 epoch_Time:1.9490677475929261 min:
[2020-08-05 21:59:36,158][get_feature_trainer_merge.py][INFO] ----------
[2020-08-05 21:59:36,158][get_feature_trainer_merge.py][INFO] Epoch 20/29
[2020-08-05 21:59:36,158][get_feature_trainer_merge.py][INFO] learning rate:1.7278109237794937e-09
[2020-08-05 21:59:36,158][get_feature_trainer_merge.py][INFO] ----------
[2020-08-05 21:59:37,318][get_feature_trainer_merge.py][INFO]  Epoch:20(1/337) loss:0.015 
[2020-08-05 22:00:11,747][get_feature_trainer_merge.py][INFO]  Epoch:20(101/337) loss:0.624 
[2020-08-05 22:00:45,670][get_feature_trainer_merge.py][INFO]  Epoch:20(201/337) loss:0.079 
[2020-08-05 22:01:20,124][get_feature_trainer_merge.py][INFO]  Epoch:20(301/337) loss:0.502 
[2020-08-05 22:01:32,742][get_feature_trainer_merge.py][INFO]  Epoch:20(338/337) loss:0.085 
[2020-08-05 22:01:45,107][get_feature_trainer_merge.py][INFO] 各类单独F1:{'畅通': 0.9158878504672897, '缓行': 0.0, '拥堵': 0.7142857142857143}  各类F加权:0.6117489986648865
[2020-08-05 22:01:45,107][get_feature_trainer_merge.py][INFO] val_size: 150  valLoss: 0.6027 valAcc: 0.8200
[2020-08-05 22:02:29,772][get_feature_trainer_merge.py][INFO] efficient-b5 第20 epoch 预测结果:{'畅通': 465, '缓行': 27, '拥堵': 108}
[2020-08-05 22:02:29,772][get_feature_trainer_merge.py][INFO] 71.json 预测结果:{'畅通': 467, '缓行': 20, '拥堵': 113}
[2020-08-05 22:02:29,772][get_feature_trainer_merge.py][INFO] efficient-b5 和 71.json 的 f1:[0.94849785 0.34042553 0.84162896] 加权f1:0.7627620527640402 
[2020-08-05 22:02:29,773][get_feature_trainer_merge.py][INFO] efficient-b5 和 71.json 的 Acc:0.905 Precision:[0.95053763 0.2962963  0.86111111] Recall:[0.94646681 0.4        0.82300885]
[2020-08-05 22:02:29,779][get_feature_trainer_merge.py][INFO] Epoch:[20/29]	 Loss=0.22120	 Acc=0.916 epoch_Time:1.943133815129598 min:
[2020-08-05 22:02:29,971][get_feature_trainer_merge.py][INFO] ----------
[2020-08-05 22:02:29,971][get_feature_trainer_merge.py][INFO] Epoch 21/29
[2020-08-05 22:02:29,971][get_feature_trainer_merge.py][INFO] learning rate:0.0018101082478879527
[2020-08-05 22:02:29,971][get_feature_trainer_merge.py][INFO] ----------
[2020-08-05 22:02:31,312][get_feature_trainer_merge.py][INFO]  Epoch:21(1/337) loss:0.052 
[2020-08-05 22:03:06,193][get_feature_trainer_merge.py][INFO]  Epoch:21(101/337) loss:0.223 
[2020-08-05 22:03:40,619][get_feature_trainer_merge.py][INFO]  Epoch:21(201/337) loss:0.219 
[2020-08-05 22:04:14,787][get_feature_trainer_merge.py][INFO]  Epoch:21(301/337) loss:0.004 
[2020-08-05 22:04:27,305][get_feature_trainer_merge.py][INFO]  Epoch:21(338/337) loss:0.002 
[2020-08-05 22:04:40,334][get_feature_trainer_merge.py][INFO] 各类单独F1:{'畅通': 0.9090909090909091, '缓行': 0.0, '拥堵': 0.684931506849315}  各类F加权:0.5927770859277708
[2020-08-05 22:04:40,335][get_feature_trainer_merge.py][INFO] val_size: 150  valLoss: 0.5745 valAcc: 0.8000
[2020-08-05 22:05:23,484][get_feature_trainer_merge.py][INFO] efficient-b5 第21 epoch 预测结果:{'畅通': 445, '缓行': 15, '拥堵': 140}
[2020-08-05 22:05:23,484][get_feature_trainer_merge.py][INFO] 71.json 预测结果:{'畅通': 467, '缓行': 20, '拥堵': 113}
[2020-08-05 22:05:23,485][get_feature_trainer_merge.py][INFO] efficient-b5 和 71.json 的 f1:[0.95614035 0.28571429 0.83794466] 加权f1:0.7511377257372681 
[2020-08-05 22:05:23,485][get_feature_trainer_merge.py][INFO] efficient-b5 和 71.json 的 Acc:0.9116666666666666 Precision:[0.97977528 0.33333333 0.75714286] Recall:[0.93361884 0.25       0.9380531 ]
[2020-08-05 22:05:23,491][get_feature_trainer_merge.py][INFO] Epoch:[21/29]	 Loss=0.34257	 Acc=0.861 epoch_Time:1.9556406180063883 min:
[2020-08-05 22:05:23,699][get_feature_trainer_merge.py][INFO] ----------
[2020-08-05 22:05:23,699][get_feature_trainer_merge.py][INFO] Epoch 22/29
[2020-08-05 22:05:23,699][get_feature_trainer_merge.py][INFO] learning rate:0.0013107844074602567
[2020-08-05 22:05:23,699][get_feature_trainer_merge.py][INFO] ----------
[2020-08-05 22:05:24,847][get_feature_trainer_merge.py][INFO]  Epoch:22(1/337) loss:0.302 
[2020-08-05 22:05:59,090][get_feature_trainer_merge.py][INFO]  Epoch:22(101/337) loss:0.138 
[2020-08-05 22:06:32,327][get_feature_trainer_merge.py][INFO]  Epoch:22(201/337) loss:0.071 
[2020-08-05 22:07:06,188][get_feature_trainer_merge.py][INFO]  Epoch:22(301/337) loss:0.038 
[2020-08-05 22:07:18,522][get_feature_trainer_merge.py][INFO]  Epoch:22(338/337) loss:0.827 
[2020-08-05 22:07:31,190][get_feature_trainer_merge.py][INFO] 各类单独F1:{'畅通': 0.8932038834951457, '缓行': 0.0, '拥堵': 0.691358024691358}  各类F加权:0.593455591513844
[2020-08-05 22:07:31,191][get_feature_trainer_merge.py][INFO] val_size: 150  valLoss: 0.6742 valAcc: 0.8000
[2020-08-05 22:08:14,628][get_feature_trainer_merge.py][INFO] efficient-b5 第22 epoch 预测结果:{'畅通': 434, '缓行': 6, '拥堵': 160}
[2020-08-05 22:08:14,628][get_feature_trainer_merge.py][INFO] 71.json 预测结果:{'畅通': 467, '缓行': 20, '拥堵': 113}
[2020-08-05 22:08:14,629][get_feature_trainer_merge.py][INFO] efficient-b5 和 71.json 的 f1:[0.94339623 0.15384615 0.79120879] 加权f1:0.6941737507775244 
[2020-08-05 22:08:14,630][get_feature_trainer_merge.py][INFO] efficient-b5 和 71.json 的 Acc:0.8916666666666667 Precision:[0.97926267 0.33333333 0.675     ] Recall:[0.91006424 0.1        0.95575221]
[2020-08-05 22:08:14,636][get_feature_trainer_merge.py][INFO] Epoch:[22/29]	 Loss=0.30854	 Acc=0.882 epoch_Time:1.9137890855471293 min:
[2020-08-05 22:08:14,838][get_feature_trainer_merge.py][INFO] ----------
[2020-08-05 22:08:14,838][get_feature_trainer_merge.py][INFO] Epoch 23/29
[2020-08-05 22:08:14,838][get_feature_trainer_merge.py][INFO] learning rate:0.0006927514865562387
[2020-08-05 22:08:14,838][get_feature_trainer_merge.py][INFO] ----------
[2020-08-05 22:08:16,127][get_feature_trainer_merge.py][INFO]  Epoch:23(1/337) loss:0.011 
[2020-08-05 22:08:50,803][get_feature_trainer_merge.py][INFO]  Epoch:23(101/337) loss:0.144 
[2020-08-05 22:09:25,060][get_feature_trainer_merge.py][INFO]  Epoch:23(201/337) loss:0.457 
[2020-08-05 22:09:59,510][get_feature_trainer_merge.py][INFO]  Epoch:23(301/337) loss:1.224 
[2020-08-05 22:10:11,668][get_feature_trainer_merge.py][INFO]  Epoch:23(338/337) loss:0.006 
[2020-08-05 22:10:24,563][get_feature_trainer_merge.py][INFO] 各类单独F1:{'畅通': 0.9216589861751151, '缓行': 0.0, '拥堵': 0.7164179104477612}  各类F加权:0.6141825435036796
[2020-08-05 22:10:24,563][get_feature_trainer_merge.py][INFO] val_size: 150  valLoss: 0.7089 valAcc: 0.8267
[2020-08-05 22:11:07,390][get_feature_trainer_merge.py][INFO] efficient-b5 第23 epoch 预测结果:{'畅通': 489, '缓行': 10, '拥堵': 101}
[2020-08-05 22:11:07,391][get_feature_trainer_merge.py][INFO] 71.json 预测结果:{'畅通': 467, '缓行': 20, '拥堵': 113}
[2020-08-05 22:11:07,391][get_feature_trainer_merge.py][INFO] efficient-b5 和 71.json 的 f1:[0.94979079 0.13333333 0.79439252] 加权f1:0.6932603396811741 
[2020-08-05 22:11:07,391][get_feature_trainer_merge.py][INFO] efficient-b5 和 71.json 的 Acc:0.9016666666666666 Precision:[0.92842536 0.2        0.84158416] Recall:[0.97216274 0.1        0.75221239]
[2020-08-05 22:11:07,398][get_feature_trainer_merge.py][INFO] Epoch:[23/29]	 Loss=0.24597	 Acc=0.911 epoch_Time:1.9472415924072266 min:
[2020-08-05 22:11:07,600][get_feature_trainer_merge.py][INFO] ----------
[2020-08-05 22:11:07,600][get_feature_trainer_merge.py][INFO] Epoch 24/29
[2020-08-05 22:11:07,600][get_feature_trainer_merge.py][INFO] learning rate:0.0001920770547948588
[2020-08-05 22:11:07,600][get_feature_trainer_merge.py][INFO] ----------
[2020-08-05 22:11:08,910][get_feature_trainer_merge.py][INFO]  Epoch:24(1/337) loss:0.265 
[2020-08-05 22:11:42,510][get_feature_trainer_merge.py][INFO]  Epoch:24(101/337) loss:0.739 
[2020-08-05 22:12:17,373][get_feature_trainer_merge.py][INFO]  Epoch:24(201/337) loss:0.004 
[2020-08-05 22:12:51,131][get_feature_trainer_merge.py][INFO]  Epoch:24(301/337) loss:0.000 
[2020-08-05 22:13:03,456][get_feature_trainer_merge.py][INFO]  Epoch:24(338/337) loss:0.027 
[2020-08-05 22:13:15,490][get_feature_trainer_merge.py][INFO] 各类单独F1:{'畅通': 0.925925925925926, '缓行': 0.1111111111111111, '拥堵': 0.7272727272727272}  各类F加权:0.6437710437710438
[2020-08-05 22:13:15,491][get_feature_trainer_merge.py][INFO] val_size: 150  valLoss: 0.7197 valAcc: 0.8333
[2020-08-05 22:13:58,864][get_feature_trainer_merge.py][INFO] efficient-b5 第24 epoch 预测结果:{'畅通': 472, '缓行': 25, '拥堵': 103}
[2020-08-05 22:13:58,864][get_feature_trainer_merge.py][INFO] 71.json 预测结果:{'畅通': 467, '缓行': 20, '拥堵': 113}
[2020-08-05 22:13:58,865][get_feature_trainer_merge.py][INFO] efficient-b5 和 71.json 的 f1:[0.9542066  0.4        0.80555556] 加权f1:0.7541746538871139 
[2020-08-05 22:13:58,865][get_feature_trainer_merge.py][INFO] efficient-b5 和 71.json 的 Acc:0.9066666666666666 Precision:[0.94915254 0.36       0.84466019] Recall:[0.95931478 0.45       0.7699115 ]
[2020-08-05 22:13:58,871][get_feature_trainer_merge.py][INFO] Epoch:[24/29]	 Loss=0.17419	 Acc=0.932 epoch_Time:1.931003204981486 min:
[2020-08-05 22:13:59,065][get_feature_trainer_merge.py][INFO] ----------
[2020-08-05 22:13:59,065][get_feature_trainer_merge.py][INFO] Epoch 25/29
[2020-08-05 22:13:59,065][get_feature_trainer_merge.py][INFO] learning rate:1.7278109237794937e-09
[2020-08-05 22:13:59,065][get_feature_trainer_merge.py][INFO] ----------
[2020-08-05 22:14:00,309][get_feature_trainer_merge.py][INFO]  Epoch:25(1/337) loss:0.037 
[2020-08-05 22:14:34,544][get_feature_trainer_merge.py][INFO]  Epoch:25(101/337) loss:0.029 
[2020-08-05 22:15:09,572][get_feature_trainer_merge.py][INFO]  Epoch:25(201/337) loss:0.054 
[2020-08-05 22:15:43,687][get_feature_trainer_merge.py][INFO]  Epoch:25(301/337) loss:0.253 
[2020-08-05 22:15:56,439][get_feature_trainer_merge.py][INFO]  Epoch:25(338/337) loss:0.341 
[2020-08-05 22:16:08,851][get_feature_trainer_merge.py][INFO] 各类单独F1:{'畅通': 0.925925925925926, '缓行': 0.1111111111111111, '拥堵': 0.7272727272727272}  各类F加权:0.6437710437710438
[2020-08-05 22:16:08,851][get_feature_trainer_merge.py][INFO] val_size: 150  valLoss: 0.7197 valAcc: 0.8333
[2020-08-05 22:16:52,533][get_feature_trainer_merge.py][INFO] efficient-b5 第25 epoch 预测结果:{'畅通': 472, '缓行': 25, '拥堵': 103}
[2020-08-05 22:16:52,533][get_feature_trainer_merge.py][INFO] 71.json 预测结果:{'畅通': 467, '缓行': 20, '拥堵': 113}
[2020-08-05 22:16:52,534][get_feature_trainer_merge.py][INFO] efficient-b5 和 71.json 的 f1:[0.9542066  0.4        0.80555556] 加权f1:0.7541746538871139 
[2020-08-05 22:16:52,534][get_feature_trainer_merge.py][INFO] efficient-b5 和 71.json 的 Acc:0.9066666666666666 Precision:[0.94915254 0.36       0.84466019] Recall:[0.95931478 0.45       0.7699115 ]
[2020-08-05 22:16:52,540][get_feature_trainer_merge.py][INFO] Epoch:[25/29]	 Loss=0.19969	 Acc=0.934 epoch_Time:1.9563157121340433 min:
[2020-08-05 22:16:52,727][get_feature_trainer_merge.py][INFO] ----------
[2020-08-05 22:16:52,727][get_feature_trainer_merge.py][INFO] Epoch 26/29
[2020-08-05 22:16:52,727][get_feature_trainer_merge.py][INFO] learning rate:0.0018101082478879527
[2020-08-05 22:16:52,727][get_feature_trainer_merge.py][INFO] ----------
[2020-08-05 22:16:53,767][get_feature_trainer_merge.py][INFO]  Epoch:26(1/337) loss:0.082 
[2020-08-05 22:17:27,317][get_feature_trainer_merge.py][INFO]  Epoch:26(101/337) loss:0.955 
[2020-08-05 22:18:01,310][get_feature_trainer_merge.py][INFO]  Epoch:26(201/337) loss:0.096 
[2020-08-05 22:18:35,766][get_feature_trainer_merge.py][INFO]  Epoch:26(301/337) loss:0.026 
[2020-08-05 22:18:47,913][get_feature_trainer_merge.py][INFO]  Epoch:26(338/337) loss:0.015 
[2020-08-05 22:19:00,763][get_feature_trainer_merge.py][INFO] 各类单独F1:{'畅通': 0.9026548672566371, '缓行': 0.0, '拥堵': 0.6071428571428571}  各类F加权:0.5448166877370417
[2020-08-05 22:19:00,763][get_feature_trainer_merge.py][INFO] val_size: 150  valLoss: 0.5760 valAcc: 0.7933
[2020-08-05 22:19:42,816][get_feature_trainer_merge.py][INFO] efficient-b5 第26 epoch 预测结果:{'畅通': 509, '缓行': 12, '拥堵': 79}
[2020-08-05 22:19:42,817][get_feature_trainer_merge.py][INFO] 71.json 预测结果:{'畅通': 467, '缓行': 20, '拥堵': 113}
[2020-08-05 22:19:42,817][get_feature_trainer_merge.py][INFO] efficient-b5 和 71.json 的 f1:[0.94262295 0.125      0.76041667] 加权f1:0.6697745901639344 
[2020-08-05 22:19:42,817][get_feature_trainer_merge.py][INFO] efficient-b5 和 71.json 的 Acc:0.8916666666666667 Precision:[0.90373281 0.16666667 0.92405063] Recall:[0.98501071 0.1        0.6460177 ]
[2020-08-05 22:19:42,823][get_feature_trainer_merge.py][INFO] Epoch:[26/29]	 Loss=0.31344	 Acc=0.887 epoch_Time:1.9198374350865681 min:
[2020-08-05 22:19:43,014][get_feature_trainer_merge.py][INFO] ----------
[2020-08-05 22:19:43,014][get_feature_trainer_merge.py][INFO] Epoch 27/29
[2020-08-05 22:19:43,014][get_feature_trainer_merge.py][INFO] learning rate:0.0013107844074602567
[2020-08-05 22:19:43,014][get_feature_trainer_merge.py][INFO] ----------
[2020-08-05 22:19:43,981][get_feature_trainer_merge.py][INFO]  Epoch:27(1/337) loss:0.005 
[2020-08-05 22:20:18,535][get_feature_trainer_merge.py][INFO]  Epoch:27(101/337) loss:0.201 
[2020-08-05 22:20:52,927][get_feature_trainer_merge.py][INFO]  Epoch:27(201/337) loss:0.038 
[2020-08-05 22:21:26,853][get_feature_trainer_merge.py][INFO]  Epoch:27(301/337) loss:0.027 
[2020-08-05 22:21:39,135][get_feature_trainer_merge.py][INFO]  Epoch:27(338/337) loss:1.327 
[2020-08-05 22:21:51,453][get_feature_trainer_merge.py][INFO] 各类单独F1:{'畅通': 0.9142857142857143, '缓行': 0.1, '拥堵': 0.6857142857142857}  各类F加权:0.6142857142857143
[2020-08-05 22:21:51,454][get_feature_trainer_merge.py][INFO] val_size: 150  valLoss: 0.6424 valAcc: 0.8067
[2020-08-05 22:22:35,247][get_feature_trainer_merge.py][INFO] efficient-b5 第27 epoch 预测结果:{'畅通': 469, '缓行': 11, '拥堵': 120}
[2020-08-05 22:22:35,247][get_feature_trainer_merge.py][INFO] 71.json 预测结果:{'畅通': 467, '缓行': 20, '拥堵': 113}
[2020-08-05 22:22:35,247][get_feature_trainer_merge.py][INFO] efficient-b5 和 71.json 的 f1:[0.95299145 0.12903226 0.81545064] 加权f1:0.7056751284772882 
[2020-08-05 22:22:35,248][get_feature_trainer_merge.py][INFO] efficient-b5 和 71.json 的 Acc:0.905 Precision:[0.95095949 0.18181818 0.79166667] Recall:[0.95503212 0.1        0.84070796]
[2020-08-05 22:22:35,254][get_feature_trainer_merge.py][INFO] Epoch:[27/29]	 Loss=0.27503	 Acc=0.903 epoch_Time:1.9354332129160563 min:
[2020-08-05 22:22:35,435][get_feature_trainer_merge.py][INFO] ----------
[2020-08-05 22:22:35,435][get_feature_trainer_merge.py][INFO] Epoch 28/29
[2020-08-05 22:22:35,435][get_feature_trainer_merge.py][INFO] learning rate:0.0006927514865562387
[2020-08-05 22:22:35,435][get_feature_trainer_merge.py][INFO] ----------
[2020-08-05 22:22:36,665][get_feature_trainer_merge.py][INFO]  Epoch:28(1/337) loss:0.075 
[2020-08-05 22:23:11,031][get_feature_trainer_merge.py][INFO]  Epoch:28(101/337) loss:0.429 
[2020-08-05 22:23:44,687][get_feature_trainer_merge.py][INFO]  Epoch:28(201/337) loss:0.089 
[2020-08-05 22:24:19,165][get_feature_trainer_merge.py][INFO]  Epoch:28(301/337) loss:1.164 
[2020-08-05 22:24:31,942][get_feature_trainer_merge.py][INFO]  Epoch:28(338/337) loss:0.046 
[2020-08-05 22:24:44,437][get_feature_trainer_merge.py][INFO] 各类单独F1:{'畅通': 0.9019607843137255, '缓行': 0.16, '拥堵': 0.676056338028169}  各类F加权:0.6180259596796465
[2020-08-05 22:24:44,438][get_feature_trainer_merge.py][INFO] val_size: 150  valLoss: 0.7632 valAcc: 0.7867
[2020-08-05 22:25:33,675][get_feature_trainer_merge.py][INFO] efficient-b5 第28 epoch 预测结果:{'畅通': 424, '缓行': 41, '拥堵': 135}
[2020-08-05 22:25:33,676][get_feature_trainer_merge.py][INFO] 71.json 预测结果:{'畅通': 467, '缓行': 20, '拥堵': 113}
[2020-08-05 22:25:33,678][get_feature_trainer_merge.py][INFO] efficient-b5 和 71.json 的 f1:[0.93602694 0.32786885 0.82258065] 加权f1:0.7463275447939646 
[2020-08-05 22:25:33,678][get_feature_trainer_merge.py][INFO] efficient-b5 和 71.json 的 Acc:0.8816666666666667 Precision:[0.98349057 0.24390244 0.75555556] Recall:[0.89293362 0.5        0.90265487]
[2020-08-05 22:25:33,687][get_feature_trainer_merge.py][INFO] Epoch:[28/29]	 Loss=0.20351	 Acc=0.926 epoch_Time:1.9418622255325317 min:
[2020-08-05 22:25:33,898][get_feature_trainer_merge.py][INFO] ----------
[2020-08-05 22:25:33,898][get_feature_trainer_merge.py][INFO] Epoch 29/29
[2020-08-05 22:25:33,898][get_feature_trainer_merge.py][INFO] learning rate:0.0001920770547948588
[2020-08-05 22:25:33,898][get_feature_trainer_merge.py][INFO] ----------
[2020-08-05 22:25:35,081][get_feature_trainer_merge.py][INFO]  Epoch:29(1/337) loss:0.063 
[2020-08-05 22:26:09,891][get_feature_trainer_merge.py][INFO]  Epoch:29(101/337) loss:0.027 
[2020-08-05 22:26:44,441][get_feature_trainer_merge.py][INFO]  Epoch:29(201/337) loss:0.001 
[2020-08-05 22:27:19,192][get_feature_trainer_merge.py][INFO]  Epoch:29(301/337) loss:0.010 
[2020-08-05 22:27:32,617][get_feature_trainer_merge.py][INFO]  Epoch:29(338/337) loss:0.028 
[2020-08-05 22:27:45,614][get_feature_trainer_merge.py][INFO] 各类单独F1:{'畅通': 0.896551724137931, '缓行': 0.14814814814814817, '拥堵': 0.6571428571428571}  各类F加权:0.6032256887429301
[2020-08-05 22:27:45,615][get_feature_trainer_merge.py][INFO] val_size: 150  valLoss: 0.7690 valAcc: 0.7733
[2020-08-05 22:28:36,849][get_feature_trainer_merge.py][INFO] efficient-b5 第29 epoch 预测结果:{'畅通': 438, '缓行': 35, '拥堵': 127}
[2020-08-05 22:28:36,850][get_feature_trainer_merge.py][INFO] 71.json 预测结果:{'畅通': 467, '缓行': 20, '拥堵': 113}
[2020-08-05 22:28:36,850][get_feature_trainer_merge.py][INFO] efficient-b5 和 71.json 的 f1:[0.95027624 0.36363636 0.84166667] 加权f1:0.7677825213460573 
[2020-08-05 22:28:36,851][get_feature_trainer_merge.py][INFO] efficient-b5 和 71.json 的 Acc:0.9016666666666666 Precision:[0.98173516 0.28571429 0.79527559] Recall:[0.92077088 0.5        0.89380531]
[2020-08-05 22:28:36,858][get_feature_trainer_merge.py][INFO] Epoch:[29/29]	 Loss=0.15321	 Acc=0.948 epoch_Time:1.9787336786588032 min:
[2020-08-05 22:28:37,070][get_feature_trainer_merge.py][INFO] Best Accuracy: 0.644
[2020-08-05 22:28:37,356][get_feature_trainer_merge.py][INFO] Training complete in 88m 55s
